Session started at: 2024-12-19 18:35:45
Running GPU Parallelization with int values on hpc064.a.incd.pt
Using GPUs: 0
===============================================
Using random_int_matrix_15.bin input file:
------------2x2-------------
Read time: 0.00151400 seconds
Write time: 0.00036000 seconds
Multiplication time (avg): 0.00000232 seconds
	Command being timed: "./../bin/multiply_matrix_2x2_19191378 ../../data/random_int_matrix_15.bin ../logs/cirrus/19191378/times.log ../logs/cirrus/19191378/results/2x2_results.log"
	User time (seconds): 0.01
	System time (seconds): 0.24
	Percent of CPU this job got: 95%
	Elapsed (wall clock) time (h:mm:ss or m:ss): 0:00.26
	Average shared text size (kbytes): 0
	Average unshared data size (kbytes): 0
	Average stack size (kbytes): 0
	Average total size (kbytes): 0
	Maximum resident set size (kbytes): 123012
	Average resident set size (kbytes): 0
	Major (requiring I/O) page faults: 0
	Minor (reclaiming a frame) page faults: 7615
	Voluntary context switches: 67
	Involuntary context switches: 29
	Swaps: 0
	File system inputs: 32
	File system outputs: 16
	Socket messages sent: 0
	Socket messages received: 0
	Signals delivered: 0
	Page size (bytes): 4096
	Exit status: 0
------------4x4-------------
Read time: 0.00002200 seconds
Write time: 0.00026200 seconds
Multiplication time (avg): 0.00000239 seconds
	Command being timed: "./../bin/multiply_matrix_4x4_19191378 ../../data/random_int_matrix_15.bin ../logs/cirrus/19191378/times.log ../logs/cirrus/19191378/results/4x4_results.log"
	User time (seconds): 0.01
	System time (seconds): 0.24
	Percent of CPU this job got: 96%
	Elapsed (wall clock) time (h:mm:ss or m:ss): 0:00.26
	Average shared text size (kbytes): 0
	Average unshared data size (kbytes): 0
	Average stack size (kbytes): 0
	Average total size (kbytes): 0
	Maximum resident set size (kbytes): 123000
	Average resident set size (kbytes): 0
	Major (requiring I/O) page faults: 0
	Minor (reclaiming a frame) page faults: 7610
	Voluntary context switches: 65
	Involuntary context switches: 24
	Swaps: 0
	File system inputs: 0
	File system outputs: 8
	Socket messages sent: 0
	Socket messages received: 0
	Signals delivered: 0
	Page size (bytes): 4096
	Exit status: 0
------------8x8-------------
Read time: 0.00002400 seconds
Write time: 0.00024800 seconds
Multiplication time (avg): 0.00000232 seconds
	Command being timed: "./../bin/multiply_matrix_8x8_19191378 ../../data/random_int_matrix_15.bin ../logs/cirrus/19191378/times.log ../logs/cirrus/19191378/results/8x8_results.log"
	User time (seconds): 0.02
	System time (seconds): 0.23
	Percent of CPU this job got: 96%
	Elapsed (wall clock) time (h:mm:ss or m:ss): 0:00.26
	Average shared text size (kbytes): 0
	Average unshared data size (kbytes): 0
	Average stack size (kbytes): 0
	Average total size (kbytes): 0
	Maximum resident set size (kbytes): 123040
	Average resident set size (kbytes): 0
	Major (requiring I/O) page faults: 0
	Minor (reclaiming a frame) page faults: 7620
	Voluntary context switches: 64
	Involuntary context switches: 24
	Swaps: 0
	File system inputs: 0
	File system outputs: 8
	Socket messages sent: 0
	Socket messages received: 0
	Signals delivered: 0
	Page size (bytes): 4096
	Exit status: 0
------------16x16-------------
Read time: 0.00002400 seconds
Write time: 0.00029500 seconds
Multiplication time (avg): 0.00000246 seconds
	Command being timed: "./../bin/multiply_matrix_16x16_19191378 ../../data/random_int_matrix_15.bin ../logs/cirrus/19191378/times.log ../logs/cirrus/19191378/results/16x16_results.log"
	User time (seconds): 0.02
	System time (seconds): 0.23
	Percent of CPU this job got: 96%
	Elapsed (wall clock) time (h:mm:ss or m:ss): 0:00.26
	Average shared text size (kbytes): 0
	Average unshared data size (kbytes): 0
	Average stack size (kbytes): 0
	Average total size (kbytes): 0
	Maximum resident set size (kbytes): 122996
	Average resident set size (kbytes): 0
	Major (requiring I/O) page faults: 0
	Minor (reclaiming a frame) page faults: 7611
	Voluntary context switches: 64
	Involuntary context switches: 26
	Swaps: 0
	File system inputs: 0
	File system outputs: 8
	Socket messages sent: 0
	Socket messages received: 0
	Signals delivered: 0
	Page size (bytes): 4096
	Exit status: 0
------------32x32-------------
Read time: 0.00002700 seconds
Write time: 0.00050400 seconds
Multiplication time (avg): 0.00000707 seconds
	Command being timed: "./../bin/multiply_matrix_32x32_19191378 ../../data/random_int_matrix_15.bin ../logs/cirrus/19191378/times.log ../logs/cirrus/19191378/results/32x32_results.log"
	User time (seconds): 0.02
	System time (seconds): 0.23
	Percent of CPU this job got: 89%
	Elapsed (wall clock) time (h:mm:ss or m:ss): 0:00.29
	Average shared text size (kbytes): 0
	Average unshared data size (kbytes): 0
	Average stack size (kbytes): 0
	Average total size (kbytes): 0
	Maximum resident set size (kbytes): 123016
	Average resident set size (kbytes): 0
	Major (requiring I/O) page faults: 0
	Minor (reclaiming a frame) page faults: 7615
	Voluntary context switches: 64
	Involuntary context switches: 27
	Swaps: 0
	File system inputs: 0
	File system outputs: 16
	Socket messages sent: 0
	Socket messages received: 0
	Signals delivered: 0
	Page size (bytes): 4096
	Exit status: 0
------------64x64-------------
Read time: 0.00270600 seconds
Write time: 0.00154300 seconds
Multiplication time (avg): 0.00000734 seconds
	Command being timed: "./../bin/multiply_matrix_64x64_19191378 ../../data/random_int_matrix_15.bin ../logs/cirrus/19191378/times.log ../logs/cirrus/19191378/results/64x64_results.log"
	User time (seconds): 0.01
	System time (seconds): 0.24
	Percent of CPU this job got: 95%
	Elapsed (wall clock) time (h:mm:ss or m:ss): 0:00.27
	Average shared text size (kbytes): 0
	Average unshared data size (kbytes): 0
	Average stack size (kbytes): 0
	Average total size (kbytes): 0
	Maximum resident set size (kbytes): 123044
	Average resident set size (kbytes): 0
	Major (requiring I/O) page faults: 0
	Minor (reclaiming a frame) page faults: 7623
	Voluntary context switches: 65
	Involuntary context switches: 24
	Swaps: 0
	File system inputs: 2032
	File system outputs: 48
	Socket messages sent: 0
	Socket messages received: 0
	Signals delivered: 0
	Page size (bytes): 4096
	Exit status: 0
------------128x128-------------
===============================================
Session Time: 0m 5s
Session Finished at: 2024-12-19 18:35:50
###############################################
Details for Job ID 19191378
Running GPU Parallelization with int values on hpc064.a.incd.pt
=============== Active Modules =================
 - Currently Loaded Modules:
 -   1) cuda/12.6
================ Memory Usage ==================
JobID            MaxRSS  MaxVMSize  MaxDiskRead MaxDiskWrite 
------------ ---------- ---------- ------------ ------------ 
19191378.ba+      1272K     94828K    118260490     24788504 
=============== Nodes Assigned =================
hpc064

