Matrix product from random_matrix.txt:
1408972 1425640 1815981 632064 1644557 1603463 1100535 1825044 
1595133 1641905 2431486 1181189 2009069 1892380 1240541 1726918 
1381364 2064453 2055345 1046352 1901972 1885418 1335619 1819696 
1626053 1826847 2060338 1010770 1684841 1462056 1531467 1504220 
2051810 2301269 2621152 947619 2622876 2762331 1531880 2057683 
2191792 2299429 3296375 1125265 2454824 2098212 1631344 2213032 
2341242 2192509 3520127 1434412 2907002 2382181 2058614 2463350 
1940575 2088838 2831362 1237200 1895312 1595898 1533578 2241912 
===============================================
Matrix product from diag_matrix.txt:
1262026 1306197 1962700 2374304 1931004 2656257 1629899 1996383 
2010794 2320085 3303127 3063781 2314355 3244979 2441055 3206602 
1350454 1545520 2077633 2110252 1754332 2121401 1878882 1842307 
2154312 2280095 2986900 2956872 2287934 2763655 2800599 2812756 
2063706 1387963 2211870 2769636 1959443 2634501 2458269 2628366 
2441359 1915584 3243338 3134352 2594607 3017717 3503115 3169214 
2155660 1791797 2360856 2643336 1753053 2555787 2122793 3084893 
1650471 2094598 3080407 2463955 1885470 1656854 2829563 2128835 
===============================================
