* ----------------------------------------------------------------
* Running PROLOG for mpi-dynio-int-96x2-15 on Thu Dec 19 19:11:24 WET 2024
*    JOB_NAME                : mpi-dynio-int-96x2-15
*    JOB_ID                  : 19185062
*    JOB_PARTITION           : hpc
*    JOB_USER                : jbaptista
*    JOB_ACCOUNT             : vlabualg
*    JOB_QOS                 : normal
*    NODE_LIST               : hpc[077,079]
*    SLURM_NNODES            : 2
*    SLURM_NPROCS            : 192
*    SLURM_NTASKS            : 192
*    SLURM_CPUS_ON_NODE      : 96
*    SLURM_TASKS_PER_NODE    : 96(x2)
*    SLURM_JOB_CPUS_PER_NODE : 96(x2)
*    SLURM_MEM_PER_CPU       : 5000
*    SUBMIT_HOST             : cirrus09.a.incd.pt
*    WORK_DIR                : /users5/vlabualg/jbaptista/mm-performance-analysis/mpi/scripts
*    JOB_SCRIPT              : /users5/vlabualg/jbaptista/mm-performance-analysis/mpi/scripts/c_test.sh
* ----------------------------------------------------------------

=== Environment ===
Using existing input data...
Session started at: 2024-12-19 19:11:24
Running MPI Parallelization with int values on hpc077.a.incd.pt
===============================================
Using random_int_matrix_13.bin input file:
------------2x2-------------
Skipping due to size being smaller than total workers.
------------4x4-------------
Skipping due to size being smaller than total workers.
------------8x8-------------
Skipping due to size being smaller than total workers.
------------16x16-------------
Skipping due to size being smaller than total workers.
------------32x32-------------
Skipping due to size being smaller than total workers.
------------64x64-------------
Skipping due to size being smaller than total workers.
------------128x128-------------
Skipping due to size being smaller than total workers.
------------256x256-------------
Compiling multiply_matrix.c
Compilation succeeded.
Running ../bin/multiply_matrix_256x256_19185062
Nodes: 2
Workers (per node): 96
Total Workers: 192
Execution succeeded.
Times saved to ../logs/cirrus/19185062/times.log
Results saved to ../logs/cirrus/19185062/results/256x256_results.log
------------512x512-------------
Compiling multiply_matrix.c
Compilation succeeded.
Running ../bin/multiply_matrix_512x512_19185062
Nodes: 2
Workers (per node): 96
Total Workers: 192
Execution succeeded.
Times saved to ../logs/cirrus/19185062/times.log
Results saved to ../logs/cirrus/19185062/results/512x512_results.log
------------1024x1024-------------
Compiling multiply_matrix.c
Compilation succeeded.
Running ../bin/multiply_matrix_1024x1024_19185062
Nodes: 2
Workers (per node): 96
Total Workers: 192
Execution succeeded.
Times saved to ../logs/cirrus/19185062/times.log
Results saved to ../logs/cirrus/19185062/results/1024x1024_results.log
------------2048x2048-------------
Compiling multiply_matrix.c
Compilation succeeded.
Running ../bin/multiply_matrix_2048x2048_19185062
Nodes: 2
Workers (per node): 96
Total Workers: 192
Execution succeeded.
Times saved to ../logs/cirrus/19185062/times.log
Results saved to ../logs/cirrus/19185062/results/2048x2048_results.log
------------4096x4096-------------
Compiling multiply_matrix.c
Compilation succeeded.
Running ../bin/multiply_matrix_4096x4096_19185062
Nodes: 2
Workers (per node): 96
Total Workers: 192
Execution succeeded.
Times saved to ../logs/cirrus/19185062/times.log
Results saved to ../logs/cirrus/19185062/results/4096x4096_results.log
------------8192x8192-------------
Compiling multiply_matrix.c
Compilation succeeded.
Running ../bin/multiply_matrix_8192x8192_19185062
Nodes: 2
Workers (per node): 96
Total Workers: 192
Execution succeeded.
Times saved to ../logs/cirrus/19185062/times.log
Results saved to ../logs/cirrus/19185062/results/8192x8192_results.log
===============================================

=== Finalizing ===
Session Time: 81m 9s
Session Completed Successfully at: 2024-12-19 20:32:33
