Session started at: 2024-12-19 18:35:51
Running GPU Parallelization with int values on hpc064.a.incd.pt
Using GPUs: 0
===============================================
Using random_int_matrix_15.bin input file:
------------2x2-------------
Read time: 0.00002600 seconds
Write time: 0.00023300 seconds
Multiplication time (avg): 0.00000222 seconds
	Command being timed: "./../bin/multiply_matrix_2x2_19191379 ../../data/random_int_matrix_15.bin ../logs/cirrus/19191379/times.log ../logs/cirrus/19191379/results/2x2_results.log"
	User time (seconds): 0.01
	System time (seconds): 0.24
	Percent of CPU this job got: 96%
	Elapsed (wall clock) time (h:mm:ss or m:ss): 0:00.27
	Average shared text size (kbytes): 0
	Average unshared data size (kbytes): 0
	Average stack size (kbytes): 0
	Average total size (kbytes): 0
	Maximum resident set size (kbytes): 123000
	Average resident set size (kbytes): 0
	Major (requiring I/O) page faults: 0
	Minor (reclaiming a frame) page faults: 7612
	Voluntary context switches: 65
	Involuntary context switches: 26
	Swaps: 0
	File system inputs: 0
	File system outputs: 8
	Socket messages sent: 0
	Socket messages received: 0
	Signals delivered: 0
	Page size (bytes): 4096
	Exit status: 0
------------4x4-------------
Read time: 0.00002400 seconds
Write time: 0.00023600 seconds
Multiplication time (avg): 0.00000225 seconds
	Command being timed: "./../bin/multiply_matrix_4x4_19191379 ../../data/random_int_matrix_15.bin ../logs/cirrus/19191379/times.log ../logs/cirrus/19191379/results/4x4_results.log"
	User time (seconds): 0.02
	System time (seconds): 0.23
	Percent of CPU this job got: 96%
	Elapsed (wall clock) time (h:mm:ss or m:ss): 0:00.26
	Average shared text size (kbytes): 0
	Average unshared data size (kbytes): 0
	Average stack size (kbytes): 0
	Average total size (kbytes): 0
	Maximum resident set size (kbytes): 123000
	Average resident set size (kbytes): 0
	Major (requiring I/O) page faults: 0
	Minor (reclaiming a frame) page faults: 7610
	Voluntary context switches: 64
	Involuntary context switches: 26
	Swaps: 0
	File system inputs: 0
	File system outputs: 8
	Socket messages sent: 0
	Socket messages received: 0
	Signals delivered: 0
	Page size (bytes): 4096
	Exit status: 0
------------8x8-------------
Read time: 0.00002600 seconds
Write time: 0.00023900 seconds
Multiplication time (avg): 0.00000229 seconds
	Command being timed: "./../bin/multiply_matrix_8x8_19191379 ../../data/random_int_matrix_15.bin ../logs/cirrus/19191379/times.log ../logs/cirrus/19191379/results/8x8_results.log"
	User time (seconds): 0.01
	System time (seconds): 0.24
	Percent of CPU this job got: 96%
	Elapsed (wall clock) time (h:mm:ss or m:ss): 0:00.26
	Average shared text size (kbytes): 0
	Average unshared data size (kbytes): 0
	Average stack size (kbytes): 0
	Average total size (kbytes): 0
	Maximum resident set size (kbytes): 123036
	Average resident set size (kbytes): 0
	Major (requiring I/O) page faults: 0
	Minor (reclaiming a frame) page faults: 7619
	Voluntary context switches: 64
	Involuntary context switches: 25
	Swaps: 0
	File system inputs: 0
	File system outputs: 8
	Socket messages sent: 0
	Socket messages received: 0
	Signals delivered: 0
	Page size (bytes): 4096
	Exit status: 0
------------16x16-------------
Read time: 0.00002200 seconds
Write time: 0.00030100 seconds
Multiplication time (avg): 0.00000253 seconds
	Command being timed: "./../bin/multiply_matrix_16x16_19191379 ../../data/random_int_matrix_15.bin ../logs/cirrus/19191379/times.log ../logs/cirrus/19191379/results/16x16_results.log"
	User time (seconds): 0.02
	System time (seconds): 0.24
	Percent of CPU this job got: 97%
	Elapsed (wall clock) time (h:mm:ss or m:ss): 0:00.27
	Average shared text size (kbytes): 0
	Average unshared data size (kbytes): 0
	Average stack size (kbytes): 0
	Average total size (kbytes): 0
	Maximum resident set size (kbytes): 123744
	Average resident set size (kbytes): 0
	Major (requiring I/O) page faults: 0
	Minor (reclaiming a frame) page faults: 7753
	Voluntary context switches: 64
	Involuntary context switches: 25
	Swaps: 0
	File system inputs: 0
	File system outputs: 16
	Socket messages sent: 0
	Socket messages received: 0
	Signals delivered: 0
	Page size (bytes): 4096
	Exit status: 0
------------32x32-------------
Read time: 0.00002500 seconds
Write time: 0.00049000 seconds
Multiplication time (avg): 0.00000000 seconds
	Command being timed: "./../bin/multiply_matrix_32x32_19191379 ../../data/random_int_matrix_15.bin ../logs/cirrus/19191379/times.log ../logs/cirrus/19191379/results/32x32_results.log"
	User time (seconds): 0.06
	System time (seconds): 0.48
	Percent of CPU this job got: 98%
	Elapsed (wall clock) time (h:mm:ss or m:ss): 0:00.56
	Average shared text size (kbytes): 0
	Average unshared data size (kbytes): 0
	Average stack size (kbytes): 0
	Average total size (kbytes): 0
	Maximum resident set size (kbytes): 124032
	Average resident set size (kbytes): 0
	Major (requiring I/O) page faults: 0
	Minor (reclaiming a frame) page faults: 7824
	Voluntary context switches: 67
	Involuntary context switches: 30
	Swaps: 0
	File system inputs: 0
	File system outputs: 32
	Socket messages sent: 0
	Socket messages received: 0
	Signals delivered: 0
	Page size (bytes): 4096
	Exit status: 0
------------64x64-------------
Read time: 0.00003800 seconds
Write time: 0.00155300 seconds
Multiplication time (avg): 0.00000000 seconds
	Command being timed: "./../bin/multiply_matrix_64x64_19191379 ../../data/random_int_matrix_15.bin ../logs/cirrus/19191379/times.log ../logs/cirrus/19191379/results/64x64_results.log"
	User time (seconds): 0.14
	System time (seconds): 0.28
	Percent of CPU this job got: 95%
	Elapsed (wall clock) time (h:mm:ss or m:ss): 0:00.45
	Average shared text size (kbytes): 0
	Average unshared data size (kbytes): 0
	Average stack size (kbytes): 0
	Average total size (kbytes): 0
	Maximum resident set size (kbytes): 124168
	Average resident set size (kbytes): 0
	Major (requiring I/O) page faults: 0
	Minor (reclaiming a frame) page faults: 7861
	Voluntary context switches: 70
	Involuntary context switches: 29
	Swaps: 0
	File system inputs: 0
	File system outputs: 64
	Socket messages sent: 0
	Socket messages received: 0
	Signals delivered: 0
	Page size (bytes): 4096
	Exit status: 0
------------128x128-------------
Read time: 0.00980000 seconds
Write time: 0.00489400 seconds
Multiplication time (avg): 0.00000000 seconds
	Command being timed: "./../bin/multiply_matrix_128x128_19191379 ../../data/random_int_matrix_15.bin ../logs/cirrus/19191379/times.log ../logs/cirrus/19191379/results/128x128_results.log"
	User time (seconds): 0.49
	System time (seconds): 0.29
	Percent of CPU this job got: 94%
	Elapsed (wall clock) time (h:mm:ss or m:ss): 0:00.83
	Average shared text size (kbytes): 0
	Average unshared data size (kbytes): 0
	Average stack size (kbytes): 0
	Average total size (kbytes): 0
	Maximum resident set size (kbytes): 124032
	Average resident set size (kbytes): 0
	Major (requiring I/O) page faults: 0
	Minor (reclaiming a frame) page faults: 7807
	Voluntary context switches: 76
	Involuntary context switches: 32
	Swaps: 0
	File system inputs: 129024
	File system outputs: 176
	Socket messages sent: 0
	Socket messages received: 0
	Signals delivered: 0
	Page size (bytes): 4096
	Exit status: 0
------------256x256-------------
Read time: 0.00262600 seconds
Write time: 0.01821000 seconds
Multiplication time (avg): 0.00000000 seconds
	Command being timed: "./../bin/multiply_matrix_256x256_19191379 ../../data/random_int_matrix_15.bin ../logs/cirrus/19191379/times.log ../logs/cirrus/19191379/results/256x256_results.log"
	User time (seconds): 1.03
	System time (seconds): 0.29
	Percent of CPU this job got: 60%
	Elapsed (wall clock) time (h:mm:ss or m:ss): 0:02.21
	Average shared text size (kbytes): 0
	Average unshared data size (kbytes): 0
	Average stack size (kbytes): 0
	Average total size (kbytes): 0
	Maximum resident set size (kbytes): 124356
	Average resident set size (kbytes): 0
	Major (requiring I/O) page faults: 0
	Minor (reclaiming a frame) page faults: 7958
	Voluntary context switches: 85
	Involuntary context switches: 41
	Swaps: 0
	File system inputs: 0
	File system outputs: 656
	Socket messages sent: 0
	Socket messages received: 0
	Signals delivered: 0
	Page size (bytes): 4096
	Exit status: 0
------------512x512-------------
Read time: 0.00348100 seconds
Write time: 0.07051800 seconds
Multiplication time (avg): 0.00000000 seconds
	Command being timed: "./../bin/multiply_matrix_512x512_19191379 ../../data/random_int_matrix_15.bin ../logs/cirrus/19191379/times.log ../logs/cirrus/19191379/results/512x512_results.log"
	User time (seconds): 1.09
	System time (seconds): 0.29
	Percent of CPU this job got: 38%
	Elapsed (wall clock) time (h:mm:ss or m:ss): 0:03.55
	Average shared text size (kbytes): 0
	Average unshared data size (kbytes): 0
	Average stack size (kbytes): 0
	Average total size (kbytes): 0
	Maximum resident set size (kbytes): 125968
	Average resident set size (kbytes): 0
	Major (requiring I/O) page faults: 0
	Minor (reclaiming a frame) page faults: 8537
	Voluntary context switches: 100
	Involuntary context switches: 42
	Swaps: 0
	File system inputs: 2048
	File system outputs: 2576
	Socket messages sent: 0
	Socket messages received: 0
	Signals delivered: 0
	Page size (bytes): 4096
	Exit status: 0
------------1024x1024-------------
Read time: 0.00575100 seconds
Write time: 0.28001500 seconds
Multiplication time (avg): 0.00000000 seconds
	Command being timed: "./../bin/multiply_matrix_1024x1024_19191379 ../../data/random_int_matrix_15.bin ../logs/cirrus/19191379/times.log ../logs/cirrus/19191379/results/1024x1024_results.log"
	User time (seconds): 1.29
	System time (seconds): 0.30
	Percent of CPU this job got: 42%
	Elapsed (wall clock) time (h:mm:ss or m:ss): 0:03.76
	Average shared text size (kbytes): 0
	Average unshared data size (kbytes): 0
	Average stack size (kbytes): 0
	Average total size (kbytes): 0
	Maximum resident set size (kbytes): 134340
	Average resident set size (kbytes): 0
	Major (requiring I/O) page faults: 0
	Minor (reclaiming a frame) page faults: 9303
	Voluntary context switches: 104
	Involuntary context switches: 46
	Swaps: 0
	File system inputs: 12288
	File system outputs: 10256
	Socket messages sent: 0
	Socket messages received: 0
	Signals delivered: 0
	Page size (bytes): 4096
	Exit status: 0
------------2048x2048-------------
Read time: 0.01464500 seconds
Write time: 1.11779100 seconds
Multiplication time (avg): 0.00000000 seconds
	Command being timed: "./../bin/multiply_matrix_2048x2048_19191379 ../../data/random_int_matrix_15.bin ../logs/cirrus/19191379/times.log ../logs/cirrus/19191379/results/2048x2048_results.log"
	User time (seconds): 2.12
	System time (seconds): 0.32
	Percent of CPU this job got: 52%
	Elapsed (wall clock) time (h:mm:ss or m:ss): 0:04.63
	Average shared text size (kbytes): 0
	Average unshared data size (kbytes): 0
	Average stack size (kbytes): 0
	Average total size (kbytes): 0
	Maximum resident set size (kbytes): 156888
	Average resident set size (kbytes): 0
	Major (requiring I/O) page faults: 0
	Minor (reclaiming a frame) page faults: 9330
	Voluntary context switches: 113
	Involuntary context switches: 52
	Swaps: 0
	File system inputs: 49152
	File system outputs: 40976
	Socket messages sent: 0
	Socket messages received: 0
	Signals delivered: 0
	Page size (bytes): 4096
	Exit status: 0
------------4096x4096-------------
Read time: 0.06062500 seconds
Write time: 4.46933200 seconds
Multiplication time (avg): 0.00000000 seconds
	Command being timed: "./../bin/multiply_matrix_4096x4096_19191379 ../../data/random_int_matrix_15.bin ../logs/cirrus/19191379/times.log ../logs/cirrus/19191379/results/4096x4096_results.log"
	User time (seconds): 5.42
	System time (seconds): 0.42
	Percent of CPU this job got: 72%
	Elapsed (wall clock) time (h:mm:ss or m:ss): 0:08.03
	Average shared text size (kbytes): 0
	Average unshared data size (kbytes): 0
	Average stack size (kbytes): 0
	Average total size (kbytes): 0
	Maximum resident set size (kbytes): 255196
	Average resident set size (kbytes): 0
	Major (requiring I/O) page faults: 0
	Minor (reclaiming a frame) page faults: 9403
	Voluntary context switches: 153
	Involuntary context switches: 94
	Swaps: 0
	File system inputs: 196608
	File system outputs: 163864
	Socket messages sent: 0
	Socket messages received: 0
	Signals delivered: 0
	Page size (bytes): 4096
	Exit status: 0
------------8192x8192-------------
Read time: 0.40208300 seconds
Write time: 16.72348800 seconds
Multiplication time (avg): 0.00000000 seconds
	Command being timed: "./../bin/multiply_matrix_8192x8192_19191379 ../../data/random_int_matrix_15.bin ../logs/cirrus/19191379/times.log ../logs/cirrus/19191379/results/8192x8192_results.log"
	User time (seconds): 17.53
	System time (seconds): 0.77
	Percent of CPU this job got: 88%
	Elapsed (wall clock) time (h:mm:ss or m:ss): 0:20.70
	Average shared text size (kbytes): 0
	Average unshared data size (kbytes): 0
	Average stack size (kbytes): 0
	Average total size (kbytes): 0
	Maximum resident set size (kbytes): 648412
	Average resident set size (kbytes): 0
	Major (requiring I/O) page faults: 0
	Minor (reclaiming a frame) page faults: 9691
	Voluntary context switches: 440
	Involuntary context switches: 232
	Swaps: 0
	File system inputs: 657408
	File system outputs: 655408
	Socket messages sent: 0
	Socket messages received: 0
	Signals delivered: 0
	Page size (bytes): 4096
	Exit status: 0
------------16384x16384-------------
Read time: 1.85932100 seconds
Write time: 66.85634700 seconds
Multiplication time (avg): 0.00000000 seconds
	Command being timed: "./../bin/multiply_matrix_16384x16384_19191379 ../../data/random_int_matrix_15.bin ../logs/cirrus/19191379/times.log ../logs/cirrus/19191379/results/16384x16384_results.log"
	User time (seconds): 66.93
	System time (seconds): 2.40
	Percent of CPU this job got: 95%
	Elapsed (wall clock) time (h:mm:ss or m:ss): 1:12.59
	Average shared text size (kbytes): 0
	Average unshared data size (kbytes): 0
	Average stack size (kbytes): 0
	Average total size (kbytes): 0
	Maximum resident set size (kbytes): 2221272
	Average resident set size (kbytes): 0
	Major (requiring I/O) page faults: 0
	Minor (reclaiming a frame) page faults: 10842
	Voluntary context switches: 1452
	Involuntary context switches: 800
	Swaps: 0
	File system inputs: 3145728
	File system outputs: 2621512
	Socket messages sent: 0
	Socket messages received: 0
	Signals delivered: 0
	Page size (bytes): 4096
	Exit status: 0
------------32768x32768-------------
Read time: 2.55237300 seconds
Write time: 269.03717600 seconds
Multiplication time (avg): 0.00000000 seconds
	Command being timed: "./../bin/multiply_matrix_32768x32768_19191379 ../../data/random_int_matrix_15.bin ../logs/cirrus/19191379/times.log ../logs/cirrus/19191379/results/32768x32768_results.log"
	User time (seconds): 265.47
	System time (seconds): 7.65
	Percent of CPU this job got: 98%
	Elapsed (wall clock) time (h:mm:ss or m:ss): 4:36.91
	Average shared text size (kbytes): 0
	Average unshared data size (kbytes): 0
	Average stack size (kbytes): 0
	Average total size (kbytes): 0
	Maximum resident set size (kbytes): 4320540
	Average resident set size (kbytes): 0
	Major (requiring I/O) page faults: 226
	Minor (reclaiming a frame) page faults: 15444
	Voluntary context switches: 3817
	Involuntary context switches: 3679
	Swaps: 0
	File system inputs: 4198816
	File system outputs: 10485904
	Socket messages sent: 0
	Socket messages received: 0
	Signals delivered: 0
	Page size (bytes): 4096
	Exit status: 0
===============================================
Session Time: 6m 42s
Session Finished at: 2024-12-19 18:42:33
###############################################
Details for Job ID 19191379
Running GPU Parallelization with int values on hpc064.a.incd.pt
=============== Active Modules =================
 - Currently Loaded Modules:
 -   1) cuda/12.6
================ Memory Usage ==================
JobID            MaxRSS  MaxVMSize  MaxDiskRead MaxDiskWrite 
------------ ---------- ---------- ------------ ------------ 
19191379.ba+   4216540K  13419512K   7427446322   7213968227 
=============== Nodes Assigned =================
hpc064

