* ----------------------------------------------------------------
* Running PROLOG for mm-ser-o3-double on Sun Nov 24 16:00:53 WET 2024
*    JOB_NAME                : mm-ser-o3-double
*    JOB_ID                  : 18952297
*    JOB_PARTITION           : hpc
*    JOB_USER                : jbaptista
*    JOB_ACCOUNT             : vlabualg
*    JOB_QOS                 : normal
*    NODE_LIST               : hpc067
*    SLURM_NNODES            : 1
*    SLURM_NPROCS            : 1
*    SLURM_NTASKS            : 1
*    SLURM_CPUS_ON_NODE      : 1
*    SLURM_TASKS_PER_NODE    : 1
*    SLURM_JOB_CPUS_PER_NODE : 1
*    SLURM_MEM_PER_CPU       : 5000
*    SUBMIT_HOST             : cirrus08.a.incd.pt
*    WORK_DIR                : /users5/vlabualg/jbaptista/mm-performance-analysis/serial/scripts
*    JOB_SCRIPT              : /users5/vlabualg/jbaptista/mm-performance-analysis/serial/scripts/c_run_test_03.sh
* ----------------------------------------------------------------

=== Environment ===
Using existing input data...
Session started at: 2024-11-24 16:00:53
Running serial multiplication with double values on hpc067.a.incd.pt
===============================================
------------2x2-------------
Compiling multiply_matrix.c
Compilation succeeded.
Running ../bin/multiply_matrix_2x2_18952297
Execution succeeded.
Times saved to ../logs/cirrus/18952297/times.log
Results saved to ../logs/cirrus/18952297/results/2x2_results.log
------------4x4-------------
Compiling multiply_matrix.c
Compilation succeeded.
Running ../bin/multiply_matrix_4x4_18952297
Execution succeeded.
Times saved to ../logs/cirrus/18952297/times.log
Results saved to ../logs/cirrus/18952297/results/4x4_results.log
------------8x8-------------
Compiling multiply_matrix.c
Compilation succeeded.
Running ../bin/multiply_matrix_8x8_18952297
Execution succeeded.
Times saved to ../logs/cirrus/18952297/times.log
Results saved to ../logs/cirrus/18952297/results/8x8_results.log
------------16x16-------------
Compiling multiply_matrix.c
Compilation succeeded.
Running ../bin/multiply_matrix_16x16_18952297
Execution succeeded.
Times saved to ../logs/cirrus/18952297/times.log
Results saved to ../logs/cirrus/18952297/results/16x16_results.log
------------32x32-------------
Compiling multiply_matrix.c
Compilation succeeded.
Running ../bin/multiply_matrix_32x32_18952297
Execution succeeded.
Times saved to ../logs/cirrus/18952297/times.log
Results saved to ../logs/cirrus/18952297/results/32x32_results.log
------------64x64-------------
Compiling multiply_matrix.c
Compilation succeeded.
Running ../bin/multiply_matrix_64x64_18952297
Execution succeeded.
Times saved to ../logs/cirrus/18952297/times.log
Results saved to ../logs/cirrus/18952297/results/64x64_results.log
------------128x128-------------
Compiling multiply_matrix.c
Compilation succeeded.
Running ../bin/multiply_matrix_128x128_18952297
Execution succeeded.
Times saved to ../logs/cirrus/18952297/times.log
Results saved to ../logs/cirrus/18952297/results/128x128_results.log
------------256x256-------------
Compiling multiply_matrix.c
Compilation succeeded.
Running ../bin/multiply_matrix_256x256_18952297
Execution succeeded.
Times saved to ../logs/cirrus/18952297/times.log
Results saved to ../logs/cirrus/18952297/results/256x256_results.log
------------512x512-------------
Compiling multiply_matrix.c
Compilation succeeded.
Running ../bin/multiply_matrix_512x512_18952297
Execution succeeded.
Times saved to ../logs/cirrus/18952297/times.log
Results saved to ../logs/cirrus/18952297/results/512x512_results.log
------------1024x1024-------------
Compiling multiply_matrix.c
Compilation succeeded.
Running ../bin/multiply_matrix_1024x1024_18952297
Execution succeeded.
Times saved to ../logs/cirrus/18952297/times.log
Results saved to ../logs/cirrus/18952297/results/1024x1024_results.log
------------2048x2048-------------
Compiling multiply_matrix.c
Compilation succeeded.
Running ../bin/multiply_matrix_2048x2048_18952297
Execution succeeded.
Times saved to ../logs/cirrus/18952297/times.log
Results saved to ../logs/cirrus/18952297/results/2048x2048_results.log

=== Finalizing ===
Session Time: 80m 31s
Session Completed Successfully at: 2024-11-24 17:21:24
