Session started at: 2024-11-24 16:00:53
Running serial multiplication with double values on hpc067.a.incd.pt
===============================================
Using random_double_matrix_11.bin input file:
------------2x2-------------
Read time: 0.07022100 seconds
Write time: 0.00051600 seconds
Multiplication time (avg): 0.00000003 seconds
	Command being timed: "./../bin/multiply_matrix_2x2_18952297 ../../data/random_double_matrix_11.bin ../logs/cirrus/18952297/times.log ../logs/cirrus/18952297/results/2x2_results.log"
	User time (seconds): 0.00
	System time (seconds): 0.01
	Percent of CPU this job got: 20%
	Elapsed (wall clock) time (h:mm:ss or m:ss): 0:00.07
	Average shared text size (kbytes): 0
	Average unshared data size (kbytes): 0
	Average stack size (kbytes): 0
	Average total size (kbytes): 0
	Maximum resident set size (kbytes): 1444
	Average resident set size (kbytes): 0
	Major (requiring I/O) page faults: 0
	Minor (reclaiming a frame) page faults: 72
	Voluntary context switches: 12
	Involuntary context switches: 0
	Swaps: 0
	File system inputs: 65552
	File system outputs: 0
	Socket messages sent: 0
	Socket messages received: 0
	Signals delivered: 0
	Page size (bytes): 4096
	Exit status: 0
------------4x4-------------
Read time: 0.00004500 seconds
Write time: 0.00022800 seconds
Multiplication time (avg): 0.00000003 seconds
	Command being timed: "./../bin/multiply_matrix_4x4_18952297 ../../data/random_double_matrix_11.bin ../logs/cirrus/18952297/times.log ../logs/cirrus/18952297/results/4x4_results.log"
	User time (seconds): 0.00
	System time (seconds): 0.00
	Percent of CPU this job got: 50%
	Elapsed (wall clock) time (h:mm:ss or m:ss): 0:00.00
	Average shared text size (kbytes): 0
	Average unshared data size (kbytes): 0
	Average stack size (kbytes): 0
	Average total size (kbytes): 0
	Maximum resident set size (kbytes): 1448
	Average resident set size (kbytes): 0
	Major (requiring I/O) page faults: 0
	Minor (reclaiming a frame) page faults: 73
	Voluntary context switches: 10
	Involuntary context switches: 1
	Swaps: 0
	File system inputs: 0
	File system outputs: 0
	Socket messages sent: 0
	Socket messages received: 0
	Signals delivered: 0
	Page size (bytes): 4096
	Exit status: 0
------------8x8-------------
Read time: 0.00004500 seconds
Write time: 0.00026100 seconds
Multiplication time (avg): 0.00000003 seconds
	Command being timed: "./../bin/multiply_matrix_8x8_18952297 ../../data/random_double_matrix_11.bin ../logs/cirrus/18952297/times.log ../logs/cirrus/18952297/results/8x8_results.log"
	User time (seconds): 0.00
	System time (seconds): 0.00
	Percent of CPU this job got: 50%
	Elapsed (wall clock) time (h:mm:ss or m:ss): 0:00.00
	Average shared text size (kbytes): 0
	Average unshared data size (kbytes): 0
	Average stack size (kbytes): 0
	Average total size (kbytes): 0
	Maximum resident set size (kbytes): 1448
	Average resident set size (kbytes): 0
	Major (requiring I/O) page faults: 0
	Minor (reclaiming a frame) page faults: 73
	Voluntary context switches: 10
	Involuntary context switches: 0
	Swaps: 0
	File system inputs: 0
	File system outputs: 0
	Socket messages sent: 0
	Socket messages received: 0
	Signals delivered: 0
	Page size (bytes): 4096
	Exit status: 0
------------16x16-------------
Read time: 0.00003800 seconds
Write time: 0.00028400 seconds
Multiplication time (avg): 0.00000077 seconds
	Command being timed: "./../bin/multiply_matrix_16x16_18952297 ../../data/random_double_matrix_11.bin ../logs/cirrus/18952297/times.log ../logs/cirrus/18952297/results/16x16_results.log"
	User time (seconds): 0.00
	System time (seconds): 0.00
	Percent of CPU this job got: 50%
	Elapsed (wall clock) time (h:mm:ss or m:ss): 0:00.00
	Average shared text size (kbytes): 0
	Average unshared data size (kbytes): 0
	Average stack size (kbytes): 0
	Average total size (kbytes): 0
	Maximum resident set size (kbytes): 1448
	Average resident set size (kbytes): 0
	Major (requiring I/O) page faults: 0
	Minor (reclaiming a frame) page faults: 73
	Voluntary context switches: 10
	Involuntary context switches: 0
	Swaps: 0
	File system inputs: 0
	File system outputs: 0
	Socket messages sent: 0
	Socket messages received: 0
	Signals delivered: 0
	Page size (bytes): 4096
	Exit status: 0
------------32x32-------------
Read time: 0.00005600 seconds
Write time: 0.00110900 seconds
Multiplication time (avg): 0.00001223 seconds
	Command being timed: "./../bin/multiply_matrix_32x32_18952297 ../../data/random_double_matrix_11.bin ../logs/cirrus/18952297/times.log ../logs/cirrus/18952297/results/32x32_results.log"
	User time (seconds): 0.00
	System time (seconds): 0.00
	Percent of CPU this job got: 66%
	Elapsed (wall clock) time (h:mm:ss or m:ss): 0:00.00
	Average shared text size (kbytes): 0
	Average unshared data size (kbytes): 0
	Average stack size (kbytes): 0
	Average total size (kbytes): 0
	Maximum resident set size (kbytes): 1468
	Average resident set size (kbytes): 0
	Major (requiring I/O) page faults: 0
	Minor (reclaiming a frame) page faults: 78
	Voluntary context switches: 10
	Involuntary context switches: 0
	Swaps: 0
	File system inputs: 0
	File system outputs: 16
	Socket messages sent: 0
	Socket messages received: 0
	Signals delivered: 0
	Page size (bytes): 4096
	Exit status: 0
------------64x64-------------
Read time: 0.00508300 seconds
Write time: 0.00183000 seconds
Multiplication time (avg): 0.00009887 seconds
	Command being timed: "./../bin/multiply_matrix_64x64_18952297 ../../data/random_double_matrix_11.bin ../logs/cirrus/18952297/times.log ../logs/cirrus/18952297/results/64x64_results.log"
	User time (seconds): 0.00
	System time (seconds): 0.00
	Percent of CPU this job got: 84%
	Elapsed (wall clock) time (h:mm:ss or m:ss): 0:00.01
	Average shared text size (kbytes): 0
	Average unshared data size (kbytes): 0
	Average stack size (kbytes): 0
	Average total size (kbytes): 0
	Maximum resident set size (kbytes): 1540
	Average resident set size (kbytes): 0
	Major (requiring I/O) page faults: 0
	Minor (reclaiming a frame) page faults: 96
	Voluntary context switches: 9
	Involuntary context switches: 0
	Swaps: 0
	File system inputs: 48
	File system outputs: 96
	Socket messages sent: 0
	Socket messages received: 0
	Signals delivered: 0
	Page size (bytes): 4096
	Exit status: 0
------------128x128-------------
Read time: 0.00695900 seconds
Write time: 0.00607900 seconds
Multiplication time (avg): 0.00134927 seconds
	Command being timed: "./../bin/multiply_matrix_128x128_18952297 ../../data/random_double_matrix_11.bin ../logs/cirrus/18952297/times.log ../logs/cirrus/18952297/results/128x128_results.log"
	User time (seconds): 0.04
	System time (seconds): 0.00
	Percent of CPU this job got: 94%
	Elapsed (wall clock) time (h:mm:ss or m:ss): 0:00.05
	Average shared text size (kbytes): 0
	Average unshared data size (kbytes): 0
	Average stack size (kbytes): 0
	Average total size (kbytes): 0
	Maximum resident set size (kbytes): 1828
	Average resident set size (kbytes): 0
	Major (requiring I/O) page faults: 0
	Minor (reclaiming a frame) page faults: 168
	Voluntary context switches: 9
	Involuntary context switches: 2
	Swaps: 0
	File system inputs: 192
	File system outputs: 384
	Socket messages sent: 0
	Socket messages received: 0
	Signals delivered: 0
	Page size (bytes): 4096
	Exit status: 0
------------256x256-------------
Read time: 0.01125700 seconds
Write time: 0.01974700 seconds
Multiplication time (avg): 0.02747630 seconds
	Command being timed: "./../bin/multiply_matrix_256x256_18952297 ../../data/random_double_matrix_11.bin ../logs/cirrus/18952297/times.log ../logs/cirrus/18952297/results/256x256_results.log"
	User time (seconds): 0.89
	System time (seconds): 0.01
	Percent of CPU this job got: 99%
	Elapsed (wall clock) time (h:mm:ss or m:ss): 0:00.91
	Average shared text size (kbytes): 0
	Average unshared data size (kbytes): 0
	Average stack size (kbytes): 0
	Average total size (kbytes): 0
	Maximum resident set size (kbytes): 2980
	Average resident set size (kbytes): 0
	Major (requiring I/O) page faults: 0
	Minor (reclaiming a frame) page faults: 456
	Voluntary context switches: 9
	Involuntary context switches: 7
	Swaps: 0
	File system inputs: 768
	File system outputs: 1536
	Socket messages sent: 0
	Socket messages received: 0
	Signals delivered: 0
	Page size (bytes): 4096
	Exit status: 0
------------512x512-------------
Read time: 0.04222500 seconds
Write time: 0.08418700 seconds
Multiplication time (avg): 0.80425943 seconds
	Command being timed: "./../bin/multiply_matrix_512x512_18952297 ../../data/random_double_matrix_11.bin ../logs/cirrus/18952297/times.log ../logs/cirrus/18952297/results/512x512_results.log"
	User time (seconds): 25.05
	System time (seconds): 0.03
	Percent of CPU this job got: 99%
	Elapsed (wall clock) time (h:mm:ss or m:ss): 0:25.20
	Average shared text size (kbytes): 0
	Average unshared data size (kbytes): 0
	Average stack size (kbytes): 0
	Average total size (kbytes): 0
	Maximum resident set size (kbytes): 7588
	Average resident set size (kbytes): 0
	Major (requiring I/O) page faults: 0
	Minor (reclaiming a frame) page faults: 586
	Voluntary context switches: 9
	Involuntary context switches: 63
	Swaps: 0
	File system inputs: 3072
	File system outputs: 6672
	Socket messages sent: 0
	Socket messages received: 0
	Signals delivered: 0
	Page size (bytes): 4096
	Exit status: 0
------------1024x1024-------------
Read time: 0.05899800 seconds
Write time: 0.31856800 seconds
Multiplication time (avg): 13.56119163 seconds
	Command being timed: "./../bin/multiply_matrix_1024x1024_18952297 ../../data/random_double_matrix_11.bin ../logs/cirrus/18952297/times.log ../logs/cirrus/18952297/results/1024x1024_results.log"
	User time (seconds): 419.53
	System time (seconds): 0.06
	Percent of CPU this job got: 99%
	Elapsed (wall clock) time (h:mm:ss or m:ss): 7:00.97
	Average shared text size (kbytes): 0
	Average unshared data size (kbytes): 0
	Average stack size (kbytes): 0
	Average total size (kbytes): 0
	Maximum resident set size (kbytes): 26020
	Average resident set size (kbytes): 0
	Major (requiring I/O) page faults: 0
	Minor (reclaiming a frame) page faults: 595
	Voluntary context switches: 11
	Involuntary context switches: 891
	Swaps: 0
	File system inputs: 12288
	File system outputs: 26640
	Socket messages sent: 0
	Socket messages received: 0
	Signals delivered: 0
	Page size (bytes): 4096
	Exit status: 0
------------2048x2048-------------
Read time: 0.11389300 seconds
Write time: 1.32442400 seconds
Multiplication time (avg): 141.27123067 seconds
	Command being timed: "./../bin/multiply_matrix_2048x2048_18952297 ../../data/random_double_matrix_11.bin ../logs/cirrus/18952297/times.log ../logs/cirrus/18952297/results/2048x2048_results.log"
	User time (seconds): 4365.95
	System time (seconds): 0.23
	Percent of CPU this job got: 99%
	Elapsed (wall clock) time (h:mm:ss or m:ss): 1:13:00
	Average shared text size (kbytes): 0
	Average unshared data size (kbytes): 0
	Average stack size (kbytes): 0
	Average total size (kbytes): 0
	Maximum resident set size (kbytes): 99748
	Average resident set size (kbytes): 0
	Major (requiring I/O) page faults: 1
	Minor (reclaiming a frame) page faults: 632
	Voluntary context switches: 29
	Involuntary context switches: 9063
	Swaps: 0
	File system inputs: 49216
	File system outputs: 106512
	Socket messages sent: 0
	Socket messages received: 0
	Signals delivered: 0
	Page size (bytes): 4096
	Exit status: 0
===============================================
Session Time: 80m 31s
Session Completed Successfully at: 2024-11-24 17:21:24
###############################################
Details for Job ID 18952297
Running serial multiplication with double values on hpc067.a.incd.pt
Allocated Memory (total): 5000 MB
=============== Active Modules =================
 - Currently Loaded Modules:
 -   1) gcc-13.2
================ Memory Usage ==================
JobID            MaxRSS  MaxVMSize  MaxDiskRead MaxDiskWrite 
------------ ---------- ---------- ------------ ------------ 
18952297.ba+     98980K    182264K    109657705     73062549 
=============== Nodes Assigned =================
hpc067

