Session started at: 2024-11-24 21:50:05
Running MPI Parallelization with int values on fct-deei-linux and fct-deei-aval
Available CPUs: 4
===============================================
Using random_int_matrix_10.bin input file:
------------2x2-------------
Workers: 4 across aval(0) and linux(4)
Read time: 0.00000520 seconds
Write time: 0.00001250 seconds
Multiplication time (avg): 0.00072921 seconds
Master time (avg): 0.00000008 seconds
Worker 1 time (avg): 0.00000005 seconds
Worker 2 time (avg): 0.00000002 seconds
Worker 3 time (avg): 0.00000005 seconds
	Command being timed: "mpiexec --host fct-deei-linux:4 -np 4 ./../bin/multiply_matrix_2x2_24-11-24-2150 ../../data/random_int_matrix_10.bin ../logs/fct-deei-linux/24-11-24-2150/times.log ../logs/fct-deei-linux/24-11-24-2150/results/2x2_results.log"
	User time (seconds): 1.05
	System time (seconds): 0.84
	Percent of CPU this job got: 105%
	Elapsed (wall clock) time (h:mm:ss or m:ss): 0:01.79
	Average shared text size (kbytes): 0
	Average unshared data size (kbytes): 0
	Average stack size (kbytes): 0
	Average total size (kbytes): 0
	Maximum resident set size (kbytes): 21016
	Average resident set size (kbytes): 0
	Major (requiring I/O) page faults: 2152
	Minor (reclaiming a frame) page faults: 7842
	Voluntary context switches: 16627
	Involuntary context switches: 2137
	Swaps: 0
	File system inputs: 0
	File system outputs: 16464
	Socket messages sent: 0
	Socket messages received: 0
	Signals delivered: 0
	Page size (bytes): 4096
	Exit status: 0
------------4x4-------------
Workers: 4 across aval(0) and linux(4)
Read time: 0.00000380 seconds
Write time: 0.00001160 seconds
Multiplication time (avg): 0.00005169 seconds
Master time (avg): 0.00000007 seconds
Worker 1 time (avg): 0.00000014 seconds
Worker 2 time (avg): 0.00000013 seconds
Worker 3 time (avg): 0.00000007 seconds
	Command being timed: "mpiexec --host fct-deei-linux:4 -np 4 ./../bin/multiply_matrix_4x4_24-11-24-2150 ../../data/random_int_matrix_10.bin ../logs/fct-deei-linux/24-11-24-2150/times.log ../logs/fct-deei-linux/24-11-24-2150/results/4x4_results.log"
	User time (seconds): 1.15
	System time (seconds): 0.75
	Percent of CPU this job got: 106%
	Elapsed (wall clock) time (h:mm:ss or m:ss): 0:01.79
	Average shared text size (kbytes): 0
	Average unshared data size (kbytes): 0
	Average stack size (kbytes): 0
	Average total size (kbytes): 0
	Maximum resident set size (kbytes): 20936
	Average resident set size (kbytes): 0
	Major (requiring I/O) page faults: 2152
	Minor (reclaiming a frame) page faults: 7841
	Voluntary context switches: 17160
	Involuntary context switches: 3589
	Swaps: 0
	File system inputs: 0
	File system outputs: 16464
	Socket messages sent: 0
	Socket messages received: 0
	Signals delivered: 0
	Page size (bytes): 4096
	Exit status: 0
------------8x8-------------
Workers: 4 across aval(0) and linux(4)
Read time: 0.00000840 seconds
Write time: 0.00018630 seconds
Multiplication time (avg): 0.00001625 seconds
Master time (avg): 0.00000023 seconds
Worker 1 time (avg): 0.00000011 seconds
Worker 2 time (avg): 0.00000022 seconds
Worker 3 time (avg): 0.00000013 seconds
	Command being timed: "mpiexec --host fct-deei-linux:4 -np 4 ./../bin/multiply_matrix_8x8_24-11-24-2150 ../../data/random_int_matrix_10.bin ../logs/fct-deei-linux/24-11-24-2150/times.log ../logs/fct-deei-linux/24-11-24-2150/results/8x8_results.log"
	User time (seconds): 1.10
	System time (seconds): 0.76
	Percent of CPU this job got: 108%
	Elapsed (wall clock) time (h:mm:ss or m:ss): 0:01.72
	Average shared text size (kbytes): 0
	Average unshared data size (kbytes): 0
	Average stack size (kbytes): 0
	Average total size (kbytes): 0
	Maximum resident set size (kbytes): 20804
	Average resident set size (kbytes): 0
	Major (requiring I/O) page faults: 2152
	Minor (reclaiming a frame) page faults: 7834
	Voluntary context switches: 15644
	Involuntary context switches: 790
	Swaps: 0
	File system inputs: 0
	File system outputs: 16464
	Socket messages sent: 0
	Socket messages received: 0
	Signals delivered: 0
	Page size (bytes): 4096
	Exit status: 0
------------16x16-------------
Workers: 4 across aval(0) and linux(4)
Read time: 0.00000820 seconds
Write time: 0.00009360 seconds
Multiplication time (avg): 0.00001575 seconds
Master time (avg): 0.00000120 seconds
Worker 1 time (avg): 0.00000130 seconds
Worker 2 time (avg): 0.00000110 seconds
Worker 3 time (avg): 0.00000042 seconds
	Command being timed: "mpiexec --host fct-deei-linux:4 -np 4 ./../bin/multiply_matrix_16x16_24-11-24-2150 ../../data/random_int_matrix_10.bin ../logs/fct-deei-linux/24-11-24-2150/times.log ../logs/fct-deei-linux/24-11-24-2150/results/16x16_results.log"
	User time (seconds): 1.03
	System time (seconds): 0.79
	Percent of CPU this job got: 106%
	Elapsed (wall clock) time (h:mm:ss or m:ss): 0:01.71
	Average shared text size (kbytes): 0
	Average unshared data size (kbytes): 0
	Average stack size (kbytes): 0
	Average total size (kbytes): 0
	Maximum resident set size (kbytes): 20996
	Average resident set size (kbytes): 0
	Major (requiring I/O) page faults: 2144
	Minor (reclaiming a frame) page faults: 7823
	Voluntary context switches: 16354
	Involuntary context switches: 2754
	Swaps: 0
	File system inputs: 0
	File system outputs: 16464
	Socket messages sent: 0
	Socket messages received: 0
	Signals delivered: 0
	Page size (bytes): 4096
	Exit status: 0
------------32x32-------------
Workers: 4 across aval(0) and linux(4)
Read time: 0.00000630 seconds
Write time: 0.00036691 seconds
Multiplication time (avg): 0.00002812 seconds
Master time (avg): 0.00001337 seconds
Worker 1 time (avg): 0.00000883 seconds
Worker 2 time (avg): 0.00001553 seconds
Worker 3 time (avg): 0.00000569 seconds
	Command being timed: "mpiexec --host fct-deei-linux:4 -np 4 ./../bin/multiply_matrix_32x32_24-11-24-2150 ../../data/random_int_matrix_10.bin ../logs/fct-deei-linux/24-11-24-2150/times.log ../logs/fct-deei-linux/24-11-24-2150/results/32x32_results.log"
	User time (seconds): 1.07
	System time (seconds): 0.69
	Percent of CPU this job got: 102%
	Elapsed (wall clock) time (h:mm:ss or m:ss): 0:01.72
	Average shared text size (kbytes): 0
	Average unshared data size (kbytes): 0
	Average stack size (kbytes): 0
	Average total size (kbytes): 0
	Maximum resident set size (kbytes): 20868
	Average resident set size (kbytes): 0
	Major (requiring I/O) page faults: 2144
	Minor (reclaiming a frame) page faults: 7824
	Voluntary context switches: 16060
	Involuntary context switches: 1979
	Swaps: 0
	File system inputs: 0
	File system outputs: 16480
	Socket messages sent: 0
	Socket messages received: 0
	Signals delivered: 0
	Page size (bytes): 4096
	Exit status: 0
------------64x64-------------
Workers: 4 across aval(0) and linux(4)
Read time: 0.00002000 seconds
Write time: 0.00131583 seconds
Multiplication time (avg): 0.00019085 seconds
Master time (avg): 0.00010941 seconds
Worker 1 time (avg): 0.00013222 seconds
Worker 2 time (avg): 0.00011546 seconds
Worker 3 time (avg): 0.00004390 seconds
	Command being timed: "mpiexec --host fct-deei-linux:4 -np 4 ./../bin/multiply_matrix_64x64_24-11-24-2150 ../../data/random_int_matrix_10.bin ../logs/fct-deei-linux/24-11-24-2150/times.log ../logs/fct-deei-linux/24-11-24-2150/results/64x64_results.log"
	User time (seconds): 1.09
	System time (seconds): 0.67
	Percent of CPU this job got: 105%
	Elapsed (wall clock) time (h:mm:ss or m:ss): 0:01.69
	Average shared text size (kbytes): 0
	Average unshared data size (kbytes): 0
	Average stack size (kbytes): 0
	Average total size (kbytes): 0
	Maximum resident set size (kbytes): 20900
	Average resident set size (kbytes): 0
	Major (requiring I/O) page faults: 2144
	Minor (reclaiming a frame) page faults: 7830
	Voluntary context switches: 15793
	Involuntary context switches: 509
	Swaps: 0
	File system inputs: 0
	File system outputs: 16536
	Socket messages sent: 0
	Socket messages received: 0
	Signals delivered: 0
	Page size (bytes): 4096
	Exit status: 0
------------128x128-------------
Workers: 4 across aval(0) and linux(4)
Read time: 0.00007930 seconds
Write time: 0.00163834 seconds
Multiplication time (avg): 0.00077143 seconds
Master time (avg): 0.00071371 seconds
Worker 1 time (avg): 0.00056829 seconds
Worker 2 time (avg): 0.00047795 seconds
Worker 3 time (avg): 0.00043433 seconds
	Command being timed: "mpiexec --host fct-deei-linux:4 -np 4 ./../bin/multiply_matrix_128x128_24-11-24-2150 ../../data/random_int_matrix_10.bin ../logs/fct-deei-linux/24-11-24-2150/times.log ../logs/fct-deei-linux/24-11-24-2150/results/128x128_results.log"
	User time (seconds): 1.20
	System time (seconds): 0.72
	Percent of CPU this job got: 106%
	Elapsed (wall clock) time (h:mm:ss or m:ss): 0:01.81
	Average shared text size (kbytes): 0
	Average unshared data size (kbytes): 0
	Average stack size (kbytes): 0
	Average total size (kbytes): 0
	Maximum resident set size (kbytes): 20904
	Average resident set size (kbytes): 0
	Major (requiring I/O) page faults: 2144
	Minor (reclaiming a frame) page faults: 7916
	Voluntary context switches: 17067
	Involuntary context switches: 1874
	Swaps: 0
	File system inputs: 0
	File system outputs: 16760
	Socket messages sent: 0
	Socket messages received: 0
	Signals delivered: 0
	Page size (bytes): 4096
	Exit status: 0
------------256x256-------------
Workers: 4 across aval(0) and linux(4)
Read time: 0.00016830 seconds
Write time: 0.00605145 seconds
Multiplication time (avg): 0.00421605 seconds
Master time (avg): 0.00392374 seconds
Worker 1 time (avg): 0.00345798 seconds
Worker 2 time (avg): 0.00343738 seconds
Worker 3 time (avg): 0.00348659 seconds
	Command being timed: "mpiexec --host fct-deei-linux:4 -np 4 ./../bin/multiply_matrix_256x256_24-11-24-2150 ../../data/random_int_matrix_10.bin ../logs/fct-deei-linux/24-11-24-2150/times.log ../logs/fct-deei-linux/24-11-24-2150/results/256x256_results.log"
	User time (seconds): 1.49
	System time (seconds): 0.79
	Percent of CPU this job got: 123%
	Elapsed (wall clock) time (h:mm:ss or m:ss): 0:01.84
	Average shared text size (kbytes): 0
	Average unshared data size (kbytes): 0
	Average stack size (kbytes): 0
	Average total size (kbytes): 0
	Maximum resident set size (kbytes): 23040
	Average resident set size (kbytes): 0
	Major (requiring I/O) page faults: 2144
	Minor (reclaiming a frame) page faults: 8313
	Voluntary context switches: 16054
	Involuntary context switches: 689
	Swaps: 0
	File system inputs: 8
	File system outputs: 17616
	Socket messages sent: 0
	Socket messages received: 0
	Signals delivered: 0
	Page size (bytes): 4096
	Exit status: 0
------------512x512-------------
Workers: 4 across aval(0) and linux(4)
Read time: 0.00124333 seconds
Write time: 0.02686569 seconds
Multiplication time (avg): 0.06128826 seconds
Master time (avg): 0.05117354 seconds
Worker 1 time (avg): 0.05602938 seconds
Worker 2 time (avg): 0.05454836 seconds
Worker 3 time (avg): 0.05480790 seconds
	Command being timed: "mpiexec --host fct-deei-linux:4 -np 4 ./../bin/multiply_matrix_512x512_24-11-24-2150 ../../data/random_int_matrix_10.bin ../logs/fct-deei-linux/24-11-24-2150/times.log ../logs/fct-deei-linux/24-11-24-2150/results/512x512_results.log"
	User time (seconds): 8.35
	System time (seconds): 0.85
	Percent of CPU this job got: 255%
	Elapsed (wall clock) time (h:mm:ss or m:ss): 0:03.60
	Average shared text size (kbytes): 0
	Average unshared data size (kbytes): 0
	Average stack size (kbytes): 0
	Average total size (kbytes): 0
	Maximum resident set size (kbytes): 20928
	Average resident set size (kbytes): 0
	Major (requiring I/O) page faults: 2144
	Minor (reclaiming a frame) page faults: 9750
	Voluntary context switches: 16614
	Involuntary context switches: 996
	Swaps: 0
	File system inputs: 0
	File system outputs: 21584
	Socket messages sent: 0
	Socket messages received: 0
	Signals delivered: 0
	Page size (bytes): 4096
	Exit status: 0
------------1024x1024-------------
Workers: 4 across aval(0) and linux(4)
Read time: 0.00256857 seconds
Write time: 0.12088939 seconds
Multiplication time (avg): 0.94443062 seconds
Master time (avg): 0.88347913 seconds
Worker 1 time (avg): 0.86354632 seconds
Worker 2 time (avg): 0.88257429 seconds
Worker 3 time (avg): 0.85974635 seconds
	Command being timed: "mpiexec --host fct-deei-linux:4 -np 4 ./../bin/multiply_matrix_1024x1024_24-11-24-2150 ../../data/random_int_matrix_10.bin ../logs/fct-deei-linux/24-11-24-2150/times.log ../logs/fct-deei-linux/24-11-24-2150/results/1024x1024_results.log"
	User time (seconds): 114.30
	System time (seconds): 0.79
	Percent of CPU this job got: 381%
	Elapsed (wall clock) time (h:mm:ss or m:ss): 0:30.19
	Average shared text size (kbytes): 0
	Average unshared data size (kbytes): 0
	Average stack size (kbytes): 0
	Average total size (kbytes): 0
	Maximum resident set size (kbytes): 22532
	Average resident set size (kbytes): 0
	Major (requiring I/O) page faults: 2144
	Minor (reclaiming a frame) page faults: 12454
	Voluntary context switches: 18019
	Involuntary context switches: 3931
	Swaps: 0
	File system inputs: 0
	File system outputs: 36952
	Socket messages sent: 0
	Socket messages received: 0
	Signals delivered: 0
	Page size (bytes): 4096
	Exit status: 0
===============================================
Session Time: 0m 53s
Session Completed Successfully at: 2024-11-24 21:50:58
###############################################
=============== Users on Machine ==============
 21:50:58 up 6 days,  3:28,  0 users,  load average: 1.63, 0.49, 0.22
USER     TTY      FROM             LOGIN@   IDLE   JCPU   PCPU WHAT
========= Pre-Execution Memory Usage ==========
Pre-Execution Memory:
  MemTotal: 8066360 kB
  MemFree: 1060640 kB
  MemAvailable: 6477580 kB
========= Post-Execution Memory Usage =========
Memory Usage at 2024-11-24 21:50:58:
MemTotal:: 8066360 kB
MemFree:: 1093612 kB
MemAvailable:: 6525352 kB
============== Pre-Execution CPU ==============
USER NICE SYSTEM IDLE IOWAIT IRQ SOFTIRQ STEAL GUEST GUEST_NICE
cpu  6429074 885 202901 205528387 34863 0 8074 0 0 0
cpu0 1381164 100 52670 51612706 5096 0 3484 0 0 0
cpu1 1392082 166 53870 51594822 14520 0 2388 0 0 0
cpu2 1679802 290 49094 51288312 7948 0 1350 0 0 0
cpu3 1976026 328 47267 51032545 7298 0 850 0 0 0
intr 12334874 0 0 0 0 0 0 0 0 0 0 0 0 0 0 0 0 0 0 0 0 0 0 0 0 0 0 0 0 0 0 0 0 0 0 0 0 0 0 0 0 0 0 0 0 0 0 0 0 0 0 0 0 0 0 0 0 0 0 0 0 0 0 0 0 0 0 0 0 0 0 0 0 0 0 0 0 0 0 0 0 0 0 0 0 0 0 0 0 0 0 0 0 0 0 0 0 0 0 0 0 0 0 0 0 0 0 0 0 0 0 0 0 0 0 0 0 0 0 0 0 0 0 0 0 0 0 0 0 0 0 0 0 0 0 0 0 0 0 0 0 0 0 0 0 0 0 0 0 0 0 0 0 0 0 0 0 0 0 0 0 0 0 0 0 0 0 0 0 0 0 0 0 0 0 0 0 0 0 0 0 0 0 0 0 0 0 0 0 0 0 0 0 0 0 0 0 0 0 0 0 0 0 0 0 0 0 0 0 0 0 0 0 0 0 0 0 0 0 0 0 0 0 0 0 0 0 0 0 0 0 0 0 0 0 0 0 0 0 0 0 0 0 0 0 0 0 0 0 0 0 0 0 0 0 0 0 0 0 0 0 0 0 0 0 0 0 0 0 0 0 0 0 0 0 0 0 0 0 0 0 0 0 0 0 0 0 0 0 0 0 0 0 0 0 0 0 0 0 0 0 0 0 0 0 0 0 0 0 0 0 0 0 0 0 0 0 0 0 0 0 0 0 0 0 0 0 0 0 0 0 0 0 0 0 0 0 0 0 0 0 0 0 0 0 0 0 0 0 0 0 0 0 0 0 0 0 0 0 0 0 0 0 0 0 0 0 0 0 0 0 0 0 0 0 0 0 0 0 0 0 0 0 0 0 0 0 0 0 0 0 0 0 0 0 0 0 0 0 0 0 0 0 0 0 0 0 0 0 0 0 0 0 0 0 0 0 0 0 0 0 0 0 0 0 0 0 0 0 0 0 0 0 0 0 0 0 0 0 0 0 0 0 0 0 0 0 0 0 0 0 0 0 0 0 0 0 0 0 0 0 0 0 0 0 0 0 0 0 0 0 0 0 0 0 0 0 0 0 0 0 0 0 0 0 0 0 0 0 0 0 0 0 0 0 0 0 0 0 0 0 0 0 0 0 0 0 0 0 0 0 0 0 0 0 0 0 0 0 0 0 0 0 0 0 0 0 0 0 0 0 0 0 0 0 0 0 0 0 0 0 0 0 0 0 0 0 0 0 0 0 0 0 0 0 0 0 0 0 0 0 0 0 0 0 0 0 0 0 0 0 0 0 0 0 0 0 0 0 0 0 0 0 0 0 0 0 0 0 0 0 0 0 0 0 0 0 0 0 0 0 0 0 0 0 0 0 0 0 0 0 0 0 0 0 0 0 0 0 0 0 0 0 0 0 0 0 0 0 0 0 0 0 0 0 0 0 0 0 0 0 0 0 0 0 0 0 0 0 0 0 0 0 0 0 0 0 0 0 0 0 0 0 0 0 0 0 0 0 0 0 0 0 0 0 0 0 0 0 0 0 0 0 0 0 0 0 0 0 0 0 0 0 0 0 0 0 0 0 0 0 0 0 0 0 0 0 0 0 0 0 0 0 0 0 0 0 0 0 0 0 0 0 0 0 0 0 0 0 0 0 0 0 0 0 0 0 0 0 0 0 0 0 0 0 0 0 0 0 0 0 0 0 0 0 0 0 0 0 0 0 0 0 0 0 0 0 0 0 0 0 0 0 0 0 0 0 0 0 0 0 0 0 0 0 0 0 0 0 0 0 0 0 0 0 0 0 0 0 0 0 0 0 0 0 0 0 0 0 0 0 0 0 0 0 0 0 0 0 0 0 0 0 0 0 0 0 0 0 0 0 0 0 0 0 0 0 0 0 0 0 0 0 0 0 0 0 0 0 0 0 0 0 0 0 0 0 0 0 0 0 0 0 0 0 0 0 0 0 0 0 0 0 0 0 0 0 0 0 0 0 0 0 0 0 0 0 0 0 0 0 0 0 0 0 0 0 0 0 0 0 0 0 0 0 0 0 0 0 0 0 0 0 0 0 0 0 0 0 0 0 0 0 0 0 0 0 0 0 0 0 0 0 0 0 0 0 0 0 0 0 0 0 0 0 0 0 0 0 0 0 0 0 0 0 0 0 0 0 0 0 0 0 0 0 0 0 0 0 0 0 0 0 0 0 0 0 0 0 0 0 0 0 0 0 0 0 0 0 0 0 0 0 0 0 0 0 0 0 0 0 0 0 0 0 0 0 0 0 0 0 0 0 0 0 0 0 0 0 0 0 0 0 0 0 0 0 0 0 0 0 0 0 0 0 0 0 0 0 0 0 0 0 0 0 0 0 0 0 0 0 0 0 0 0 0 0 0 0 0 0 0 0 0 0 0 0 0 0 0 0 0 0 0 0 0 0 0 0 0 0 0 0 0 0 0 0 0 0 0 0 0 0 0 0 0 0 0 0 0 0 0 0 0 0 0 0 0 0 0 0 0 0 0 0 0 0 0 0 0 0 0 0 0 0 0 0 0 0 0 0 0 0 0 0 0 0 0 0 0 0 0 0 0 0 0 0 0 0 0 0 0 0 0 0 0 0 0 0 0 0 0 0 0 0 0 0 0 0 0 0 0 0 0 0 0 0 0 0 0 0 0 0 0 0 0 0 0 0 0 0 0 0 0 0 0 0 0 0 0 0 0 0 0 0 0 0 0 0 0 0 0 0 0 0 0 0 0 0 0 0 0 0 0 0 0 0 0 0 0 0 0 0 0 0 0 0 0 0 0 0 0 0 0 0 0 0 0 0 0 0 0 0 0 0 0 0 0 0 0 0 0 0 0 0 0 0 0 0 0 0 0 0 0 0 0 0 0 0 0 0 0 0 0 0 0 0 0 0 0 0 0 0 0 0 0 0 0 0 0 0 0 0 0 0 0 0 0 0 0 0 0 0 0 0 0 0 0 0 0 0 0 0 0 0 0 0 0 0 0 0 0 0 0 0 0 0 0 0 0 0 0 0 0 0 0 0 0 0 0 0 0 0 0 0 0 0 0 0 0 0 0 0 0 0 0 0 0 0 0 0 0 0 0 0 0 0 0 0 0 0 0 0 0 0 0 0 0 0 0 0 0 0 0 0 0 0 0 0 0 0 0 0 0 0 0 0 0 0 0 0 0 0 0 0 0 0 0 0 0 0 0 0 0 0 0 0 0 0 0 0 0 0 0 0 0 0 0 0 0 0 0 0 0 0 0 0 0 0 0 0 0 0 0 0 0 0 0 0 0 0 0 0 0 0 0 0 0 0 0 0 0 0 0 0 0 0 0 0 0 0 0 0 0 0 0 0 0 0 0 0 0 0 0 0 0 0 0 0 0 0 0 0 0 0 0 0 0 0 0 0 0 0 0 0 0 0 0 0 0 0 0 0 0 0 0 0 0 0 0 0 0 0 0 0 0 0 0 0 0 0 0 0 0 0 0 0 0 0 0 0 0 0 0 0 0 0 0 0 0 0 0 0 0 0 0 0 0 0 0 0 0 0 0 0 0 0 0 0 0 0 0 0 0 0 0 0 0 0 0 0 0 0 0 0 0 0 0 0 0 0 0 0 0 0 0 0 0 0 0 0 0 0 0 0 0 0 0 0 0 0 0 0 0 0 0 0 0 0 0 0 0 0 0 0 0 0 0 0 0 0 0 0 0 0 0 0 0 0 0 0 0 0 0 0 0 0 0 0 0 0 0 0 0 0 0 0 0 0 0 0 0 0 0 0 0 0 0 0 0 0 0 0 0 0 0 0 0 0 0 0 0 0 0 0 0 0 0 0 0 0 0 0 0 0 0 0 0 0 0 0 0 0 0 0 0 0 0 0 0 0 0 0 0 0 0 0 0 0 0 0 0 0 0 0 0 0 0 0 0 0 0 0 0 0 0 0 0 0 0 0 0 0 0 0 0 0 0 0 0 0 0 0 0 0 0 0 0 0 0 0 0 0 0 0 0 0 0 0 0 0 0 0 0 0 0 0 0 0 0 0 0 0 0 0 0 0 0 0 0 0 0 0 0 0 0 0 0 0 0 0 0 0 0 0 0 0 0 0 0 0 0 0 0 0 0 0 0 0 0 0 0 0 0 0 0 0 0 0 0 0 0 0 0 0 0 0 0 0 0 0 0 0 0 0 0 0 0 0 0 0 0 0 0 0 0 0 0 0 0 0 0 0 0 0 0 0 0 0 0 0 0 0 0 0 0 0 0 0 0 0 0 0 0 0 0 0 0 0 0 0 0 0 0 0 0 0 0 0 0 0 0 0 0 0 0 0 0 0 0 0 0 0 0 0 0 0 0 0 0 0 0 0 0 0 0 0 0 0 0 0 0 0 0 0 0 0 0 0 0 0 0 0 0 0 0 0 0 0 0 0 0 0 0 0 0 0 0 0 0 0 0 0 0 0 0 0 0 0 0 0 0 0 0 0 0 0 0 0 0 0 0 0 0 0 0 0 0 0 0 0 0 0 0 0 0 0 0 0 0 0 0 0 0 0 0 0 0 0 0 0 0 0 0 0 0 0 0 0 0 0 0 0 0 0 0 0 0 0 0 0 0 0 0 0 0 0 0 0 0 0 0 0 0 0 0 0 0 0 0 0 0 0 0 0 0 0 0 0 0 0 0 0 0 0 0 0 0 0 0 0 0 0 0 0 0 0 0 0 0 0 0 0 0 0 0 0 0 0 0 0 0 0 0 0 0 0 0 0 0 0 0 0 0 0 0 0 0 0 0 0 0 0 0 0 0 0 0 0 0 0 0 0 0 0 0 0 0 0 0 0 0 0 0 0 0 0 0 0 0 0 0 0 0 0 0 0 0 0 0 0 0 0 0 0 0 0 0 0 0 0 0 0 0 0 0 0 0 0 0 0 0 0 0 0 0 0 0 0 0 0 0 0 0 0 0 0 0 0 0 0 0 0 0 0 0 0 0 0 0 0 0 0 0 0 0 0 0 0 0 0 0 0 0 0 0 0 0 0 0 0 0 0 0 0 0 0 0 0 0 0 0 0 0 0 0 0 0 0 0 0 0 0 0 0 0 0 0 0 0 0 0 0 0 0 0 0 0 0 0 0 0 0 0 0 0 0 0 0 0 0 0 0 0 0 0 0 0 0 0 0 0 0 0 0 0 0 0 0 0 0 0 0 0 0 0 0 0 0 0 0 0 0 0 0 0 0 0 0 0 0 0 0 0 0 0 0 0 0 0 0 0 0 0 0 0 0 0 0 0 0 0 0 0 0
ctxt 105157545
btime 1731954159
processes 166282
procs_running 1
procs_blocked 0
softirq 42136790 0 12847350 3 3954769 0 0 1117571 14500950 534 9715613
============= Post-Execution CPU ==============
USER NICE SYSTEM IDLE IOWAIT IRQ SOFTIRQ STEAL GUEST GUEST_NICE
cpu  6442675 885 203844 205534809 34866 0 8084 0 0 0
cpu0 1384584 100 52921 51614221 5097 0 3486 0 0 0
cpu1 1395556 166 54143 51596330 14520 0 2394 0 0 0
cpu2 1683295 290 49390 51289775 7949 0 1352 0 0 0
cpu3 1979238 328 47388 51034481 7298 0 851 0 0 0
intr 12371434 0 0 0 0 0 0 0 0 0 0 0 0 0 0 0 0 0 0 0 0 0 0 0 0 0 0 0 0 0 0 0 0 0 0 0 0 0 0 0 0 0 0 0 0 0 0 0 0 0 0 0 0 0 0 0 0 0 0 0 0 0 0 0 0 0 0 0 0 0 0 0 0 0 0 0 0 0 0 0 0 0 0 0 0 0 0 0 0 0 0 0 0 0 0 0 0 0 0 0 0 0 0 0 0 0 0 0 0 0 0 0 0 0 0 0 0 0 0 0 0 0 0 0 0 0 0 0 0 0 0 0 0 0 0 0 0 0 0 0 0 0 0 0 0 0 0 0 0 0 0 0 0 0 0 0 0 0 0 0 0 0 0 0 0 0 0 0 0 0 0 0 0 0 0 0 0 0 0 0 0 0 0 0 0 0 0 0 0 0 0 0 0 0 0 0 0 0 0 0 0 0 0 0 0 0 0 0 0 0 0 0 0 0 0 0 0 0 0 0 0 0 0 0 0 0 0 0 0 0 0 0 0 0 0 0 0 0 0 0 0 0 0 0 0 0 0 0 0 0 0 0 0 0 0 0 0 0 0 0 0 0 0 0 0 0 0 0 0 0 0 0 0 0 0 0 0 0 0 0 0 0 0 0 0 0 0 0 0 0 0 0 0 0 0 0 0 0 0 0 0 0 0 0 0 0 0 0 0 0 0 0 0 0 0 0 0 0 0 0 0 0 0 0 0 0 0 0 0 0 0 0 0 0 0 0 0 0 0 0 0 0 0 0 0 0 0 0 0 0 0 0 0 0 0 0 0 0 0 0 0 0 0 0 0 0 0 0 0 0 0 0 0 0 0 0 0 0 0 0 0 0 0 0 0 0 0 0 0 0 0 0 0 0 0 0 0 0 0 0 0 0 0 0 0 0 0 0 0 0 0 0 0 0 0 0 0 0 0 0 0 0 0 0 0 0 0 0 0 0 0 0 0 0 0 0 0 0 0 0 0 0 0 0 0 0 0 0 0 0 0 0 0 0 0 0 0 0 0 0 0 0 0 0 0 0 0 0 0 0 0 0 0 0 0 0 0 0 0 0 0 0 0 0 0 0 0 0 0 0 0 0 0 0 0 0 0 0 0 0 0 0 0 0 0 0 0 0 0 0 0 0 0 0 0 0 0 0 0 0 0 0 0 0 0 0 0 0 0 0 0 0 0 0 0 0 0 0 0 0 0 0 0 0 0 0 0 0 0 0 0 0 0 0 0 0 0 0 0 0 0 0 0 0 0 0 0 0 0 0 0 0 0 0 0 0 0 0 0 0 0 0 0 0 0 0 0 0 0 0 0 0 0 0 0 0 0 0 0 0 0 0 0 0 0 0 0 0 0 0 0 0 0 0 0 0 0 0 0 0 0 0 0 0 0 0 0 0 0 0 0 0 0 0 0 0 0 0 0 0 0 0 0 0 0 0 0 0 0 0 0 0 0 0 0 0 0 0 0 0 0 0 0 0 0 0 0 0 0 0 0 0 0 0 0 0 0 0 0 0 0 0 0 0 0 0 0 0 0 0 0 0 0 0 0 0 0 0 0 0 0 0 0 0 0 0 0 0 0 0 0 0 0 0 0 0 0 0 0 0 0 0 0 0 0 0 0 0 0 0 0 0 0 0 0 0 0 0 0 0 0 0 0 0 0 0 0 0 0 0 0 0 0 0 0 0 0 0 0 0 0 0 0 0 0 0 0 0 0 0 0 0 0 0 0 0 0 0 0 0 0 0 0 0 0 0 0 0 0 0 0 0 0 0 0 0 0 0 0 0 0 0 0 0 0 0 0 0 0 0 0 0 0 0 0 0 0 0 0 0 0 0 0 0 0 0 0 0 0 0 0 0 0 0 0 0 0 0 0 0 0 0 0 0 0 0 0 0 0 0 0 0 0 0 0 0 0 0 0 0 0 0 0 0 0 0 0 0 0 0 0 0 0 0 0 0 0 0 0 0 0 0 0 0 0 0 0 0 0 0 0 0 0 0 0 0 0 0 0 0 0 0 0 0 0 0 0 0 0 0 0 0 0 0 0 0 0 0 0 0 0 0 0 0 0 0 0 0 0 0 0 0 0 0 0 0 0 0 0 0 0 0 0 0 0 0 0 0 0 0 0 0 0 0 0 0 0 0 0 0 0 0 0 0 0 0 0 0 0 0 0 0 0 0 0 0 0 0 0 0 0 0 0 0 0 0 0 0 0 0 0 0 0 0 0 0 0 0 0 0 0 0 0 0 0 0 0 0 0 0 0 0 0 0 0 0 0 0 0 0 0 0 0 0 0 0 0 0 0 0 0 0 0 0 0 0 0 0 0 0 0 0 0 0 0 0 0 0 0 0 0 0 0 0 0 0 0 0 0 0 0 0 0 0 0 0 0 0 0 0 0 0 0 0 0 0 0 0 0 0 0 0 0 0 0 0 0 0 0 0 0 0 0 0 0 0 0 0 0 0 0 0 0 0 0 0 0 0 0 0 0 0 0 0 0 0 0 0 0 0 0 0 0 0 0 0 0 0 0 0 0 0 0 0 0 0 0 0 0 0 0 0 0 0 0 0 0 0 0 0 0 0 0 0 0 0 0 0 0 0 0 0 0 0 0 0 0 0 0 0 0 0 0 0 0 0 0 0 0 0 0 0 0 0 0 0 0 0 0 0 0 0 0 0 0 0 0 0 0 0 0 0 0 0 0 0 0 0 0 0 0 0 0 0 0 0 0 0 0 0 0 0 0 0 0 0 0 0 0 0 0 0 0 0 0 0 0 0 0 0 0 0 0 0 0 0 0 0 0 0 0 0 0 0 0 0 0 0 0 0 0 0 0 0 0 0 0 0 0 0 0 0 0 0 0 0 0 0 0 0 0 0 0 0 0 0 0 0 0 0 0 0 0 0 0 0 0 0 0 0 0 0 0 0 0 0 0 0 0 0 0 0 0 0 0 0 0 0 0 0 0 0 0 0 0 0 0 0 0 0 0 0 0 0 0 0 0 0 0 0 0 0 0 0 0 0 0 0 0 0 0 0 0 0 0 0 0 0 0 0 0 0 0 0 0 0 0 0 0 0 0 0 0 0 0 0 0 0 0 0 0 0 0 0 0 0 0 0 0 0 0 0 0 0 0 0 0 0 0 0 0 0 0 0 0 0 0 0 0 0 0 0 0 0 0 0 0 0 0 0 0 0 0 0 0 0 0 0 0 0 0 0 0 0 0 0 0 0 0 0 0 0 0 0 0 0 0 0 0 0 0 0 0 0 0 0 0 0 0 0 0 0 0 0 0 0 0 0 0 0 0 0 0 0 0 0 0 0 0 0 0 0 0 0 0 0 0 0 0 0 0 0 0 0 0 0 0 0 0 0 0 0 0 0 0 0 0 0 0 0 0 0 0 0 0 0 0 0 0 0 0 0 0 0 0 0 0 0 0 0 0 0 0 0 0 0 0 0 0 0 0 0 0 0 0 0 0 0 0 0 0 0 0 0 0 0 0 0 0 0 0 0 0 0 0 0 0 0 0 0 0 0 0 0 0 0 0 0 0 0 0 0 0 0 0 0 0 0 0 0 0 0 0 0 0 0 0 0 0 0 0 0 0 0 0 0 0 0 0 0 0 0 0 0 0 0 0 0 0 0 0 0 0 0 0 0 0 0 0 0 0 0 0 0 0 0 0 0 0 0 0 0 0 0 0 0 0 0 0 0 0 0 0 0 0 0 0 0 0 0 0 0 0 0 0 0 0 0 0 0 0 0 0 0 0 0 0 0 0 0 0 0 0 0 0 0 0 0 0 0 0 0 0 0 0 0 0 0 0 0 0 0 0 0 0 0 0 0 0 0 0 0 0 0 0 0 0 0 0 0 0 0 0 0 0 0 0 0 0 0 0 0 0 0 0 0 0 0 0 0 0 0 0 0 0 0 0 0 0 0 0 0 0 0 0 0 0 0 0 0 0 0 0 0 0 0 0 0 0 0 0 0 0 0 0 0 0 0 0 0 0 0 0 0 0 0 0 0 0 0 0 0 0 0 0 0 0 0 0 0 0 0 0 0 0 0 0 0 0 0 0 0 0 0 0 0 0 0 0 0 0 0 0 0 0 0 0 0 0 0 0 0 0 0 0 0 0 0 0 0 0 0 0 0 0 0 0 0 0 0 0 0 0 0 0 0 0 0 0 0 0 0 0 0 0 0 0 0 0 0 0 0 0 0 0 0 0 0 0 0 0 0 0 0 0 0 0 0 0 0 0 0 0 0 0 0 0 0 0 0 0 0 0 0 0 0 0 0 0 0 0 0 0 0 0 0 0 0 0 0 0 0 0 0 0 0 0 0 0 0 0 0 0 0 0 0 0 0 0 0 0 0 0 0 0 0 0 0 0 0 0 0 0 0 0 0 0 0 0 0 0 0 0 0 0 0 0 0 0 0 0 0 0 0 0 0 0 0 0 0 0 0 0 0 0 0 0 0 0 0 0 0 0 0 0 0 0 0 0 0 0 0 0 0 0 0 0 0 0 0 0 0 0 0 0 0 0 0 0 0 0 0 0 0 0 0 0 0 0 0 0 0 0 0 0 0 0 0 0 0 0 0 0 0 0 0 0 0 0 0 0 0 0 0 0 0 0 0 0 0 0 0 0 0 0 0 0 0 0 0 0 0 0 0 0 0 0 0 0 0 0 0 0 0 0 0 0 0 0 0 0 0 0 0 0 0 0 0 0 0 0 0 0 0 0 0 0 0 0 0 0 0 0 0 0 0 0 0 0 0 0 0 0 0 0 0 0 0 0 0 0 0 0 0 0 0 0 0 0 0 0 0 0 0 0 0 0 0 0 0 0 0 0 0 0 0 0 0 0 0 0 0 0 0 0 0 0 0 0 0 0 0 0 0 0 0 0 0 0 0 0 0 0 0 0 0 0 0 0 0 0 0 0 0 0 0 0 0 0 0 0 0 0 0 0 0 0 0 0 0 0 0 0 0 0 0 0 0 0 0 0 0 0 0 0 0 0 0 0 0 0 0 0 0 0 0 0 0 0 0 0 0 0 0 0 0 0 0 0 0 0 0 0 0 0 0 0 0 0 0 0 0 0 0 0 0 0 0 0 0 0 0 0 0 0 0 0 0 0 0 0 0 0 0 0 0 0 0 0 0 0 0 0 0 0 0 0 0 0 0 0 0 0 0 0 0 0 0 0 0 0 0 0 0 0 0 0 0 0 0 0 0 0 0 0 0 0 0 0 0 0 0 0 0 0 0 0 0 0 0 0 0 0 0 0
ctxt 105537569
btime 1731954159
processes 166807
procs_running 1
procs_blocked 0
softirq 42162472 0 12851602 3 3959628 0 0 1117777 14506984 534 9725944
###############################################

