Session started at: 2024-12-19 18:19:28
Running GPU Parallelization with int values on hpc064.a.incd.pt
Using GPUs: 0
===============================================
Using random_int_matrix_15.bin input file:
------------2x2-------------
Read time: 0.00127500 seconds
Write time: 0.00022500 seconds
Multiplication time (avg): 0.00000242 seconds
	Command being timed: "./../bin/multiply_matrix_2x2_19191211 ../../data/random_int_matrix_15.bin ../logs/cirrus/19191211/times.log ../logs/cirrus/19191211/results/2x2_results.log"
	User time (seconds): 0.01
	System time (seconds): 0.26
	Percent of CPU this job got: 94%
	Elapsed (wall clock) time (h:mm:ss or m:ss): 0:00.29
	Average shared text size (kbytes): 0
	Average unshared data size (kbytes): 0
	Average stack size (kbytes): 0
	Average total size (kbytes): 0
	Maximum resident set size (kbytes): 123004
	Average resident set size (kbytes): 0
	Major (requiring I/O) page faults: 44
	Minor (reclaiming a frame) page faults: 7603
	Voluntary context switches: 108
	Involuntary context switches: 27
	Swaps: 0
	File system inputs: 2784
	File system outputs: 32
	Socket messages sent: 0
	Socket messages received: 0
	Signals delivered: 0
	Page size (bytes): 4096
	Exit status: 0
------------4x4-------------
Read time: 0.00022500 seconds
Write time: 0.00022600 seconds
Multiplication time (avg): 0.00000239 seconds
	Command being timed: "./../bin/multiply_matrix_4x4_19191211 ../../data/random_int_matrix_15.bin ../logs/cirrus/19191211/times.log ../logs/cirrus/19191211/results/4x4_results.log"
	User time (seconds): 0.02
	System time (seconds): 0.24
	Percent of CPU this job got: 96%
	Elapsed (wall clock) time (h:mm:ss or m:ss): 0:00.27
	Average shared text size (kbytes): 0
	Average unshared data size (kbytes): 0
	Average stack size (kbytes): 0
	Average total size (kbytes): 0
	Maximum resident set size (kbytes): 122996
	Average resident set size (kbytes): 0
	Major (requiring I/O) page faults: 12
	Minor (reclaiming a frame) page faults: 7609
	Voluntary context switches: 80
	Involuntary context switches: 24
	Swaps: 0
	File system inputs: 632
	File system outputs: 32
	Socket messages sent: 0
	Socket messages received: 0
	Signals delivered: 0
	Page size (bytes): 4096
	Exit status: 0
------------8x8-------------
Read time: 0.00002200 seconds
Write time: 0.00022800 seconds
Multiplication time (avg): 0.00000249 seconds
	Command being timed: "./../bin/multiply_matrix_8x8_19191211 ../../data/random_int_matrix_15.bin ../logs/cirrus/19191211/times.log ../logs/cirrus/19191211/results/8x8_results.log"
	User time (seconds): 0.01
	System time (seconds): 0.24
	Percent of CPU this job got: 95%
	Elapsed (wall clock) time (h:mm:ss or m:ss): 0:00.27
	Average shared text size (kbytes): 0
	Average unshared data size (kbytes): 0
	Average stack size (kbytes): 0
	Average total size (kbytes): 0
	Maximum resident set size (kbytes): 123036
	Average resident set size (kbytes): 0
	Major (requiring I/O) page faults: 29
	Minor (reclaiming a frame) page faults: 7606
	Voluntary context switches: 96
	Involuntary context switches: 24
	Swaps: 0
	File system inputs: 4296
	File system outputs: 32
	Socket messages sent: 0
	Socket messages received: 0
	Signals delivered: 0
	Page size (bytes): 4096
	Exit status: 0
------------16x16-------------
Read time: 0.00002200 seconds
Write time: 0.00028900 seconds
Multiplication time (avg): 0.00000239 seconds
	Command being timed: "./../bin/multiply_matrix_16x16_19191211 ../../data/random_int_matrix_15.bin ../logs/cirrus/19191211/times.log ../logs/cirrus/19191211/results/16x16_results.log"
	User time (seconds): 0.01
	System time (seconds): 0.24
	Percent of CPU this job got: 97%
	Elapsed (wall clock) time (h:mm:ss or m:ss): 0:00.26
	Average shared text size (kbytes): 0
	Average unshared data size (kbytes): 0
	Average stack size (kbytes): 0
	Average total size (kbytes): 0
	Maximum resident set size (kbytes): 122996
	Average resident set size (kbytes): 0
	Major (requiring I/O) page faults: 1
	Minor (reclaiming a frame) page faults: 7611
	Voluntary context switches: 66
	Involuntary context switches: 26
	Swaps: 0
	File system inputs: 72
	File system outputs: 32
	Socket messages sent: 0
	Socket messages received: 0
	Signals delivered: 0
	Page size (bytes): 4096
	Exit status: 0
------------32x32-------------
Read time: 0.00001800 seconds
Write time: 0.00047200 seconds
Multiplication time (avg): 0.00000840 seconds
	Command being timed: "./../bin/multiply_matrix_32x32_19191211 ../../data/random_int_matrix_15.bin ../logs/cirrus/19191211/times.log ../logs/cirrus/19191211/results/32x32_results.log"
	User time (seconds): 0.02
	System time (seconds): 0.23
	Percent of CPU this job got: 96%
	Elapsed (wall clock) time (h:mm:ss or m:ss): 0:00.27
	Average shared text size (kbytes): 0
	Average unshared data size (kbytes): 0
	Average stack size (kbytes): 0
	Average total size (kbytes): 0
	Maximum resident set size (kbytes): 123964
	Average resident set size (kbytes): 0
	Major (requiring I/O) page faults: 1
	Minor (reclaiming a frame) page faults: 7808
	Voluntary context switches: 68
	Involuntary context switches: 26
	Swaps: 0
	File system inputs: 56
	File system outputs: 56
	Socket messages sent: 0
	Socket messages received: 0
	Signals delivered: 0
	Page size (bytes): 4096
	Exit status: 0
------------64x64-------------
Read time: 0.00155700 seconds
Write time: 0.00152700 seconds
Multiplication time (avg): 0.00001079 seconds
	Command being timed: "./../bin/multiply_matrix_64x64_19191211 ../../data/random_int_matrix_15.bin ../logs/cirrus/19191211/times.log ../logs/cirrus/19191211/results/64x64_results.log"
	User time (seconds): 0.02
	System time (seconds): 0.24
	Percent of CPU this job got: 90%
	Elapsed (wall clock) time (h:mm:ss or m:ss): 0:00.29
	Average shared text size (kbytes): 0
	Average unshared data size (kbytes): 0
	Average stack size (kbytes): 0
	Average total size (kbytes): 0
	Maximum resident set size (kbytes): 124352
	Average resident set size (kbytes): 0
	Major (requiring I/O) page faults: 74
	Minor (reclaiming a frame) page faults: 7881
	Voluntary context switches: 122
	Involuntary context switches: 27
	Swaps: 0
	File system inputs: 10296
	File system outputs: 96
	Socket messages sent: 0
	Socket messages received: 0
	Signals delivered: 0
	Page size (bytes): 4096
	Exit status: 0
------------128x128-------------
Read time: 0.00179000 seconds
Write time: 0.00483100 seconds
Multiplication time (avg): 0.00001178 seconds
	Command being timed: "./../bin/multiply_matrix_128x128_19191211 ../../data/random_int_matrix_15.bin ../logs/cirrus/19191211/times.log ../logs/cirrus/19191211/results/128x128_results.log"
	User time (seconds): 0.03
	System time (seconds): 0.23
	Percent of CPU this job got: 96%
	Elapsed (wall clock) time (h:mm:ss or m:ss): 0:00.27
	Average shared text size (kbytes): 0
	Average unshared data size (kbytes): 0
	Average stack size (kbytes): 0
	Average total size (kbytes): 0
	Maximum resident set size (kbytes): 124244
	Average resident set size (kbytes): 0
	Major (requiring I/O) page faults: 0
	Minor (reclaiming a frame) page faults: 7846
	Voluntary context switches: 65
	Involuntary context switches: 28
	Swaps: 0
	File system inputs: 2048
	File system outputs: 208
	Socket messages sent: 0
	Socket messages received: 0
	Signals delivered: 0
	Page size (bytes): 4096
	Exit status: 0
------------256x256-------------
Read time: 0.00044500 seconds
Write time: 0.01814500 seconds
Multiplication time (avg): 0.00002146 seconds
	Command being timed: "./../bin/multiply_matrix_256x256_19191211 ../../data/random_int_matrix_15.bin ../logs/cirrus/19191211/times.log ../logs/cirrus/19191211/results/256x256_results.log"
	User time (seconds): 0.04
	System time (seconds): 0.24
	Percent of CPU this job got: 90%
	Elapsed (wall clock) time (h:mm:ss or m:ss): 0:00.31
	Average shared text size (kbytes): 0
	Average unshared data size (kbytes): 0
	Average stack size (kbytes): 0
	Average total size (kbytes): 0
	Maximum resident set size (kbytes): 124548
	Average resident set size (kbytes): 0
	Major (requiring I/O) page faults: 1
	Minor (reclaiming a frame) page faults: 7992
	Voluntary context switches: 70
	Involuntary context switches: 28
	Swaps: 0
	File system inputs: 88
	File system outputs: 688
	Socket messages sent: 0
	Socket messages received: 0
	Signals delivered: 0
	Page size (bytes): 4096
	Exit status: 0
------------512x512-------------
Read time: 0.00537500 seconds
Write time: 0.07033700 seconds
Multiplication time (avg): 0.00007376 seconds
	Command being timed: "./../bin/multiply_matrix_512x512_19191211 ../../data/random_int_matrix_15.bin ../logs/cirrus/19191211/times.log ../logs/cirrus/19191211/results/512x512_results.log"
	User time (seconds): 0.10
	System time (seconds): 0.24
	Percent of CPU this job got: 94%
	Elapsed (wall clock) time (h:mm:ss or m:ss): 0:00.37
	Average shared text size (kbytes): 0
	Average unshared data size (kbytes): 0
	Average stack size (kbytes): 0
	Average total size (kbytes): 0
	Maximum resident set size (kbytes): 126956
	Average resident set size (kbytes): 0
	Major (requiring I/O) page faults: 73
	Minor (reclaiming a frame) page faults: 8553
	Voluntary context switches: 121
	Involuntary context switches: 29
	Swaps: 0
	File system inputs: 12160
	File system outputs: 2608
	Socket messages sent: 0
	Socket messages received: 0
	Signals delivered: 0
	Page size (bytes): 4096
	Exit status: 0
------------1024x1024-------------
Read time: 0.01434100 seconds
Write time: 0.27996300 seconds
Multiplication time (avg): 0.00042501 seconds
	Command being timed: "./../bin/multiply_matrix_1024x1024_19191211 ../../data/random_int_matrix_15.bin ../logs/cirrus/19191211/times.log ../logs/cirrus/19191211/results/1024x1024_results.log"
	User time (seconds): 0.35
	System time (seconds): 0.27
	Percent of CPU this job got: 97%
	Elapsed (wall clock) time (h:mm:ss or m:ss): 0:00.64
	Average shared text size (kbytes): 0
	Average unshared data size (kbytes): 0
	Average stack size (kbytes): 0
	Average total size (kbytes): 0
	Maximum resident set size (kbytes): 138440
	Average resident set size (kbytes): 0
	Major (requiring I/O) page faults: 1
	Minor (reclaiming a frame) page faults: 9348
	Voluntary context switches: 71
	Involuntary context switches: 38
	Swaps: 0
	File system inputs: 14408
	File system outputs: 10288
	Socket messages sent: 0
	Socket messages received: 0
	Signals delivered: 0
	Page size (bytes): 4096
	Exit status: 0
------------2048x2048-------------
Read time: 0.04686400 seconds
Write time: 1.11950800 seconds
Multiplication time (avg): 0.00318113 seconds
	Command being timed: "./../bin/multiply_matrix_2048x2048_19191211 ../../data/random_int_matrix_15.bin ../logs/cirrus/19191211/times.log ../logs/cirrus/19191211/results/2048x2048_results.log"
	User time (seconds): 1.42
	System time (seconds): 0.34
	Percent of CPU this job got: 97%
	Elapsed (wall clock) time (h:mm:ss or m:ss): 0:01.80
	Average shared text size (kbytes): 0
	Average unshared data size (kbytes): 0
	Average stack size (kbytes): 0
	Average total size (kbytes): 0
	Maximum resident set size (kbytes): 173264
	Average resident set size (kbytes): 0
	Major (requiring I/O) page faults: 139
	Minor (reclaiming a frame) page faults: 9298
	Voluntary context switches: 158
	Involuntary context switches: 68
	Swaps: 0
	File system inputs: 72856
	File system outputs: 41008
	Socket messages sent: 0
	Socket messages received: 0
	Signals delivered: 0
	Page size (bytes): 4096
	Exit status: 0
------------4096x4096-------------
Read time: 0.27999700 seconds
Write time: 4.47655000 seconds
Multiplication time (avg): 0.02553340 seconds
	Command being timed: "./../bin/multiply_matrix_4096x4096_19191211 ../../data/random_int_matrix_15.bin ../logs/cirrus/19191211/times.log ../logs/cirrus/19191211/results/4096x4096_results.log"
	User time (seconds): 5.98
	System time (seconds): 0.64
	Percent of CPU this job got: 97%
	Elapsed (wall clock) time (h:mm:ss or m:ss): 0:06.79
	Average shared text size (kbytes): 0
	Average unshared data size (kbytes): 0
	Average stack size (kbytes): 0
	Average total size (kbytes): 0
	Maximum resident set size (kbytes): 320716
	Average resident set size (kbytes): 0
	Major (requiring I/O) page faults: 184
	Minor (reclaiming a frame) page faults: 9358
	Voluntary context switches: 308
	Involuntary context switches: 196
	Swaps: 0
	File system inputs: 404048
	File system outputs: 163896
	Socket messages sent: 0
	Socket messages received: 0
	Signals delivered: 0
	Page size (bytes): 4096
	Exit status: 0
------------8192x8192-------------
Read time: 1.43367100 seconds
Write time: 16.74055500 seconds
Multiplication time (avg): 0.21342311 seconds
	Command being timed: "./../bin/multiply_matrix_8192x8192_19191211 ../../data/random_int_matrix_15.bin ../logs/cirrus/19191211/times.log ../logs/cirrus/19191211/results/8192x8192_results.log"
	User time (seconds): 27.45
	System time (seconds): 1.67
	Percent of CPU this job got: 97%
	Elapsed (wall clock) time (h:mm:ss or m:ss): 0:29.78
	Average shared text size (kbytes): 0
	Average unshared data size (kbytes): 0
	Average stack size (kbytes): 0
	Average total size (kbytes): 0
	Maximum resident set size (kbytes): 910672
	Average resident set size (kbytes): 0
	Major (requiring I/O) page faults: 146
	Minor (reclaiming a frame) page faults: 9642
	Voluntary context switches: 497
	Involuntary context switches: 678
	Swaps: 0
	File system inputs: 2327992
	File system outputs: 655424
	Socket messages sent: 0
	Socket messages received: 0
	Signals delivered: 0
	Page size (bytes): 4096
	Exit status: 0
------------16384x16384-------------
Read time: 6.17705100 seconds
Write time: 66.90366200 seconds
Multiplication time (avg): 1.72304695 seconds
	Command being timed: "./../bin/multiply_matrix_16384x16384_19191211 ../../data/random_int_matrix_15.bin ../logs/cirrus/19191211/times.log ../logs/cirrus/19191211/results/16384x16384_results.log"
	User time (seconds): 137.19
	System time (seconds): 5.52
	Percent of CPU this job got: 97%
	Elapsed (wall clock) time (h:mm:ss or m:ss): 2:25.94
	Average shared text size (kbytes): 0
	Average unshared data size (kbytes): 0
	Average stack size (kbytes): 0
	Average total size (kbytes): 0
	Maximum resident set size (kbytes): 3269816
	Average resident set size (kbytes): 0
	Major (requiring I/O) page faults: 184
	Minor (reclaiming a frame) page faults: 10792
	Voluntary context switches: 1743
	Involuntary context switches: 2666
	Swaps: 0
	File system inputs: 9217984
	File system outputs: 2621536
	Socket messages sent: 0
	Socket messages received: 0
	Signals delivered: 0
	Page size (bytes): 4096
	Exit status: 0
------------32768x32768-------------
Read time: 9.30115000 seconds
Write time: 269.27014600 seconds
Multiplication time (avg): 13.93973405 seconds
	Command being timed: "./../bin/multiply_matrix_32768x32768_19191211 ../../data/random_int_matrix_15.bin ../logs/cirrus/19191211/times.log ../logs/cirrus/19191211/results/32768x32768_results.log"
	User time (seconds): 761.66
	System time (seconds): 12.54
	Percent of CPU this job got: 99%
	Elapsed (wall clock) time (h:mm:ss or m:ss): 12:59.79
	Average shared text size (kbytes): 0
	Average unshared data size (kbytes): 0
	Average stack size (kbytes): 0
	Average total size (kbytes): 0
	Maximum resident set size (kbytes): 8514804
	Average resident set size (kbytes): 0
	Major (requiring I/O) page faults: 181
	Minor (reclaiming a frame) page faults: 15403
	Voluntary context switches: 9213
	Involuntary context switches: 11206
	Swaps: 0
	File system inputs: 14759672
	File system outputs: 10485920
	Socket messages sent: 0
	Socket messages received: 0
	Signals delivered: 0
	Page size (bytes): 4096
	Exit status: 0
===============================================
Session Time: 16m 16s
Session Finished at: 2024-12-19 18:35:44
###############################################
Details for Job ID 19191211
Running GPU Parallelization with int values on hpc064.a.incd.pt
=============== Active Modules =================
 - Currently Loaded Modules:
 -   1) cuda/12.6
================ Memory Usage ==================
JobID            MaxRSS  MaxVMSize  MaxDiskRead MaxDiskWrite 
------------ ---------- ---------- ------------ ------------ 
19191211.ba+   8410988K  13344512K   7427294651   7214062118 
=============== Nodes Assigned =================
hpc064

