Session started at: 2024-11-21 21:51:21
Running serial multiplication with float values on hpc083.a.incd.pt
===============================================
Using random_float_matrix_10.bin input file:
------------2x2-------------
Read time: 0.00002200 seconds
Write time: 0.00042100 seconds
Multiplication time (avg): 0.00000010 seconds
	Command being timed: "./../bin/multiply_matrix_2x2_18923527 ../../data/random_float_matrix_10.bin ../logs/cirrus/18923527/times.log ../logs/cirrus/18923527/results/2x2_results.log"
	User time (seconds): 0.00
	System time (seconds): 0.00
	Percent of CPU this job got: 0%
	Elapsed (wall clock) time (h:mm:ss or m:ss): 0:00.00
	Average shared text size (kbytes): 0
	Average unshared data size (kbytes): 0
	Average stack size (kbytes): 0
	Average total size (kbytes): 0
	Maximum resident set size (kbytes): 1436
	Average resident set size (kbytes): 0
	Major (requiring I/O) page faults: 0
	Minor (reclaiming a frame) page faults: 72
	Voluntary context switches: 10
	Involuntary context switches: 0
	Swaps: 0
	File system inputs: 0
	File system outputs: 0
	Socket messages sent: 0
	Socket messages received: 0
	Signals delivered: 0
	Page size (bytes): 4096
	Exit status: 0
------------4x4-------------
Read time: 0.00001900 seconds
Write time: 0.00038800 seconds
Multiplication time (avg): 0.00000023 seconds
	Command being timed: "./../bin/multiply_matrix_4x4_18923527 ../../data/random_float_matrix_10.bin ../logs/cirrus/18923527/times.log ../logs/cirrus/18923527/results/4x4_results.log"
	User time (seconds): 0.00
	System time (seconds): 0.00
	Percent of CPU this job got: 0%
	Elapsed (wall clock) time (h:mm:ss or m:ss): 0:00.00
	Average shared text size (kbytes): 0
	Average unshared data size (kbytes): 0
	Average stack size (kbytes): 0
	Average total size (kbytes): 0
	Maximum resident set size (kbytes): 1436
	Average resident set size (kbytes): 0
	Major (requiring I/O) page faults: 0
	Minor (reclaiming a frame) page faults: 72
	Voluntary context switches: 9
	Involuntary context switches: 0
	Swaps: 0
	File system inputs: 0
	File system outputs: 8
	Socket messages sent: 0
	Socket messages received: 0
	Signals delivered: 0
	Page size (bytes): 4096
	Exit status: 0
------------8x8-------------
Read time: 0.00001700 seconds
Write time: 0.00039300 seconds
Multiplication time (avg): 0.00000150 seconds
	Command being timed: "./../bin/multiply_matrix_8x8_18923527 ../../data/random_float_matrix_10.bin ../logs/cirrus/18923527/times.log ../logs/cirrus/18923527/results/8x8_results.log"
	User time (seconds): 0.00
	System time (seconds): 0.00
	Percent of CPU this job got: 0%
	Elapsed (wall clock) time (h:mm:ss or m:ss): 0:00.00
	Average shared text size (kbytes): 0
	Average unshared data size (kbytes): 0
	Average stack size (kbytes): 0
	Average total size (kbytes): 0
	Maximum resident set size (kbytes): 1436
	Average resident set size (kbytes): 0
	Major (requiring I/O) page faults: 0
	Minor (reclaiming a frame) page faults: 72
	Voluntary context switches: 8
	Involuntary context switches: 1
	Swaps: 0
	File system inputs: 0
	File system outputs: 0
	Socket messages sent: 0
	Socket messages received: 0
	Signals delivered: 0
	Page size (bytes): 4096
	Exit status: 0
------------16x16-------------
Read time: 0.00001700 seconds
Write time: 0.00053600 seconds
Multiplication time (avg): 0.00001323 seconds
	Command being timed: "./../bin/multiply_matrix_16x16_18923527 ../../data/random_float_matrix_10.bin ../logs/cirrus/18923527/times.log ../logs/cirrus/18923527/results/16x16_results.log"
	User time (seconds): 0.00
	System time (seconds): 0.00
	Percent of CPU this job got: 50%
	Elapsed (wall clock) time (h:mm:ss or m:ss): 0:00.00
	Average shared text size (kbytes): 0
	Average unshared data size (kbytes): 0
	Average stack size (kbytes): 0
	Average total size (kbytes): 0
	Maximum resident set size (kbytes): 1436
	Average resident set size (kbytes): 0
	Major (requiring I/O) page faults: 0
	Minor (reclaiming a frame) page faults: 72
	Voluntary context switches: 8
	Involuntary context switches: 0
	Swaps: 0
	File system inputs: 0
	File system outputs: 0
	Socket messages sent: 0
	Socket messages received: 0
	Signals delivered: 0
	Page size (bytes): 4096
	Exit status: 0
------------32x32-------------
Read time: 0.00002000 seconds
Write time: 0.00066600 seconds
Multiplication time (avg): 0.00010990 seconds
	Command being timed: "./../bin/multiply_matrix_32x32_18923527 ../../data/random_float_matrix_10.bin ../logs/cirrus/18923527/times.log ../logs/cirrus/18923527/results/32x32_results.log"
	User time (seconds): 0.00
	System time (seconds): 0.00
	Percent of CPU this job got: 60%
	Elapsed (wall clock) time (h:mm:ss or m:ss): 0:00.00
	Average shared text size (kbytes): 0
	Average unshared data size (kbytes): 0
	Average stack size (kbytes): 0
	Average total size (kbytes): 0
	Maximum resident set size (kbytes): 1448
	Average resident set size (kbytes): 0
	Major (requiring I/O) page faults: 0
	Minor (reclaiming a frame) page faults: 75
	Voluntary context switches: 8
	Involuntary context switches: 0
	Swaps: 0
	File system inputs: 0
	File system outputs: 16
	Socket messages sent: 0
	Socket messages received: 0
	Signals delivered: 0
	Page size (bytes): 4096
	Exit status: 0
------------64x64-------------
Read time: 0.00002500 seconds
Write time: 0.00084200 seconds
Multiplication time (avg): 0.00096270 seconds
	Command being timed: "./../bin/multiply_matrix_64x64_18923527 ../../data/random_float_matrix_10.bin ../logs/cirrus/18923527/times.log ../logs/cirrus/18923527/results/64x64_results.log"
	User time (seconds): 0.02
	System time (seconds): 0.00
	Percent of CPU this job got: 90%
	Elapsed (wall clock) time (h:mm:ss or m:ss): 0:00.03
	Average shared text size (kbytes): 0
	Average unshared data size (kbytes): 0
	Average stack size (kbytes): 0
	Average total size (kbytes): 0
	Maximum resident set size (kbytes): 1484
	Average resident set size (kbytes): 0
	Major (requiring I/O) page faults: 0
	Minor (reclaiming a frame) page faults: 84
	Voluntary context switches: 8
	Involuntary context switches: 3
	Swaps: 0
	File system inputs: 0
	File system outputs: 64
	Socket messages sent: 0
	Socket messages received: 0
	Signals delivered: 0
	Page size (bytes): 4096
	Exit status: 0
------------128x128-------------
Read time: 0.00005900 seconds
Write time: 0.00129000 seconds
Multiplication time (avg): 0.00732227 seconds
	Command being timed: "./../bin/multiply_matrix_128x128_18923527 ../../data/random_float_matrix_10.bin ../logs/cirrus/18923527/times.log ../logs/cirrus/18923527/results/128x128_results.log"
	User time (seconds): 0.22
	System time (seconds): 0.00
	Percent of CPU this job got: 98%
	Elapsed (wall clock) time (h:mm:ss or m:ss): 0:00.23
	Average shared text size (kbytes): 0
	Average unshared data size (kbytes): 0
	Average stack size (kbytes): 0
	Average total size (kbytes): 0
	Maximum resident set size (kbytes): 1628
	Average resident set size (kbytes): 0
	Major (requiring I/O) page faults: 0
	Minor (reclaiming a frame) page faults: 120
	Voluntary context switches: 8
	Involuntary context switches: 6
	Swaps: 0
	File system inputs: 0
	File system outputs: 256
	Socket messages sent: 0
	Socket messages received: 0
	Signals delivered: 0
	Page size (bytes): 4096
	Exit status: 0
------------256x256-------------
Read time: 0.00019700 seconds
Write time: 0.00373900 seconds
Multiplication time (avg): 0.05894580 seconds
	Command being timed: "./../bin/multiply_matrix_256x256_18923527 ../../data/random_float_matrix_10.bin ../logs/cirrus/18923527/times.log ../logs/cirrus/18923527/results/256x256_results.log"
	User time (seconds): 1.82
	System time (seconds): 0.00
	Percent of CPU this job got: 99%
	Elapsed (wall clock) time (h:mm:ss or m:ss): 0:01.83
	Average shared text size (kbytes): 0
	Average unshared data size (kbytes): 0
	Average stack size (kbytes): 0
	Average total size (kbytes): 0
	Maximum resident set size (kbytes): 2204
	Average resident set size (kbytes): 0
	Major (requiring I/O) page faults: 0
	Minor (reclaiming a frame) page faults: 264
	Voluntary context switches: 8
	Involuntary context switches: 8
	Swaps: 0
	File system inputs: 0
	File system outputs: 1024
	Socket messages sent: 0
	Socket messages received: 0
	Signals delivered: 0
	Page size (bytes): 4096
	Exit status: 0
------------512x512-------------
Read time: 0.00074600 seconds
Write time: 0.01374500 seconds
Multiplication time (avg): 0.47706630 seconds
	Command being timed: "./../bin/multiply_matrix_512x512_18923527 ../../data/random_float_matrix_10.bin ../logs/cirrus/18923527/times.log ../logs/cirrus/18923527/results/512x512_results.log"
	User time (seconds): 14.74
	System time (seconds): 0.00
	Percent of CPU this job got: 99%
	Elapsed (wall clock) time (h:mm:ss or m:ss): 0:14.80
	Average shared text size (kbytes): 0
	Average unshared data size (kbytes): 0
	Average stack size (kbytes): 0
	Average total size (kbytes): 0
	Maximum resident set size (kbytes): 4508
	Average resident set size (kbytes): 0
	Major (requiring I/O) page faults: 0
	Minor (reclaiming a frame) page faults: 840
	Voluntary context switches: 8
	Involuntary context switches: 33
	Swaps: 0
	File system inputs: 0
	File system outputs: 4112
	Socket messages sent: 0
	Socket messages received: 0
	Signals delivered: 0
	Page size (bytes): 4096
	Exit status: 0
------------1024x1024-------------
Read time: 0.00266700 seconds
Write time: 0.05346800 seconds
Multiplication time (avg): 5.20061667 seconds
	Command being timed: "./../bin/multiply_matrix_1024x1024_18923527 ../../data/random_float_matrix_10.bin ../logs/cirrus/18923527/times.log ../logs/cirrus/18923527/results/1024x1024_results.log"
	User time (seconds): 160.64
	System time (seconds): 0.01
	Percent of CPU this job got: 99%
	Elapsed (wall clock) time (h:mm:ss or m:ss): 2:41.17
	Average shared text size (kbytes): 0
	Average unshared data size (kbytes): 0
	Average stack size (kbytes): 0
	Average total size (kbytes): 0
	Maximum resident set size (kbytes): 13724
	Average resident set size (kbytes): 0
	Major (requiring I/O) page faults: 0
	Minor (reclaiming a frame) page faults: 589
	Voluntary context switches: 8
	Involuntary context switches: 341
	Swaps: 0
	File system inputs: 0
	File system outputs: 16400
	Socket messages sent: 0
	Socket messages received: 0
	Signals delivered: 0
	Page size (bytes): 4096
	Exit status: 0
===============================================
Using diag_float_matrix_10.bin input file:
------------2x2-------------
Read time: 0.00002600 seconds
Write time: 0.00042000 seconds
Multiplication time (avg): 0.00000003 seconds
	Command being timed: "./../bin/multiply_matrix_2x2_18923527 ../../data/diag_float_matrix_10.bin ../logs/cirrus/18923527/times.log ../logs/cirrus/18923527/results/2x2_results.log"
	User time (seconds): 0.00
	System time (seconds): 0.00
	Percent of CPU this job got: 0%
	Elapsed (wall clock) time (h:mm:ss or m:ss): 0:00.00
	Average shared text size (kbytes): 0
	Average unshared data size (kbytes): 0
	Average stack size (kbytes): 0
	Average total size (kbytes): 0
	Maximum resident set size (kbytes): 1436
	Average resident set size (kbytes): 0
	Major (requiring I/O) page faults: 0
	Minor (reclaiming a frame) page faults: 72
	Voluntary context switches: 8
	Involuntary context switches: 0
	Swaps: 0
	File system inputs: 0
	File system outputs: 0
	Socket messages sent: 0
	Socket messages received: 0
	Signals delivered: 0
	Page size (bytes): 4096
	Exit status: 0
------------4x4-------------
Read time: 0.00002400 seconds
Write time: 0.00042000 seconds
Multiplication time (avg): 0.00000020 seconds
	Command being timed: "./../bin/multiply_matrix_4x4_18923527 ../../data/diag_float_matrix_10.bin ../logs/cirrus/18923527/times.log ../logs/cirrus/18923527/results/4x4_results.log"
	User time (seconds): 0.00
	System time (seconds): 0.00
	Percent of CPU this job got: 0%
	Elapsed (wall clock) time (h:mm:ss or m:ss): 0:00.00
	Average shared text size (kbytes): 0
	Average unshared data size (kbytes): 0
	Average stack size (kbytes): 0
	Average total size (kbytes): 0
	Maximum resident set size (kbytes): 1436
	Average resident set size (kbytes): 0
	Major (requiring I/O) page faults: 0
	Minor (reclaiming a frame) page faults: 72
	Voluntary context switches: 7
	Involuntary context switches: 1
	Swaps: 0
	File system inputs: 0
	File system outputs: 0
	Socket messages sent: 0
	Socket messages received: 0
	Signals delivered: 0
	Page size (bytes): 4096
	Exit status: 0
------------8x8-------------
Read time: 0.00002300 seconds
Write time: 0.00042100 seconds
Multiplication time (avg): 0.00000143 seconds
	Command being timed: "./../bin/multiply_matrix_8x8_18923527 ../../data/diag_float_matrix_10.bin ../logs/cirrus/18923527/times.log ../logs/cirrus/18923527/results/8x8_results.log"
	User time (seconds): 0.00
	System time (seconds): 0.00
	Percent of CPU this job got: 0%
	Elapsed (wall clock) time (h:mm:ss or m:ss): 0:00.00
	Average shared text size (kbytes): 0
	Average unshared data size (kbytes): 0
	Average stack size (kbytes): 0
	Average total size (kbytes): 0
	Maximum resident set size (kbytes): 1436
	Average resident set size (kbytes): 0
	Major (requiring I/O) page faults: 0
	Minor (reclaiming a frame) page faults: 72
	Voluntary context switches: 6
	Involuntary context switches: 0
	Swaps: 0
	File system inputs: 0
	File system outputs: 0
	Socket messages sent: 0
	Socket messages received: 0
	Signals delivered: 0
	Page size (bytes): 4096
	Exit status: 0
------------16x16-------------
Read time: 0.00002300 seconds
Write time: 0.00050800 seconds
Multiplication time (avg): 0.00001323 seconds
	Command being timed: "./../bin/multiply_matrix_16x16_18923527 ../../data/diag_float_matrix_10.bin ../logs/cirrus/18923527/times.log ../logs/cirrus/18923527/results/16x16_results.log"
	User time (seconds): 0.00
	System time (seconds): 0.00
	Percent of CPU this job got: 50%
	Elapsed (wall clock) time (h:mm:ss or m:ss): 0:00.00
	Average shared text size (kbytes): 0
	Average unshared data size (kbytes): 0
	Average stack size (kbytes): 0
	Average total size (kbytes): 0
	Maximum resident set size (kbytes): 1436
	Average resident set size (kbytes): 0
	Major (requiring I/O) page faults: 0
	Minor (reclaiming a frame) page faults: 72
	Voluntary context switches: 6
	Involuntary context switches: 0
	Swaps: 0
	File system inputs: 0
	File system outputs: 8
	Socket messages sent: 0
	Socket messages received: 0
	Signals delivered: 0
	Page size (bytes): 4096
	Exit status: 0
------------32x32-------------
Read time: 0.00002700 seconds
Write time: 0.00051200 seconds
Multiplication time (avg): 0.00011000 seconds
	Command being timed: "./../bin/multiply_matrix_32x32_18923527 ../../data/diag_float_matrix_10.bin ../logs/cirrus/18923527/times.log ../logs/cirrus/18923527/results/32x32_results.log"
	User time (seconds): 0.00
	System time (seconds): 0.00
	Percent of CPU this job got: 60%
	Elapsed (wall clock) time (h:mm:ss or m:ss): 0:00.00
	Average shared text size (kbytes): 0
	Average unshared data size (kbytes): 0
	Average stack size (kbytes): 0
	Average total size (kbytes): 0
	Maximum resident set size (kbytes): 1448
	Average resident set size (kbytes): 0
	Major (requiring I/O) page faults: 0
	Minor (reclaiming a frame) page faults: 75
	Voluntary context switches: 6
	Involuntary context switches: 1
	Swaps: 0
	File system inputs: 0
	File system outputs: 16
	Socket messages sent: 0
	Socket messages received: 0
	Signals delivered: 0
	Page size (bytes): 4096
	Exit status: 0
------------64x64-------------
Read time: 0.00003400 seconds
Write time: 0.00102500 seconds
Multiplication time (avg): 0.00096223 seconds
	Command being timed: "./../bin/multiply_matrix_64x64_18923527 ../../data/diag_float_matrix_10.bin ../logs/cirrus/18923527/times.log ../logs/cirrus/18923527/results/64x64_results.log"
	User time (seconds): 0.03
	System time (seconds): 0.00
	Percent of CPU this job got: 93%
	Elapsed (wall clock) time (h:mm:ss or m:ss): 0:00.03
	Average shared text size (kbytes): 0
	Average unshared data size (kbytes): 0
	Average stack size (kbytes): 0
	Average total size (kbytes): 0
	Maximum resident set size (kbytes): 1484
	Average resident set size (kbytes): 0
	Major (requiring I/O) page faults: 0
	Minor (reclaiming a frame) page faults: 84
	Voluntary context switches: 6
	Involuntary context switches: 3
	Swaps: 0
	File system inputs: 0
	File system outputs: 64
	Socket messages sent: 0
	Socket messages received: 0
	Signals delivered: 0
	Page size (bytes): 4096
	Exit status: 0
------------128x128-------------
Read time: 0.00007600 seconds
Write time: 0.00136400 seconds
Multiplication time (avg): 0.00731457 seconds
	Command being timed: "./../bin/multiply_matrix_128x128_18923527 ../../data/diag_float_matrix_10.bin ../logs/cirrus/18923527/times.log ../logs/cirrus/18923527/results/128x128_results.log"
	User time (seconds): 0.22
	System time (seconds): 0.00
	Percent of CPU this job got: 99%
	Elapsed (wall clock) time (h:mm:ss or m:ss): 0:00.22
	Average shared text size (kbytes): 0
	Average unshared data size (kbytes): 0
	Average stack size (kbytes): 0
	Average total size (kbytes): 0
	Maximum resident set size (kbytes): 1628
	Average resident set size (kbytes): 0
	Major (requiring I/O) page faults: 0
	Minor (reclaiming a frame) page faults: 120
	Voluntary context switches: 6
	Involuntary context switches: 4
	Swaps: 0
	File system inputs: 0
	File system outputs: 256
	Socket messages sent: 0
	Socket messages received: 0
	Signals delivered: 0
	Page size (bytes): 4096
	Exit status: 0
------------256x256-------------
Read time: 0.00021400 seconds
Write time: 0.00389200 seconds
Multiplication time (avg): 0.05900997 seconds
	Command being timed: "./../bin/multiply_matrix_256x256_18923527 ../../data/diag_float_matrix_10.bin ../logs/cirrus/18923527/times.log ../logs/cirrus/18923527/results/256x256_results.log"
	User time (seconds): 1.82
	System time (seconds): 0.00
	Percent of CPU this job got: 99%
	Elapsed (wall clock) time (h:mm:ss or m:ss): 0:01.83
	Average shared text size (kbytes): 0
	Average unshared data size (kbytes): 0
	Average stack size (kbytes): 0
	Average total size (kbytes): 0
	Maximum resident set size (kbytes): 2204
	Average resident set size (kbytes): 0
	Major (requiring I/O) page faults: 0
	Minor (reclaiming a frame) page faults: 264
	Voluntary context switches: 6
	Involuntary context switches: 9
	Swaps: 0
	File system inputs: 0
	File system outputs: 1024
	Socket messages sent: 0
	Socket messages received: 0
	Signals delivered: 0
	Page size (bytes): 4096
	Exit status: 0
------------512x512-------------
Read time: 0.00075400 seconds
Write time: 0.01414400 seconds
Multiplication time (avg): 0.47633173 seconds
	Command being timed: "./../bin/multiply_matrix_512x512_18923527 ../../data/diag_float_matrix_10.bin ../logs/cirrus/18923527/times.log ../logs/cirrus/18923527/results/512x512_results.log"
	User time (seconds): 14.72
	System time (seconds): 0.00
	Percent of CPU this job got: 99%
	Elapsed (wall clock) time (h:mm:ss or m:ss): 0:14.78
	Average shared text size (kbytes): 0
	Average unshared data size (kbytes): 0
	Average stack size (kbytes): 0
	Average total size (kbytes): 0
	Maximum resident set size (kbytes): 4508
	Average resident set size (kbytes): 0
	Major (requiring I/O) page faults: 0
	Minor (reclaiming a frame) page faults: 840
	Voluntary context switches: 6
	Involuntary context switches: 35
	Swaps: 0
	File system inputs: 0
	File system outputs: 4104
	Socket messages sent: 0
	Socket messages received: 0
	Signals delivered: 0
	Page size (bytes): 4096
	Exit status: 0
------------1024x1024-------------
Read time: 0.00242700 seconds
Write time: 0.05439200 seconds
Multiplication time (avg): 5.02380807 seconds
	Command being timed: "./../bin/multiply_matrix_1024x1024_18923527 ../../data/diag_float_matrix_10.bin ../logs/cirrus/18923527/times.log ../logs/cirrus/18923527/results/1024x1024_results.log"
	User time (seconds): 155.33
	System time (seconds): 0.01
	Percent of CPU this job got: 99%
	Elapsed (wall clock) time (h:mm:ss or m:ss): 2:35.83
	Average shared text size (kbytes): 0
	Average unshared data size (kbytes): 0
	Average stack size (kbytes): 0
	Average total size (kbytes): 0
	Maximum resident set size (kbytes): 13724
	Average resident set size (kbytes): 0
	Major (requiring I/O) page faults: 0
	Minor (reclaiming a frame) page faults: 589
	Voluntary context switches: 6
	Involuntary context switches: 325
	Swaps: 0
	File system inputs: 0
	File system outputs: 16400
	Socket messages sent: 0
	Socket messages received: 0
	Signals delivered: 0
	Page size (bytes): 4096
	Exit status: 0
===============================================
Session Time: 5m 52s
Session Completed Successfully at: 2024-11-21 21:57:13
###############################################
Details for Job ID 18923527
Running serial multiplication with float values on hpc083.a.incd.pt
Allocated Memory (total): 5000 MB
=============== Active Modules =================
 - Currently Loaded Modules:
 -   1) gcc-13.2
================ Memory Usage ==================
JobID            MaxRSS  MaxVMSize  MaxDiskRead MaxDiskWrite 
------------ ---------- ---------- ------------ ------------ 
18923527.ba+     12956K     43228K     55399227     39871199 
=============== Nodes Assigned =================
hpc083

