Session started at: 2024-11-23 16:40:12
Running OpenMP Parallelization with int values on hpc068.a.incd.pt
===============================================
Using random_int_matrix_12.bin input file:
------------2x2-------------
Nodes: 1
Workers (per node): 1
CPUs (per task): 16
Read time: 0.00034800 seconds
Write time: 0.00024900 seconds
Multiplication time (avg): 0.01794992 seconds
Thread 0 time (avg): 0.00520923 seconds
Thread 1 time (avg): 0.00597772 seconds
Thread 2 time (avg): 0.00597902 seconds
Thread 3 time (avg): 0.00714425 seconds
Thread 4 time (avg): 0.00597786 seconds
Thread 5 time (avg): 0.00597906 seconds
Thread 6 time (avg): 0.00559455 seconds
Thread 7 time (avg): 0.00597800 seconds
Thread 8 time (avg): 0.00597908 seconds
Thread 9 time (avg): 0.00597873 seconds
Thread 10 time (avg): 0.00501517 seconds
Thread 11 time (avg): 0.00597889 seconds
Thread 12 time (avg): 0.00597900 seconds
Thread 13 time (avg): 0.00597872 seconds
Thread 14 time (avg): 0.00655772 seconds
Thread 15 time (avg): 0.00617205 seconds
	Command being timed: "./../bin/multiply_matrix_2x2_18944296 ../../data/random_int_matrix_12.bin ../logs/cirrus/18944296/times.log ../logs/cirrus/18944296/results/2x2_results.log"
	User time (seconds): 7.61
	System time (seconds): 0.01
	Percent of CPU this job got: 1333%
	Elapsed (wall clock) time (h:mm:ss or m:ss): 0:00.57
	Average shared text size (kbytes): 0
	Average unshared data size (kbytes): 0
	Average stack size (kbytes): 0
	Average total size (kbytes): 0
	Maximum resident set size (kbytes): 2024
	Average resident set size (kbytes): 0
	Major (requiring I/O) page faults: 2
	Minor (reclaiming a frame) page faults: 123
	Voluntary context switches: 713
	Involuntary context switches: 11
	Swaps: 0
	File system inputs: 480
	File system outputs: 0
	Socket messages sent: 0
	Socket messages received: 0
	Signals delivered: 0
	Page size (bytes): 4096
	Exit status: 0
------------4x4-------------
Nodes: 1
Workers (per node): 1
CPUs (per task): 16
Read time: 0.00002100 seconds
Write time: 0.00021700 seconds
Multiplication time (avg): 0.01736956 seconds
Thread 0 time (avg): 0.00579944 seconds
Thread 1 time (avg): 0.00578941 seconds
Thread 2 time (avg): 0.00617520 seconds
Thread 3 time (avg): 0.00559823 seconds
Thread 4 time (avg): 0.00559653 seconds
Thread 5 time (avg): 0.00578936 seconds
Thread 6 time (avg): 0.00578954 seconds
Thread 7 time (avg): 0.00559645 seconds
Thread 8 time (avg): 0.00578941 seconds
Thread 9 time (avg): 0.00578925 seconds
Thread 10 time (avg): 0.00579007 seconds
Thread 11 time (avg): 0.00578943 seconds
Thread 12 time (avg): 0.00579020 seconds
Thread 13 time (avg): 0.00578924 seconds
Thread 14 time (avg): 0.00578946 seconds
Thread 15 time (avg): 0.00578939 seconds
	Command being timed: "./../bin/multiply_matrix_4x4_18944296 ../../data/random_int_matrix_12.bin ../logs/cirrus/18944296/times.log ../logs/cirrus/18944296/results/4x4_results.log"
	User time (seconds): 7.76
	System time (seconds): 0.01
	Percent of CPU this job got: 1452%
	Elapsed (wall clock) time (h:mm:ss or m:ss): 0:00.53
	Average shared text size (kbytes): 0
	Average unshared data size (kbytes): 0
	Average stack size (kbytes): 0
	Average total size (kbytes): 0
	Maximum resident set size (kbytes): 2024
	Average resident set size (kbytes): 0
	Major (requiring I/O) page faults: 0
	Minor (reclaiming a frame) page faults: 125
	Voluntary context switches: 599
	Involuntary context switches: 11
	Swaps: 0
	File system inputs: 0
	File system outputs: 0
	Socket messages sent: 0
	Socket messages received: 0
	Signals delivered: 0
	Page size (bytes): 4096
	Exit status: 0
------------8x8-------------
Nodes: 1
Workers (per node): 1
CPUs (per task): 16
Read time: 0.00002000 seconds
Write time: 0.00024000 seconds
Multiplication time (avg): 0.01340025 seconds
Thread 0 time (avg): 0.00405084 seconds
Thread 1 time (avg): 0.00443591 seconds
Thread 2 time (avg): 0.00443580 seconds
Thread 3 time (avg): 0.00501307 seconds
Thread 4 time (avg): 0.00443572 seconds
Thread 5 time (avg): 0.00443577 seconds
Thread 6 time (avg): 0.00462840 seconds
Thread 7 time (avg): 0.00443590 seconds
Thread 8 time (avg): 0.00443571 seconds
Thread 9 time (avg): 0.00443576 seconds
Thread 10 time (avg): 0.00424367 seconds
Thread 11 time (avg): 0.00443532 seconds
Thread 12 time (avg): 0.00443575 seconds
Thread 13 time (avg): 0.00443574 seconds
Thread 14 time (avg): 0.00462895 seconds
Thread 15 time (avg): 0.00385838 seconds
	Command being timed: "./../bin/multiply_matrix_8x8_18944296 ../../data/random_int_matrix_12.bin ../logs/cirrus/18944296/times.log ../logs/cirrus/18944296/results/8x8_results.log"
	User time (seconds): 6.17
	System time (seconds): 0.00
	Percent of CPU this job got: 1460%
	Elapsed (wall clock) time (h:mm:ss or m:ss): 0:00.42
	Average shared text size (kbytes): 0
	Average unshared data size (kbytes): 0
	Average stack size (kbytes): 0
	Average total size (kbytes): 0
	Maximum resident set size (kbytes): 2024
	Average resident set size (kbytes): 0
	Major (requiring I/O) page faults: 0
	Minor (reclaiming a frame) page faults: 125
	Voluntary context switches: 492
	Involuntary context switches: 18
	Swaps: 0
	File system inputs: 0
	File system outputs: 8
	Socket messages sent: 0
	Socket messages received: 0
	Signals delivered: 0
	Page size (bytes): 4096
	Exit status: 0
------------16x16-------------
Nodes: 1
Workers (per node): 1
CPUs (per task): 16
Read time: 0.00002400 seconds
Write time: 0.00022300 seconds
Multiplication time (avg): 0.01734678 seconds
Thread 0 time (avg): 0.00521067 seconds
Thread 1 time (avg): 0.00578605 seconds
Thread 2 time (avg): 0.00578614 seconds
Thread 3 time (avg): 0.00655796 seconds
Thread 4 time (avg): 0.00578680 seconds
Thread 5 time (avg): 0.00578607 seconds
Thread 6 time (avg): 0.00559486 seconds
Thread 7 time (avg): 0.00578619 seconds
Thread 8 time (avg): 0.00578604 seconds
Thread 9 time (avg): 0.00578600 seconds
Thread 10 time (avg): 0.00578591 seconds
Thread 11 time (avg): 0.00578684 seconds
Thread 12 time (avg): 0.00578606 seconds
Thread 13 time (avg): 0.00578598 seconds
Thread 14 time (avg): 0.00578603 seconds
Thread 15 time (avg): 0.00578540 seconds
	Command being timed: "./../bin/multiply_matrix_16x16_18944296 ../../data/random_int_matrix_12.bin ../logs/cirrus/18944296/times.log ../logs/cirrus/18944296/results/16x16_results.log"
	User time (seconds): 8.03
	System time (seconds): 0.01
	Percent of CPU this job got: 1487%
	Elapsed (wall clock) time (h:mm:ss or m:ss): 0:00.54
	Average shared text size (kbytes): 0
	Average unshared data size (kbytes): 0
	Average stack size (kbytes): 0
	Average total size (kbytes): 0
	Maximum resident set size (kbytes): 2024
	Average resident set size (kbytes): 0
	Major (requiring I/O) page faults: 0
	Minor (reclaiming a frame) page faults: 125
	Voluntary context switches: 598
	Involuntary context switches: 8
	Swaps: 0
	File system inputs: 0
	File system outputs: 0
	Socket messages sent: 0
	Socket messages received: 0
	Signals delivered: 0
	Page size (bytes): 4096
	Exit status: 0
------------32x32-------------
Nodes: 1
Workers (per node): 1
CPUs (per task): 16
Read time: 0.00002400 seconds
Write time: 0.00047500 seconds
Multiplication time (avg): 0.01739237 seconds
Thread 0 time (avg): 0.00676714 seconds
Thread 1 time (avg): 0.00580198 seconds
Thread 2 time (avg): 0.00695818 seconds
Thread 3 time (avg): 0.00522357 seconds
Thread 4 time (avg): 0.00580197 seconds
Thread 5 time (avg): 0.00580128 seconds
Thread 6 time (avg): 0.00599372 seconds
Thread 7 time (avg): 0.00522308 seconds
Thread 8 time (avg): 0.00580202 seconds
Thread 9 time (avg): 0.00580183 seconds
Thread 10 time (avg): 0.00599379 seconds
Thread 11 time (avg): 0.00502940 seconds
Thread 12 time (avg): 0.00580199 seconds
Thread 13 time (avg): 0.00580183 seconds
Thread 14 time (avg): 0.00541591 seconds
Thread 15 time (avg): 0.00560916 seconds
	Command being timed: "./../bin/multiply_matrix_32x32_18944296 ../../data/random_int_matrix_12.bin ../logs/cirrus/18944296/times.log ../logs/cirrus/18944296/results/32x32_results.log"
	User time (seconds): 7.54
	System time (seconds): 0.01
	Percent of CPU this job got: 1372%
	Elapsed (wall clock) time (h:mm:ss or m:ss): 0:00.55
	Average shared text size (kbytes): 0
	Average unshared data size (kbytes): 0
	Average stack size (kbytes): 0
	Average total size (kbytes): 0
	Maximum resident set size (kbytes): 2036
	Average resident set size (kbytes): 0
	Major (requiring I/O) page faults: 0
	Minor (reclaiming a frame) page faults: 128
	Voluntary context switches: 742
	Involuntary context switches: 10
	Swaps: 0
	File system inputs: 0
	File system outputs: 16
	Socket messages sent: 0
	Socket messages received: 0
	Signals delivered: 0
	Page size (bytes): 4096
	Exit status: 0
------------64x64-------------
Nodes: 1
Workers (per node): 1
CPUs (per task): 16
Read time: 0.00033700 seconds
Write time: 0.00063700 seconds
Multiplication time (avg): 0.01766459 seconds
Thread 0 time (avg): 0.00555682 seconds
Thread 1 time (avg): 0.00594444 seconds
Thread 2 time (avg): 0.00594710 seconds
Thread 3 time (avg): 0.00594547 seconds
Thread 4 time (avg): 0.00594713 seconds
Thread 5 time (avg): 0.00594365 seconds
Thread 6 time (avg): 0.00613428 seconds
Thread 7 time (avg): 0.00594763 seconds
Thread 8 time (avg): 0.00594372 seconds
Thread 9 time (avg): 0.00515246 seconds
Thread 10 time (avg): 0.00613551 seconds
Thread 11 time (avg): 0.00594612 seconds
Thread 12 time (avg): 0.00594397 seconds
Thread 13 time (avg): 0.00730539 seconds
Thread 14 time (avg): 0.00514509 seconds
Thread 15 time (avg): 0.00613690 seconds
	Command being timed: "./../bin/multiply_matrix_64x64_18944296 ../../data/random_int_matrix_12.bin ../logs/cirrus/18944296/times.log ../logs/cirrus/18944296/results/64x64_results.log"
	User time (seconds): 8.07
	System time (seconds): 0.01
	Percent of CPU this job got: 1466%
	Elapsed (wall clock) time (h:mm:ss or m:ss): 0:00.55
	Average shared text size (kbytes): 0
	Average unshared data size (kbytes): 0
	Average stack size (kbytes): 0
	Average total size (kbytes): 0
	Maximum resident set size (kbytes): 2072
	Average resident set size (kbytes): 0
	Major (requiring I/O) page faults: 0
	Minor (reclaiming a frame) page faults: 140
	Voluntary context switches: 1164
	Involuntary context switches: 16
	Swaps: 0
	File system inputs: 32
	File system outputs: 72
	Socket messages sent: 0
	Socket messages received: 0
	Signals delivered: 0
	Page size (bytes): 4096
	Exit status: 0
------------128x128-------------
Nodes: 1
Workers (per node): 1
CPUs (per task): 16
Read time: 0.00071000 seconds
Write time: 0.00166400 seconds
Multiplication time (avg): 0.01782335 seconds
Thread 0 time (avg): 0.00624594 seconds
Thread 1 time (avg): 0.00578674 seconds
Thread 2 time (avg): 0.00624748 seconds
Thread 3 time (avg): 0.00624705 seconds
Thread 4 time (avg): 0.00678743 seconds
Thread 5 time (avg): 0.00624737 seconds
Thread 6 time (avg): 0.00624638 seconds
Thread 7 time (avg): 0.00603134 seconds
Thread 8 time (avg): 0.00624707 seconds
Thread 9 time (avg): 0.00624745 seconds
Thread 10 time (avg): 0.00624777 seconds
Thread 11 time (avg): 0.00678797 seconds
Thread 12 time (avg): 0.00624736 seconds
Thread 13 time (avg): 0.00624739 seconds
Thread 14 time (avg): 0.00624589 seconds
Thread 15 time (avg): 0.00561640 seconds
	Command being timed: "./../bin/multiply_matrix_128x128_18944296 ../../data/random_int_matrix_12.bin ../logs/cirrus/18944296/times.log ../logs/cirrus/18944296/results/128x128_results.log"
	User time (seconds): 8.23
	System time (seconds): 0.00
	Percent of CPU this job got: 1476%
	Elapsed (wall clock) time (h:mm:ss or m:ss): 0:00.55
	Average shared text size (kbytes): 0
	Average unshared data size (kbytes): 0
	Average stack size (kbytes): 0
	Average total size (kbytes): 0
	Maximum resident set size (kbytes): 2216
	Average resident set size (kbytes): 0
	Major (requiring I/O) page faults: 0
	Minor (reclaiming a frame) page faults: 173
	Voluntary context switches: 735
	Involuntary context switches: 5
	Swaps: 0
	File system inputs: 192
	File system outputs: 288
	Socket messages sent: 0
	Socket messages received: 0
	Signals delivered: 0
	Page size (bytes): 4096
	Exit status: 0
------------256x256-------------
Nodes: 1
Workers (per node): 1
CPUs (per task): 16
Read time: 0.00130300 seconds
Write time: 0.00397100 seconds
Multiplication time (avg): 0.02088037 seconds
Thread 0 time (avg): 0.00916669 seconds
Thread 1 time (avg): 0.00871017 seconds
Thread 2 time (avg): 0.00946563 seconds
Thread 3 time (avg): 0.00856975 seconds
Thread 4 time (avg): 0.00946599 seconds
Thread 5 time (avg): 0.00895393 seconds
Thread 6 time (avg): 0.00882212 seconds
Thread 7 time (avg): 0.00946574 seconds
Thread 8 time (avg): 0.00940498 seconds
Thread 9 time (avg): 0.00946721 seconds
Thread 10 time (avg): 0.00961813 seconds
Thread 11 time (avg): 0.00946677 seconds
Thread 12 time (avg): 0.00994314 seconds
Thread 13 time (avg): 0.00946732 seconds
Thread 14 time (avg): 0.00889740 seconds
Thread 15 time (avg): 0.00844962 seconds
	Command being timed: "./../bin/multiply_matrix_256x256_18944296 ../../data/random_int_matrix_12.bin ../logs/cirrus/18944296/times.log ../logs/cirrus/18944296/results/256x256_results.log"
	User time (seconds): 8.61
	System time (seconds): 0.00
	Percent of CPU this job got: 1303%
	Elapsed (wall clock) time (h:mm:ss or m:ss): 0:00.66
	Average shared text size (kbytes): 0
	Average unshared data size (kbytes): 0
	Average stack size (kbytes): 0
	Average total size (kbytes): 0
	Maximum resident set size (kbytes): 2792
	Average resident set size (kbytes): 0
	Major (requiring I/O) page faults: 0
	Minor (reclaiming a frame) page faults: 317
	Voluntary context switches: 925
	Involuntary context switches: 17
	Swaps: 0
	File system inputs: 768
	File system outputs: 1176
	Socket messages sent: 0
	Socket messages received: 0
	Signals delivered: 0
	Page size (bytes): 4096
	Exit status: 0
------------512x512-------------
Nodes: 1
Workers (per node): 1
CPUs (per task): 16
Read time: 0.00320500 seconds
Write time: 0.01510600 seconds
Multiplication time (avg): 0.04776969 seconds
Thread 0 time (avg): 0.03646701 seconds
Thread 1 time (avg): 0.03657255 seconds
Thread 2 time (avg): 0.03545732 seconds
Thread 3 time (avg): 0.03432841 seconds
Thread 4 time (avg): 0.03525511 seconds
Thread 5 time (avg): 0.03657506 seconds
Thread 6 time (avg): 0.03510262 seconds
Thread 7 time (avg): 0.03657412 seconds
Thread 8 time (avg): 0.03562202 seconds
Thread 9 time (avg): 0.03657502 seconds
Thread 10 time (avg): 0.03421214 seconds
Thread 11 time (avg): 0.03657250 seconds
Thread 12 time (avg): 0.03442542 seconds
Thread 13 time (avg): 0.03657437 seconds
Thread 14 time (avg): 0.03520579 seconds
Thread 15 time (avg): 0.03542318 seconds
	Command being timed: "./../bin/multiply_matrix_512x512_18944296 ../../data/random_int_matrix_12.bin ../logs/cirrus/18944296/times.log ../logs/cirrus/18944296/results/512x512_results.log"
	User time (seconds): 15.87
	System time (seconds): 0.01
	Percent of CPU this job got: 1062%
	Elapsed (wall clock) time (h:mm:ss or m:ss): 0:01.49
	Average shared text size (kbytes): 0
	Average unshared data size (kbytes): 0
	Average stack size (kbytes): 0
	Average total size (kbytes): 0
	Maximum resident set size (kbytes): 5096
	Average resident set size (kbytes): 0
	Major (requiring I/O) page faults: 0
	Minor (reclaiming a frame) page faults: 893
	Voluntary context switches: 736
	Involuntary context switches: 124
	Swaps: 0
	File system inputs: 3072
	File system outputs: 5120
	Socket messages sent: 0
	Socket messages received: 0
	Signals delivered: 0
	Page size (bytes): 4096
	Exit status: 0
------------1024x1024-------------
Nodes: 1
Workers (per node): 1
CPUs (per task): 16
Read time: 0.00999400 seconds
Write time: 0.05954600 seconds
Multiplication time (avg): 0.27868387 seconds
Thread 0 time (avg): 0.27674052 seconds
Thread 1 time (avg): 0.27674531 seconds
Thread 2 time (avg): 0.27615446 seconds
Thread 3 time (avg): 0.27673943 seconds
Thread 4 time (avg): 0.27674633 seconds
Thread 5 time (avg): 0.27652245 seconds
Thread 6 time (avg): 0.27674106 seconds
Thread 7 time (avg): 0.27674544 seconds
Thread 8 time (avg): 0.27610407 seconds
Thread 9 time (avg): 0.27674784 seconds
Thread 10 time (avg): 0.27674361 seconds
Thread 11 time (avg): 0.27674497 seconds
Thread 12 time (avg): 0.27670128 seconds
Thread 13 time (avg): 0.27674807 seconds
Thread 14 time (avg): 0.27674562 seconds
Thread 15 time (avg): 0.27673982 seconds
	Command being timed: "./../bin/multiply_matrix_1024x1024_18944296 ../../data/random_int_matrix_12.bin ../logs/cirrus/18944296/times.log ../logs/cirrus/18944296/results/1024x1024_results.log"
	User time (seconds): 117.84
	System time (seconds): 0.01
	Percent of CPU this job got: 1330%
	Elapsed (wall clock) time (h:mm:ss or m:ss): 0:08.86
	Average shared text size (kbytes): 0
	Average unshared data size (kbytes): 0
	Average stack size (kbytes): 0
	Average total size (kbytes): 0
	Maximum resident set size (kbytes): 14312
	Average resident set size (kbytes): 0
	Major (requiring I/O) page faults: 0
	Minor (reclaiming a frame) page faults: 647
	Voluntary context switches: 416
	Involuntary context switches: 262
	Swaps: 0
	File system inputs: 12288
	File system outputs: 20504
	Socket messages sent: 0
	Socket messages received: 0
	Signals delivered: 0
	Page size (bytes): 4096
	Exit status: 0
------------2048x2048-------------
Nodes: 1
Workers (per node): 1
CPUs (per task): 16
Read time: 0.03412100 seconds
Write time: 0.23202500 seconds
Multiplication time (avg): 2.00599555 seconds
Thread 0 time (avg): 2.00518814 seconds
Thread 1 time (avg): 2.00517586 seconds
Thread 2 time (avg): 2.00518630 seconds
Thread 3 time (avg): 2.00518505 seconds
Thread 4 time (avg): 2.00477405 seconds
Thread 5 time (avg): 2.00497686 seconds
Thread 6 time (avg): 2.00518495 seconds
Thread 7 time (avg): 2.00518297 seconds
Thread 8 time (avg): 2.00518296 seconds
Thread 9 time (avg): 2.00518706 seconds
Thread 10 time (avg): 2.00518184 seconds
Thread 11 time (avg): 2.00518628 seconds
Thread 12 time (avg): 2.00518366 seconds
Thread 13 time (avg): 2.00518596 seconds
Thread 14 time (avg): 2.00476982 seconds
Thread 15 time (avg): 2.00496823 seconds
	Command being timed: "./../bin/multiply_matrix_2048x2048_18944296 ../../data/random_int_matrix_12.bin ../logs/cirrus/18944296/times.log ../logs/cirrus/18944296/results/2048x2048_results.log"
	User time (seconds): 932.18
	System time (seconds): 0.05
	Percent of CPU this job got: 1475%
	Elapsed (wall clock) time (h:mm:ss or m:ss): 1:03.17
	Average shared text size (kbytes): 0
	Average unshared data size (kbytes): 0
	Average stack size (kbytes): 0
	Average total size (kbytes): 0
	Maximum resident set size (kbytes): 51176
	Average resident set size (kbytes): 0
	Major (requiring I/O) page faults: 0
	Minor (reclaiming a frame) page faults: 665
	Voluntary context switches: 519
	Involuntary context switches: 1415
	Swaps: 0
	File system inputs: 49152
	File system outputs: 81936
	Socket messages sent: 0
	Socket messages received: 0
	Signals delivered: 0
	Page size (bytes): 4096
	Exit status: 0
------------4096x4096-------------
Nodes: 1
Workers (per node): 1
CPUs (per task): 16
Read time: 0.11514600 seconds
Write time: 0.97746700 seconds
Multiplication time (avg): 23.81389987 seconds
Thread 0 time (avg): 23.81388991 seconds
Thread 1 time (avg): 23.81388984 seconds
Thread 2 time (avg): 23.81388782 seconds
Thread 3 time (avg): 23.81389043 seconds
Thread 4 time (avg): 23.81389017 seconds
Thread 5 time (avg): 23.81388436 seconds
Thread 6 time (avg): 23.81389025 seconds
Thread 7 time (avg): 23.81389125 seconds
Thread 8 time (avg): 23.81388373 seconds
Thread 9 time (avg): 23.81388895 seconds
Thread 10 time (avg): 23.81389012 seconds
Thread 11 time (avg): 23.81388991 seconds
Thread 12 time (avg): 23.81388370 seconds
Thread 13 time (avg): 23.81388894 seconds
Thread 14 time (avg): 23.81389024 seconds
Thread 15 time (avg): 23.81389035 seconds
	Command being timed: "./../bin/multiply_matrix_4096x4096_18944296 ../../data/random_int_matrix_12.bin ../logs/cirrus/18944296/times.log ../logs/cirrus/18944296/results/4096x4096_results.log"
	User time (seconds): 11692.49
	System time (seconds): 0.24
	Percent of CPU this job got: 1582%
	Elapsed (wall clock) time (h:mm:ss or m:ss): 12:18.64
	Average shared text size (kbytes): 0
	Average unshared data size (kbytes): 0
	Average stack size (kbytes): 0
	Average total size (kbytes): 0
	Maximum resident set size (kbytes): 198632
	Average resident set size (kbytes): 0
	Major (requiring I/O) page faults: 0
	Minor (reclaiming a frame) page faults: 732
	Voluntary context switches: 192
	Involuntary context switches: 7114
	Swaps: 0
	File system inputs: 196608
	File system outputs: 359736
	Socket messages sent: 0
	Socket messages received: 0
	Signals delivered: 0
	Page size (bytes): 4096
	Exit status: 0
===============================================
Session Time: 13m 38s
Session Finished at: 2024-11-23 16:53:50
###############################################
Details for Job ID 18944296
Running OpenMP Parallelization with int values on hpc068.a.incd.pt
Allocated Nodes: 1
Allocated Workers (per node): 1
Allocated CPUs (per task): 16
Allocated Memory (total): 80000 MB
Allocated Memory (per node):  MB
Allocated Memory (per CPU): 5000 MB
=============== Active Modules =================
 - Currently Loaded Modules:
 -   1) gcc-13.2
================ Memory Usage ==================
JobID            MaxRSS  MaxVMSize  MaxDiskRead MaxDiskWrite 
------------ ---------- ---------- ------------ ------------ 
18944296.ba+    197452K    416460K    203130395    240519906 
=============== Nodes Assigned =================
hpc068

