* ----------------------------------------------------------------
* Running PROLOG for hyb-dynio-double-numa-blas-2-15 on Fri Dec 20 11:26:51 WET 2024
*    JOB_NAME                : hyb-dynio-double-numa-blas-2-15
*    JOB_ID                  : 19195863
*    JOB_PARTITION           : hpc
*    JOB_USER                : jbaptista
*    JOB_ACCOUNT             : vlabualg
*    JOB_QOS                 : normal
*    NODE_LIST               : hpc[077,079]
*    SLURM_NNODES            : 2
*    SLURM_NPROCS            : 32
*    SLURM_NTASKS            : 32
*    SLURM_CPUS_ON_NODE      : 96
*    SLURM_TASKS_PER_NODE    : 16(x2)
*    SLURM_JOB_CPUS_PER_NODE : 96(x2)
*    SLURM_MEM_PER_CPU       : 5000
*    SUBMIT_HOST             : cirrus09.a.incd.pt
*    WORK_DIR                : /users5/vlabualg/jbaptista/mm-performance-analysis/hybrid/scripts
*    JOB_SCRIPT              : /users5/vlabualg/jbaptista/mm-performance-analysis/hybrid/scripts/c_run_numa_blas.sh
* ----------------------------------------------------------------

=== Environment ===
=== Compiling ../../src/generate_matrix.c ===
Compilation succeeded.
=== Running ../bin/generate_matrix_19195863 ===
Execution succeeded.
Session started at: 2024-12-20 11:26:59
Running Hybrid (MPI + OpenMP) Parallelization with double values on hpc077.a.incd.pt
===============================================
Using random_double_matrix_14.bin input file:
------------128x128-------------
Compiling multiply_matrix.c
Compilation succeeded.
Running ../bin/multiply_matrix_128x128_19195863
Runs: 30
Nodes: 2
Workers (per node): 16
CPUs (per task): 6
Execution succeeded.
Times saved to ../logs/cirrus/19195863/times.log
Results saved to ../logs/cirrus/19195863/results/128x128_results.log
------------256x256-------------
Compiling multiply_matrix.c
Compilation succeeded.
Running ../bin/multiply_matrix_256x256_19195863
Runs: 30
Nodes: 2
Workers (per node): 16
CPUs (per task): 6
Execution succeeded.
Times saved to ../logs/cirrus/19195863/times.log
Results saved to ../logs/cirrus/19195863/results/256x256_results.log
------------512x512-------------
Compiling multiply_matrix.c
Compilation succeeded.
Running ../bin/multiply_matrix_512x512_19195863
Runs: 30
Nodes: 2
Workers (per node): 16
CPUs (per task): 6
Execution succeeded.
Times saved to ../logs/cirrus/19195863/times.log
Results saved to ../logs/cirrus/19195863/results/512x512_results.log
------------1024x1024-------------
Compiling multiply_matrix.c
Compilation succeeded.
Running ../bin/multiply_matrix_1024x1024_19195863
Runs: 30
Nodes: 2
Workers (per node): 16
CPUs (per task): 6
Execution succeeded.
Times saved to ../logs/cirrus/19195863/times.log
Results saved to ../logs/cirrus/19195863/results/1024x1024_results.log
------------2048x2048-------------
Compiling multiply_matrix.c
Compilation succeeded.
Running ../bin/multiply_matrix_2048x2048_19195863
Runs: 30
Nodes: 2
Workers (per node): 16
CPUs (per task): 6
Execution succeeded.
Times saved to ../logs/cirrus/19195863/times.log
Results saved to ../logs/cirrus/19195863/results/2048x2048_results.log
------------4096x4096-------------
Compiling multiply_matrix.c
Compilation succeeded.
Running ../bin/multiply_matrix_4096x4096_19195863
Runs: 30
Nodes: 2
Workers (per node): 16
CPUs (per task): 6
Execution succeeded.
Times saved to ../logs/cirrus/19195863/times.log
Results saved to ../logs/cirrus/19195863/results/4096x4096_results.log
------------8192x8192-------------
Compiling multiply_matrix.c
Compilation succeeded.
Running ../bin/multiply_matrix_8192x8192_19195863
Runs: 30
Nodes: 2
Workers (per node): 16
CPUs (per task): 6
Execution succeeded.
Times saved to ../logs/cirrus/19195863/times.log
Results saved to ../logs/cirrus/19195863/results/8192x8192_results.log
------------16384x16384-------------
Compiling multiply_matrix.c
Compilation succeeded.
Running ../bin/multiply_matrix_16384x16384_19195863
Runs: 30
Nodes: 2
Workers (per node): 16
CPUs (per task): 6
Execution succeeded.
Times saved to ../logs/cirrus/19195863/times.log
Results saved to ../logs/cirrus/19195863/results/16384x16384_results.log

=== Finalizing ===
Session Time: 4m 37s
Session Completed Successfully at: 2024-12-20 11:31:36
