Matrix product from random_matrix.txt:
2652679 3169308 4200763 2739470 4244247 2939405 3207450 4680212 3099567 2483550 3501345 4697596 3939791 3707072 3487766 4110721 
2609140 3133623 3950284 3200599 4627394 3652577 3294616 4568098 3312450 3117273 3643740 4354737 3395874 5117016 3169885 4121039 
3516533 4361414 5730040 3909344 5584478 4267371 5007696 6459478 4046600 4323461 4676044 6265614 4755368 6114986 4828669 5688131 
3465815 4383025 4776595 3848111 6138048 4103634 4594793 6661540 4601555 4501858 4974270 5752067 4737885 6428941 5155863 4918679 
3312475 4224894 4970405 3928536 4999270 3770186 4125959 5965482 3597003 3722108 4283654 5463918 4245692 5766991 4221589 5128899 
2708517 3116567 3419909 2734983 3083921 2421949 2073759 4267751 2684244 1537073 3230536 2883316 2596152 3298814 2245775 3841829 
2310526 3087755 3494605 2425427 4099468 3088685 2439519 4352929 2944842 3208375 3336671 4323739 2969458 4655673 3396017 3744370 
2331715 2880294 3846911 2512169 4755872 3440287 2402502 5266610 3665064 3405945 3770153 4588819 3513508 4650209 3923565 3760338 
2020652 2821504 3536656 2513121 3659197 2866238 2817026 3789985 3071558 2505039 3386150 3899966 3214959 3784107 2905033 3572525 
3103001 2975694 3823589 2849575 4434357 3404821 3058626 4724224 3301022 2938232 3989547 4003253 3858659 4241847 3950576 3761943 
3638841 4027702 4611531 3529362 5378885 4032733 4074967 6120447 4635364 3834149 4784796 5437370 4284349 5752758 4332224 5092554 
2614595 3156843 4299970 2861040 4090152 3019222 2962055 4787016 2782451 2529098 3364974 4271585 3666371 3827957 3369441 4149263 
2566386 3058382 3781385 2680676 3982616 3087284 2762446 4553758 2766127 3051694 3137278 4190670 3111486 4565960 3292316 3873170 
3464795 3985168 4779763 3512433 5097154 3762371 4488831 5343335 2797499 3361905 3427984 4486843 4040621 5337261 3905051 4131336 
2644820 3687696 4254118 3300305 4014365 3673793 3418681 4946836 3066367 3072645 3267148 4785874 3089194 5180576 3093546 4638165 
3438324 4467506 5379103 3729487 6018302 4330160 4483123 6624361 4584741 4188663 4847087 6484766 4831334 6326162 4833305 5450746 
===============================================
Matrix product from diag_matrix.txt:
4068636 3872335 3756504 3583714 4380333 4379905 4019780 3696803 3636653 3661684 4395211 3546972 3664262 4664325 4457941 4187926 
4406242 3396528 3646667 3789970 4316159 3715320 3942326 3633371 3152293 2964553 3570243 4491916 3741002 3956479 3525808 3838391 
4535953 4012195 4587909 3301310 4093552 5045393 4408120 3125432 4074628 3392559 3961985 4778800 4758201 5145294 4113720 5044711 
4076322 4116672 3900884 3569653 4192266 4336503 4641252 3298449 3970504 2810791 4614701 3657869 3952433 4570683 3406558 5011610 
3583575 4871546 3734803 3335658 4540840 4323576 4913080 3646069 4075438 2789121 5119911 3781043 3902681 4657842 3253987 5112030 
4963204 4522175 5482861 3753473 5160557 4468006 4732002 4230208 4341543 3269057 4628064 4784741 5640030 5558079 4001384 4852641 
4419501 3910341 4769014 3637030 4023188 4464871 3865784 3350017 3438998 3276355 3555251 4046601 4937089 4988907 4111401 4160616 
5875062 5478178 5356684 5013611 5472813 5537254 5599739 4392939 4549375 3598728 5384912 5901703 5851121 6131238 5207561 5363859 
4593598 4489838 5225204 3847397 4530650 4642675 4549852 4127809 4537547 2806743 4815116 4379092 5550047 5375828 4309249 4913984 
4334908 4430595 3650606 4264139 4825296 3646398 4896381 3649305 3403875 3329314 4393610 3799671 3933542 4721818 3726232 4333090 
5252545 4553213 5339092 4455689 5351554 5068533 4875752 4042319 4329237 3586400 5105937 4417647 5482562 5952103 4998846 4685086 
4705129 5158879 4842922 4171746 5152714 4982125 4989301 4008178 4606050 3689551 5162249 4242184 5378833 5620188 4207064 5113907 
3879164 4498499 4307013 3908419 4658840 4060174 4694248 4278836 3726131 2853260 4322695 3927146 4472993 4667196 3358078 4767926 
3686584 3658204 3485946 3350998 4048829 3814131 3670797 3536475 2925469 3229488 3185627 3212848 3541310 3874942 2452419 3608351 
4608505 4821591 4801005 4016207 4673517 4719488 4649318 4084941 4450610 3206834 4600839 4353977 5143942 5575459 5001903 4886674 
5470514 5371883 5508197 5070073 5835889 5590091 5731053 5020116 4994912 3902873 5554944 5801419 5579265 6279575 5993773 6003439 
===============================================
