Session started at: 2024-11-30 10:52:45
Running OpenMP Parallelization with double values on hpc067.a.incd.pt
===============================================
Using random_double_matrix_13.bin input file:
------------2x2-------------
Nodes: 1
Workers (per node): 1
CPUs (per task): 96
Read time: 0.05559500 seconds
Write time: 0.00023000 seconds
Multiplication time (avg): 0.00003305 seconds
Thread 0 time (avg): 0.00000634 seconds
Thread 1 time (avg): 0.00000477 seconds
Thread 2 time (avg): 0.00000488 seconds
Thread 3 time (avg): 0.00000476 seconds
Thread 4 time (avg): 0.00000485 seconds
Thread 5 time (avg): 0.00000483 seconds
Thread 6 time (avg): 0.00000490 seconds
Thread 7 time (avg): 0.00000488 seconds
Thread 8 time (avg): 0.00000504 seconds
Thread 9 time (avg): 0.00000502 seconds
Thread 10 time (avg): 0.00000483 seconds
Thread 11 time (avg): 0.00000481 seconds
Thread 12 time (avg): 0.00000478 seconds
Thread 13 time (avg): 0.00000483 seconds
Thread 14 time (avg): 0.00000477 seconds
Thread 15 time (avg): 0.00000476 seconds
Thread 16 time (avg): 0.00000626 seconds
Thread 17 time (avg): 0.00000474 seconds
Thread 18 time (avg): 0.00000481 seconds
Thread 19 time (avg): 0.00000468 seconds
Thread 20 time (avg): 0.00000483 seconds
Thread 21 time (avg): 0.00000484 seconds
Thread 22 time (avg): 0.00000490 seconds
Thread 23 time (avg): 0.00000486 seconds
Thread 24 time (avg): 0.00000503 seconds
Thread 25 time (avg): 0.00000502 seconds
Thread 26 time (avg): 0.00000476 seconds
Thread 27 time (avg): 0.00000483 seconds
Thread 28 time (avg): 0.00000476 seconds
Thread 29 time (avg): 0.00000483 seconds
Thread 30 time (avg): 0.00000476 seconds
Thread 31 time (avg): 0.00000482 seconds
Thread 32 time (avg): 0.00000624 seconds
Thread 33 time (avg): 0.00000472 seconds
Thread 34 time (avg): 0.00000478 seconds
Thread 35 time (avg): 0.00000473 seconds
Thread 36 time (avg): 0.00000482 seconds
Thread 37 time (avg): 0.00000485 seconds
Thread 38 time (avg): 0.00000487 seconds
Thread 39 time (avg): 0.00000488 seconds
Thread 40 time (avg): 0.00000502 seconds
Thread 41 time (avg): 0.00000503 seconds
Thread 42 time (avg): 0.00000480 seconds
Thread 43 time (avg): 0.00000484 seconds
Thread 44 time (avg): 0.00000479 seconds
Thread 45 time (avg): 0.00000480 seconds
Thread 46 time (avg): 0.00000476 seconds
Thread 47 time (avg): 0.00000477 seconds
Thread 48 time (avg): 0.00000623 seconds
Thread 49 time (avg): 0.00000484 seconds
Thread 50 time (avg): 0.00000475 seconds
Thread 51 time (avg): 0.00000473 seconds
Thread 52 time (avg): 0.00000483 seconds
Thread 53 time (avg): 0.00000484 seconds
Thread 54 time (avg): 0.00000492 seconds
Thread 55 time (avg): 0.00000488 seconds
Thread 56 time (avg): 0.00000501 seconds
Thread 57 time (avg): 0.00000478 seconds
Thread 58 time (avg): 0.00000481 seconds
Thread 59 time (avg): 0.00000473 seconds
Thread 60 time (avg): 0.00000482 seconds
Thread 61 time (avg): 0.00000478 seconds
Thread 62 time (avg): 0.00000506 seconds
Thread 63 time (avg): 0.00000485 seconds
Thread 64 time (avg): 0.00000629 seconds
Thread 65 time (avg): 0.00000484 seconds
Thread 66 time (avg): 0.00000504 seconds
Thread 67 time (avg): 0.00000490 seconds
Thread 68 time (avg): 0.00000481 seconds
Thread 69 time (avg): 0.00000476 seconds
Thread 70 time (avg): 0.00000485 seconds
Thread 71 time (avg): 0.00000492 seconds
Thread 72 time (avg): 0.00000478 seconds
Thread 73 time (avg): 0.00000484 seconds
Thread 74 time (avg): 0.00000483 seconds
Thread 75 time (avg): 0.00000483 seconds
Thread 76 time (avg): 0.00000472 seconds
Thread 77 time (avg): 0.00000501 seconds
Thread 78 time (avg): 0.00000486 seconds
Thread 79 time (avg): 0.00000481 seconds
Thread 80 time (avg): 0.00000625 seconds
Thread 81 time (avg): 0.00000487 seconds
Thread 82 time (avg): 0.00000500 seconds
Thread 83 time (avg): 0.00000489 seconds
Thread 84 time (avg): 0.00000460 seconds
Thread 85 time (avg): 0.00000486 seconds
Thread 86 time (avg): 0.00000480 seconds
Thread 87 time (avg): 0.00000491 seconds
Thread 88 time (avg): 0.00000484 seconds
Thread 89 time (avg): 0.00000486 seconds
Thread 90 time (avg): 0.00000479 seconds
Thread 91 time (avg): 0.00000477 seconds
Thread 92 time (avg): 0.00000475 seconds
Thread 93 time (avg): 0.00000505 seconds
Thread 94 time (avg): 0.00000477 seconds
Thread 95 time (avg): 0.00000480 seconds
	Command being timed: "./../bin/multiply_matrix_2x2_18980608 ../../data/random_double_matrix_13.bin ../logs/cirrus/18980608/times.log ../logs/cirrus/18980608/results/2x2_results.log"
	User time (seconds): 0.33
	System time (seconds): 0.04
	Percent of CPU this job got: 600%
	Elapsed (wall clock) time (h:mm:ss or m:ss): 0:00.06
	Average shared text size (kbytes): 0
	Average unshared data size (kbytes): 0
	Average stack size (kbytes): 0
	Average total size (kbytes): 0
	Maximum resident set size (kbytes): 2744
	Average resident set size (kbytes): 0
	Major (requiring I/O) page faults: 0
	Minor (reclaiming a frame) page faults: 570
	Voluntary context switches: 15
	Involuntary context switches: 20
	Swaps: 0
	File system inputs: 32
	File system outputs: 8
	Socket messages sent: 0
	Socket messages received: 0
	Signals delivered: 0
	Page size (bytes): 4096
	Exit status: 0
------------4x4-------------
Nodes: 1
Workers (per node): 1
CPUs (per task): 96
Read time: 0.00003600 seconds
Write time: 0.00019900 seconds
Multiplication time (avg): 0.00003046 seconds
Thread 0 time (avg): 0.00000591 seconds
Thread 1 time (avg): 0.00000432 seconds
Thread 2 time (avg): 0.00000441 seconds
Thread 3 time (avg): 0.00000448 seconds
Thread 4 time (avg): 0.00000442 seconds
Thread 5 time (avg): 0.00000422 seconds
Thread 6 time (avg): 0.00000430 seconds
Thread 7 time (avg): 0.00000490 seconds
Thread 8 time (avg): 0.00000439 seconds
Thread 9 time (avg): 0.00000440 seconds
Thread 10 time (avg): 0.00000437 seconds
Thread 11 time (avg): 0.00000432 seconds
Thread 12 time (avg): 0.00000429 seconds
Thread 13 time (avg): 0.00000464 seconds
Thread 14 time (avg): 0.00000436 seconds
Thread 15 time (avg): 0.00000437 seconds
Thread 16 time (avg): 0.00000583 seconds
Thread 17 time (avg): 0.00000426 seconds
Thread 18 time (avg): 0.00000437 seconds
Thread 19 time (avg): 0.00000463 seconds
Thread 20 time (avg): 0.00000444 seconds
Thread 21 time (avg): 0.00000434 seconds
Thread 22 time (avg): 0.00000437 seconds
Thread 23 time (avg): 0.00000435 seconds
Thread 24 time (avg): 0.00000419 seconds
Thread 25 time (avg): 0.00000426 seconds
Thread 26 time (avg): 0.00000484 seconds
Thread 27 time (avg): 0.00000434 seconds
Thread 28 time (avg): 0.00000437 seconds
Thread 29 time (avg): 0.00000432 seconds
Thread 30 time (avg): 0.00000431 seconds
Thread 31 time (avg): 0.00000432 seconds
Thread 32 time (avg): 0.00000585 seconds
Thread 33 time (avg): 0.00000431 seconds
Thread 34 time (avg): 0.00000432 seconds
Thread 35 time (avg): 0.00000469 seconds
Thread 36 time (avg): 0.00000449 seconds
Thread 37 time (avg): 0.00000438 seconds
Thread 38 time (avg): 0.00000443 seconds
Thread 39 time (avg): 0.00000437 seconds
Thread 40 time (avg): 0.00000421 seconds
Thread 41 time (avg): 0.00000429 seconds
Thread 42 time (avg): 0.00000484 seconds
Thread 43 time (avg): 0.00000438 seconds
Thread 44 time (avg): 0.00000435 seconds
Thread 45 time (avg): 0.00000429 seconds
Thread 46 time (avg): 0.00000442 seconds
Thread 47 time (avg): 0.00000423 seconds
Thread 48 time (avg): 0.00000583 seconds
Thread 49 time (avg): 0.00000432 seconds
Thread 50 time (avg): 0.00000439 seconds
Thread 51 time (avg): 0.00000465 seconds
Thread 52 time (avg): 0.00000438 seconds
Thread 53 time (avg): 0.00000440 seconds
Thread 54 time (avg): 0.00000424 seconds
Thread 55 time (avg): 0.00000490 seconds
Thread 56 time (avg): 0.00000438 seconds
Thread 57 time (avg): 0.00000431 seconds
Thread 58 time (avg): 0.00000433 seconds
Thread 59 time (avg): 0.00000430 seconds
Thread 60 time (avg): 0.00000436 seconds
Thread 61 time (avg): 0.00000421 seconds
Thread 62 time (avg): 0.00000434 seconds
Thread 63 time (avg): 0.00000426 seconds
Thread 64 time (avg): 0.00000582 seconds
Thread 65 time (avg): 0.00000436 seconds
Thread 66 time (avg): 0.00000441 seconds
Thread 67 time (avg): 0.00000468 seconds
Thread 68 time (avg): 0.00000438 seconds
Thread 69 time (avg): 0.00000435 seconds
Thread 70 time (avg): 0.00000424 seconds
Thread 71 time (avg): 0.00000488 seconds
Thread 72 time (avg): 0.00000443 seconds
Thread 73 time (avg): 0.00000438 seconds
Thread 74 time (avg): 0.00000438 seconds
Thread 75 time (avg): 0.00000430 seconds
Thread 76 time (avg): 0.00000430 seconds
Thread 77 time (avg): 0.00000419 seconds
Thread 78 time (avg): 0.00000433 seconds
Thread 79 time (avg): 0.00000427 seconds
Thread 80 time (avg): 0.00000584 seconds
Thread 81 time (avg): 0.00000432 seconds
Thread 82 time (avg): 0.00000441 seconds
Thread 83 time (avg): 0.00000469 seconds
Thread 84 time (avg): 0.00000433 seconds
Thread 85 time (avg): 0.00000488 seconds
Thread 86 time (avg): 0.00000443 seconds
Thread 87 time (avg): 0.00000439 seconds
Thread 88 time (avg): 0.00000439 seconds
Thread 89 time (avg): 0.00000430 seconds
Thread 90 time (avg): 0.00000439 seconds
Thread 91 time (avg): 0.00000442 seconds
Thread 92 time (avg): 0.00000427 seconds
Thread 93 time (avg): 0.00000436 seconds
Thread 94 time (avg): 0.00000441 seconds
Thread 95 time (avg): 0.00000433 seconds
	Command being timed: "./../bin/multiply_matrix_4x4_18980608 ../../data/random_double_matrix_13.bin ../logs/cirrus/18980608/times.log ../logs/cirrus/18980608/results/4x4_results.log"
	User time (seconds): 0.27
	System time (seconds): 0.12
	Percent of CPU this job got: 5585%
	Elapsed (wall clock) time (h:mm:ss or m:ss): 0:00.00
	Average shared text size (kbytes): 0
	Average unshared data size (kbytes): 0
	Average stack size (kbytes): 0
	Average total size (kbytes): 0
	Maximum resident set size (kbytes): 2744
	Average resident set size (kbytes): 0
	Major (requiring I/O) page faults: 0
	Minor (reclaiming a frame) page faults: 570
	Voluntary context switches: 12
	Involuntary context switches: 23
	Swaps: 0
	File system inputs: 0
	File system outputs: 8
	Socket messages sent: 0
	Socket messages received: 0
	Signals delivered: 0
	Page size (bytes): 4096
	Exit status: 0
------------8x8-------------
Nodes: 1
Workers (per node): 1
CPUs (per task): 96
Read time: 0.00002500 seconds
Write time: 0.00024100 seconds
Multiplication time (avg): 0.00002979 seconds
Thread 0 time (avg): 0.00000616 seconds
Thread 1 time (avg): 0.00000482 seconds
Thread 2 time (avg): 0.00000435 seconds
Thread 3 time (avg): 0.00000460 seconds
Thread 4 time (avg): 0.00000448 seconds
Thread 5 time (avg): 0.00000452 seconds
Thread 6 time (avg): 0.00000467 seconds
Thread 7 time (avg): 0.00000466 seconds
Thread 8 time (avg): 0.00000466 seconds
Thread 9 time (avg): 0.00000463 seconds
Thread 10 time (avg): 0.00000476 seconds
Thread 11 time (avg): 0.00000457 seconds
Thread 12 time (avg): 0.00000475 seconds
Thread 13 time (avg): 0.00000454 seconds
Thread 14 time (avg): 0.00000453 seconds
Thread 15 time (avg): 0.00000466 seconds
Thread 16 time (avg): 0.00000612 seconds
Thread 17 time (avg): 0.00000448 seconds
Thread 18 time (avg): 0.00000460 seconds
Thread 19 time (avg): 0.00000457 seconds
Thread 20 time (avg): 0.00000456 seconds
Thread 21 time (avg): 0.00000471 seconds
Thread 22 time (avg): 0.00000482 seconds
Thread 23 time (avg): 0.00000436 seconds
Thread 24 time (avg): 0.00000460 seconds
Thread 25 time (avg): 0.00000459 seconds
Thread 26 time (avg): 0.00000445 seconds
Thread 27 time (avg): 0.00000459 seconds
Thread 28 time (avg): 0.00000465 seconds
Thread 29 time (avg): 0.00000471 seconds
Thread 30 time (avg): 0.00000464 seconds
Thread 31 time (avg): 0.00000478 seconds
Thread 32 time (avg): 0.00000611 seconds
Thread 33 time (avg): 0.00000447 seconds
Thread 34 time (avg): 0.00000462 seconds
Thread 35 time (avg): 0.00000455 seconds
Thread 36 time (avg): 0.00000455 seconds
Thread 37 time (avg): 0.00000475 seconds
Thread 38 time (avg): 0.00000432 seconds
Thread 39 time (avg): 0.00000458 seconds
Thread 40 time (avg): 0.00000457 seconds
Thread 41 time (avg): 0.00000448 seconds
Thread 42 time (avg): 0.00000486 seconds
Thread 43 time (avg): 0.00000462 seconds
Thread 44 time (avg): 0.00000472 seconds
Thread 45 time (avg): 0.00000462 seconds
Thread 46 time (avg): 0.00000461 seconds
Thread 47 time (avg): 0.00000478 seconds
Thread 48 time (avg): 0.00000610 seconds
Thread 49 time (avg): 0.00000450 seconds
Thread 50 time (avg): 0.00000458 seconds
Thread 51 time (avg): 0.00000458 seconds
Thread 52 time (avg): 0.00000462 seconds
Thread 53 time (avg): 0.00000473 seconds
Thread 54 time (avg): 0.00000433 seconds
Thread 55 time (avg): 0.00000462 seconds
Thread 56 time (avg): 0.00000454 seconds
Thread 57 time (avg): 0.00000444 seconds
Thread 58 time (avg): 0.00000483 seconds
Thread 59 time (avg): 0.00000464 seconds
Thread 60 time (avg): 0.00000468 seconds
Thread 61 time (avg): 0.00000461 seconds
Thread 62 time (avg): 0.00000459 seconds
Thread 63 time (avg): 0.00000475 seconds
Thread 64 time (avg): 0.00000614 seconds
Thread 65 time (avg): 0.00000454 seconds
Thread 66 time (avg): 0.00000462 seconds
Thread 67 time (avg): 0.00000457 seconds
Thread 68 time (avg): 0.00000463 seconds
Thread 69 time (avg): 0.00000477 seconds
Thread 70 time (avg): 0.00000469 seconds
Thread 71 time (avg): 0.00000429 seconds
Thread 72 time (avg): 0.00000485 seconds
Thread 73 time (avg): 0.00000466 seconds
Thread 74 time (avg): 0.00000457 seconds
Thread 75 time (avg): 0.00000462 seconds
Thread 76 time (avg): 0.00000458 seconds
Thread 77 time (avg): 0.00000447 seconds
Thread 78 time (avg): 0.00000461 seconds
Thread 79 time (avg): 0.00000474 seconds
Thread 80 time (avg): 0.00000609 seconds
Thread 81 time (avg): 0.00000458 seconds
Thread 82 time (avg): 0.00000470 seconds
Thread 83 time (avg): 0.00000474 seconds
Thread 84 time (avg): 0.00000452 seconds
Thread 85 time (avg): 0.00000462 seconds
Thread 86 time (avg): 0.00000467 seconds
Thread 87 time (avg): 0.00000436 seconds
Thread 88 time (avg): 0.00000479 seconds
Thread 89 time (avg): 0.00000468 seconds
Thread 90 time (avg): 0.00000456 seconds
Thread 91 time (avg): 0.00000458 seconds
Thread 92 time (avg): 0.00000467 seconds
Thread 93 time (avg): 0.00000446 seconds
Thread 94 time (avg): 0.00000459 seconds
Thread 95 time (avg): 0.00000472 seconds
	Command being timed: "./../bin/multiply_matrix_8x8_18980608 ../../data/random_double_matrix_13.bin ../logs/cirrus/18980608/times.log ../logs/cirrus/18980608/results/8x8_results.log"
	User time (seconds): 0.25
	System time (seconds): 0.08
	Percent of CPU this job got: 4842%
	Elapsed (wall clock) time (h:mm:ss or m:ss): 0:00.00
	Average shared text size (kbytes): 0
	Average unshared data size (kbytes): 0
	Average stack size (kbytes): 0
	Average total size (kbytes): 0
	Maximum resident set size (kbytes): 2744
	Average resident set size (kbytes): 0
	Major (requiring I/O) page faults: 0
	Minor (reclaiming a frame) page faults: 570
	Voluntary context switches: 12
	Involuntary context switches: 23
	Swaps: 0
	File system inputs: 0
	File system outputs: 8
	Socket messages sent: 0
	Socket messages received: 0
	Signals delivered: 0
	Page size (bytes): 4096
	Exit status: 0
------------16x16-------------
Nodes: 1
Workers (per node): 1
CPUs (per task): 96
Read time: 0.00003400 seconds
Write time: 0.00030000 seconds
Multiplication time (avg): 0.00003088 seconds
Thread 0 time (avg): 0.00000613 seconds
Thread 1 time (avg): 0.00000446 seconds
Thread 2 time (avg): 0.00000464 seconds
Thread 3 time (avg): 0.00000467 seconds
Thread 4 time (avg): 0.00000466 seconds
Thread 5 time (avg): 0.00000444 seconds
Thread 6 time (avg): 0.00000449 seconds
Thread 7 time (avg): 0.00000481 seconds
Thread 8 time (avg): 0.00000445 seconds
Thread 9 time (avg): 0.00000477 seconds
Thread 10 time (avg): 0.00000440 seconds
Thread 11 time (avg): 0.00000441 seconds
Thread 12 time (avg): 0.00000464 seconds
Thread 13 time (avg): 0.00000462 seconds
Thread 14 time (avg): 0.00000455 seconds
Thread 15 time (avg): 0.00000490 seconds
Thread 16 time (avg): 0.00000611 seconds
Thread 17 time (avg): 0.00000490 seconds
Thread 18 time (avg): 0.00000456 seconds
Thread 19 time (avg): 0.00000470 seconds
Thread 20 time (avg): 0.00000452 seconds
Thread 21 time (avg): 0.00000452 seconds
Thread 22 time (avg): 0.00000457 seconds
Thread 23 time (avg): 0.00000439 seconds
Thread 24 time (avg): 0.00000467 seconds
Thread 25 time (avg): 0.00000440 seconds
Thread 26 time (avg): 0.00000451 seconds
Thread 27 time (avg): 0.00000465 seconds
Thread 28 time (avg): 0.00000437 seconds
Thread 29 time (avg): 0.00000452 seconds
Thread 30 time (avg): 0.00000439 seconds
Thread 31 time (avg): 0.00000463 seconds
Thread 32 time (avg): 0.00000608 seconds
Thread 33 time (avg): 0.00000489 seconds
Thread 34 time (avg): 0.00000454 seconds
Thread 35 time (avg): 0.00000441 seconds
Thread 36 time (avg): 0.00000443 seconds
Thread 37 time (avg): 0.00000472 seconds
Thread 38 time (avg): 0.00000469 seconds
Thread 39 time (avg): 0.00000441 seconds
Thread 40 time (avg): 0.00000439 seconds
Thread 41 time (avg): 0.00000443 seconds
Thread 42 time (avg): 0.00000466 seconds
Thread 43 time (avg): 0.00000451 seconds
Thread 44 time (avg): 0.00000448 seconds
Thread 45 time (avg): 0.00000441 seconds
Thread 46 time (avg): 0.00000440 seconds
Thread 47 time (avg): 0.00000443 seconds
Thread 48 time (avg): 0.00000611 seconds
Thread 49 time (avg): 0.00000491 seconds
Thread 50 time (avg): 0.00000465 seconds
Thread 51 time (avg): 0.00000469 seconds
Thread 52 time (avg): 0.00000446 seconds
Thread 53 time (avg): 0.00000452 seconds
Thread 54 time (avg): 0.00000451 seconds
Thread 55 time (avg): 0.00000442 seconds
Thread 56 time (avg): 0.00000449 seconds
Thread 57 time (avg): 0.00000438 seconds
Thread 58 time (avg): 0.00000442 seconds
Thread 59 time (avg): 0.00000449 seconds
Thread 60 time (avg): 0.00000426 seconds
Thread 61 time (avg): 0.00000478 seconds
Thread 62 time (avg): 0.00000450 seconds
Thread 63 time (avg): 0.00000474 seconds
Thread 64 time (avg): 0.00000607 seconds
Thread 65 time (avg): 0.00000462 seconds
Thread 66 time (avg): 0.00000469 seconds
Thread 67 time (avg): 0.00000492 seconds
Thread 68 time (avg): 0.00000442 seconds
Thread 69 time (avg): 0.00000438 seconds
Thread 70 time (avg): 0.00000467 seconds
Thread 71 time (avg): 0.00000466 seconds
Thread 72 time (avg): 0.00000454 seconds
Thread 73 time (avg): 0.00000423 seconds
Thread 74 time (avg): 0.00000460 seconds
Thread 75 time (avg): 0.00000430 seconds
Thread 76 time (avg): 0.00000460 seconds
Thread 77 time (avg): 0.00000474 seconds
Thread 78 time (avg): 0.00000451 seconds
Thread 79 time (avg): 0.00000471 seconds
Thread 80 time (avg): 0.00000605 seconds
Thread 81 time (avg): 0.00000432 seconds
Thread 82 time (avg): 0.00000462 seconds
Thread 83 time (avg): 0.00000495 seconds
Thread 84 time (avg): 0.00000451 seconds
Thread 85 time (avg): 0.00000464 seconds
Thread 86 time (avg): 0.00000476 seconds
Thread 87 time (avg): 0.00000435 seconds
Thread 88 time (avg): 0.00000453 seconds
Thread 89 time (avg): 0.00000430 seconds
Thread 90 time (avg): 0.00000472 seconds
Thread 91 time (avg): 0.00000437 seconds
Thread 92 time (avg): 0.00000454 seconds
Thread 93 time (avg): 0.00000476 seconds
Thread 94 time (avg): 0.00000468 seconds
Thread 95 time (avg): 0.00000480 seconds
	Command being timed: "./../bin/multiply_matrix_16x16_18980608 ../../data/random_double_matrix_13.bin ../logs/cirrus/18980608/times.log ../logs/cirrus/18980608/results/16x16_results.log"
	User time (seconds): 0.35
	System time (seconds): 0.00
	Percent of CPU this job got: 5028%
	Elapsed (wall clock) time (h:mm:ss or m:ss): 0:00.00
	Average shared text size (kbytes): 0
	Average unshared data size (kbytes): 0
	Average stack size (kbytes): 0
	Average total size (kbytes): 0
	Maximum resident set size (kbytes): 2748
	Average resident set size (kbytes): 0
	Major (requiring I/O) page faults: 0
	Minor (reclaiming a frame) page faults: 571
	Voluntary context switches: 12
	Involuntary context switches: 22
	Swaps: 0
	File system inputs: 0
	File system outputs: 8
	Socket messages sent: 0
	Socket messages received: 0
	Signals delivered: 0
	Page size (bytes): 4096
	Exit status: 0
------------32x32-------------
Nodes: 1
Workers (per node): 1
CPUs (per task): 96
Read time: 0.00002800 seconds
Write time: 0.00078300 seconds
Multiplication time (avg): 0.00003027 seconds
Thread 0 time (avg): 0.00000597 seconds
Thread 1 time (avg): 0.00000511 seconds
Thread 2 time (avg): 0.00000469 seconds
Thread 3 time (avg): 0.00000477 seconds
Thread 4 time (avg): 0.00000506 seconds
Thread 5 time (avg): 0.00000480 seconds
Thread 6 time (avg): 0.00000496 seconds
Thread 7 time (avg): 0.00000492 seconds
Thread 8 time (avg): 0.00000489 seconds
Thread 9 time (avg): 0.00000509 seconds
Thread 10 time (avg): 0.00000528 seconds
Thread 11 time (avg): 0.00000532 seconds
Thread 12 time (avg): 0.00000478 seconds
Thread 13 time (avg): 0.00000485 seconds
Thread 14 time (avg): 0.00000482 seconds
Thread 15 time (avg): 0.00000500 seconds
Thread 16 time (avg): 0.00000588 seconds
Thread 17 time (avg): 0.00000497 seconds
Thread 18 time (avg): 0.00000469 seconds
Thread 19 time (avg): 0.00000488 seconds
Thread 20 time (avg): 0.00000472 seconds
Thread 21 time (avg): 0.00000483 seconds
Thread 22 time (avg): 0.00000502 seconds
Thread 23 time (avg): 0.00000501 seconds
Thread 24 time (avg): 0.00000493 seconds
Thread 25 time (avg): 0.00000476 seconds
Thread 26 time (avg): 0.00000509 seconds
Thread 27 time (avg): 0.00000513 seconds
Thread 28 time (avg): 0.00000526 seconds
Thread 29 time (avg): 0.00000523 seconds
Thread 30 time (avg): 0.00000514 seconds
Thread 31 time (avg): 0.00000504 seconds
Thread 32 time (avg): 0.00000592 seconds
Thread 33 time (avg): 0.00000502 seconds
Thread 34 time (avg): 0.00000500 seconds
Thread 35 time (avg): 0.00000495 seconds
Thread 36 time (avg): 0.00000492 seconds
Thread 37 time (avg): 0.00000498 seconds
Thread 38 time (avg): 0.00000488 seconds
Thread 39 time (avg): 0.00000486 seconds
Thread 40 time (avg): 0.00000481 seconds
Thread 41 time (avg): 0.00000482 seconds
Thread 42 time (avg): 0.00000508 seconds
Thread 43 time (avg): 0.00000511 seconds
Thread 44 time (avg): 0.00000523 seconds
Thread 45 time (avg): 0.00000528 seconds
Thread 46 time (avg): 0.00000508 seconds
Thread 47 time (avg): 0.00000513 seconds
Thread 48 time (avg): 0.00000591 seconds
Thread 49 time (avg): 0.00000494 seconds
Thread 50 time (avg): 0.00000480 seconds
Thread 51 time (avg): 0.00000481 seconds
Thread 52 time (avg): 0.00000498 seconds
Thread 53 time (avg): 0.00000469 seconds
Thread 54 time (avg): 0.00000465 seconds
Thread 55 time (avg): 0.00000491 seconds
Thread 56 time (avg): 0.00000493 seconds
Thread 57 time (avg): 0.00000488 seconds
Thread 58 time (avg): 0.00000509 seconds
Thread 59 time (avg): 0.00000499 seconds
Thread 60 time (avg): 0.00000535 seconds
Thread 61 time (avg): 0.00000481 seconds
Thread 62 time (avg): 0.00000515 seconds
Thread 63 time (avg): 0.00000517 seconds
Thread 64 time (avg): 0.00000591 seconds
Thread 65 time (avg): 0.00000497 seconds
Thread 66 time (avg): 0.00000499 seconds
Thread 67 time (avg): 0.00000484 seconds
Thread 68 time (avg): 0.00000483 seconds
Thread 69 time (avg): 0.00000500 seconds
Thread 70 time (avg): 0.00000470 seconds
Thread 71 time (avg): 0.00000516 seconds
Thread 72 time (avg): 0.00000503 seconds
Thread 73 time (avg): 0.00000491 seconds
Thread 74 time (avg): 0.00000465 seconds
Thread 75 time (avg): 0.00000499 seconds
Thread 76 time (avg): 0.00000468 seconds
Thread 77 time (avg): 0.00000508 seconds
Thread 78 time (avg): 0.00000529 seconds
Thread 79 time (avg): 0.00000517 seconds
Thread 80 time (avg): 0.00000592 seconds
Thread 81 time (avg): 0.00000485 seconds
Thread 82 time (avg): 0.00000471 seconds
Thread 83 time (avg): 0.00000517 seconds
Thread 84 time (avg): 0.00000464 seconds
Thread 85 time (avg): 0.00000496 seconds
Thread 86 time (avg): 0.00000489 seconds
Thread 87 time (avg): 0.00000533 seconds
Thread 88 time (avg): 0.00000492 seconds
Thread 89 time (avg): 0.00000494 seconds
Thread 90 time (avg): 0.00000491 seconds
Thread 91 time (avg): 0.00000509 seconds
Thread 92 time (avg): 0.00000506 seconds
Thread 93 time (avg): 0.00000511 seconds
Thread 94 time (avg): 0.00000506 seconds
Thread 95 time (avg): 0.00000504 seconds
	Command being timed: "./../bin/multiply_matrix_32x32_18980608 ../../data/random_double_matrix_13.bin ../logs/cirrus/18980608/times.log ../logs/cirrus/18980608/results/32x32_results.log"
	User time (seconds): 0.24
	System time (seconds): 0.17
	Percent of CPU this job got: 5971%
	Elapsed (wall clock) time (h:mm:ss or m:ss): 0:00.00
	Average shared text size (kbytes): 0
	Average unshared data size (kbytes): 0
	Average stack size (kbytes): 0
	Average total size (kbytes): 0
	Maximum resident set size (kbytes): 2768
	Average resident set size (kbytes): 0
	Major (requiring I/O) page faults: 0
	Minor (reclaiming a frame) page faults: 578
	Voluntary context switches: 11
	Involuntary context switches: 22
	Swaps: 0
	File system inputs: 0
	File system outputs: 24
	Socket messages sent: 0
	Socket messages received: 0
	Signals delivered: 0
	Page size (bytes): 4096
	Exit status: 0
------------64x64-------------
Nodes: 1
Workers (per node): 1
CPUs (per task): 96
Read time: 0.00068000 seconds
Write time: 0.00189100 seconds
Multiplication time (avg): 0.00003934 seconds
Thread 0 time (avg): 0.00001536 seconds
Thread 1 time (avg): 0.00001336 seconds
Thread 2 time (avg): 0.00001320 seconds
Thread 3 time (avg): 0.00001347 seconds
Thread 4 time (avg): 0.00001365 seconds
Thread 5 time (avg): 0.00001322 seconds
Thread 6 time (avg): 0.00001261 seconds
Thread 7 time (avg): 0.00001364 seconds
Thread 8 time (avg): 0.00001312 seconds
Thread 9 time (avg): 0.00001266 seconds
Thread 10 time (avg): 0.00001327 seconds
Thread 11 time (avg): 0.00001303 seconds
Thread 12 time (avg): 0.00001299 seconds
Thread 13 time (avg): 0.00001391 seconds
Thread 14 time (avg): 0.00001324 seconds
Thread 15 time (avg): 0.00001325 seconds
Thread 16 time (avg): 0.00001531 seconds
Thread 17 time (avg): 0.00001317 seconds
Thread 18 time (avg): 0.00001281 seconds
Thread 19 time (avg): 0.00001299 seconds
Thread 20 time (avg): 0.00001290 seconds
Thread 21 time (avg): 0.00001303 seconds
Thread 22 time (avg): 0.00001314 seconds
Thread 23 time (avg): 0.00001285 seconds
Thread 24 time (avg): 0.00001347 seconds
Thread 25 time (avg): 0.00001281 seconds
Thread 26 time (avg): 0.00001262 seconds
Thread 27 time (avg): 0.00001332 seconds
Thread 28 time (avg): 0.00001310 seconds
Thread 29 time (avg): 0.00001261 seconds
Thread 30 time (avg): 0.00001319 seconds
Thread 31 time (avg): 0.00001311 seconds
Thread 32 time (avg): 0.00001535 seconds
Thread 33 time (avg): 0.00001323 seconds
Thread 34 time (avg): 0.00001334 seconds
Thread 35 time (avg): 0.00001282 seconds
Thread 36 time (avg): 0.00001285 seconds
Thread 37 time (avg): 0.00001340 seconds
Thread 38 time (avg): 0.00001312 seconds
Thread 39 time (avg): 0.00001264 seconds
Thread 40 time (avg): 0.00001322 seconds
Thread 41 time (avg): 0.00001319 seconds
Thread 42 time (avg): 0.00001332 seconds
Thread 43 time (avg): 0.00001262 seconds
Thread 44 time (avg): 0.00001301 seconds
Thread 45 time (avg): 0.00001273 seconds
Thread 46 time (avg): 0.00001287 seconds
Thread 47 time (avg): 0.00001310 seconds
Thread 48 time (avg): 0.00001532 seconds
Thread 49 time (avg): 0.00001273 seconds
Thread 50 time (avg): 0.00001335 seconds
Thread 51 time (avg): 0.00001337 seconds
Thread 52 time (avg): 0.00001333 seconds
Thread 53 time (avg): 0.00001263 seconds
Thread 54 time (avg): 0.00001282 seconds
Thread 55 time (avg): 0.00001294 seconds
Thread 56 time (avg): 0.00001352 seconds
Thread 57 time (avg): 0.00001371 seconds
Thread 58 time (avg): 0.00001252 seconds
Thread 59 time (avg): 0.00001269 seconds
Thread 60 time (avg): 0.00001268 seconds
Thread 61 time (avg): 0.00001275 seconds
Thread 62 time (avg): 0.00001263 seconds
Thread 63 time (avg): 0.00001255 seconds
Thread 64 time (avg): 0.00001535 seconds
Thread 65 time (avg): 0.00001281 seconds
Thread 66 time (avg): 0.00001275 seconds
Thread 67 time (avg): 0.00001302 seconds
Thread 68 time (avg): 0.00001324 seconds
Thread 69 time (avg): 0.00001344 seconds
Thread 70 time (avg): 0.00001267 seconds
Thread 71 time (avg): 0.00001311 seconds
Thread 72 time (avg): 0.00001287 seconds
Thread 73 time (avg): 0.00001258 seconds
Thread 74 time (avg): 0.00001272 seconds
Thread 75 time (avg): 0.00001309 seconds
Thread 76 time (avg): 0.00001262 seconds
Thread 77 time (avg): 0.00001266 seconds
Thread 78 time (avg): 0.00001276 seconds
Thread 79 time (avg): 0.00001259 seconds
Thread 80 time (avg): 0.00001534 seconds
Thread 81 time (avg): 0.00001293 seconds
Thread 82 time (avg): 0.00001285 seconds
Thread 83 time (avg): 0.00001299 seconds
Thread 84 time (avg): 0.00001313 seconds
Thread 85 time (avg): 0.00001258 seconds
Thread 86 time (avg): 0.00001362 seconds
Thread 87 time (avg): 0.00001276 seconds
Thread 88 time (avg): 0.00001314 seconds
Thread 89 time (avg): 0.00001283 seconds
Thread 90 time (avg): 0.00001278 seconds
Thread 91 time (avg): 0.00001305 seconds
Thread 92 time (avg): 0.00001246 seconds
Thread 93 time (avg): 0.00001303 seconds
Thread 94 time (avg): 0.00001267 seconds
Thread 95 time (avg): 0.00001268 seconds
	Command being timed: "./../bin/multiply_matrix_64x64_18980608 ../../data/random_double_matrix_13.bin ../logs/cirrus/18980608/times.log ../logs/cirrus/18980608/results/64x64_results.log"
	User time (seconds): 0.43
	System time (seconds): 0.08
	Percent of CPU this job got: 5688%
	Elapsed (wall clock) time (h:mm:ss or m:ss): 0:00.00
	Average shared text size (kbytes): 0
	Average unshared data size (kbytes): 0
	Average stack size (kbytes): 0
	Average total size (kbytes): 0
	Maximum resident set size (kbytes): 2840
	Average resident set size (kbytes): 0
	Major (requiring I/O) page faults: 0
	Minor (reclaiming a frame) page faults: 624
	Voluntary context switches: 12
	Involuntary context switches: 25
	Swaps: 0
	File system inputs: 96
	File system outputs: 104
	Socket messages sent: 0
	Socket messages received: 0
	Signals delivered: 0
	Page size (bytes): 4096
	Exit status: 0
------------128x128-------------
Nodes: 1
Workers (per node): 1
CPUs (per task): 96
Read time: 0.00093100 seconds
Write time: 0.00526800 seconds
Multiplication time (avg): 0.00007104 seconds
Thread 0 time (avg): 0.00004818 seconds
Thread 1 time (avg): 0.00004673 seconds
Thread 2 time (avg): 0.00004680 seconds
Thread 3 time (avg): 0.00004677 seconds
Thread 4 time (avg): 0.00004675 seconds
Thread 5 time (avg): 0.00004665 seconds
Thread 6 time (avg): 0.00004671 seconds
Thread 7 time (avg): 0.00004677 seconds
Thread 8 time (avg): 0.00004669 seconds
Thread 9 time (avg): 0.00004663 seconds
Thread 10 time (avg): 0.00004683 seconds
Thread 11 time (avg): 0.00004684 seconds
Thread 12 time (avg): 0.00004670 seconds
Thread 13 time (avg): 0.00004676 seconds
Thread 14 time (avg): 0.00004675 seconds
Thread 15 time (avg): 0.00004686 seconds
Thread 16 time (avg): 0.00004815 seconds
Thread 17 time (avg): 0.00004691 seconds
Thread 18 time (avg): 0.00004669 seconds
Thread 19 time (avg): 0.00004672 seconds
Thread 20 time (avg): 0.00004677 seconds
Thread 21 time (avg): 0.00004671 seconds
Thread 22 time (avg): 0.00004663 seconds
Thread 23 time (avg): 0.00004680 seconds
Thread 24 time (avg): 0.00004674 seconds
Thread 25 time (avg): 0.00004678 seconds
Thread 26 time (avg): 0.00004687 seconds
Thread 27 time (avg): 0.00004657 seconds
Thread 28 time (avg): 0.00004689 seconds
Thread 29 time (avg): 0.00004659 seconds
Thread 30 time (avg): 0.00004682 seconds
Thread 31 time (avg): 0.00004673 seconds
Thread 32 time (avg): 0.00004814 seconds
Thread 33 time (avg): 0.00004683 seconds
Thread 34 time (avg): 0.00004668 seconds
Thread 35 time (avg): 0.00004671 seconds
Thread 36 time (avg): 0.00004677 seconds
Thread 37 time (avg): 0.00004665 seconds
Thread 38 time (avg): 0.00004664 seconds
Thread 39 time (avg): 0.00004681 seconds
Thread 40 time (avg): 0.00004674 seconds
Thread 41 time (avg): 0.00004670 seconds
Thread 42 time (avg): 0.00004677 seconds
Thread 43 time (avg): 0.00004685 seconds
Thread 44 time (avg): 0.00004686 seconds
Thread 45 time (avg): 0.00004658 seconds
Thread 46 time (avg): 0.00004683 seconds
Thread 47 time (avg): 0.00004675 seconds
Thread 48 time (avg): 0.00004815 seconds
Thread 49 time (avg): 0.00004687 seconds
Thread 50 time (avg): 0.00004662 seconds
Thread 51 time (avg): 0.00004669 seconds
Thread 52 time (avg): 0.00004673 seconds
Thread 53 time (avg): 0.00004674 seconds
Thread 54 time (avg): 0.00004665 seconds
Thread 55 time (avg): 0.00004684 seconds
Thread 56 time (avg): 0.00004670 seconds
Thread 57 time (avg): 0.00004665 seconds
Thread 58 time (avg): 0.00004684 seconds
Thread 59 time (avg): 0.00004683 seconds
Thread 60 time (avg): 0.00004684 seconds
Thread 61 time (avg): 0.00004660 seconds
Thread 62 time (avg): 0.00004679 seconds
Thread 63 time (avg): 0.00004670 seconds
Thread 64 time (avg): 0.00004817 seconds
Thread 65 time (avg): 0.00004684 seconds
Thread 66 time (avg): 0.00004669 seconds
Thread 67 time (avg): 0.00004672 seconds
Thread 68 time (avg): 0.00004673 seconds
Thread 69 time (avg): 0.00004689 seconds
Thread 70 time (avg): 0.00004689 seconds
Thread 71 time (avg): 0.00004666 seconds
Thread 72 time (avg): 0.00004674 seconds
Thread 73 time (avg): 0.00004677 seconds
Thread 74 time (avg): 0.00004668 seconds
Thread 75 time (avg): 0.00004660 seconds
Thread 76 time (avg): 0.00004674 seconds
Thread 77 time (avg): 0.00004663 seconds
Thread 78 time (avg): 0.00004687 seconds
Thread 79 time (avg): 0.00004672 seconds
Thread 80 time (avg): 0.00004818 seconds
Thread 81 time (avg): 0.00004682 seconds
Thread 82 time (avg): 0.00004667 seconds
Thread 83 time (avg): 0.00004668 seconds
Thread 84 time (avg): 0.00004671 seconds
Thread 85 time (avg): 0.00004685 seconds
Thread 86 time (avg): 0.00004687 seconds
Thread 87 time (avg): 0.00004670 seconds
Thread 88 time (avg): 0.00004683 seconds
Thread 89 time (avg): 0.00004678 seconds
Thread 90 time (avg): 0.00004662 seconds
Thread 91 time (avg): 0.00004666 seconds
Thread 92 time (avg): 0.00004672 seconds
Thread 93 time (avg): 0.00004667 seconds
Thread 94 time (avg): 0.00004686 seconds
Thread 95 time (avg): 0.00004667 seconds
	Command being timed: "./../bin/multiply_matrix_128x128_18980608 ../../data/random_double_matrix_13.bin ../logs/cirrus/18980608/times.log ../logs/cirrus/18980608/results/128x128_results.log"
	User time (seconds): 0.85
	System time (seconds): 0.06
	Percent of CPU this job got: 6607%
	Elapsed (wall clock) time (h:mm:ss or m:ss): 0:00.01
	Average shared text size (kbytes): 0
	Average unshared data size (kbytes): 0
	Average stack size (kbytes): 0
	Average total size (kbytes): 0
	Maximum resident set size (kbytes): 2888
	Average resident set size (kbytes): 0
	Major (requiring I/O) page faults: 0
	Minor (reclaiming a frame) page faults: 718
	Voluntary context switches: 107
	Involuntary context switches: 18
	Swaps: 0
	File system inputs: 384
	File system outputs: 392
	Socket messages sent: 0
	Socket messages received: 0
	Signals delivered: 0
	Page size (bytes): 4096
	Exit status: 0
------------256x256-------------
Nodes: 1
Workers (per node): 1
CPUs (per task): 96
Read time: 0.00224700 seconds
Write time: 0.01968100 seconds
Multiplication time (avg): 0.00045447 seconds
Thread 0 time (avg): 0.00043112 seconds
Thread 1 time (avg): 0.00042981 seconds
Thread 2 time (avg): 0.00043052 seconds
Thread 3 time (avg): 0.00043026 seconds
Thread 4 time (avg): 0.00042988 seconds
Thread 5 time (avg): 0.00043057 seconds
Thread 6 time (avg): 0.00043042 seconds
Thread 7 time (avg): 0.00043032 seconds
Thread 8 time (avg): 0.00043027 seconds
Thread 9 time (avg): 0.00043010 seconds
Thread 10 time (avg): 0.00043035 seconds
Thread 11 time (avg): 0.00043055 seconds
Thread 12 time (avg): 0.00043050 seconds
Thread 13 time (avg): 0.00043050 seconds
Thread 14 time (avg): 0.00043034 seconds
Thread 15 time (avg): 0.00043015 seconds
Thread 16 time (avg): 0.00043116 seconds
Thread 17 time (avg): 0.00043022 seconds
Thread 18 time (avg): 0.00043030 seconds
Thread 19 time (avg): 0.00043047 seconds
Thread 20 time (avg): 0.00042967 seconds
Thread 21 time (avg): 0.00043053 seconds
Thread 22 time (avg): 0.00043029 seconds
Thread 23 time (avg): 0.00043059 seconds
Thread 24 time (avg): 0.00043001 seconds
Thread 25 time (avg): 0.00043034 seconds
Thread 26 time (avg): 0.00043022 seconds
Thread 27 time (avg): 0.00043016 seconds
Thread 28 time (avg): 0.00043024 seconds
Thread 29 time (avg): 0.00043017 seconds
Thread 30 time (avg): 0.00043028 seconds
Thread 31 time (avg): 0.00043046 seconds
Thread 32 time (avg): 0.00043109 seconds
Thread 33 time (avg): 0.00043020 seconds
Thread 34 time (avg): 0.00043076 seconds
Thread 35 time (avg): 0.00043016 seconds
Thread 36 time (avg): 0.00043055 seconds
Thread 37 time (avg): 0.00043056 seconds
Thread 38 time (avg): 0.00043056 seconds
Thread 39 time (avg): 0.00042983 seconds
Thread 40 time (avg): 0.00043026 seconds
Thread 41 time (avg): 0.00043057 seconds
Thread 42 time (avg): 0.00043008 seconds
Thread 43 time (avg): 0.00043007 seconds
Thread 44 time (avg): 0.00043009 seconds
Thread 45 time (avg): 0.00043028 seconds
Thread 46 time (avg): 0.00043051 seconds
Thread 47 time (avg): 0.00043067 seconds
Thread 48 time (avg): 0.00043113 seconds
Thread 49 time (avg): 0.00043017 seconds
Thread 50 time (avg): 0.00043069 seconds
Thread 51 time (avg): 0.00043063 seconds
Thread 52 time (avg): 0.00043038 seconds
Thread 53 time (avg): 0.00043040 seconds
Thread 54 time (avg): 0.00043051 seconds
Thread 55 time (avg): 0.00043059 seconds
Thread 56 time (avg): 0.00042986 seconds
Thread 57 time (avg): 0.00043028 seconds
Thread 58 time (avg): 0.00043050 seconds
Thread 59 time (avg): 0.00043005 seconds
Thread 60 time (avg): 0.00043033 seconds
Thread 61 time (avg): 0.00043031 seconds
Thread 62 time (avg): 0.00043021 seconds
Thread 63 time (avg): 0.00043048 seconds
Thread 64 time (avg): 0.00043117 seconds
Thread 65 time (avg): 0.00043022 seconds
Thread 66 time (avg): 0.00043075 seconds
Thread 67 time (avg): 0.00043066 seconds
Thread 68 time (avg): 0.00043038 seconds
Thread 69 time (avg): 0.00043055 seconds
Thread 70 time (avg): 0.00043028 seconds
Thread 71 time (avg): 0.00043064 seconds
Thread 72 time (avg): 0.00042977 seconds
Thread 73 time (avg): 0.00042973 seconds
Thread 74 time (avg): 0.00043016 seconds
Thread 75 time (avg): 0.00043035 seconds
Thread 76 time (avg): 0.00043028 seconds
Thread 77 time (avg): 0.00043008 seconds
Thread 78 time (avg): 0.00043035 seconds
Thread 79 time (avg): 0.00043050 seconds
Thread 80 time (avg): 0.00043115 seconds
Thread 81 time (avg): 0.00043023 seconds
Thread 82 time (avg): 0.00043037 seconds
Thread 83 time (avg): 0.00043047 seconds
Thread 84 time (avg): 0.00043041 seconds
Thread 85 time (avg): 0.00043006 seconds
Thread 86 time (avg): 0.00043055 seconds
Thread 87 time (avg): 0.00043046 seconds
Thread 88 time (avg): 0.00043045 seconds
Thread 89 time (avg): 0.00043051 seconds
Thread 90 time (avg): 0.00043022 seconds
Thread 91 time (avg): 0.00043029 seconds
Thread 92 time (avg): 0.00042988 seconds
Thread 93 time (avg): 0.00043034 seconds
Thread 94 time (avg): 0.00043027 seconds
Thread 95 time (avg): 0.00043044 seconds
	Command being timed: "./../bin/multiply_matrix_256x256_18980608 ../../data/random_double_matrix_13.bin ../logs/cirrus/18980608/times.log ../logs/cirrus/18980608/results/256x256_results.log"
	User time (seconds): 1.91
	System time (seconds): 0.18
	Percent of CPU this job got: 5000%
	Elapsed (wall clock) time (h:mm:ss or m:ss): 0:00.04
	Average shared text size (kbytes): 0
	Average unshared data size (kbytes): 0
	Average stack size (kbytes): 0
	Average total size (kbytes): 0
	Maximum resident set size (kbytes): 3600
	Average resident set size (kbytes): 0
	Major (requiring I/O) page faults: 0
	Minor (reclaiming a frame) page faults: 924
	Voluntary context switches: 107
	Involuntary context switches: 24
	Swaps: 0
	File system inputs: 1536
	File system outputs: 1544
	Socket messages sent: 0
	Socket messages received: 0
	Signals delivered: 0
	Page size (bytes): 4096
	Exit status: 0
------------512x512-------------
Nodes: 1
Workers (per node): 1
CPUs (per task): 96
Read time: 0.03867200 seconds
Write time: 0.07768600 seconds
Multiplication time (avg): 0.00605865 seconds
Thread 0 time (avg): 0.00603449 seconds
Thread 1 time (avg): 0.00603415 seconds
Thread 2 time (avg): 0.00603333 seconds
Thread 3 time (avg): 0.00603574 seconds
Thread 4 time (avg): 0.00603479 seconds
Thread 5 time (avg): 0.00603544 seconds
Thread 6 time (avg): 0.00603414 seconds
Thread 7 time (avg): 0.00603419 seconds
Thread 8 time (avg): 0.00603400 seconds
Thread 9 time (avg): 0.00603583 seconds
Thread 10 time (avg): 0.00603552 seconds
Thread 11 time (avg): 0.00603367 seconds
Thread 12 time (avg): 0.00603525 seconds
Thread 13 time (avg): 0.00603374 seconds
Thread 14 time (avg): 0.00603528 seconds
Thread 15 time (avg): 0.00603471 seconds
Thread 16 time (avg): 0.00603450 seconds
Thread 17 time (avg): 0.00603414 seconds
Thread 18 time (avg): 0.00603423 seconds
Thread 19 time (avg): 0.00603405 seconds
Thread 20 time (avg): 0.00603581 seconds
Thread 21 time (avg): 0.00603484 seconds
Thread 22 time (avg): 0.00603546 seconds
Thread 23 time (avg): 0.00603423 seconds
Thread 24 time (avg): 0.00603581 seconds
Thread 25 time (avg): 0.00603550 seconds
Thread 26 time (avg): 0.00603372 seconds
Thread 27 time (avg): 0.00603334 seconds
Thread 28 time (avg): 0.00603520 seconds
Thread 29 time (avg): 0.00603520 seconds
Thread 30 time (avg): 0.00603477 seconds
Thread 31 time (avg): 0.00603453 seconds
Thread 32 time (avg): 0.00603374 seconds
Thread 33 time (avg): 0.00603422 seconds
Thread 34 time (avg): 0.00603421 seconds
Thread 35 time (avg): 0.00603428 seconds
Thread 36 time (avg): 0.00603405 seconds
Thread 37 time (avg): 0.00603587 seconds
Thread 38 time (avg): 0.00603479 seconds
Thread 39 time (avg): 0.00603553 seconds
Thread 40 time (avg): 0.00603586 seconds
Thread 41 time (avg): 0.00603545 seconds
Thread 42 time (avg): 0.00603374 seconds
Thread 43 time (avg): 0.00603327 seconds
Thread 44 time (avg): 0.00603525 seconds
Thread 45 time (avg): 0.00603519 seconds
Thread 46 time (avg): 0.00603469 seconds
Thread 47 time (avg): 0.00603449 seconds
Thread 48 time (avg): 0.00603375 seconds
Thread 49 time (avg): 0.00603420 seconds
Thread 50 time (avg): 0.00603419 seconds
Thread 51 time (avg): 0.00603429 seconds
Thread 52 time (avg): 0.00603409 seconds
Thread 53 time (avg): 0.00603584 seconds
Thread 54 time (avg): 0.00603479 seconds
Thread 55 time (avg): 0.00603558 seconds
Thread 56 time (avg): 0.00603551 seconds
Thread 57 time (avg): 0.00603370 seconds
Thread 58 time (avg): 0.00603336 seconds
Thread 59 time (avg): 0.00603519 seconds
Thread 60 time (avg): 0.00603581 seconds
Thread 61 time (avg): 0.00603525 seconds
Thread 62 time (avg): 0.00603469 seconds
Thread 63 time (avg): 0.00603454 seconds
Thread 64 time (avg): 0.00603370 seconds
Thread 65 time (avg): 0.00603582 seconds
Thread 66 time (avg): 0.00603545 seconds
Thread 67 time (avg): 0.00603376 seconds
Thread 68 time (avg): 0.00603327 seconds
Thread 69 time (avg): 0.00603487 seconds
Thread 70 time (avg): 0.00603406 seconds
Thread 71 time (avg): 0.00603519 seconds
Thread 72 time (avg): 0.00603584 seconds
Thread 73 time (avg): 0.00603421 seconds
Thread 74 time (avg): 0.00603544 seconds
Thread 75 time (avg): 0.00603414 seconds
Thread 76 time (avg): 0.00603412 seconds
Thread 77 time (avg): 0.00603516 seconds
Thread 78 time (avg): 0.00603465 seconds
Thread 79 time (avg): 0.00603452 seconds
Thread 80 time (avg): 0.00603373 seconds
Thread 81 time (avg): 0.00603579 seconds
Thread 82 time (avg): 0.00603543 seconds
Thread 83 time (avg): 0.00603366 seconds
Thread 84 time (avg): 0.00603332 seconds
Thread 85 time (avg): 0.00603527 seconds
Thread 86 time (avg): 0.00603486 seconds
Thread 87 time (avg): 0.00603400 seconds
Thread 88 time (avg): 0.00603588 seconds
Thread 89 time (avg): 0.00603424 seconds
Thread 90 time (avg): 0.00603549 seconds
Thread 91 time (avg): 0.00603414 seconds
Thread 92 time (avg): 0.00603419 seconds
Thread 93 time (avg): 0.00603519 seconds
Thread 94 time (avg): 0.00603475 seconds
Thread 95 time (avg): 0.00603366 seconds
	Command being timed: "./../bin/multiply_matrix_512x512_18980608 ../../data/random_double_matrix_13.bin ../logs/cirrus/18980608/times.log ../logs/cirrus/18980608/results/512x512_results.log"
	User time (seconds): 18.90
	System time (seconds): 0.10
	Percent of CPU this job got: 6073%
	Elapsed (wall clock) time (h:mm:ss or m:ss): 0:00.31
	Average shared text size (kbytes): 0
	Average unshared data size (kbytes): 0
	Average stack size (kbytes): 0
	Average total size (kbytes): 0
	Maximum resident set size (kbytes): 6768
	Average resident set size (kbytes): 0
	Major (requiring I/O) page faults: 0
	Minor (reclaiming a frame) page faults: 2055
	Voluntary context switches: 109
	Involuntary context switches: 34
	Swaps: 0
	File system inputs: 6144
	File system outputs: 6664
	Socket messages sent: 0
	Socket messages received: 0
	Signals delivered: 0
	Page size (bytes): 4096
	Exit status: 0
------------1024x1024-------------
Nodes: 1
Workers (per node): 1
CPUs (per task): 96
Read time: 0.05548900 seconds
Write time: 0.31049300 seconds
Multiplication time (avg): 0.09190345 seconds
Thread 0 time (avg): 0.09185796 seconds
Thread 1 time (avg): 0.09185067 seconds
Thread 2 time (avg): 0.09185673 seconds
Thread 3 time (avg): 0.09185973 seconds
Thread 4 time (avg): 0.09185258 seconds
Thread 5 time (avg): 0.09185677 seconds
Thread 6 time (avg): 0.09186407 seconds
Thread 7 time (avg): 0.09186303 seconds
Thread 8 time (avg): 0.09184286 seconds
Thread 9 time (avg): 0.09186044 seconds
Thread 10 time (avg): 0.09186010 seconds
Thread 11 time (avg): 0.09186223 seconds
Thread 12 time (avg): 0.09182941 seconds
Thread 13 time (avg): 0.09186183 seconds
Thread 14 time (avg): 0.09185443 seconds
Thread 15 time (avg): 0.09185571 seconds
Thread 16 time (avg): 0.09185905 seconds
Thread 17 time (avg): 0.09185222 seconds
Thread 18 time (avg): 0.09185964 seconds
Thread 19 time (avg): 0.09186145 seconds
Thread 20 time (avg): 0.09185262 seconds
Thread 21 time (avg): 0.09185303 seconds
Thread 22 time (avg): 0.09186107 seconds
Thread 23 time (avg): 0.09185849 seconds
Thread 24 time (avg): 0.09184283 seconds
Thread 25 time (avg): 0.09186525 seconds
Thread 26 time (avg): 0.09185500 seconds
Thread 27 time (avg): 0.09186071 seconds
Thread 28 time (avg): 0.09186332 seconds
Thread 29 time (avg): 0.09183067 seconds
Thread 30 time (avg): 0.09185213 seconds
Thread 31 time (avg): 0.09185226 seconds
Thread 32 time (avg): 0.09185448 seconds
Thread 33 time (avg): 0.09185841 seconds
Thread 34 time (avg): 0.09185696 seconds
Thread 35 time (avg): 0.09186210 seconds
Thread 36 time (avg): 0.09185337 seconds
Thread 37 time (avg): 0.09185248 seconds
Thread 38 time (avg): 0.09185825 seconds
Thread 39 time (avg): 0.09185787 seconds
Thread 40 time (avg): 0.09184275 seconds
Thread 41 time (avg): 0.09185735 seconds
Thread 42 time (avg): 0.09186297 seconds
Thread 43 time (avg): 0.09183957 seconds
Thread 44 time (avg): 0.09186040 seconds
Thread 45 time (avg): 0.09185895 seconds
Thread 46 time (avg): 0.09185145 seconds
Thread 47 time (avg): 0.09185581 seconds
Thread 48 time (avg): 0.09186083 seconds
Thread 49 time (avg): 0.09186817 seconds
Thread 50 time (avg): 0.09185295 seconds
Thread 51 time (avg): 0.09185200 seconds
Thread 52 time (avg): 0.09186367 seconds
Thread 53 time (avg): 0.09186082 seconds
Thread 54 time (avg): 0.09185377 seconds
Thread 55 time (avg): 0.09186396 seconds
Thread 56 time (avg): 0.09184631 seconds
Thread 57 time (avg): 0.09185356 seconds
Thread 58 time (avg): 0.09185397 seconds
Thread 59 time (avg): 0.09185505 seconds
Thread 60 time (avg): 0.09185929 seconds
Thread 61 time (avg): 0.09185092 seconds
Thread 62 time (avg): 0.09185093 seconds
Thread 63 time (avg): 0.09185094 seconds
Thread 64 time (avg): 0.09185849 seconds
Thread 65 time (avg): 0.09186326 seconds
Thread 66 time (avg): 0.09185511 seconds
Thread 67 time (avg): 0.09185364 seconds
Thread 68 time (avg): 0.09186520 seconds
Thread 69 time (avg): 0.09186760 seconds
Thread 70 time (avg): 0.09186374 seconds
Thread 71 time (avg): 0.09186003 seconds
Thread 72 time (avg): 0.09187615 seconds
Thread 73 time (avg): 0.09186994 seconds
Thread 74 time (avg): 0.09185581 seconds
Thread 75 time (avg): 0.09186425 seconds
Thread 76 time (avg): 0.09185603 seconds
Thread 77 time (avg): 0.09185523 seconds
Thread 78 time (avg): 0.09186306 seconds
Thread 79 time (avg): 0.09185277 seconds
Thread 80 time (avg): 0.09185734 seconds
Thread 81 time (avg): 0.09185618 seconds
Thread 82 time (avg): 0.09186109 seconds
Thread 83 time (avg): 0.09186573 seconds
Thread 84 time (avg): 0.09186365 seconds
Thread 85 time (avg): 0.09185818 seconds
Thread 86 time (avg): 0.09185371 seconds
Thread 87 time (avg): 0.09185782 seconds
Thread 88 time (avg): 0.09186806 seconds
Thread 89 time (avg): 0.09185849 seconds
Thread 90 time (avg): 0.09187036 seconds
Thread 91 time (avg): 0.09186387 seconds
Thread 92 time (avg): 0.09186048 seconds
Thread 93 time (avg): 0.09185668 seconds
Thread 94 time (avg): 0.09186351 seconds
Thread 95 time (avg): 0.09185768 seconds
	Command being timed: "./../bin/multiply_matrix_1024x1024_18980608 ../../data/random_double_matrix_13.bin ../logs/cirrus/18980608/times.log ../logs/cirrus/18980608/results/1024x1024_results.log"
	User time (seconds): 264.04
	System time (seconds): 0.19
	Percent of CPU this job got: 8219%
	Elapsed (wall clock) time (h:mm:ss or m:ss): 0:03.21
	Average shared text size (kbytes): 0
	Average unshared data size (kbytes): 0
	Average stack size (kbytes): 0
	Average total size (kbytes): 0
	Maximum resident set size (kbytes): 26032
	Average resident set size (kbytes): 0
	Major (requiring I/O) page faults: 0
	Minor (reclaiming a frame) page faults: 2121
	Voluntary context switches: 1915
	Involuntary context switches: 579
	Swaps: 0
	File system inputs: 24576
	File system outputs: 26632
	Socket messages sent: 0
	Socket messages received: 0
	Signals delivered: 0
	Page size (bytes): 4096
	Exit status: 0
------------2048x2048-------------
Nodes: 1
Workers (per node): 1
CPUs (per task): 96
Read time: 0.09291300 seconds
Write time: 1.24169400 seconds
Multiplication time (avg): 1.90540176 seconds
Thread 0 time (avg): 1.90531274 seconds
Thread 1 time (avg): 1.90531155 seconds
Thread 2 time (avg): 1.90530886 seconds
Thread 3 time (avg): 1.90531690 seconds
Thread 4 time (avg): 1.90530625 seconds
Thread 5 time (avg): 1.90529857 seconds
Thread 6 time (avg): 1.90531137 seconds
Thread 7 time (avg): 1.90531142 seconds
Thread 8 time (avg): 1.90531363 seconds
Thread 9 time (avg): 1.90531164 seconds
Thread 10 time (avg): 1.90530831 seconds
Thread 11 time (avg): 1.90530809 seconds
Thread 12 time (avg): 1.90530566 seconds
Thread 13 time (avg): 1.90529670 seconds
Thread 14 time (avg): 1.90531765 seconds
Thread 15 time (avg): 1.90531777 seconds
Thread 16 time (avg): 1.90531697 seconds
Thread 17 time (avg): 1.90528941 seconds
Thread 18 time (avg): 1.90531394 seconds
Thread 19 time (avg): 1.90530636 seconds
Thread 20 time (avg): 1.90529917 seconds
Thread 21 time (avg): 1.90531128 seconds
Thread 22 time (avg): 1.90531415 seconds
Thread 23 time (avg): 1.90530990 seconds
Thread 24 time (avg): 1.90531007 seconds
Thread 25 time (avg): 1.90530113 seconds
Thread 26 time (avg): 1.90531302 seconds
Thread 27 time (avg): 1.90530940 seconds
Thread 28 time (avg): 1.90533414 seconds
Thread 29 time (avg): 1.90530116 seconds
Thread 30 time (avg): 1.90530283 seconds
Thread 31 time (avg): 1.90531138 seconds
Thread 32 time (avg): 1.90527237 seconds
Thread 33 time (avg): 1.90526589 seconds
Thread 34 time (avg): 1.90527624 seconds
Thread 35 time (avg): 1.90526446 seconds
Thread 36 time (avg): 1.90526665 seconds
Thread 37 time (avg): 1.90527143 seconds
Thread 38 time (avg): 1.90526912 seconds
Thread 39 time (avg): 1.90527502 seconds
Thread 40 time (avg): 1.90528161 seconds
Thread 41 time (avg): 1.90527767 seconds
Thread 42 time (avg): 1.90526298 seconds
Thread 43 time (avg): 1.90527440 seconds
Thread 44 time (avg): 1.90526438 seconds
Thread 45 time (avg): 1.90527379 seconds
Thread 46 time (avg): 1.90528113 seconds
Thread 47 time (avg): 1.90527488 seconds
Thread 48 time (avg): 1.90527976 seconds
Thread 49 time (avg): 1.90527880 seconds
Thread 50 time (avg): 1.90526971 seconds
Thread 51 time (avg): 1.90527646 seconds
Thread 52 time (avg): 1.90526358 seconds
Thread 53 time (avg): 1.90527595 seconds
Thread 54 time (avg): 1.90527338 seconds
Thread 55 time (avg): 1.90526639 seconds
Thread 56 time (avg): 1.90527607 seconds
Thread 57 time (avg): 1.90527485 seconds
Thread 58 time (avg): 1.90526800 seconds
Thread 59 time (avg): 1.90527138 seconds
Thread 60 time (avg): 1.90527878 seconds
Thread 61 time (avg): 1.90528003 seconds
Thread 62 time (avg): 1.90526538 seconds
Thread 63 time (avg): 1.90527403 seconds
Thread 64 time (avg): 1.90526914 seconds
Thread 65 time (avg): 1.90527465 seconds
Thread 66 time (avg): 1.90528042 seconds
Thread 67 time (avg): 1.90527119 seconds
Thread 68 time (avg): 1.90527631 seconds
Thread 69 time (avg): 1.90527173 seconds
Thread 70 time (avg): 1.90526948 seconds
Thread 71 time (avg): 1.90526811 seconds
Thread 72 time (avg): 1.90528085 seconds
Thread 73 time (avg): 1.90528089 seconds
Thread 74 time (avg): 1.90527113 seconds
Thread 75 time (avg): 1.90527594 seconds
Thread 76 time (avg): 1.90526759 seconds
Thread 77 time (avg): 1.90527442 seconds
Thread 78 time (avg): 1.90527506 seconds
Thread 79 time (avg): 1.90527639 seconds
Thread 80 time (avg): 1.90526805 seconds
Thread 81 time (avg): 1.90528072 seconds
Thread 82 time (avg): 1.90527244 seconds
Thread 83 time (avg): 1.90526984 seconds
Thread 84 time (avg): 1.90527137 seconds
Thread 85 time (avg): 1.90528260 seconds
Thread 86 time (avg): 1.90528027 seconds
Thread 87 time (avg): 1.90526196 seconds
Thread 88 time (avg): 1.90526804 seconds
Thread 89 time (avg): 1.90527781 seconds
Thread 90 time (avg): 1.90526518 seconds
Thread 91 time (avg): 1.90527388 seconds
Thread 92 time (avg): 1.90527117 seconds
Thread 93 time (avg): 1.90526725 seconds
Thread 94 time (avg): 1.90528027 seconds
Thread 95 time (avg): 1.90528119 seconds
	Command being timed: "./../bin/multiply_matrix_2048x2048_18980608 ../../data/random_double_matrix_13.bin ../logs/cirrus/18980608/times.log ../logs/cirrus/18980608/results/2048x2048_results.log"
	User time (seconds): 5411.25
	System time (seconds): 0.27
	Percent of CPU this job got: 8961%
	Elapsed (wall clock) time (h:mm:ss or m:ss): 1:00.38
	Average shared text size (kbytes): 0
	Average unshared data size (kbytes): 0
	Average stack size (kbytes): 0
	Average total size (kbytes): 0
	Maximum resident set size (kbytes): 100968
	Average resident set size (kbytes): 0
	Major (requiring I/O) page faults: 0
	Minor (reclaiming a frame) page faults: 2190
	Voluntary context switches: 3202
	Involuntary context switches: 12940
	Swaps: 0
	File system inputs: 98304
	File system outputs: 106520
	Socket messages sent: 0
	Socket messages received: 0
	Signals delivered: 0
	Page size (bytes): 4096
	Exit status: 0
------------4096x4096-------------
Nodes: 1
Workers (per node): 1
CPUs (per task): 96
Read time: 0.24508300 seconds
Write time: 4.99021900 seconds
Multiplication time (avg): 44.83045442 seconds
Thread 0 time (avg): 44.82681621 seconds
Thread 1 time (avg): 44.82678918 seconds
Thread 2 time (avg): 44.82678864 seconds
Thread 3 time (avg): 44.82680272 seconds
Thread 4 time (avg): 44.82678475 seconds
Thread 5 time (avg): 44.82681652 seconds
Thread 6 time (avg): 44.82681881 seconds
Thread 7 time (avg): 44.82680687 seconds
Thread 8 time (avg): 44.82681192 seconds
Thread 9 time (avg): 44.82679058 seconds
Thread 10 time (avg): 44.82677819 seconds
Thread 11 time (avg): 44.82678040 seconds
Thread 12 time (avg): 44.82678578 seconds
Thread 13 time (avg): 44.82689887 seconds
Thread 14 time (avg): 44.82681054 seconds
Thread 15 time (avg): 44.82725272 seconds
Thread 16 time (avg): 44.82677454 seconds
Thread 17 time (avg): 44.82679209 seconds
Thread 18 time (avg): 44.82677140 seconds
Thread 19 time (avg): 44.82679454 seconds
Thread 20 time (avg): 44.82681027 seconds
Thread 21 time (avg): 44.82679871 seconds
Thread 22 time (avg): 44.82680695 seconds
Thread 23 time (avg): 44.82681793 seconds
Thread 24 time (avg): 44.82681749 seconds
Thread 25 time (avg): 44.82679117 seconds
Thread 26 time (avg): 44.82655850 seconds
Thread 27 time (avg): 44.82679018 seconds
Thread 28 time (avg): 44.82678522 seconds
Thread 29 time (avg): 44.82680241 seconds
Thread 30 time (avg): 44.82681082 seconds
Thread 31 time (avg): 44.82660279 seconds
Thread 32 time (avg): 44.82678998 seconds
Thread 33 time (avg): 44.82680570 seconds
Thread 34 time (avg): 44.82679874 seconds
Thread 35 time (avg): 44.82681213 seconds
Thread 36 time (avg): 44.82679201 seconds
Thread 37 time (avg): 44.82682166 seconds
Thread 38 time (avg): 44.82676327 seconds
Thread 39 time (avg): 44.82680962 seconds
Thread 40 time (avg): 44.82701354 seconds
Thread 41 time (avg): 44.82678940 seconds
Thread 42 time (avg): 44.82679143 seconds
Thread 43 time (avg): 44.82680925 seconds
Thread 44 time (avg): 44.82681404 seconds
Thread 45 time (avg): 44.82646894 seconds
Thread 46 time (avg): 44.82679653 seconds
Thread 47 time (avg): 44.82683124 seconds
Thread 48 time (avg): 44.82677828 seconds
Thread 49 time (avg): 44.82678171 seconds
Thread 50 time (avg): 44.82678196 seconds
Thread 51 time (avg): 44.82680059 seconds
Thread 52 time (avg): 44.82682132 seconds
Thread 53 time (avg): 44.82681335 seconds
Thread 54 time (avg): 44.82679735 seconds
Thread 55 time (avg): 44.82681032 seconds
Thread 56 time (avg): 44.82679886 seconds
Thread 57 time (avg): 44.82681026 seconds
Thread 58 time (avg): 44.82679351 seconds
Thread 59 time (avg): 44.82698245 seconds
Thread 60 time (avg): 44.82681504 seconds
Thread 61 time (avg): 44.82678739 seconds
Thread 62 time (avg): 44.82680353 seconds
Thread 63 time (avg): 44.82694256 seconds
Thread 64 time (avg): 44.82673796 seconds
Thread 65 time (avg): 44.82674014 seconds
Thread 66 time (avg): 44.82674208 seconds
Thread 67 time (avg): 44.82675700 seconds
Thread 68 time (avg): 44.82676839 seconds
Thread 69 time (avg): 44.82676566 seconds
Thread 70 time (avg): 44.82675829 seconds
Thread 71 time (avg): 44.82675187 seconds
Thread 72 time (avg): 44.82675584 seconds
Thread 73 time (avg): 44.82676877 seconds
Thread 74 time (avg): 44.82675045 seconds
Thread 75 time (avg): 44.82656965 seconds
Thread 76 time (avg): 44.82675850 seconds
Thread 77 time (avg): 44.82674815 seconds
Thread 78 time (avg): 44.82675109 seconds
Thread 79 time (avg): 44.82674586 seconds
Thread 80 time (avg): 44.82673910 seconds
Thread 81 time (avg): 44.82674638 seconds
Thread 82 time (avg): 44.82674654 seconds
Thread 83 time (avg): 44.82675696 seconds
Thread 84 time (avg): 44.82696615 seconds
Thread 85 time (avg): 44.82676359 seconds
Thread 86 time (avg): 44.82674836 seconds
Thread 87 time (avg): 44.82675367 seconds
Thread 88 time (avg): 44.82695187 seconds
Thread 89 time (avg): 44.82675906 seconds
Thread 90 time (avg): 44.82676637 seconds
Thread 91 time (avg): 44.82633366 seconds
Thread 92 time (avg): 44.82674534 seconds
Thread 93 time (avg): 44.82675586 seconds
Thread 94 time (avg): 44.82674959 seconds
Thread 95 time (avg): 44.82674307 seconds
	Command being timed: "./../bin/multiply_matrix_4096x4096_18980608 ../../data/random_double_matrix_13.bin ../logs/cirrus/18980608/times.log ../logs/cirrus/18980608/results/4096x4096_results.log"
	User time (seconds): 130592.90
	System time (seconds): 1.03
	Percent of CPU this job got: 9365%
	Elapsed (wall clock) time (h:mm:ss or m:ss): 23:14.44
	Average shared text size (kbytes): 0
	Average unshared data size (kbytes): 0
	Average stack size (kbytes): 0
	Average total size (kbytes): 0
	Maximum resident set size (kbytes): 396724
	Average resident set size (kbytes): 0
	Major (requiring I/O) page faults: 0
	Minor (reclaiming a frame) page faults: 2063
	Voluntary context switches: 3452
	Involuntary context switches: 348123
	Swaps: 0
	File system inputs: 393216
	File system outputs: 457264
	Socket messages sent: 0
	Socket messages received: 0
	Signals delivered: 0
	Page size (bytes): 4096
	Exit status: 0
------------8192x8192-------------
Nodes: 1
Workers (per node): 1
CPUs (per task): 96
Read time: 0.89063500 seconds
Write time: 19.87465000 seconds
Multiplication time (avg): 433.28799247 seconds
Thread 0 time (avg): 433.27526097 seconds
Thread 1 time (avg): 433.27522190 seconds
Thread 2 time (avg): 433.27467303 seconds
Thread 3 time (avg): 433.27571178 seconds
Thread 4 time (avg): 433.27507157 seconds
Thread 5 time (avg): 433.27487477 seconds
Thread 6 time (avg): 433.27594083 seconds
Thread 7 time (avg): 433.27499088 seconds
Thread 8 time (avg): 433.27621238 seconds
Thread 9 time (avg): 433.27574559 seconds
Thread 10 time (avg): 433.27614032 seconds
Thread 11 time (avg): 433.27646866 seconds
Thread 12 time (avg): 433.27594454 seconds
Thread 13 time (avg): 433.27617420 seconds
Thread 14 time (avg): 433.27448172 seconds
Thread 15 time (avg): 433.27541979 seconds
Thread 16 time (avg): 433.27567178 seconds
Thread 17 time (avg): 433.27469904 seconds
Thread 18 time (avg): 433.27532330 seconds
Thread 19 time (avg): 433.27448249 seconds
Thread 20 time (avg): 433.27564012 seconds
Thread 21 time (avg): 433.27484339 seconds
Thread 22 time (avg): 433.27520786 seconds
Thread 23 time (avg): 433.27658753 seconds
Thread 24 time (avg): 433.27584589 seconds
Thread 25 time (avg): 433.27522118 seconds
Thread 26 time (avg): 433.27590012 seconds
Thread 27 time (avg): 433.27466565 seconds
Thread 28 time (avg): 433.27359728 seconds
Thread 29 time (avg): 433.27446015 seconds
Thread 30 time (avg): 433.27517429 seconds
Thread 31 time (avg): 433.27561839 seconds
Thread 32 time (avg): 433.27489236 seconds
Thread 33 time (avg): 433.27457515 seconds
Thread 34 time (avg): 433.27405921 seconds
Thread 35 time (avg): 433.27533983 seconds
Thread 36 time (avg): 433.27506641 seconds
Thread 37 time (avg): 433.27405085 seconds
Thread 38 time (avg): 433.27428327 seconds
Thread 39 time (avg): 433.27508152 seconds
Thread 40 time (avg): 433.27405723 seconds
Thread 41 time (avg): 433.27482108 seconds
Thread 42 time (avg): 433.27458731 seconds
Thread 43 time (avg): 433.27294479 seconds
Thread 44 time (avg): 433.27408735 seconds
Thread 45 time (avg): 433.27384412 seconds
Thread 46 time (avg): 433.27488212 seconds
Thread 47 time (avg): 433.27447009 seconds
Thread 48 time (avg): 433.27477476 seconds
Thread 49 time (avg): 433.27444925 seconds
Thread 50 time (avg): 433.27529416 seconds
Thread 51 time (avg): 433.27523205 seconds
Thread 52 time (avg): 433.27449424 seconds
Thread 53 time (avg): 433.27458346 seconds
Thread 54 time (avg): 433.27356291 seconds
Thread 55 time (avg): 433.27492804 seconds
Thread 56 time (avg): 433.27445392 seconds
Thread 57 time (avg): 433.27507414 seconds
Thread 58 time (avg): 433.27339232 seconds
Thread 59 time (avg): 433.27509158 seconds
Thread 60 time (avg): 433.27469403 seconds
Thread 61 time (avg): 433.27340647 seconds
Thread 62 time (avg): 433.27482588 seconds
Thread 63 time (avg): 433.27417516 seconds
Thread 64 time (avg): 433.27449148 seconds
Thread 65 time (avg): 433.27532694 seconds
Thread 66 time (avg): 433.27483172 seconds
Thread 67 time (avg): 433.27336096 seconds
Thread 68 time (avg): 433.27469349 seconds
Thread 69 time (avg): 433.27447156 seconds
Thread 70 time (avg): 433.27551314 seconds
Thread 71 time (avg): 433.27435656 seconds
Thread 72 time (avg): 433.27505022 seconds
Thread 73 time (avg): 433.27472462 seconds
Thread 74 time (avg): 433.27446098 seconds
Thread 75 time (avg): 433.27486333 seconds
Thread 76 time (avg): 433.27482902 seconds
Thread 77 time (avg): 433.27521152 seconds
Thread 78 time (avg): 433.27458976 seconds
Thread 79 time (avg): 433.27422806 seconds
Thread 80 time (avg): 433.27399693 seconds
Thread 81 time (avg): 433.27488317 seconds
Thread 82 time (avg): 433.27414586 seconds
Thread 83 time (avg): 433.27468937 seconds
Thread 84 time (avg): 433.27487982 seconds
Thread 85 time (avg): 433.27487679 seconds
Thread 86 time (avg): 433.27448128 seconds
Thread 87 time (avg): 433.27438618 seconds
Thread 88 time (avg): 433.27505716 seconds
Thread 89 time (avg): 433.27403809 seconds
Thread 90 time (avg): 433.27541067 seconds
Thread 91 time (avg): 433.27479889 seconds
Thread 92 time (avg): 433.27567623 seconds
Thread 93 time (avg): 433.27428639 seconds
Thread 94 time (avg): 433.27494270 seconds
Thread 95 time (avg): 433.27451897 seconds
	Command being timed: "./../bin/multiply_matrix_8192x8192_18980608 ../../data/random_double_matrix_13.bin ../logs/cirrus/18980608/times.log ../logs/cirrus/18980608/results/8192x8192_results.log"
	User time (seconds): 1262766.30
	System time (seconds): 6.75
	Percent of CPU this job got: 9389%
	Elapsed (wall clock) time (h:mm:ss or m:ss): 3:44:09
	Average shared text size (kbytes): 0
	Average unshared data size (kbytes): 0
	Average stack size (kbytes): 0
	Average total size (kbytes): 0
	Maximum resident set size (kbytes): 1576384
	Average resident set size (kbytes): 0
	Major (requiring I/O) page faults: 129
	Minor (reclaiming a frame) page faults: 2723
	Voluntary context switches: 6970
	Involuntary context switches: 3636706
	Swaps: 0
	File system inputs: 1572944
	File system outputs: 1835048
	Socket messages sent: 0
	Socket messages received: 0
	Signals delivered: 0
	Page size (bytes): 4096
	Exit status: 0
===============================================
Session Time: 248m 29s
Session Finished at: 2024-11-30 15:01:14
###############################################
Details for Job ID 18980608
Running OpenMP Parallelization with double values on hpc067.a.incd.pt
Allocated Nodes: 1
Allocated Workers (per node): 1
Allocated CPUs (per task): 96
Allocated Memory (total): 480000 MB
Allocated Memory (per node): 480000MB
Allocated Memory (per CPU): 5000 MB
=============== Active Modules =================
 - Currently Loaded Modules:
 -   1) gcc-13.2
================ Memory Usage ==================
JobID            MaxRSS  MaxVMSize  MaxDiskRead MaxDiskWrite 
------------ ---------- ---------- ------------ ------------ 
18980608.ba+   1575284K   2924016K   1460042220   1246876752 
=============== Nodes Assigned =================
hpc067

