Session started at: 2024-12-19 18:44:48
Running GPU Parallelization with double values on hpc065.a.incd.pt
Using GPUs: 0
===============================================
Using random_double_matrix_15.bin input file:
------------2x2-------------
Read time: 0.00843400 seconds
Write time: 0.00020000 seconds
Multiplication time (avg): 0.00000253 seconds
	Command being timed: "./../bin/multiply_matrix_2x2_19191384 ../../data/random_double_matrix_15.bin ../logs/cirrus/19191384/times.log ../logs/cirrus/19191384/results/2x2_results.log"
	User time (seconds): 0.01
	System time (seconds): 0.28
	Percent of CPU this job got: 90%
	Elapsed (wall clock) time (h:mm:ss or m:ss): 0:00.32
	Average shared text size (kbytes): 0
	Average unshared data size (kbytes): 0
	Average stack size (kbytes): 0
	Average total size (kbytes): 0
	Maximum resident set size (kbytes): 122644
	Average resident set size (kbytes): 0
	Major (requiring I/O) page faults: 13
	Minor (reclaiming a frame) page faults: 7614
	Voluntary context switches: 85
	Involuntary context switches: 24
	Swaps: 0
	File system inputs: 2664
	File system outputs: 16
	Socket messages sent: 0
	Socket messages received: 0
	Signals delivered: 0
	Page size (bytes): 4096
	Exit status: 0
------------4x4-------------
Read time: 0.00002500 seconds
Write time: 0.00021700 seconds
Multiplication time (avg): 0.00000242 seconds
	Command being timed: "./../bin/multiply_matrix_4x4_19191384 ../../data/random_double_matrix_15.bin ../logs/cirrus/19191384/times.log ../logs/cirrus/19191384/results/4x4_results.log"
	User time (seconds): 0.01
	System time (seconds): 0.25
	Percent of CPU this job got: 96%
	Elapsed (wall clock) time (h:mm:ss or m:ss): 0:00.27
	Average shared text size (kbytes): 0
	Average unshared data size (kbytes): 0
	Average stack size (kbytes): 0
	Average total size (kbytes): 0
	Maximum resident set size (kbytes): 122684
	Average resident set size (kbytes): 0
	Major (requiring I/O) page faults: 0
	Minor (reclaiming a frame) page faults: 7635
	Voluntary context switches: 65
	Involuntary context switches: 27
	Swaps: 0
	File system inputs: 0
	File system outputs: 8
	Socket messages sent: 0
	Socket messages received: 0
	Signals delivered: 0
	Page size (bytes): 4096
	Exit status: 0
------------8x8-------------
Read time: 0.00002500 seconds
Write time: 0.00031400 seconds
Multiplication time (avg): 0.00000239 seconds
	Command being timed: "./../bin/multiply_matrix_8x8_19191384 ../../data/random_double_matrix_15.bin ../logs/cirrus/19191384/times.log ../logs/cirrus/19191384/results/8x8_results.log"
	User time (seconds): 0.02
	System time (seconds): 0.25
	Percent of CPU this job got: 96%
	Elapsed (wall clock) time (h:mm:ss or m:ss): 0:00.28
	Average shared text size (kbytes): 0
	Average unshared data size (kbytes): 0
	Average stack size (kbytes): 0
	Average total size (kbytes): 0
	Maximum resident set size (kbytes): 122684
	Average resident set size (kbytes): 0
	Major (requiring I/O) page faults: 0
	Minor (reclaiming a frame) page faults: 7633
	Voluntary context switches: 68
	Involuntary context switches: 26
	Swaps: 0
	File system inputs: 0
	File system outputs: 8
	Socket messages sent: 0
	Socket messages received: 0
	Signals delivered: 0
	Page size (bytes): 4096
	Exit status: 0
------------16x16-------------
Read time: 0.00002800 seconds
Write time: 0.00035200 seconds
Multiplication time (avg): 0.00000236 seconds
	Command being timed: "./../bin/multiply_matrix_16x16_19191384 ../../data/random_double_matrix_15.bin ../logs/cirrus/19191384/times.log ../logs/cirrus/19191384/results/16x16_results.log"
	User time (seconds): 0.01
	System time (seconds): 0.25
	Percent of CPU this job got: 96%
	Elapsed (wall clock) time (h:mm:ss or m:ss): 0:00.28
	Average shared text size (kbytes): 0
	Average unshared data size (kbytes): 0
	Average stack size (kbytes): 0
	Average total size (kbytes): 0
	Maximum resident set size (kbytes): 122688
	Average resident set size (kbytes): 0
	Major (requiring I/O) page faults: 0
	Minor (reclaiming a frame) page faults: 7635
	Voluntary context switches: 65
	Involuntary context switches: 27
	Swaps: 0
	File system inputs: 0
	File system outputs: 8
	Socket messages sent: 0
	Socket messages received: 0
	Signals delivered: 0
	Page size (bytes): 4096
	Exit status: 0
------------32x32-------------
Read time: 0.00002800 seconds
Write time: 0.00069200 seconds
Multiplication time (avg): 0.00001000 seconds
	Command being timed: "./../bin/multiply_matrix_32x32_19191384 ../../data/random_double_matrix_15.bin ../logs/cirrus/19191384/times.log ../logs/cirrus/19191384/results/32x32_results.log"
	User time (seconds): 0.02
	System time (seconds): 0.25
	Percent of CPU this job got: 96%
	Elapsed (wall clock) time (h:mm:ss or m:ss): 0:00.28
	Average shared text size (kbytes): 0
	Average unshared data size (kbytes): 0
	Average stack size (kbytes): 0
	Average total size (kbytes): 0
	Maximum resident set size (kbytes): 123800
	Average resident set size (kbytes): 0
	Major (requiring I/O) page faults: 3
	Minor (reclaiming a frame) page faults: 7843
	Voluntary context switches: 66
	Involuntary context switches: 26
	Swaps: 0
	File system inputs: 264
	File system outputs: 40
	Socket messages sent: 0
	Socket messages received: 0
	Signals delivered: 0
	Page size (bytes): 4096
	Exit status: 0
------------64x64-------------
Read time: 0.00241200 seconds
Write time: 0.00124400 seconds
Multiplication time (avg): 0.00001328 seconds
	Command being timed: "./../bin/multiply_matrix_64x64_19191384 ../../data/random_double_matrix_15.bin ../logs/cirrus/19191384/times.log ../logs/cirrus/19191384/results/64x64_results.log"
	User time (seconds): 0.02
	System time (seconds): 0.25
	Percent of CPU this job got: 96%
	Elapsed (wall clock) time (h:mm:ss or m:ss): 0:00.29
	Average shared text size (kbytes): 0
	Average unshared data size (kbytes): 0
	Average stack size (kbytes): 0
	Average total size (kbytes): 0
	Maximum resident set size (kbytes): 124424
	Average resident set size (kbytes): 0
	Major (requiring I/O) page faults: 0
	Minor (reclaiming a frame) page faults: 8001
	Voluntary context switches: 66
	Involuntary context switches: 28
	Swaps: 0
	File system inputs: 2032
	File system outputs: 96
	Socket messages sent: 0
	Socket messages received: 0
	Signals delivered: 0
	Page size (bytes): 4096
	Exit status: 0
------------128x128-------------
Read time: 0.01141100 seconds
Write time: 0.00368200 seconds
Multiplication time (avg): 0.00001632 seconds
	Command being timed: "./../bin/multiply_matrix_128x128_19191384 ../../data/random_double_matrix_15.bin ../logs/cirrus/19191384/times.log ../logs/cirrus/19191384/results/128x128_results.log"
	User time (seconds): 0.02
	System time (seconds): 0.26
	Percent of CPU this job got: 92%
	Elapsed (wall clock) time (h:mm:ss or m:ss): 0:00.31
	Average shared text size (kbytes): 0
	Average unshared data size (kbytes): 0
	Average stack size (kbytes): 0
	Average total size (kbytes): 0
	Maximum resident set size (kbytes): 123900
	Average resident set size (kbytes): 0
	Major (requiring I/O) page faults: 0
	Minor (reclaiming a frame) page faults: 7892
	Voluntary context switches: 66
	Involuntary context switches: 27
	Swaps: 0
	File system inputs: 129024
	File system outputs: 296
	Socket messages sent: 0
	Socket messages received: 0
	Signals delivered: 0
	Page size (bytes): 4096
	Exit status: 0
------------256x256-------------
Read time: 0.00389800 seconds
Write time: 0.01134600 seconds
Multiplication time (avg): 0.00003306 seconds
	Command being timed: "./../bin/multiply_matrix_256x256_19191384 ../../data/random_double_matrix_15.bin ../logs/cirrus/19191384/times.log ../logs/cirrus/19191384/results/256x256_results.log"
	User time (seconds): 0.04
	System time (seconds): 0.25
	Percent of CPU this job got: 91%
	Elapsed (wall clock) time (h:mm:ss or m:ss): 0:00.32
	Average shared text size (kbytes): 0
	Average unshared data size (kbytes): 0
	Average stack size (kbytes): 0
	Average total size (kbytes): 0
	Maximum resident set size (kbytes): 124568
	Average resident set size (kbytes): 0
	Major (requiring I/O) page faults: 0
	Minor (reclaiming a frame) page faults: 8090
	Voluntary context switches: 63
	Involuntary context switches: 25
	Swaps: 0
	File system inputs: 0
	File system outputs: 664
	Socket messages sent: 0
	Socket messages received: 0
	Signals delivered: 0
	Page size (bytes): 4096
	Exit status: 0
------------512x512-------------
Read time: 0.00491000 seconds
Write time: 0.04593100 seconds
Multiplication time (avg): 0.00013344 seconds
	Command being timed: "./../bin/multiply_matrix_512x512_19191384 ../../data/random_double_matrix_15.bin ../logs/cirrus/19191384/times.log ../logs/cirrus/19191384/results/512x512_results.log"
	User time (seconds): 0.07
	System time (seconds): 0.27
	Percent of CPU this job got: 94%
	Elapsed (wall clock) time (h:mm:ss or m:ss): 0:00.37
	Average shared text size (kbytes): 0
	Average unshared data size (kbytes): 0
	Average stack size (kbytes): 0
	Average total size (kbytes): 0
	Maximum resident set size (kbytes): 127196
	Average resident set size (kbytes): 0
	Major (requiring I/O) page faults: 0
	Minor (reclaiming a frame) page faults: 8860
	Voluntary context switches: 66
	Involuntary context switches: 29
	Swaps: 0
	File system inputs: 2048
	File system outputs: 3512
	Socket messages sent: 0
	Socket messages received: 0
	Signals delivered: 0
	Page size (bytes): 4096
	Exit status: 0
------------1024x1024-------------
Read time: 0.00805900 seconds
Write time: 0.10466000 seconds
Multiplication time (avg): 0.00000000 seconds
	Command being timed: "./../bin/multiply_matrix_1024x1024_19191384 ../../data/random_double_matrix_15.bin ../logs/cirrus/19191384/times.log ../logs/cirrus/19191384/results/1024x1024_results.log"
	User time (seconds): 0.33
	System time (seconds): 0.26
	Percent of CPU this job got: 69%
	Elapsed (wall clock) time (h:mm:ss or m:ss): 0:00.85
	Average shared text size (kbytes): 0
	Average unshared data size (kbytes): 0
	Average stack size (kbytes): 0
	Average total size (kbytes): 0
	Maximum resident set size (kbytes): 132424
	Average resident set size (kbytes): 0
	Major (requiring I/O) page faults: 0
	Minor (reclaiming a frame) page faults: 8382
	Voluntary context switches: 71
	Involuntary context switches: 33
	Swaps: 0
	File system inputs: 12288
	File system outputs: 10264
	Socket messages sent: 0
	Socket messages received: 0
	Signals delivered: 0
	Page size (bytes): 4096
	Exit status: 0
------------2048x2048-------------
Read time: 0.01951400 seconds
Write time: 0.41695300 seconds
Multiplication time (avg): 0.00000000 seconds
	Command being timed: "./../bin/multiply_matrix_2048x2048_19191384 ../../data/random_double_matrix_15.bin ../logs/cirrus/19191384/times.log ../logs/cirrus/19191384/results/2048x2048_results.log"
	User time (seconds): 0.62
	System time (seconds): 0.29
	Percent of CPU this job got: 77%
	Elapsed (wall clock) time (h:mm:ss or m:ss): 0:01.19
	Average shared text size (kbytes): 0
	Average unshared data size (kbytes): 0
	Average stack size (kbytes): 0
	Average total size (kbytes): 0
	Maximum resident set size (kbytes): 157012
	Average resident set size (kbytes): 0
	Major (requiring I/O) page faults: 0
	Minor (reclaiming a frame) page faults: 8409
	Voluntary context switches: 74
	Involuntary context switches: 38
	Swaps: 0
	File system inputs: 49152
	File system outputs: 40984
	Socket messages sent: 0
	Socket messages received: 0
	Signals delivered: 0
	Page size (bytes): 4096
	Exit status: 0
------------4096x4096-------------
Read time: 0.06162700 seconds
Write time: 3.53849000 seconds
Multiplication time (avg): 0.00000000 seconds
	Command being timed: "./../bin/multiply_matrix_4096x4096_19191384 ../../data/random_double_matrix_15.bin ../logs/cirrus/19191384/times.log ../logs/cirrus/19191384/results/4096x4096_results.log"
	User time (seconds): 3.70
	System time (seconds): 0.47
	Percent of CPU this job got: 93%
	Elapsed (wall clock) time (h:mm:ss or m:ss): 0:04.46
	Average shared text size (kbytes): 0
	Average unshared data size (kbytes): 0
	Average stack size (kbytes): 0
	Average total size (kbytes): 0
	Maximum resident set size (kbytes): 320888
	Average resident set size (kbytes): 0
	Major (requiring I/O) page faults: 0
	Minor (reclaiming a frame) page faults: 8499
	Voluntary context switches: 104
	Involuntary context switches: 73
	Swaps: 0
	File system inputs: 196608
	File system outputs: 312848
	Socket messages sent: 0
	Socket messages received: 0
	Signals delivered: 0
	Page size (bytes): 4096
	Exit status: 0
------------8192x8192-------------
Read time: 0.50166700 seconds
Write time: 14.12304800 seconds
Multiplication time (avg): 0.00000000 seconds
	Command being timed: "./../bin/multiply_matrix_8192x8192_19191384 ../../data/random_double_matrix_15.bin ../logs/cirrus/19191384/times.log ../logs/cirrus/19191384/results/8192x8192_results.log"
	User time (seconds): 14.40
	System time (seconds): 1.13
	Percent of CPU this job got: 96%
	Elapsed (wall clock) time (h:mm:ss or m:ss): 0:16.16
	Average shared text size (kbytes): 0
	Average unshared data size (kbytes): 0
	Average stack size (kbytes): 0
	Average total size (kbytes): 0
	Maximum resident set size (kbytes): 910736
	Average resident set size (kbytes): 0
	Major (requiring I/O) page faults: 0
	Minor (reclaiming a frame) page faults: 8889
	Voluntary context switches: 291
	Involuntary context switches: 199
	Swaps: 0
	File system inputs: 657408
	File system outputs: 1265208
	Socket messages sent: 0
	Socket messages received: 0
	Signals delivered: 0
	Page size (bytes): 4096
	Exit status: 0
------------16384x16384-------------
Read time: 2.03646000 seconds
Write time: 26.81341200 seconds
Multiplication time (avg): 0.00000000 seconds
	Command being timed: "./../bin/multiply_matrix_16384x16384_19191384 ../../data/random_double_matrix_15.bin ../logs/cirrus/19191384/times.log ../logs/cirrus/19191384/results/16384x16384_results.log"
	User time (seconds): 27.45
	System time (seconds): 2.56
	Percent of CPU this job got: 95%
	Elapsed (wall clock) time (h:mm:ss or m:ss): 0:31.44
	Average shared text size (kbytes): 0
	Average unshared data size (kbytes): 0
	Average stack size (kbytes): 0
	Average total size (kbytes): 0
	Maximum resident set size (kbytes): 2221400
	Average resident set size (kbytes): 0
	Major (requiring I/O) page faults: 0
	Minor (reclaiming a frame) page faults: 10426
	Voluntary context switches: 876
	Involuntary context switches: 361
	Swaps: 0
	File system inputs: 3145728
	File system outputs: 2621512
	Socket messages sent: 0
	Socket messages received: 0
	Signals delivered: 0
	Page size (bytes): 4096
	Exit status: 0
------------32768x32768-------------
Read time: 1.96469500 seconds
Write time: 107.14091200 seconds
Multiplication time (avg): 0.00000000 seconds
	Command being timed: "./../bin/multiply_matrix_32768x32768_19191384 ../../data/random_double_matrix_15.bin ../logs/cirrus/19191384/times.log ../logs/cirrus/19191384/results/32768x32768_results.log"
	User time (seconds): 115.52
	System time (seconds): 7.80
	Percent of CPU this job got: 99%
	Elapsed (wall clock) time (h:mm:ss or m:ss): 2:03.88
	Average shared text size (kbytes): 0
	Average unshared data size (kbytes): 0
	Average stack size (kbytes): 0
	Average total size (kbytes): 0
	Maximum resident set size (kbytes): 8512856
	Average resident set size (kbytes): 0
	Major (requiring I/O) page faults: 0
	Minor (reclaiming a frame) page faults: 16570
	Voluntary context switches: 1293
	Involuntary context switches: 1577
	Swaps: 0
	File system inputs: 60208
	File system outputs: 10485872
	Socket messages sent: 0
	Socket messages received: 0
	Signals delivered: 0
	Page size (bytes): 4096
	Exit status: 0
===============================================
Session Time: 3m 8s
Session Finished at: 2024-12-19 18:47:56
###############################################
Details for Job ID 19191384
Running GPU Parallelization with double values on hpc065.a.incd.pt
=============== Active Modules =================
 - Currently Loaded Modules:
 -   1) cuda/12.6
================ Memory Usage ==================
JobID            MaxRSS  MaxVMSize  MaxDiskRead MaxDiskWrite 
------------ ---------- ---------- ------------ ------------ 
19191384.ba+  17040336K  22117532K  11723468232  16193616432 
=============== Nodes Assigned =================
hpc065

