Session started at: 2024-11-23 17:54:37
Running serial multiplication with int values (O-fast) on hpc067.a.incd.pt
===============================================
Using random_int_matrix_12.bin input file:
------------2x2-------------
Read time: 0.00003400 seconds
Write time: 0.00018300 seconds
Multiplication time (avg): 0.00000003 seconds
	Command being timed: "./../bin/multiply_matrix_2x2_18944708 ../../data/random_int_matrix_12.bin ../logs/cirrus/18944708/times.log ../logs/cirrus/18944708/results/2x2_results.log"
	User time (seconds): 0.00
	System time (seconds): 0.00
	Percent of CPU this job got: 0%
	Elapsed (wall clock) time (h:mm:ss or m:ss): 0:00.00
	Average shared text size (kbytes): 0
	Average unshared data size (kbytes): 0
	Average stack size (kbytes): 0
	Average total size (kbytes): 0
	Maximum resident set size (kbytes): 1444
	Average resident set size (kbytes): 0
	Major (requiring I/O) page faults: 0
	Minor (reclaiming a frame) page faults: 72
	Voluntary context switches: 8
	Involuntary context switches: 0
	Swaps: 0
	File system inputs: 0
	File system outputs: 0
	Socket messages sent: 0
	Socket messages received: 0
	Signals delivered: 0
	Page size (bytes): 4096
	Exit status: 0
------------4x4-------------
Read time: 0.00005400 seconds
Write time: 0.00026900 seconds
Multiplication time (avg): 0.00000000 seconds
	Command being timed: "./../bin/multiply_matrix_4x4_18944708 ../../data/random_int_matrix_12.bin ../logs/cirrus/18944708/times.log ../logs/cirrus/18944708/results/4x4_results.log"
	User time (seconds): 0.00
	System time (seconds): 0.00
	Percent of CPU this job got: 0%
	Elapsed (wall clock) time (h:mm:ss or m:ss): 0:00.00
	Average shared text size (kbytes): 0
	Average unshared data size (kbytes): 0
	Average stack size (kbytes): 0
	Average total size (kbytes): 0
	Maximum resident set size (kbytes): 1448
	Average resident set size (kbytes): 0
	Major (requiring I/O) page faults: 0
	Minor (reclaiming a frame) page faults: 73
	Voluntary context switches: 8
	Involuntary context switches: 0
	Swaps: 0
	File system inputs: 0
	File system outputs: 0
	Socket messages sent: 0
	Socket messages received: 0
	Signals delivered: 0
	Page size (bytes): 4096
	Exit status: 0
------------8x8-------------
Read time: 0.00008100 seconds
Write time: 0.00029300 seconds
Multiplication time (avg): 0.00000010 seconds
	Command being timed: "./../bin/multiply_matrix_8x8_18944708 ../../data/random_int_matrix_12.bin ../logs/cirrus/18944708/times.log ../logs/cirrus/18944708/results/8x8_results.log"
	User time (seconds): 0.00
	System time (seconds): 0.00
	Percent of CPU this job got: 33%
	Elapsed (wall clock) time (h:mm:ss or m:ss): 0:00.00
	Average shared text size (kbytes): 0
	Average unshared data size (kbytes): 0
	Average stack size (kbytes): 0
	Average total size (kbytes): 0
	Maximum resident set size (kbytes): 1448
	Average resident set size (kbytes): 0
	Major (requiring I/O) page faults: 0
	Minor (reclaiming a frame) page faults: 73
	Voluntary context switches: 8
	Involuntary context switches: 0
	Swaps: 0
	File system inputs: 0
	File system outputs: 0
	Socket messages sent: 0
	Socket messages received: 0
	Signals delivered: 0
	Page size (bytes): 4096
	Exit status: 0
------------16x16-------------
Read time: 0.00007700 seconds
Write time: 0.00025800 seconds
Multiplication time (avg): 0.00000063 seconds
	Command being timed: "./../bin/multiply_matrix_16x16_18944708 ../../data/random_int_matrix_12.bin ../logs/cirrus/18944708/times.log ../logs/cirrus/18944708/results/16x16_results.log"
	User time (seconds): 0.00
	System time (seconds): 0.00
	Percent of CPU this job got: 50%
	Elapsed (wall clock) time (h:mm:ss or m:ss): 0:00.00
	Average shared text size (kbytes): 0
	Average unshared data size (kbytes): 0
	Average stack size (kbytes): 0
	Average total size (kbytes): 0
	Maximum resident set size (kbytes): 1452
	Average resident set size (kbytes): 0
	Major (requiring I/O) page faults: 0
	Minor (reclaiming a frame) page faults: 74
	Voluntary context switches: 8
	Involuntary context switches: 0
	Swaps: 0
	File system inputs: 0
	File system outputs: 0
	Socket messages sent: 0
	Socket messages received: 0
	Signals delivered: 0
	Page size (bytes): 4096
	Exit status: 0
------------32x32-------------
Read time: 0.00007700 seconds
Write time: 0.00079500 seconds
Multiplication time (avg): 0.00000643 seconds
	Command being timed: "./../bin/multiply_matrix_32x32_18944708 ../../data/random_int_matrix_12.bin ../logs/cirrus/18944708/times.log ../logs/cirrus/18944708/results/32x32_results.log"
	User time (seconds): 0.00
	System time (seconds): 0.00
	Percent of CPU this job got: 66%
	Elapsed (wall clock) time (h:mm:ss or m:ss): 0:00.00
	Average shared text size (kbytes): 0
	Average unshared data size (kbytes): 0
	Average stack size (kbytes): 0
	Average total size (kbytes): 0
	Maximum resident set size (kbytes): 1456
	Average resident set size (kbytes): 0
	Major (requiring I/O) page faults: 0
	Minor (reclaiming a frame) page faults: 75
	Voluntary context switches: 8
	Involuntary context switches: 0
	Swaps: 0
	File system inputs: 0
	File system outputs: 16
	Socket messages sent: 0
	Socket messages received: 0
	Signals delivered: 0
	Page size (bytes): 4096
	Exit status: 0
------------64x64-------------
Read time: 0.00008500 seconds
Write time: 0.00075000 seconds
Multiplication time (avg): 0.00004777 seconds
	Command being timed: "./../bin/multiply_matrix_64x64_18944708 ../../data/random_int_matrix_12.bin ../logs/cirrus/18944708/times.log ../logs/cirrus/18944708/results/64x64_results.log"
	User time (seconds): 0.00
	System time (seconds): 0.00
	Percent of CPU this job got: 75%
	Elapsed (wall clock) time (h:mm:ss or m:ss): 0:00.00
	Average shared text size (kbytes): 0
	Average unshared data size (kbytes): 0
	Average stack size (kbytes): 0
	Average total size (kbytes): 0
	Maximum resident set size (kbytes): 1496
	Average resident set size (kbytes): 0
	Major (requiring I/O) page faults: 0
	Minor (reclaiming a frame) page faults: 88
	Voluntary context switches: 8
	Involuntary context switches: 0
	Swaps: 0
	File system inputs: 0
	File system outputs: 72
	Socket messages sent: 0
	Socket messages received: 0
	Signals delivered: 0
	Page size (bytes): 4096
	Exit status: 0
------------128x128-------------
Read time: 0.00017300 seconds
Write time: 0.00162000 seconds
Multiplication time (avg): 0.00037883 seconds
	Command being timed: "./../bin/multiply_matrix_128x128_18944708 ../../data/random_int_matrix_12.bin ../logs/cirrus/18944708/times.log ../logs/cirrus/18944708/results/128x128_results.log"
	User time (seconds): 0.01
	System time (seconds): 0.00
	Percent of CPU this job got: 87%
	Elapsed (wall clock) time (h:mm:ss or m:ss): 0:00.01
	Average shared text size (kbytes): 0
	Average unshared data size (kbytes): 0
	Average stack size (kbytes): 0
	Average total size (kbytes): 0
	Maximum resident set size (kbytes): 1636
	Average resident set size (kbytes): 0
	Major (requiring I/O) page faults: 0
	Minor (reclaiming a frame) page faults: 135
	Voluntary context switches: 8
	Involuntary context switches: 1
	Swaps: 0
	File system inputs: 0
	File system outputs: 288
	Socket messages sent: 0
	Socket messages received: 0
	Signals delivered: 0
	Page size (bytes): 4096
	Exit status: 0
------------256x256-------------
Read time: 0.00062200 seconds
Write time: 0.00472400 seconds
Multiplication time (avg): 0.00343670 seconds
	Command being timed: "./../bin/multiply_matrix_256x256_18944708 ../../data/random_int_matrix_12.bin ../logs/cirrus/18944708/times.log ../logs/cirrus/18944708/results/256x256_results.log"
	User time (seconds): 0.10
	System time (seconds): 0.00
	Percent of CPU this job got: 97%
	Elapsed (wall clock) time (h:mm:ss or m:ss): 0:00.11
	Average shared text size (kbytes): 0
	Average unshared data size (kbytes): 0
	Average stack size (kbytes): 0
	Average total size (kbytes): 0
	Maximum resident set size (kbytes): 2212
	Average resident set size (kbytes): 0
	Major (requiring I/O) page faults: 0
	Minor (reclaiming a frame) page faults: 327
	Voluntary context switches: 8
	Involuntary context switches: 4
	Swaps: 0
	File system inputs: 0
	File system outputs: 1152
	Socket messages sent: 0
	Socket messages received: 0
	Signals delivered: 0
	Page size (bytes): 4096
	Exit status: 0
------------512x512-------------
Read time: 0.00257200 seconds
Write time: 0.01722900 seconds
Multiplication time (avg): 0.03677617 seconds
	Command being timed: "./../bin/multiply_matrix_512x512_18944708 ../../data/random_int_matrix_12.bin ../logs/cirrus/18944708/times.log ../logs/cirrus/18944708/results/512x512_results.log"
	User time (seconds): 1.14
	System time (seconds): 0.00
	Percent of CPU this job got: 99%
	Elapsed (wall clock) time (h:mm:ss or m:ss): 0:01.16
	Average shared text size (kbytes): 0
	Average unshared data size (kbytes): 0
	Average stack size (kbytes): 0
	Average total size (kbytes): 0
	Maximum resident set size (kbytes): 4516
	Average resident set size (kbytes): 0
	Major (requiring I/O) page faults: 0
	Minor (reclaiming a frame) page faults: 1095
	Voluntary context switches: 8
	Involuntary context switches: 13
	Swaps: 0
	File system inputs: 0
	File system outputs: 5120
	Socket messages sent: 0
	Socket messages received: 0
	Signals delivered: 0
	Page size (bytes): 4096
	Exit status: 0
------------1024x1024-------------
Read time: 0.00397000 seconds
Write time: 0.06160600 seconds
Multiplication time (avg): 0.26419767 seconds
	Command being timed: "./../bin/multiply_matrix_1024x1024_18944708 ../../data/random_int_matrix_12.bin ../logs/cirrus/18944708/times.log ../logs/cirrus/18944708/results/1024x1024_results.log"
	User time (seconds): 8.19
	System time (seconds): 0.02
	Percent of CPU this job got: 99%
	Elapsed (wall clock) time (h:mm:ss or m:ss): 0:08.24
	Average shared text size (kbytes): 0
	Average unshared data size (kbytes): 0
	Average stack size (kbytes): 0
	Average total size (kbytes): 0
	Maximum resident set size (kbytes): 13732
	Average resident set size (kbytes): 0
	Major (requiring I/O) page faults: 0
	Minor (reclaiming a frame) page faults: 1610
	Voluntary context switches: 8
	Involuntary context switches: 59
	Swaps: 0
	File system inputs: 0
	File system outputs: 20480
	Socket messages sent: 0
	Socket messages received: 0
	Signals delivered: 0
	Page size (bytes): 4096
	Exit status: 0
------------2048x2048-------------
Read time: 0.04001700 seconds
Write time: 0.22547000 seconds
Multiplication time (avg): 5.14342810 seconds
	Command being timed: "./../bin/multiply_matrix_2048x2048_18944708 ../../data/random_int_matrix_12.bin ../logs/cirrus/18944708/times.log ../logs/cirrus/18944708/results/2048x2048_results.log"
	User time (seconds): 159.59
	System time (seconds): 0.09
	Percent of CPU this job got: 99%
	Elapsed (wall clock) time (h:mm:ss or m:ss): 2:40.32
	Average shared text size (kbytes): 0
	Average unshared data size (kbytes): 0
	Average stack size (kbytes): 0
	Average total size (kbytes): 0
	Maximum resident set size (kbytes): 50596
	Average resident set size (kbytes): 0
	Major (requiring I/O) page faults: 0
	Minor (reclaiming a frame) page faults: 4700
	Voluntary context switches: 14
	Involuntary context switches: 539
	Swaps: 0
	File system inputs: 49168
	File system outputs: 81936
	Socket messages sent: 0
	Socket messages received: 0
	Signals delivered: 0
	Page size (bytes): 4096
	Exit status: 0
------------4096x4096-------------
Read time: 0.34531500 seconds
Write time: 0.95370000 seconds
Multiplication time (avg): 47.71501183 seconds
	Command being timed: "./../bin/multiply_matrix_4096x4096_18944708 ../../data/random_int_matrix_12.bin ../logs/cirrus/18944708/times.log ../logs/cirrus/18944708/results/4096x4096_results.log"
	User time (seconds): 1476.10
	System time (seconds): 0.45
	Percent of CPU this job got: 99%
	Elapsed (wall clock) time (h:mm:ss or m:ss): 24:42.82
	Average shared text size (kbytes): 0
	Average unshared data size (kbytes): 0
	Average stack size (kbytes): 0
	Average total size (kbytes): 0
	Maximum resident set size (kbytes): 198052
	Average resident set size (kbytes): 0
	Major (requiring I/O) page faults: 340
	Minor (reclaiming a frame) page faults: 17060
	Voluntary context switches: 362
	Involuntary context switches: 5259
	Swaps: 0
	File system inputs: 205528
	File system outputs: 359736
	Socket messages sent: 0
	Socket messages received: 0
	Signals delivered: 0
	Page size (bytes): 4096
	Exit status: 0
===============================================
Using diag_int_matrix_12.bin input file:
------------2x2-------------
Read time: 0.00007200 seconds
Write time: 0.00051500 seconds
Multiplication time (avg): 0.00000000 seconds
	Command being timed: "./../bin/multiply_matrix_2x2_18944708 ../../data/diag_int_matrix_12.bin ../logs/cirrus/18944708/times.log ../logs/cirrus/18944708/results/2x2_results.log"
	User time (seconds): 0.00
	System time (seconds): 0.00
	Percent of CPU this job got: 50%
	Elapsed (wall clock) time (h:mm:ss or m:ss): 0:00.00
	Average shared text size (kbytes): 0
	Average unshared data size (kbytes): 0
	Average stack size (kbytes): 0
	Average total size (kbytes): 0
	Maximum resident set size (kbytes): 1444
	Average resident set size (kbytes): 0
	Major (requiring I/O) page faults: 0
	Minor (reclaiming a frame) page faults: 72
	Voluntary context switches: 6
	Involuntary context switches: 1
	Swaps: 0
	File system inputs: 0
	File system outputs: 0
	Socket messages sent: 0
	Socket messages received: 0
	Signals delivered: 0
	Page size (bytes): 4096
	Exit status: 0
------------4x4-------------
Read time: 0.00006400 seconds
Write time: 0.00047200 seconds
Multiplication time (avg): 0.00000003 seconds
	Command being timed: "./../bin/multiply_matrix_4x4_18944708 ../../data/diag_int_matrix_12.bin ../logs/cirrus/18944708/times.log ../logs/cirrus/18944708/results/4x4_results.log"
	User time (seconds): 0.00
	System time (seconds): 0.00
	Percent of CPU this job got: 50%
	Elapsed (wall clock) time (h:mm:ss or m:ss): 0:00.00
	Average shared text size (kbytes): 0
	Average unshared data size (kbytes): 0
	Average stack size (kbytes): 0
	Average total size (kbytes): 0
	Maximum resident set size (kbytes): 1448
	Average resident set size (kbytes): 0
	Major (requiring I/O) page faults: 0
	Minor (reclaiming a frame) page faults: 73
	Voluntary context switches: 6
	Involuntary context switches: 0
	Swaps: 0
	File system inputs: 0
	File system outputs: 0
	Socket messages sent: 0
	Socket messages received: 0
	Signals delivered: 0
	Page size (bytes): 4096
	Exit status: 0
------------8x8-------------
Read time: 0.00009200 seconds
Write time: 0.00048300 seconds
Multiplication time (avg): 0.00000013 seconds
	Command being timed: "./../bin/multiply_matrix_8x8_18944708 ../../data/diag_int_matrix_12.bin ../logs/cirrus/18944708/times.log ../logs/cirrus/18944708/results/8x8_results.log"
	User time (seconds): 0.00
	System time (seconds): 0.00
	Percent of CPU this job got: 33%
	Elapsed (wall clock) time (h:mm:ss or m:ss): 0:00.00
	Average shared text size (kbytes): 0
	Average unshared data size (kbytes): 0
	Average stack size (kbytes): 0
	Average total size (kbytes): 0
	Maximum resident set size (kbytes): 1448
	Average resident set size (kbytes): 0
	Major (requiring I/O) page faults: 0
	Minor (reclaiming a frame) page faults: 73
	Voluntary context switches: 6
	Involuntary context switches: 0
	Swaps: 0
	File system inputs: 0
	File system outputs: 0
	Socket messages sent: 0
	Socket messages received: 0
	Signals delivered: 0
	Page size (bytes): 4096
	Exit status: 0
------------16x16-------------
Read time: 0.00006800 seconds
Write time: 0.00052800 seconds
Multiplication time (avg): 0.00000067 seconds
	Command being timed: "./../bin/multiply_matrix_16x16_18944708 ../../data/diag_int_matrix_12.bin ../logs/cirrus/18944708/times.log ../logs/cirrus/18944708/results/16x16_results.log"
	User time (seconds): 0.00
	System time (seconds): 0.00
	Percent of CPU this job got: 50%
	Elapsed (wall clock) time (h:mm:ss or m:ss): 0:00.00
	Average shared text size (kbytes): 0
	Average unshared data size (kbytes): 0
	Average stack size (kbytes): 0
	Average total size (kbytes): 0
	Maximum resident set size (kbytes): 1452
	Average resident set size (kbytes): 0
	Major (requiring I/O) page faults: 0
	Minor (reclaiming a frame) page faults: 74
	Voluntary context switches: 6
	Involuntary context switches: 0
	Swaps: 0
	File system inputs: 0
	File system outputs: 8
	Socket messages sent: 0
	Socket messages received: 0
	Signals delivered: 0
	Page size (bytes): 4096
	Exit status: 0
------------32x32-------------
Read time: 0.00006900 seconds
Write time: 0.00064300 seconds
Multiplication time (avg): 0.00000633 seconds
	Command being timed: "./../bin/multiply_matrix_32x32_18944708 ../../data/diag_int_matrix_12.bin ../logs/cirrus/18944708/times.log ../logs/cirrus/18944708/results/32x32_results.log"
	User time (seconds): 0.00
	System time (seconds): 0.00
	Percent of CPU this job got: 50%
	Elapsed (wall clock) time (h:mm:ss or m:ss): 0:00.00
	Average shared text size (kbytes): 0
	Average unshared data size (kbytes): 0
	Average stack size (kbytes): 0
	Average total size (kbytes): 0
	Maximum resident set size (kbytes): 1456
	Average resident set size (kbytes): 0
	Major (requiring I/O) page faults: 0
	Minor (reclaiming a frame) page faults: 75
	Voluntary context switches: 6
	Involuntary context switches: 1
	Swaps: 0
	File system inputs: 0
	File system outputs: 16
	Socket messages sent: 0
	Socket messages received: 0
	Signals delivered: 0
	Page size (bytes): 4096
	Exit status: 0
------------64x64-------------
Read time: 0.00008600 seconds
Write time: 0.00093800 seconds
Multiplication time (avg): 0.00004810 seconds
	Command being timed: "./../bin/multiply_matrix_64x64_18944708 ../../data/diag_int_matrix_12.bin ../logs/cirrus/18944708/times.log ../logs/cirrus/18944708/results/64x64_results.log"
	User time (seconds): 0.00
	System time (seconds): 0.00
	Percent of CPU this job got: 50%
	Elapsed (wall clock) time (h:mm:ss or m:ss): 0:00.00
	Average shared text size (kbytes): 0
	Average unshared data size (kbytes): 0
	Average stack size (kbytes): 0
	Average total size (kbytes): 0
	Maximum resident set size (kbytes): 1496
	Average resident set size (kbytes): 0
	Major (requiring I/O) page faults: 0
	Minor (reclaiming a frame) page faults: 88
	Voluntary context switches: 6
	Involuntary context switches: 1
	Swaps: 0
	File system inputs: 0
	File system outputs: 72
	Socket messages sent: 0
	Socket messages received: 0
	Signals delivered: 0
	Page size (bytes): 4096
	Exit status: 0
------------128x128-------------
Read time: 0.00016900 seconds
Write time: 0.00163300 seconds
Multiplication time (avg): 0.00037313 seconds
	Command being timed: "./../bin/multiply_matrix_128x128_18944708 ../../data/diag_int_matrix_12.bin ../logs/cirrus/18944708/times.log ../logs/cirrus/18944708/results/128x128_results.log"
	User time (seconds): 0.01
	System time (seconds): 0.00
	Percent of CPU this job got: 93%
	Elapsed (wall clock) time (h:mm:ss or m:ss): 0:00.01
	Average shared text size (kbytes): 0
	Average unshared data size (kbytes): 0
	Average stack size (kbytes): 0
	Average total size (kbytes): 0
	Maximum resident set size (kbytes): 1636
	Average resident set size (kbytes): 0
	Major (requiring I/O) page faults: 0
	Minor (reclaiming a frame) page faults: 135
	Voluntary context switches: 6
	Involuntary context switches: 1
	Swaps: 0
	File system inputs: 0
	File system outputs: 288
	Socket messages sent: 0
	Socket messages received: 0
	Signals delivered: 0
	Page size (bytes): 4096
	Exit status: 0
------------256x256-------------
Read time: 0.00058800 seconds
Write time: 0.00421000 seconds
Multiplication time (avg): 0.00292000 seconds
	Command being timed: "./../bin/multiply_matrix_256x256_18944708 ../../data/diag_int_matrix_12.bin ../logs/cirrus/18944708/times.log ../logs/cirrus/18944708/results/256x256_results.log"
	User time (seconds): 0.09
	System time (seconds): 0.00
	Percent of CPU this job got: 95%
	Elapsed (wall clock) time (h:mm:ss or m:ss): 0:00.09
	Average shared text size (kbytes): 0
	Average unshared data size (kbytes): 0
	Average stack size (kbytes): 0
	Average total size (kbytes): 0
	Maximum resident set size (kbytes): 2212
	Average resident set size (kbytes): 0
	Major (requiring I/O) page faults: 0
	Minor (reclaiming a frame) page faults: 327
	Voluntary context switches: 6
	Involuntary context switches: 3
	Swaps: 0
	File system inputs: 0
	File system outputs: 1152
	Socket messages sent: 0
	Socket messages received: 0
	Signals delivered: 0
	Page size (bytes): 4096
	Exit status: 0
------------512x512-------------
Read time: 0.00248700 seconds
Write time: 0.01721600 seconds
Multiplication time (avg): 0.02991260 seconds
	Command being timed: "./../bin/multiply_matrix_512x512_18944708 ../../data/diag_int_matrix_12.bin ../logs/cirrus/18944708/times.log ../logs/cirrus/18944708/results/512x512_results.log"
	User time (seconds): 0.93
	System time (seconds): 0.00
	Percent of CPU this job got: 99%
	Elapsed (wall clock) time (h:mm:ss or m:ss): 0:00.94
	Average shared text size (kbytes): 0
	Average unshared data size (kbytes): 0
	Average stack size (kbytes): 0
	Average total size (kbytes): 0
	Maximum resident set size (kbytes): 4516
	Average resident set size (kbytes): 0
	Major (requiring I/O) page faults: 0
	Minor (reclaiming a frame) page faults: 1095
	Voluntary context switches: 6
	Involuntary context switches: 5
	Swaps: 0
	File system inputs: 0
	File system outputs: 5120
	Socket messages sent: 0
	Socket messages received: 0
	Signals delivered: 0
	Page size (bytes): 4096
	Exit status: 0
------------1024x1024-------------
Read time: 0.00456900 seconds
Write time: 0.05782900 seconds
Multiplication time (avg): 0.22514547 seconds
	Command being timed: "./../bin/multiply_matrix_1024x1024_18944708 ../../data/diag_int_matrix_12.bin ../logs/cirrus/18944708/times.log ../logs/cirrus/18944708/results/1024x1024_results.log"
	User time (seconds): 7.00
	System time (seconds): 0.02
	Percent of CPU this job got: 99%
	Elapsed (wall clock) time (h:mm:ss or m:ss): 0:07.05
	Average shared text size (kbytes): 0
	Average unshared data size (kbytes): 0
	Average stack size (kbytes): 0
	Average total size (kbytes): 0
	Maximum resident set size (kbytes): 13732
	Average resident set size (kbytes): 0
	Major (requiring I/O) page faults: 0
	Minor (reclaiming a frame) page faults: 1610
	Voluntary context switches: 6
	Involuntary context switches: 20
	Swaps: 0
	File system inputs: 0
	File system outputs: 20480
	Socket messages sent: 0
	Socket messages received: 0
	Signals delivered: 0
	Page size (bytes): 4096
	Exit status: 0
------------2048x2048-------------
Read time: 0.01410600 seconds
Write time: 0.22862200 seconds
Multiplication time (avg): 4.34020313 seconds
	Command being timed: "./../bin/multiply_matrix_2048x2048_18944708 ../../data/diag_int_matrix_12.bin ../logs/cirrus/18944708/times.log ../logs/cirrus/18944708/results/2048x2048_results.log"
	User time (seconds): 134.72
	System time (seconds): 0.09
	Percent of CPU this job got: 99%
	Elapsed (wall clock) time (h:mm:ss or m:ss): 2:15.26
	Average shared text size (kbytes): 0
	Average unshared data size (kbytes): 0
	Average stack size (kbytes): 0
	Average total size (kbytes): 0
	Maximum resident set size (kbytes): 50596
	Average resident set size (kbytes): 0
	Major (requiring I/O) page faults: 0
	Minor (reclaiming a frame) page faults: 4700
	Voluntary context switches: 6
	Involuntary context switches: 294
	Swaps: 0
	File system inputs: 0
	File system outputs: 81944
	Socket messages sent: 0
	Socket messages received: 0
	Signals delivered: 0
	Page size (bytes): 4096
	Exit status: 0
------------4096x4096-------------
Read time: 0.06722900 seconds
Write time: 1.18078600 seconds
Multiplication time (avg): 48.99809807 seconds
	Command being timed: "./../bin/multiply_matrix_4096x4096_18944708 ../../data/diag_int_matrix_12.bin ../logs/cirrus/18944708/times.log ../logs/cirrus/18944708/results/4096x4096_results.log"
	User time (seconds): 1505.43
	System time (seconds): 0.39
	Percent of CPU this job got: 99%
	Elapsed (wall clock) time (h:mm:ss or m:ss): 25:11.93
	Average shared text size (kbytes): 0
	Average unshared data size (kbytes): 0
	Average stack size (kbytes): 0
	Average total size (kbytes): 0
	Maximum resident set size (kbytes): 198052
	Average resident set size (kbytes): 0
	Major (requiring I/O) page faults: 0
	Minor (reclaiming a frame) page faults: 17060
	Voluntary context switches: 84
	Involuntary context switches: 3436
	Swaps: 0
	File system inputs: 4096
	File system outputs: 360320
	Socket messages sent: 0
	Socket messages received: 0
	Signals delivered: 0
	Page size (bytes): 4096
	Exit status: 0
===============================================
Session Time: 55m 12s
Session Completed Successfully at: 2024-11-23 18:49:49
###############################################
Details for Job ID 18944708
Running serial multiplication with int values on hpc067.a.incd.pt
Allocated Memory (total): 5000 MB
=============== Active Modules =================
 - Currently Loaded Modules:
 -   1) gcc-13.2
================ Memory Usage ==================
JobID            MaxRSS  MaxVMSize  MaxDiskRead MaxDiskWrite 
------------ ---------- ---------- ------------ ------------ 
18944708.ba+    197280K    433800K    398039350    481080688 
=============== Nodes Assigned =================
hpc067

