Session started at: 2024-12-19 21:02:30
Running GPU Parallelization with float values on hpc064.a.incd.pt
Using GPUs: 0
===============================================
Using random_float_matrix_15.bin input file:
------------2x2-------------
Read time: 0.00124900 seconds
Write time: 0.00023400 seconds
Multiplication time (avg): 0.00000222 seconds
	Command being timed: "./../bin/multiply_matrix_2x2_19191716 ../../data/random_float_matrix_15.bin ../logs/cirrus/19191716/times.log ../logs/cirrus/19191716/results/2x2_results.log"
	User time (seconds): 0.02
	System time (seconds): 0.29
	Percent of CPU this job got: 75%
	Elapsed (wall clock) time (h:mm:ss or m:ss): 0:00.42
	Average shared text size (kbytes): 0
	Average unshared data size (kbytes): 0
	Average stack size (kbytes): 0
	Average total size (kbytes): 0
	Maximum resident set size (kbytes): 243120
	Average resident set size (kbytes): 0
	Major (requiring I/O) page faults: 958
	Minor (reclaiming a frame) page faults: 8038
	Voluntary context switches: 774
	Involuntary context switches: 22
	Swaps: 0
	File system inputs: 185032
	File system outputs: 0
	Socket messages sent: 0
	Socket messages received: 0
	Signals delivered: 0
	Page size (bytes): 4096
	Exit status: 0
------------4x4-------------
Read time: 0.00004600 seconds
Write time: 0.00022900 seconds
Multiplication time (avg): 0.00000232 seconds
	Command being timed: "./../bin/multiply_matrix_4x4_19191716 ../../data/random_float_matrix_15.bin ../logs/cirrus/19191716/times.log ../logs/cirrus/19191716/results/4x4_results.log"
	User time (seconds): 0.01
	System time (seconds): 0.26
	Percent of CPU this job got: 97%
	Elapsed (wall clock) time (h:mm:ss or m:ss): 0:00.28
	Average shared text size (kbytes): 0
	Average unshared data size (kbytes): 0
	Average stack size (kbytes): 0
	Average total size (kbytes): 0
	Maximum resident set size (kbytes): 243788
	Average resident set size (kbytes): 0
	Major (requiring I/O) page faults: 0
	Minor (reclaiming a frame) page faults: 8617
	Voluntary context switches: 61
	Involuntary context switches: 28
	Swaps: 0
	File system inputs: 8
	File system outputs: 8
	Socket messages sent: 0
	Socket messages received: 0
	Signals delivered: 0
	Page size (bytes): 4096
	Exit status: 0
------------8x8-------------
Read time: 0.00004500 seconds
Write time: 0.00024600 seconds
Multiplication time (avg): 0.00000236 seconds
	Command being timed: "./../bin/multiply_matrix_8x8_19191716 ../../data/random_float_matrix_15.bin ../logs/cirrus/19191716/times.log ../logs/cirrus/19191716/results/8x8_results.log"
	User time (seconds): 0.02
	System time (seconds): 0.25
	Percent of CPU this job got: 97%
	Elapsed (wall clock) time (h:mm:ss or m:ss): 0:00.28
	Average shared text size (kbytes): 0
	Average unshared data size (kbytes): 0
	Average stack size (kbytes): 0
	Average total size (kbytes): 0
	Maximum resident set size (kbytes): 243816
	Average resident set size (kbytes): 0
	Major (requiring I/O) page faults: 0
	Minor (reclaiming a frame) page faults: 8624
	Voluntary context switches: 58
	Involuntary context switches: 28
	Swaps: 0
	File system inputs: 8
	File system outputs: 0
	Socket messages sent: 0
	Socket messages received: 0
	Signals delivered: 0
	Page size (bytes): 4096
	Exit status: 0
------------16x16-------------
Read time: 0.00004300 seconds
Write time: 0.00025100 seconds
Multiplication time (avg): 0.00000239 seconds
	Command being timed: "./../bin/multiply_matrix_16x16_19191716 ../../data/random_float_matrix_15.bin ../logs/cirrus/19191716/times.log ../logs/cirrus/19191716/results/16x16_results.log"
	User time (seconds): 0.01
	System time (seconds): 0.26
	Percent of CPU this job got: 97%
	Elapsed (wall clock) time (h:mm:ss or m:ss): 0:00.28
	Average shared text size (kbytes): 0
	Average unshared data size (kbytes): 0
	Average stack size (kbytes): 0
	Average total size (kbytes): 0
	Maximum resident set size (kbytes): 243812
	Average resident set size (kbytes): 0
	Major (requiring I/O) page faults: 0
	Minor (reclaiming a frame) page faults: 8626
	Voluntary context switches: 57
	Involuntary context switches: 26
	Swaps: 0
	File system inputs: 8
	File system outputs: 0
	Socket messages sent: 0
	Socket messages received: 0
	Signals delivered: 0
	Page size (bytes): 4096
	Exit status: 0
------------32x32-------------
Read time: 0.00004200 seconds
Write time: 0.00069900 seconds
Multiplication time (avg): 0.00000887 seconds
	Command being timed: "./../bin/multiply_matrix_32x32_19191716 ../../data/random_float_matrix_15.bin ../logs/cirrus/19191716/times.log ../logs/cirrus/19191716/results/32x32_results.log"
	User time (seconds): 0.01
	System time (seconds): 0.26
	Percent of CPU this job got: 97%
	Elapsed (wall clock) time (h:mm:ss or m:ss): 0:00.28
	Average shared text size (kbytes): 0
	Average unshared data size (kbytes): 0
	Average stack size (kbytes): 0
	Average total size (kbytes): 0
	Maximum resident set size (kbytes): 243812
	Average resident set size (kbytes): 0
	Major (requiring I/O) page faults: 0
	Minor (reclaiming a frame) page faults: 8622
	Voluntary context switches: 59
	Involuntary context switches: 26
	Swaps: 0
	File system inputs: 24
	File system outputs: 16
	Socket messages sent: 0
	Socket messages received: 0
	Signals delivered: 0
	Page size (bytes): 4096
	Exit status: 0
------------64x64-------------
Read time: 0.00392000 seconds
Write time: 0.00162200 seconds
Multiplication time (avg): 0.00001103 seconds
	Command being timed: "./../bin/multiply_matrix_64x64_19191716 ../../data/random_float_matrix_15.bin ../logs/cirrus/19191716/times.log ../logs/cirrus/19191716/results/64x64_results.log"
	User time (seconds): 0.02
	System time (seconds): 0.25
	Percent of CPU this job got: 96%
	Elapsed (wall clock) time (h:mm:ss or m:ss): 0:00.28
	Average shared text size (kbytes): 0
	Average unshared data size (kbytes): 0
	Average stack size (kbytes): 0
	Average total size (kbytes): 0
	Maximum resident set size (kbytes): 243912
	Average resident set size (kbytes): 0
	Major (requiring I/O) page faults: 0
	Minor (reclaiming a frame) page faults: 8648
	Voluntary context switches: 60
	Involuntary context switches: 26
	Swaps: 0
	File system inputs: 2064
	File system outputs: 104
	Socket messages sent: 0
	Socket messages received: 0
	Signals delivered: 0
	Page size (bytes): 4096
	Exit status: 0
------------128x128-------------
Read time: 0.01105600 seconds
Write time: 0.00499600 seconds
Multiplication time (avg): 0.00001300 seconds
	Command being timed: "./../bin/multiply_matrix_128x128_19191716 ../../data/random_float_matrix_15.bin ../logs/cirrus/19191716/times.log ../logs/cirrus/19191716/results/128x128_results.log"
	User time (seconds): 0.02
	System time (seconds): 0.27
	Percent of CPU this job got: 93%
	Elapsed (wall clock) time (h:mm:ss or m:ss): 0:00.31
	Average shared text size (kbytes): 0
	Average unshared data size (kbytes): 0
	Average stack size (kbytes): 0
	Average total size (kbytes): 0
	Maximum resident set size (kbytes): 243928
	Average resident set size (kbytes): 0
	Major (requiring I/O) page faults: 0
	Minor (reclaiming a frame) page faults: 8652
	Voluntary context switches: 59
	Involuntary context switches: 29
	Swaps: 0
	File system inputs: 129048
	File system outputs: 384
	Socket messages sent: 0
	Socket messages received: 0
	Signals delivered: 0
	Page size (bytes): 4096
	Exit status: 0
------------256x256-------------
Read time: 0.00440000 seconds
Write time: 0.01850000 seconds
Multiplication time (avg): 0.00002299 seconds
	Command being timed: "./../bin/multiply_matrix_256x256_19191716 ../../data/random_float_matrix_15.bin ../logs/cirrus/19191716/times.log ../logs/cirrus/19191716/results/256x256_results.log"
	User time (seconds): 0.04
	System time (seconds): 0.25
	Percent of CPU this job got: 97%
	Elapsed (wall clock) time (h:mm:ss or m:ss): 0:00.31
	Average shared text size (kbytes): 0
	Average unshared data size (kbytes): 0
	Average stack size (kbytes): 0
	Average total size (kbytes): 0
	Maximum resident set size (kbytes): 243832
	Average resident set size (kbytes): 0
	Major (requiring I/O) page faults: 0
	Minor (reclaiming a frame) page faults: 8823
	Voluntary context switches: 58
	Involuntary context switches: 30
	Swaps: 0
	File system inputs: 24
	File system outputs: 1536
	Socket messages sent: 0
	Socket messages received: 0
	Signals delivered: 0
	Page size (bytes): 4096
	Exit status: 0
------------512x512-------------
Read time: 0.00569000 seconds
Write time: 0.06610400 seconds
Multiplication time (avg): 0.00007473 seconds
	Command being timed: "./../bin/multiply_matrix_512x512_19191716 ../../data/random_float_matrix_15.bin ../logs/cirrus/19191716/times.log ../logs/cirrus/19191716/results/512x512_results.log"
	User time (seconds): 0.09
	System time (seconds): 0.26
	Percent of CPU this job got: 98%
	Elapsed (wall clock) time (h:mm:ss or m:ss): 0:00.37
	Average shared text size (kbytes): 0
	Average unshared data size (kbytes): 0
	Average stack size (kbytes): 0
	Average total size (kbytes): 0
	Maximum resident set size (kbytes): 243832
	Average resident set size (kbytes): 0
	Major (requiring I/O) page faults: 0
	Minor (reclaiming a frame) page faults: 9399
	Voluntary context switches: 58
	Involuntary context switches: 31
	Swaps: 0
	File system inputs: 2072
	File system outputs: 6328
	Socket messages sent: 0
	Socket messages received: 0
	Signals delivered: 0
	Page size (bytes): 4096
	Exit status: 0
------------1024x1024-------------
Read time: 0.00931000 seconds
Write time: 0.28390700 seconds
Multiplication time (avg): 0.00042627 seconds
	Command being timed: "./../bin/multiply_matrix_1024x1024_19191716 ../../data/random_float_matrix_15.bin ../logs/cirrus/19191716/times.log ../logs/cirrus/19191716/results/1024x1024_results.log"
	User time (seconds): 0.35
	System time (seconds): 0.29
	Percent of CPU this job got: 96%
	Elapsed (wall clock) time (h:mm:ss or m:ss): 0:00.67
	Average shared text size (kbytes): 0
	Average unshared data size (kbytes): 0
	Average stack size (kbytes): 0
	Average total size (kbytes): 0
	Maximum resident set size (kbytes): 243840
	Average resident set size (kbytes): 0
	Major (requiring I/O) page faults: 0
	Minor (reclaiming a frame) page faults: 10171
	Voluntary context switches: 61
	Involuntary context switches: 34
	Swaps: 0
	File system inputs: 12312
	File system outputs: 26288
	Socket messages sent: 0
	Socket messages received: 0
	Signals delivered: 0
	Page size (bytes): 4096
	Exit status: 0
------------2048x2048-------------
Read time: 0.02296600 seconds
Write time: 1.15984300 seconds
Multiplication time (avg): 0.00315070 seconds
	Command being timed: "./../bin/multiply_matrix_2048x2048_19191716 ../../data/random_float_matrix_15.bin ../logs/cirrus/19191716/times.log ../logs/cirrus/19191716/results/2048x2048_results.log"
	User time (seconds): 1.45
	System time (seconds): 0.37
	Percent of CPU this job got: 98%
	Elapsed (wall clock) time (h:mm:ss or m:ss): 0:01.85
	Average shared text size (kbytes): 0
	Average unshared data size (kbytes): 0
	Average stack size (kbytes): 0
	Average total size (kbytes): 0
	Maximum resident set size (kbytes): 275976
	Average resident set size (kbytes): 0
	Major (requiring I/O) page faults: 0
	Minor (reclaiming a frame) page faults: 9862
	Voluntary context switches: 74
	Involuntary context switches: 50
	Swaps: 0
	File system inputs: 49176
	File system outputs: 106224
	Socket messages sent: 0
	Socket messages received: 0
	Signals delivered: 0
	Page size (bytes): 4096
	Exit status: 0
------------4096x4096-------------
Read time: 0.09399400 seconds
Write time: 4.67490400 seconds
Multiplication time (avg): 0.02548284 seconds
	Command being timed: "./../bin/multiply_matrix_4096x4096_19191716 ../../data/random_float_matrix_15.bin ../logs/cirrus/19191716/times.log ../logs/cirrus/19191716/results/4096x4096_results.log"
	User time (seconds): 6.35
	System time (seconds): 0.67
	Percent of CPU this job got: 99%
	Elapsed (wall clock) time (h:mm:ss or m:ss): 0:07.07
	Average shared text size (kbytes): 0
	Average unshared data size (kbytes): 0
	Average stack size (kbytes): 0
	Average total size (kbytes): 0
	Maximum resident set size (kbytes): 423572
	Average resident set size (kbytes): 0
	Major (requiring I/O) page faults: 0
	Minor (reclaiming a frame) page faults: 10273
	Voluntary context switches: 124
	Involuntary context switches: 109
	Swaps: 0
	File system inputs: 196632
	File system outputs: 432728
	Socket messages sent: 0
	Socket messages received: 0
	Signals delivered: 0
	Page size (bytes): 4096
	Exit status: 0
------------8192x8192-------------
Read time: 0.51765500 seconds
Write time: 19.39560900 seconds
Multiplication time (avg): 0.21281224 seconds
	Command being timed: "./../bin/multiply_matrix_8192x8192_19191716 ../../data/random_float_matrix_15.bin ../logs/cirrus/19191716/times.log ../logs/cirrus/19191716/results/8192x8192_results.log"
	User time (seconds): 29.83
	System time (seconds): 1.57
	Percent of CPU this job got: 99%
	Elapsed (wall clock) time (h:mm:ss or m:ss): 0:31.70
	Average shared text size (kbytes): 0
	Average unshared data size (kbytes): 0
	Average stack size (kbytes): 0
	Average total size (kbytes): 0
	Maximum resident set size (kbytes): 1013276
	Average resident set size (kbytes): 0
	Major (requiring I/O) page faults: 0
	Minor (reclaiming a frame) page faults: 10561
	Voluntary context switches: 506
	Involuntary context switches: 379
	Swaps: 0
	File system inputs: 657432
	File system outputs: 1834824
	Socket messages sent: 0
	Socket messages received: 0
	Signals delivered: 0
	Page size (bytes): 4096
	Exit status: 0
------------16384x16384-------------
Read time: 2.34444600 seconds
Write time: 78.13366300 seconds
Multiplication time (avg): 1.72391008 seconds
	Command being timed: "./../bin/multiply_matrix_16384x16384_19191716 ../../data/random_float_matrix_15.bin ../logs/cirrus/19191716/times.log ../logs/cirrus/19191716/results/16384x16384_results.log"
	User time (seconds): 146.89
	System time (seconds): 5.13
	Percent of CPU this job got: 98%
	Elapsed (wall clock) time (h:mm:ss or m:ss): 2:33.64
	Average shared text size (kbytes): 0
	Average unshared data size (kbytes): 0
	Average stack size (kbytes): 0
	Average total size (kbytes): 0
	Maximum resident set size (kbytes): 3372620
	Average resident set size (kbytes): 0
	Major (requiring I/O) page faults: 0
	Minor (reclaiming a frame) page faults: 11713
	Voluntary context switches: 2145
	Involuntary context switches: 1718
	Swaps: 0
	File system inputs: 3145752
	File system outputs: 7339232
	Socket messages sent: 0
	Socket messages received: 0
	Signals delivered: 0
	Page size (bytes): 4096
	Exit status: 0
------------32768x32768-------------
Read time: 3.03090400 seconds
Write time: 251.18373300 seconds
Multiplication time (avg): 13.95927982 seconds
	Command being timed: "./../bin/multiply_matrix_32768x32768_19191716 ../../data/random_float_matrix_15.bin ../logs/cirrus/19191716/times.log ../logs/cirrus/19191716/results/32768x32768_results.log"
	User time (seconds): 738.36
	System time (seconds): 14.71
	Percent of CPU this job got: 99%
	Elapsed (wall clock) time (h:mm:ss or m:ss): 12:36.06
	Average shared text size (kbytes): 0
	Average unshared data size (kbytes): 0
	Average stack size (kbytes): 0
	Average total size (kbytes): 0
	Maximum resident set size (kbytes): 8615992
	Average resident set size (kbytes): 0
	Major (requiring I/O) page faults: 358
	Minor (reclaiming a frame) page faults: 16155
	Voluntary context switches: 8772
	Involuntary context switches: 9453
	Swaps: 0
	File system inputs: 4241576
	File system outputs: 21100584
	Socket messages sent: 0
	Socket messages received: 0
	Signals delivered: 0
	Page size (bytes): 4096
	Exit status: 0
===============================================
Session Time: 16m 1s
Session Finished at: 2024-12-19 21:18:31
###############################################
Details for Job ID 19191716
Running GPU Parallelization with float values on hpc064.a.incd.pt
=============== Active Modules =================
 - Currently Loaded Modules:
 -   1) cuda/12.6
================ Memory Usage ==================
JobID            MaxRSS  MaxVMSize  MaxDiskRead MaxDiskWrite 
------------ ---------- ---------- ------------ ------------ 
19191716.ba+   8472620K  18922788K   7382498832  15835481101 
=============== Nodes Assigned =================
hpc064

