=== SYSTEM INFORMATION REPORT ===
Report generated on: Wed 18 Dec 2024 10:49:23 AM WET

=== System Information ===
Hostname: fct-deei-linux
Operating System: Linux
Kernel Version: 5.10.0-28-amd64
Architecture: x86_64
Distribution: Debian GNU/Linux 11 (bullseye)

=== CPU INFORMATION ===
Architecture:                       x86_64
CPU op-mode(s):                     32-bit, 64-bit
Byte Order:                         Little Endian
Address sizes:                      44 bits physical, 48 bits virtual
CPU(s):                             4
On-line CPU(s) list:                0-3
Thread(s) per core:                 1
Core(s) per socket:                 4
Socket(s):                          1
NUMA node(s):                       1
Vendor ID:                          GenuineIntel
CPU family:                         6
Model:                              85
Model name:                         Intel(R) Xeon(R) Gold 6138 CPU @ 2.00GHz
Stepping:                           4
CPU MHz:                            1995.315
BogoMIPS:                           3990.63
Hypervisor vendor:                  Microsoft
Virtualization type:                full
L1d cache:                          128 KiB
L1i cache:                          128 KiB
L2 cache:                           4 MiB
L3 cache:                           110 MiB
NUMA node0 CPU(s):                  0-3
Vulnerability Gather data sampling: Not affected
Vulnerability Itlb multihit:        KVM: Mitigation: VMX unsupported
Vulnerability L1tf:                 Mitigation; PTE Inversion
Vulnerability Mds:                  Vulnerable: Clear CPU buffers attempted, no microcode; SMT Host state unknown
Vulnerability Meltdown:             Mitigation; PTI
Vulnerability Mmio stale data:      Vulnerable: Clear CPU buffers attempted, no microcode; SMT Host state unknown
Vulnerability Retbleed:             Vulnerable
Vulnerability Spec rstack overflow: Not affected
Vulnerability Spec store bypass:    Vulnerable
Vulnerability Spectre v1:           Mitigation; usercopy/swapgs barriers and __user pointer sanitization
Vulnerability Spectre v2:           Mitigation; Retpolines, STIBP disabled, RSB filling, PBRSB-eIBRS Not affected
Vulnerability Srbds:                Not affected
Vulnerability Tsx async abort:      Not affected
Flags:                              fpu vme de pse tsc msr pae mce cx8 apic sep mtrr pge mca cmov pat pse36 clflush mmx fxsr sse sse2 ss ht syscall nx lm constant_tsc rep_good nopl cpuid pni cx16 hypervisor lahf_lm pti

=== MEMORY INFORMATION ===
               total        used        free      shared  buff/cache   available
Mem:           7.7Gi       1.4Gi       4.2Gi       3.0Mi       2.1Gi       6.0Gi
Swap:          8.0Gi       137Mi       7.9Gi

=== Disk Information ===
Filesystem      Size  Used Avail Use% Mounted on
udev            3.9G     0  3.9G   0% /dev
tmpfs           788M  652K  788M   1% /run
/dev/sda2        11G  7.0G  3.4G  68% /
tmpfs           3.9G   11M  3.9G   1% /dev/shm
tmpfs           5.0M     0  5.0M   0% /run/lock
/dev/sda4        20G  8.7G   11G  47% /home
/dev/sda1       511M  5.9M  506M   2% /boot/efi

=== Latency to Remote Server ===
Testing latency to fct-deei-aval...
PING fct-deei-aval.ualg.pt (10.4.0.118) 56(84) bytes of data.
64 bytes from fct-deei-aval.ualg.pt (10.4.0.118): icmp_seq=1 ttl=64 time=0.665 ms
64 bytes from fct-deei-aval.ualg.pt (10.4.0.118): icmp_seq=2 ttl=64 time=0.690 ms
64 bytes from fct-deei-aval.ualg.pt (10.4.0.118): icmp_seq=3 ttl=64 time=0.450 ms
64 bytes from fct-deei-aval.ualg.pt (10.4.0.118): icmp_seq=4 ttl=64 time=0.569 ms

--- fct-deei-aval.ualg.pt ping statistics ---
4 packets transmitted, 4 received, 0% packet loss, time 3004ms
rtt min/avg/max/mdev = 0.450/0.593/0.690/0.094 ms

=== SSH CONNECTIVITY TEST ===
Testing SSH connectivity to a90113@fct-deei-aval...
SSH test to a90113@fct-deei-aval successful.

=== GPU Information ===
No NVIDIA GPU detected or 'nvidia-smi' not installed.

=== System Uptime and Load ===
 10:49:30 up 29 days, 16:26,  0 users,  load average: 0.00, 0.06, 0.03

=========================================
System information collection completed.
