Session started at: 2024-11-24 19:44:10
Running MPI Parallelization with int values on fct-deei-linux and fct-deei-aval
Available CPUs: 4
===============================================
Using random_int_matrix_10.bin input file:
------------2x2-------------
Workers: 6 across aval(2) and linux(4)
Read time: 0.00000870 seconds
Write time: 0.00000950 seconds
Multiplication time (avg): 0.00035528 seconds
Master time (avg): 0.00000000 seconds
Worker 1 time (avg): 0.00000007 seconds
Worker 2 time (avg): 0.00000006 seconds
Worker 3 time (avg): 0.00000010 seconds
Worker 4 time (avg): 0.00000007 seconds
Worker 5 time (avg): 0.00000006 seconds
	Command being timed: "mpiexec --host fct-deei-linux:4,fct-deei-aval:2 -np 6 -wd /home/a90113/mm-performance-analysis/mpi/scripts ./../bin/multiply_matrix_2x2_24-11-24-1944 ../../data/random_int_matrix_10.bin ../logs/fct-deei-linux/24-11-24-1944/times.log ../logs/fct-deei-linux/24-11-24-1944/results/2x2_results.log"
	User time (seconds): 1.74
	System time (seconds): 1.20
	Percent of CPU this job got: 66%
	Elapsed (wall clock) time (h:mm:ss or m:ss): 0:04.40
	Average shared text size (kbytes): 0
	Average unshared data size (kbytes): 0
	Average stack size (kbytes): 0
	Average total size (kbytes): 0
	Maximum resident set size (kbytes): 24512
	Average resident set size (kbytes): 0
	Major (requiring I/O) page faults: 2152
	Minor (reclaiming a frame) page faults: 8349
	Voluntary context switches: 59038
	Involuntary context switches: 181
	Swaps: 0
	File system inputs: 0
	File system outputs: 16464
	Socket messages sent: 0
	Socket messages received: 0
	Signals delivered: 0
	Page size (bytes): 4096
	Exit status: 0
------------4x4-------------
Workers: 6 across aval(2) and linux(4)
Read time: 0.00000940 seconds
Write time: 0.00002990 seconds
Multiplication time (avg): 0.00052158 seconds
Master time (avg): 0.00000000 seconds
Worker 1 time (avg): 0.00000006 seconds
Worker 2 time (avg): 0.00000008 seconds
Worker 3 time (avg): 0.00000008 seconds
Worker 4 time (avg): 0.00000009 seconds
Worker 5 time (avg): 0.00000009 seconds
	Command being timed: "mpiexec --host fct-deei-linux:4,fct-deei-aval:2 -np 6 -wd /home/a90113/mm-performance-analysis/mpi/scripts ./../bin/multiply_matrix_4x4_24-11-24-1944 ../../data/random_int_matrix_10.bin ../logs/fct-deei-linux/24-11-24-1944/times.log ../logs/fct-deei-linux/24-11-24-1944/results/4x4_results.log"
	User time (seconds): 1.71
	System time (seconds): 1.31
	Percent of CPU this job got: 68%
	Elapsed (wall clock) time (h:mm:ss or m:ss): 0:04.40
	Average shared text size (kbytes): 0
	Average unshared data size (kbytes): 0
	Average stack size (kbytes): 0
	Average total size (kbytes): 0
	Maximum resident set size (kbytes): 26504
	Average resident set size (kbytes): 0
	Major (requiring I/O) page faults: 2152
	Minor (reclaiming a frame) page faults: 8327
	Voluntary context switches: 59670
	Involuntary context switches: 353
	Swaps: 0
	File system inputs: 0
	File system outputs: 16464
	Socket messages sent: 0
	Socket messages received: 0
	Signals delivered: 0
	Page size (bytes): 4096
	Exit status: 0
------------8x8-------------
Workers: 6 across aval(2) and linux(4)
Read time: 0.00000860 seconds
Write time: 0.00006420 seconds
Multiplication time (avg): 0.00029291 seconds
Master time (avg): 0.00000000 seconds
Worker 1 time (avg): 0.00000018 seconds
Worker 2 time (avg): 0.00000010 seconds
Worker 3 time (avg): 0.00000013 seconds
Worker 4 time (avg): 0.00000015 seconds
Worker 5 time (avg): 0.00000012 seconds
	Command being timed: "mpiexec --host fct-deei-linux:4,fct-deei-aval:2 -np 6 -wd /home/a90113/mm-performance-analysis/mpi/scripts ./../bin/multiply_matrix_8x8_24-11-24-1944 ../../data/random_int_matrix_10.bin ../logs/fct-deei-linux/24-11-24-1944/times.log ../logs/fct-deei-linux/24-11-24-1944/results/8x8_results.log"
	User time (seconds): 1.68
	System time (seconds): 1.15
	Percent of CPU this job got: 64%
	Elapsed (wall clock) time (h:mm:ss or m:ss): 0:04.40
	Average shared text size (kbytes): 0
	Average unshared data size (kbytes): 0
	Average stack size (kbytes): 0
	Average total size (kbytes): 0
	Maximum resident set size (kbytes): 24464
	Average resident set size (kbytes): 0
	Major (requiring I/O) page faults: 2152
	Minor (reclaiming a frame) page faults: 8356
	Voluntary context switches: 60289
	Involuntary context switches: 2296
	Swaps: 0
	File system inputs: 0
	File system outputs: 16464
	Socket messages sent: 0
	Socket messages received: 0
	Signals delivered: 0
	Page size (bytes): 4096
	Exit status: 0
------------16x16-------------
Workers: 6 across aval(2) and linux(4)
Read time: 0.00001200 seconds
Write time: 0.00003030 seconds
Multiplication time (avg): 0.00045461 seconds
Master time (avg): 0.00000000 seconds
Worker 1 time (avg): 0.00000044 seconds
Worker 2 time (avg): 0.00000204 seconds
Worker 3 time (avg): 0.00000038 seconds
Worker 4 time (avg): 0.00000058 seconds
Worker 5 time (avg): 0.00000058 seconds
	Command being timed: "mpiexec --host fct-deei-linux:4,fct-deei-aval:2 -np 6 -wd /home/a90113/mm-performance-analysis/mpi/scripts ./../bin/multiply_matrix_16x16_24-11-24-1944 ../../data/random_int_matrix_10.bin ../logs/fct-deei-linux/24-11-24-1944/times.log ../logs/fct-deei-linux/24-11-24-1944/results/16x16_results.log"
	User time (seconds): 1.55
	System time (seconds): 1.29
	Percent of CPU this job got: 65%
	Elapsed (wall clock) time (h:mm:ss or m:ss): 0:04.37
	Average shared text size (kbytes): 0
	Average unshared data size (kbytes): 0
	Average stack size (kbytes): 0
	Average total size (kbytes): 0
	Maximum resident set size (kbytes): 24344
	Average resident set size (kbytes): 0
	Major (requiring I/O) page faults: 2144
	Minor (reclaiming a frame) page faults: 8325
	Voluntary context switches: 59278
	Involuntary context switches: 233
	Swaps: 0
	File system inputs: 0
	File system outputs: 16464
	Socket messages sent: 0
	Socket messages received: 0
	Signals delivered: 0
	Page size (bytes): 4096
	Exit status: 0
------------32x32-------------
Workers: 6 across aval(2) and linux(4)
Read time: 0.00001540 seconds
Write time: 0.00217016 seconds
Multiplication time (avg): 0.00045413 seconds
Master time (avg): 0.00000000 seconds
Worker 1 time (avg): 0.00000398 seconds
Worker 2 time (avg): 0.00000480 seconds
Worker 3 time (avg): 0.00000426 seconds
Worker 4 time (avg): 0.00000245 seconds
Worker 5 time (avg): 0.00000243 seconds
	Command being timed: "mpiexec --host fct-deei-linux:4,fct-deei-aval:2 -np 6 -wd /home/a90113/mm-performance-analysis/mpi/scripts ./../bin/multiply_matrix_32x32_24-11-24-1944 ../../data/random_int_matrix_10.bin ../logs/fct-deei-linux/24-11-24-1944/times.log ../logs/fct-deei-linux/24-11-24-1944/results/32x32_results.log"
	User time (seconds): 1.68
	System time (seconds): 1.31
	Percent of CPU this job got: 67%
	Elapsed (wall clock) time (h:mm:ss or m:ss): 0:04.45
	Average shared text size (kbytes): 0
	Average unshared data size (kbytes): 0
	Average stack size (kbytes): 0
	Average total size (kbytes): 0
	Maximum resident set size (kbytes): 24452
	Average resident set size (kbytes): 0
	Major (requiring I/O) page faults: 2144
	Minor (reclaiming a frame) page faults: 8360
	Voluntary context switches: 60086
	Involuntary context switches: 1397
	Swaps: 0
	File system inputs: 0
	File system outputs: 16480
	Socket messages sent: 0
	Socket messages received: 0
	Signals delivered: 0
	Page size (bytes): 4096
	Exit status: 0
------------64x64-------------
Workers: 6 across aval(2) and linux(4)
Read time: 0.00002750 seconds
Write time: 0.00059632 seconds
Multiplication time (avg): 0.00041914 seconds
Master time (avg): 0.00000000 seconds
Worker 1 time (avg): 0.00002022 seconds
Worker 2 time (avg): 0.00003081 seconds
Worker 3 time (avg): 0.00001910 seconds
Worker 4 time (avg): 0.00002004 seconds
Worker 5 time (avg): 0.00001850 seconds
	Command being timed: "mpiexec --host fct-deei-linux:4,fct-deei-aval:2 -np 6 -wd /home/a90113/mm-performance-analysis/mpi/scripts ./../bin/multiply_matrix_64x64_24-11-24-1944 ../../data/random_int_matrix_10.bin ../logs/fct-deei-linux/24-11-24-1944/times.log ../logs/fct-deei-linux/24-11-24-1944/results/64x64_results.log"
	User time (seconds): 1.64
	System time (seconds): 1.31
	Percent of CPU this job got: 66%
	Elapsed (wall clock) time (h:mm:ss or m:ss): 0:04.43
	Average shared text size (kbytes): 0
	Average unshared data size (kbytes): 0
	Average stack size (kbytes): 0
	Average total size (kbytes): 0
	Maximum resident set size (kbytes): 24480
	Average resident set size (kbytes): 0
	Major (requiring I/O) page faults: 2148
	Minor (reclaiming a frame) page faults: 8374
	Voluntary context switches: 60228
	Involuntary context switches: 311
	Swaps: 0
	File system inputs: 0
	File system outputs: 16536
	Socket messages sent: 0
	Socket messages received: 0
	Signals delivered: 0
	Page size (bytes): 4096
	Exit status: 0
------------128x128-------------
Workers: 6 across aval(2) and linux(4)
Read time: 0.00007870 seconds
Write time: 0.00170684 seconds
Multiplication time (avg): 0.00064386 seconds
Master time (avg): 0.00000000 seconds
Worker 1 time (avg): 0.00015819 seconds
Worker 2 time (avg): 0.00016482 seconds
Worker 3 time (avg): 0.00016224 seconds
Worker 4 time (avg): 0.00015729 seconds
Worker 5 time (avg): 0.00015660 seconds
	Command being timed: "mpiexec --host fct-deei-linux:4,fct-deei-aval:2 -np 6 -wd /home/a90113/mm-performance-analysis/mpi/scripts ./../bin/multiply_matrix_128x128_24-11-24-1944 ../../data/random_int_matrix_10.bin ../logs/fct-deei-linux/24-11-24-1944/times.log ../logs/fct-deei-linux/24-11-24-1944/results/128x128_results.log"
	User time (seconds): 1.74
	System time (seconds): 1.27
	Percent of CPU this job got: 68%
	Elapsed (wall clock) time (h:mm:ss or m:ss): 0:04.43
	Average shared text size (kbytes): 0
	Average unshared data size (kbytes): 0
	Average stack size (kbytes): 0
	Average total size (kbytes): 0
	Maximum resident set size (kbytes): 24508
	Average resident set size (kbytes): 0
	Major (requiring I/O) page faults: 2144
	Minor (reclaiming a frame) page faults: 8457
	Voluntary context switches: 60513
	Involuntary context switches: 2684
	Swaps: 0
	File system inputs: 0
	File system outputs: 16752
	Socket messages sent: 0
	Socket messages received: 0
	Signals delivered: 0
	Page size (bytes): 4096
	Exit status: 0
------------256x256-------------
Workers: 6 across aval(2) and linux(4)
Read time: 0.00029841 seconds
Write time: 0.00667027 seconds
Multiplication time (avg): 0.00204172 seconds
Master time (avg): 0.00000000 seconds
Worker 1 time (avg): 0.00128290 seconds
Worker 2 time (avg): 0.00124372 seconds
Worker 3 time (avg): 0.00125226 seconds
Worker 4 time (avg): 0.00129460 seconds
Worker 5 time (avg): 0.00129280 seconds
	Command being timed: "mpiexec --host fct-deei-linux:4,fct-deei-aval:2 -np 6 -wd /home/a90113/mm-performance-analysis/mpi/scripts ./../bin/multiply_matrix_256x256_24-11-24-1944 ../../data/random_int_matrix_10.bin ../logs/fct-deei-linux/24-11-24-1944/times.log ../logs/fct-deei-linux/24-11-24-1944/results/256x256_results.log"
	User time (seconds): 2.03
	System time (seconds): 1.21
	Percent of CPU this job got: 71%
	Elapsed (wall clock) time (h:mm:ss or m:ss): 0:04.52
	Average shared text size (kbytes): 0
	Average unshared data size (kbytes): 0
	Average stack size (kbytes): 0
	Average total size (kbytes): 0
	Maximum resident set size (kbytes): 24448
	Average resident set size (kbytes): 0
	Major (requiring I/O) page faults: 2144
	Minor (reclaiming a frame) page faults: 8860
	Voluntary context switches: 60188
	Involuntary context switches: 399
	Swaps: 0
	File system inputs: 0
	File system outputs: 17616
	Socket messages sent: 0
	Socket messages received: 0
	Signals delivered: 0
	Page size (bytes): 4096
	Exit status: 0
------------512x512-------------
Workers: 6 across aval(2) and linux(4)
Read time: 0.00025901 seconds
Write time: 0.02570196 seconds
Multiplication time (avg): 0.02353944 seconds
Master time (avg): 0.00000000 seconds
Worker 1 time (avg): 0.01872510 seconds
Worker 2 time (avg): 0.01500988 seconds
Worker 3 time (avg): 0.01193720 seconds
Worker 4 time (avg): 0.01455126 seconds
Worker 5 time (avg): 0.01535483 seconds
	Command being timed: "mpiexec --host fct-deei-linux:4,fct-deei-aval:2 -np 6 -wd /home/a90113/mm-performance-analysis/mpi/scripts ./../bin/multiply_matrix_512x512_24-11-24-1944 ../../data/random_int_matrix_10.bin ../logs/fct-deei-linux/24-11-24-1944/times.log ../logs/fct-deei-linux/24-11-24-1944/results/512x512_results.log"
	User time (seconds): 4.38
	System time (seconds): 1.52
	Percent of CPU this job got: 114%
	Elapsed (wall clock) time (h:mm:ss or m:ss): 0:05.15
	Average shared text size (kbytes): 0
	Average unshared data size (kbytes): 0
	Average stack size (kbytes): 0
	Average total size (kbytes): 0
	Maximum resident set size (kbytes): 24472
	Average resident set size (kbytes): 0
	Major (requiring I/O) page faults: 2144
	Minor (reclaiming a frame) page faults: 9072
	Voluntary context switches: 59793
	Involuntary context switches: 610
	Swaps: 0
	File system inputs: 0
	File system outputs: 21584
	Socket messages sent: 0
	Socket messages received: 0
	Signals delivered: 0
	Page size (bytes): 4096
	Exit status: 0
------------1024x1024-------------
Workers: 6 across aval(2) and linux(4)
Read time: 0.00262937 seconds
Write time: 0.11145734 seconds
Multiplication time (avg): 0.32047202 seconds
Master time (avg): 0.00000000 seconds
Worker 1 time (avg): 0.29466678 seconds
Worker 2 time (avg): 0.18559019 seconds
Worker 3 time (avg): 0.18264115 seconds
Worker 4 time (avg): 0.20205200 seconds
Worker 5 time (avg): 0.19469220 seconds
	Command being timed: "mpiexec --host fct-deei-linux:4,fct-deei-aval:2 -np 6 -wd /home/a90113/mm-performance-analysis/mpi/scripts ./../bin/multiply_matrix_1024x1024_24-11-24-1944 ../../data/random_int_matrix_10.bin ../logs/fct-deei-linux/24-11-24-1944/times.log ../logs/fct-deei-linux/24-11-24-1944/results/1024x1024_results.log"
	User time (seconds): 36.14
	System time (seconds): 5.26
	Percent of CPU this job got: 291%
	Elapsed (wall clock) time (h:mm:ss or m:ss): 0:14.22
	Average shared text size (kbytes): 0
	Average unshared data size (kbytes): 0
	Average stack size (kbytes): 0
	Average total size (kbytes): 0
	Maximum resident set size (kbytes): 24832
	Average resident set size (kbytes): 0
	Major (requiring I/O) page faults: 2144
	Minor (reclaiming a frame) page faults: 9492
	Voluntary context switches: 62718
	Involuntary context switches: 1581
	Swaps: 0
	File system inputs: 0
	File system outputs: 36952
	Socket messages sent: 0
	Socket messages received: 0
	Signals delivered: 0
	Page size (bytes): 4096
	Exit status: 0
===============================================
Session Time: 1m 2s
Session Completed Successfully at: 2024-11-24 19:45:12
###############################################
=============== Users on Machine ==============
 19:45:12 up 6 days,  1:22,  0 users,  load average: 0.76, 0.39, 0.26
USER     TTY      FROM             LOGIN@   IDLE   JCPU   PCPU WHAT
========= Pre-Execution Memory Usage ==========
Pre-Execution Memory:
  MemTotal: 8066360 kB
  MemFree: 537184 kB
  MemAvailable: 6426640 kB
========= Post-Execution Memory Usage =========
Memory Usage at 2024-11-24 19:45:12:
MemTotal:: 8066360 kB
MemFree:: 516772 kB
MemAvailable:: 6421264 kB
============== Pre-Execution CPU ==============
USER NICE SYSTEM IDLE IOWAIT IRQ SOFTIRQ STEAL GUEST GUEST_NICE
cpu  6370911 885 187173 202587069 34354 0 7753 0 0 0
cpu0 1367994 100 48550 50876373 5003 0 3361 0 0 0
cpu1 1376403 166 49632 50860783 14330 0 2329 0 0 0
cpu2 1664158 290 44985 50554341 7815 0 1302 0 0 0
cpu3 1962354 328 44005 50295571 7205 0 760 0 0 0
intr 11384814 0 0 0 0 0 0 0 0 0 0 0 0 0 0 0 0 0 0 0 0 0 0 0 0 0 0 0 0 0 0 0 0 0 0 0 0 0 0 0 0 0 0 0 0 0 0 0 0 0 0 0 0 0 0 0 0 0 0 0 0 0 0 0 0 0 0 0 0 0 0 0 0 0 0 0 0 0 0 0 0 0 0 0 0 0 0 0 0 0 0 0 0 0 0 0 0 0 0 0 0 0 0 0 0 0 0 0 0 0 0 0 0 0 0 0 0 0 0 0 0 0 0 0 0 0 0 0 0 0 0 0 0 0 0 0 0 0 0 0 0 0 0 0 0 0 0 0 0 0 0 0 0 0 0 0 0 0 0 0 0 0 0 0 0 0 0 0 0 0 0 0 0 0 0 0 0 0 0 0 0 0 0 0 0 0 0 0 0 0 0 0 0 0 0 0 0 0 0 0 0 0 0 0 0 0 0 0 0 0 0 0 0 0 0 0 0 0 0 0 0 0 0 0 0 0 0 0 0 0 0 0 0 0 0 0 0 0 0 0 0 0 0 0 0 0 0 0 0 0 0 0 0 0 0 0 0 0 0 0 0 0 0 0 0 0 0 0 0 0 0 0 0 0 0 0 0 0 0 0 0 0 0 0 0 0 0 0 0 0 0 0 0 0 0 0 0 0 0 0 0 0 0 0 0 0 0 0 0 0 0 0 0 0 0 0 0 0 0 0 0 0 0 0 0 0 0 0 0 0 0 0 0 0 0 0 0 0 0 0 0 0 0 0 0 0 0 0 0 0 0 0 0 0 0 0 0 0 0 0 0 0 0 0 0 0 0 0 0 0 0 0 0 0 0 0 0 0 0 0 0 0 0 0 0 0 0 0 0 0 0 0 0 0 0 0 0 0 0 0 0 0 0 0 0 0 0 0 0 0 0 0 0 0 0 0 0 0 0 0 0 0 0 0 0 0 0 0 0 0 0 0 0 0 0 0 0 0 0 0 0 0 0 0 0 0 0 0 0 0 0 0 0 0 0 0 0 0 0 0 0 0 0 0 0 0 0 0 0 0 0 0 0 0 0 0 0 0 0 0 0 0 0 0 0 0 0 0 0 0 0 0 0 0 0 0 0 0 0 0 0 0 0 0 0 0 0 0 0 0 0 0 0 0 0 0 0 0 0 0 0 0 0 0 0 0 0 0 0 0 0 0 0 0 0 0 0 0 0 0 0 0 0 0 0 0 0 0 0 0 0 0 0 0 0 0 0 0 0 0 0 0 0 0 0 0 0 0 0 0 0 0 0 0 0 0 0 0 0 0 0 0 0 0 0 0 0 0 0 0 0 0 0 0 0 0 0 0 0 0 0 0 0 0 0 0 0 0 0 0 0 0 0 0 0 0 0 0 0 0 0 0 0 0 0 0 0 0 0 0 0 0 0 0 0 0 0 0 0 0 0 0 0 0 0 0 0 0 0 0 0 0 0 0 0 0 0 0 0 0 0 0 0 0 0 0 0 0 0 0 0 0 0 0 0 0 0 0 0 0 0 0 0 0 0 0 0 0 0 0 0 0 0 0 0 0 0 0 0 0 0 0 0 0 0 0 0 0 0 0 0 0 0 0 0 0 0 0 0 0 0 0 0 0 0 0 0 0 0 0 0 0 0 0 0 0 0 0 0 0 0 0 0 0 0 0 0 0 0 0 0 0 0 0 0 0 0 0 0 0 0 0 0 0 0 0 0 0 0 0 0 0 0 0 0 0 0 0 0 0 0 0 0 0 0 0 0 0 0 0 0 0 0 0 0 0 0 0 0 0 0 0 0 0 0 0 0 0 0 0 0 0 0 0 0 0 0 0 0 0 0 0 0 0 0 0 0 0 0 0 0 0 0 0 0 0 0 0 0 0 0 0 0 0 0 0 0 0 0 0 0 0 0 0 0 0 0 0 0 0 0 0 0 0 0 0 0 0 0 0 0 0 0 0 0 0 0 0 0 0 0 0 0 0 0 0 0 0 0 0 0 0 0 0 0 0 0 0 0 0 0 0 0 0 0 0 0 0 0 0 0 0 0 0 0 0 0 0 0 0 0 0 0 0 0 0 0 0 0 0 0 0 0 0 0 0 0 0 0 0 0 0 0 0 0 0 0 0 0 0 0 0 0 0 0 0 0 0 0 0 0 0 0 0 0 0 0 0 0 0 0 0 0 0 0 0 0 0 0 0 0 0 0 0 0 0 0 0 0 0 0 0 0 0 0 0 0 0 0 0 0 0 0 0 0 0 0 0 0 0 0 0 0 0 0 0 0 0 0 0 0 0 0 0 0 0 0 0 0 0 0 0 0 0 0 0 0 0 0 0 0 0 0 0 0 0 0 0 0 0 0 0 0 0 0 0 0 0 0 0 0 0 0 0 0 0 0 0 0 0 0 0 0 0 0 0 0 0 0 0 0 0 0 0 0 0 0 0 0 0 0 0 0 0 0 0 0 0 0 0 0 0 0 0 0 0 0 0 0 0 0 0 0 0 0 0 0 0 0 0 0 0 0 0 0 0 0 0 0 0 0 0 0 0 0 0 0 0 0 0 0 0 0 0 0 0 0 0 0 0 0 0 0 0 0 0 0 0 0 0 0 0 0 0 0 0 0 0 0 0 0 0 0 0 0 0 0 0 0 0 0 0 0 0 0 0 0 0 0 0 0 0 0 0 0 0 0 0 0 0 0 0 0 0 0 0 0 0 0 0 0 0 0 0 0 0 0 0 0 0 0 0 0 0 0 0 0 0 0 0 0 0 0 0 0 0 0 0 0 0 0 0 0 0 0 0 0 0 0 0 0 0 0 0 0 0 0 0 0 0 0 0 0 0 0 0 0 0 0 0 0 0 0 0 0 0 0 0 0 0 0 0 0 0 0 0 0 0 0 0 0 0 0 0 0 0 0 0 0 0 0 0 0 0 0 0 0 0 0 0 0 0 0 0 0 0 0 0 0 0 0 0 0 0 0 0 0 0 0 0 0 0 0 0 0 0 0 0 0 0 0 0 0 0 0 0 0 0 0 0 0 0 0 0 0 0 0 0 0 0 0 0 0 0 0 0 0 0 0 0 0 0 0 0 0 0 0 0 0 0 0 0 0 0 0 0 0 0 0 0 0 0 0 0 0 0 0 0 0 0 0 0 0 0 0 0 0 0 0 0 0 0 0 0 0 0 0 0 0 0 0 0 0 0 0 0 0 0 0 0 0 0 0 0 0 0 0 0 0 0 0 0 0 0 0 0 0 0 0 0 0 0 0 0 0 0 0 0 0 0 0 0 0 0 0 0 0 0 0 0 0 0 0 0 0 0 0 0 0 0 0 0 0 0 0 0 0 0 0 0 0 0 0 0 0 0 0 0 0 0 0 0 0 0 0 0 0 0 0 0 0 0 0 0 0 0 0 0 0 0 0 0 0 0 0 0 0 0 0 0 0 0 0 0 0 0 0 0 0 0 0 0 0 0 0 0 0 0 0 0 0 0 0 0 0 0 0 0 0 0 0 0 0 0 0 0 0 0 0 0 0 0 0 0 0 0 0 0 0 0 0 0 0 0 0 0 0 0 0 0 0 0 0 0 0 0 0 0 0 0 0 0 0 0 0 0 0 0 0 0 0 0 0 0 0 0 0 0 0 0 0 0 0 0 0 0 0 0 0 0 0 0 0 0 0 0 0 0 0 0 0 0 0 0 0 0 0 0 0 0 0 0 0 0 0 0 0 0 0 0 0 0 0 0 0 0 0 0 0 0 0 0 0 0 0 0 0 0 0 0 0 0 0 0 0 0 0 0 0 0 0 0 0 0 0 0 0 0 0 0 0 0 0 0 0 0 0 0 0 0 0 0 0 0 0 0 0 0 0 0 0 0 0 0 0 0 0 0 0 0 0 0 0 0 0 0 0 0 0 0 0 0 0 0 0 0 0 0 0 0 0 0 0 0 0 0 0 0 0 0 0 0 0 0 0 0 0 0 0 0 0 0 0 0 0 0 0 0 0 0 0 0 0 0 0 0 0 0 0 0 0 0 0 0 0 0 0 0 0 0 0 0 0 0 0 0 0 0 0 0 0 0 0 0 0 0 0 0 0 0 0 0 0 0 0 0 0 0 0 0 0 0 0 0 0 0 0 0 0 0 0 0 0 0 0 0 0 0 0 0 0 0 0 0 0 0 0 0 0 0 0 0 0 0 0 0 0 0 0 0 0 0 0 0 0 0 0 0 0 0 0 0 0 0 0 0 0 0 0 0 0 0 0 0 0 0 0 0 0 0 0 0 0 0 0 0 0 0 0 0 0 0 0 0 0 0 0 0 0 0 0 0 0 0 0 0 0 0 0 0 0 0 0 0 0 0 0 0 0 0 0 0 0 0 0 0 0 0 0 0 0 0 0 0 0 0 0 0 0 0 0 0 0 0 0 0 0 0 0 0 0 0 0 0 0 0 0 0 0 0 0 0 0 0 0 0 0 0 0 0 0 0 0 0 0 0 0 0 0 0 0 0 0 0 0 0 0 0 0 0 0 0 0 0 0 0 0 0 0 0 0 0 0 0 0 0 0 0 0 0 0 0 0 0 0 0 0 0 0 0 0 0 0 0 0 0 0 0 0 0 0 0 0 0 0 0 0 0 0 0 0 0 0 0 0 0 0 0 0 0 0 0 0 0 0 0 0 0 0 0 0 0 0 0 0 0 0 0 0 0 0 0 0 0 0 0 0 0 0 0 0 0 0 0 0 0 0 0 0 0 0 0 0 0 0 0 0 0 0 0 0 0 0 0 0 0 0 0 0 0 0 0 0 0 0 0 0 0 0 0 0 0 0 0 0 0 0 0 0 0 0 0 0 0 0 0 0 0 0 0 0 0 0 0 0 0 0 0 0 0 0 0 0 0 0 0 0 0 0 0 0 0 0 0 0 0 0 0 0 0 0 0 0 0 0 0 0 0 0 0 0 0 0 0 0 0 0 0 0 0 0 0 0 0 0 0 0 0 0 0 0 0 0 0 0 0 0 0 0 0 0 0 0 0 0 0 0 0 0 0 0 0 0 0 0 0 0 0 0 0 0 0 0 0 0 0 0 0 0 0 0 0 0 0 0 0 0 0 0 0 0 0 0 0 0 0 0 0 0 0 0 0 0 0 0 0 0 0 0 0 0 0 0 0 0 0 0 0 0 0 0 0 0 0 0 0 0 0 0 0 0 0 0 0 0 0 0 0 0 0 0 0 0 0 0 0 0 0 0 0 0 0 0 0 0 0 0 0 0 0 0 0 0 0 0
ctxt 98494291
btime 1731954159
processes 159801
procs_running 1
procs_blocked 0
softirq 40700779 0 12535089 3 3691701 0 0 1094638 14062619 530 9316199
============= Post-Execution CPU ==============
USER NICE SYSTEM IDLE IOWAIT IRQ SOFTIRQ STEAL GUEST GUEST_NICE
cpu  6376747 885 189033 202603470 34357 0 7773 0 0 0
cpu0 1369098 100 49332 50880409 5004 0 3366 0 0 0
cpu1 1378102 166 50022 50864788 14331 0 2334 0 0 0
cpu2 1665862 290 45421 50558256 7815 0 1311 0 0 0
cpu3 1963684 328 44257 50300016 7205 0 762 0 0 0
intr 11407096 0 0 0 0 0 0 0 0 0 0 0 0 0 0 0 0 0 0 0 0 0 0 0 0 0 0 0 0 0 0 0 0 0 0 0 0 0 0 0 0 0 0 0 0 0 0 0 0 0 0 0 0 0 0 0 0 0 0 0 0 0 0 0 0 0 0 0 0 0 0 0 0 0 0 0 0 0 0 0 0 0 0 0 0 0 0 0 0 0 0 0 0 0 0 0 0 0 0 0 0 0 0 0 0 0 0 0 0 0 0 0 0 0 0 0 0 0 0 0 0 0 0 0 0 0 0 0 0 0 0 0 0 0 0 0 0 0 0 0 0 0 0 0 0 0 0 0 0 0 0 0 0 0 0 0 0 0 0 0 0 0 0 0 0 0 0 0 0 0 0 0 0 0 0 0 0 0 0 0 0 0 0 0 0 0 0 0 0 0 0 0 0 0 0 0 0 0 0 0 0 0 0 0 0 0 0 0 0 0 0 0 0 0 0 0 0 0 0 0 0 0 0 0 0 0 0 0 0 0 0 0 0 0 0 0 0 0 0 0 0 0 0 0 0 0 0 0 0 0 0 0 0 0 0 0 0 0 0 0 0 0 0 0 0 0 0 0 0 0 0 0 0 0 0 0 0 0 0 0 0 0 0 0 0 0 0 0 0 0 0 0 0 0 0 0 0 0 0 0 0 0 0 0 0 0 0 0 0 0 0 0 0 0 0 0 0 0 0 0 0 0 0 0 0 0 0 0 0 0 0 0 0 0 0 0 0 0 0 0 0 0 0 0 0 0 0 0 0 0 0 0 0 0 0 0 0 0 0 0 0 0 0 0 0 0 0 0 0 0 0 0 0 0 0 0 0 0 0 0 0 0 0 0 0 0 0 0 0 0 0 0 0 0 0 0 0 0 0 0 0 0 0 0 0 0 0 0 0 0 0 0 0 0 0 0 0 0 0 0 0 0 0 0 0 0 0 0 0 0 0 0 0 0 0 0 0 0 0 0 0 0 0 0 0 0 0 0 0 0 0 0 0 0 0 0 0 0 0 0 0 0 0 0 0 0 0 0 0 0 0 0 0 0 0 0 0 0 0 0 0 0 0 0 0 0 0 0 0 0 0 0 0 0 0 0 0 0 0 0 0 0 0 0 0 0 0 0 0 0 0 0 0 0 0 0 0 0 0 0 0 0 0 0 0 0 0 0 0 0 0 0 0 0 0 0 0 0 0 0 0 0 0 0 0 0 0 0 0 0 0 0 0 0 0 0 0 0 0 0 0 0 0 0 0 0 0 0 0 0 0 0 0 0 0 0 0 0 0 0 0 0 0 0 0 0 0 0 0 0 0 0 0 0 0 0 0 0 0 0 0 0 0 0 0 0 0 0 0 0 0 0 0 0 0 0 0 0 0 0 0 0 0 0 0 0 0 0 0 0 0 0 0 0 0 0 0 0 0 0 0 0 0 0 0 0 0 0 0 0 0 0 0 0 0 0 0 0 0 0 0 0 0 0 0 0 0 0 0 0 0 0 0 0 0 0 0 0 0 0 0 0 0 0 0 0 0 0 0 0 0 0 0 0 0 0 0 0 0 0 0 0 0 0 0 0 0 0 0 0 0 0 0 0 0 0 0 0 0 0 0 0 0 0 0 0 0 0 0 0 0 0 0 0 0 0 0 0 0 0 0 0 0 0 0 0 0 0 0 0 0 0 0 0 0 0 0 0 0 0 0 0 0 0 0 0 0 0 0 0 0 0 0 0 0 0 0 0 0 0 0 0 0 0 0 0 0 0 0 0 0 0 0 0 0 0 0 0 0 0 0 0 0 0 0 0 0 0 0 0 0 0 0 0 0 0 0 0 0 0 0 0 0 0 0 0 0 0 0 0 0 0 0 0 0 0 0 0 0 0 0 0 0 0 0 0 0 0 0 0 0 0 0 0 0 0 0 0 0 0 0 0 0 0 0 0 0 0 0 0 0 0 0 0 0 0 0 0 0 0 0 0 0 0 0 0 0 0 0 0 0 0 0 0 0 0 0 0 0 0 0 0 0 0 0 0 0 0 0 0 0 0 0 0 0 0 0 0 0 0 0 0 0 0 0 0 0 0 0 0 0 0 0 0 0 0 0 0 0 0 0 0 0 0 0 0 0 0 0 0 0 0 0 0 0 0 0 0 0 0 0 0 0 0 0 0 0 0 0 0 0 0 0 0 0 0 0 0 0 0 0 0 0 0 0 0 0 0 0 0 0 0 0 0 0 0 0 0 0 0 0 0 0 0 0 0 0 0 0 0 0 0 0 0 0 0 0 0 0 0 0 0 0 0 0 0 0 0 0 0 0 0 0 0 0 0 0 0 0 0 0 0 0 0 0 0 0 0 0 0 0 0 0 0 0 0 0 0 0 0 0 0 0 0 0 0 0 0 0 0 0 0 0 0 0 0 0 0 0 0 0 0 0 0 0 0 0 0 0 0 0 0 0 0 0 0 0 0 0 0 0 0 0 0 0 0 0 0 0 0 0 0 0 0 0 0 0 0 0 0 0 0 0 0 0 0 0 0 0 0 0 0 0 0 0 0 0 0 0 0 0 0 0 0 0 0 0 0 0 0 0 0 0 0 0 0 0 0 0 0 0 0 0 0 0 0 0 0 0 0 0 0 0 0 0 0 0 0 0 0 0 0 0 0 0 0 0 0 0 0 0 0 0 0 0 0 0 0 0 0 0 0 0 0 0 0 0 0 0 0 0 0 0 0 0 0 0 0 0 0 0 0 0 0 0 0 0 0 0 0 0 0 0 0 0 0 0 0 0 0 0 0 0 0 0 0 0 0 0 0 0 0 0 0 0 0 0 0 0 0 0 0 0 0 0 0 0 0 0 0 0 0 0 0 0 0 0 0 0 0 0 0 0 0 0 0 0 0 0 0 0 0 0 0 0 0 0 0 0 0 0 0 0 0 0 0 0 0 0 0 0 0 0 0 0 0 0 0 0 0 0 0 0 0 0 0 0 0 0 0 0 0 0 0 0 0 0 0 0 0 0 0 0 0 0 0 0 0 0 0 0 0 0 0 0 0 0 0 0 0 0 0 0 0 0 0 0 0 0 0 0 0 0 0 0 0 0 0 0 0 0 0 0 0 0 0 0 0 0 0 0 0 0 0 0 0 0 0 0 0 0 0 0 0 0 0 0 0 0 0 0 0 0 0 0 0 0 0 0 0 0 0 0 0 0 0 0 0 0 0 0 0 0 0 0 0 0 0 0 0 0 0 0 0 0 0 0 0 0 0 0 0 0 0 0 0 0 0 0 0 0 0 0 0 0 0 0 0 0 0 0 0 0 0 0 0 0 0 0 0 0 0 0 0 0 0 0 0 0 0 0 0 0 0 0 0 0 0 0 0 0 0 0 0 0 0 0 0 0 0 0 0 0 0 0 0 0 0 0 0 0 0 0 0 0 0 0 0 0 0 0 0 0 0 0 0 0 0 0 0 0 0 0 0 0 0 0 0 0 0 0 0 0 0 0 0 0 0 0 0 0 0 0 0 0 0 0 0 0 0 0 0 0 0 0 0 0 0 0 0 0 0 0 0 0 0 0 0 0 0 0 0 0 0 0 0 0 0 0 0 0 0 0 0 0 0 0 0 0 0 0 0 0 0 0 0 0 0 0 0 0 0 0 0 0 0 0 0 0 0 0 0 0 0 0 0 0 0 0 0 0 0 0 0 0 0 0 0 0 0 0 0 0 0 0 0 0 0 0 0 0 0 0 0 0 0 0 0 0 0 0 0 0 0 0 0 0 0 0 0 0 0 0 0 0 0 0 0 0 0 0 0 0 0 0 0 0 0 0 0 0 0 0 0 0 0 0 0 0 0 0 0 0 0 0 0 0 0 0 0 0 0 0 0 0 0 0 0 0 0 0 0 0 0 0 0 0 0 0 0 0 0 0 0 0 0 0 0 0 0 0 0 0 0 0 0 0 0 0 0 0 0 0 0 0 0 0 0 0 0 0 0 0 0 0 0 0 0 0 0 0 0 0 0 0 0 0 0 0 0 0 0 0 0 0 0 0 0 0 0 0 0 0 0 0 0 0 0 0 0 0 0 0 0 0 0 0 0 0 0 0 0 0 0 0 0 0 0 0 0 0 0 0 0 0 0 0 0 0 0 0 0 0 0 0 0 0 0 0 0 0 0 0 0 0 0 0 0 0 0 0 0 0 0 0 0 0 0 0 0 0 0 0 0 0 0 0 0 0 0 0 0 0 0 0 0 0 0 0 0 0 0 0 0 0 0 0 0 0 0 0 0 0 0 0 0 0 0 0 0 0 0 0 0 0 0 0 0 0 0 0 0 0 0 0 0 0 0 0 0 0 0 0 0 0 0 0 0 0 0 0 0 0 0 0 0 0 0 0 0 0 0 0 0 0 0 0 0 0 0 0 0 0 0 0 0 0 0 0 0 0 0 0 0 0 0 0 0 0 0 0 0 0 0 0 0 0 0 0 0 0 0 0 0 0 0 0 0 0 0 0 0 0 0 0 0 0 0 0 0 0 0 0 0 0 0 0 0 0 0 0 0 0 0 0 0 0 0 0 0 0 0 0 0 0 0 0 0 0 0 0 0 0 0 0 0 0 0 0 0 0 0 0 0 0 0 0 0 0 0 0 0 0 0 0 0 0 0 0 0 0 0 0 0 0 0 0 0 0 0 0 0 0 0 0 0 0 0 0 0 0 0 0 0 0 0 0 0 0 0 0 0 0 0 0 0 0 0 0 0 0 0 0 0 0 0 0 0 0 0 0 0 0 0 0 0 0 0 0 0 0 0 0 0 0 0 0 0 0 0 0 0 0 0 0 0 0 0 0 0 0 0 0 0 0 0 0 0 0 0 0 0 0 0 0 0 0 0 0 0 0 0 0 0 0 0 0 0 0 0 0 0 0 0 0 0 0 0 0 0 0 0 0 0 0 0 0 0 0 0 0 0 0 0 0 0 0 0 0 0 0 0 0 0 0 0 0 0 0 0 0 0 0 0 0 0 0 0 0 0 0 0 0 0 0 0 0 0 0 0 0 0 0 0 0 0 0 0 0 0 0 0 0 0 0 0 0 0 0 0 0 0 0 0 0 0 0 0 0 0 0 0 0 0 0 0 0 0 0 0 0 0 0 0 0 0 0 0 0 0 0 0 0 0 0 0 0 0 0 0 0 0 0 0 0 0 0 0 0 0 0 0 0 0 0 0 0 0 0 0 0 0 0 0 0 0 0 0 0 0 0 0 0 0 0 0 0 0 0 0 0 0 0 0 0
ctxt 99596750
btime 1731954159
processes 160516
procs_running 3
procs_blocked 0
softirq 40741773 0 12540962 3 3702725 0 0 1094912 14073721 530 9328920
###############################################

