Matrix product from ../data/random_matrix.txt:
6464581 8306984 7863493 7620868 6163320 5184644 8863450 6373772 7201003 7945241 7511350 6092133 6678863 7742199 8112050 7429880 6163555 8448681 6798300 6532717 7695734 8110164 6551876 7769203 7553287 8606461 8742092 6764299 6991211 8057258 6704854 7328594 
8560268 9781088 10012114 9454300 8892351 7671655 10836008 8071413 10631683 10689692 9307099 8066551 9300814 9454201 10511040 10208481 8268299 10824445 8786882 9140207 9734265 10164063 8441109 10585184 10311710 11454261 11527338 9436658 9959747 10404323 7802978 8939721 
7219318 7690391 7750443 6376468 5845394 5062763 8479816 6648543 7020090 8408315 7136033 6895241 6911757 7855231 7832621 7677039 6624970 7865904 6512775 6101547 7600040 7507279 5845294 7155073 7241525 8741544 8833542 6303207 6154547 7428741 6553934 7236162 
5688705 7412069 7897424 6844948 6151575 5256295 7416991 5643832 6572519 7088801 6410174 5605935 5957098 7130976 8208296 7580996 5338428 6860650 6751275 6081463 7050984 7898887 6353966 6958957 7357858 9148758 8544525 5834726 6385982 8161700 5213490 6897967 
5867989 7809108 6301432 6165698 5740100 4541275 7834521 5604138 7274743 7496442 7186345 5576930 6988465 7008527 8613569 7635478 6334040 7350492 5794791 6266900 7134751 7299049 5612370 6978147 7222124 8185961 7996103 6610011 6793890 7513422 5383251 6118814 
7902005 8409052 8682890 7221605 7276638 5921545 8982274 7450479 7270748 8298016 8305971 7857719 8052178 8381433 9126938 8620943 6084581 8493711 7431035 7531887 7982974 8351348 6708017 7605458 8101142 10430912 9442314 7538878 7428116 7805099 6924832 8857500 
6272017 7503347 7877085 7543170 6391365 5753185 8332994 6101974 7170104 8711815 7112560 7001379 6786057 8106970 8372075 8308665 6412706 7550890 6852593 6958675 7881031 8211861 6125013 7241385 7503674 8976546 9334830 6823275 7459503 7909399 6646726 7285669 
8241911 9370356 8707214 8806110 7471049 6441722 9400931 8032485 9793084 10244082 8410572 7004980 8070632 9226237 10854947 9705957 6975398 9124280 7621577 7774176 8166013 9875366 6977911 9315983 9599633 10659314 10474120 7838327 8107325 9703842 7446378 8432799 
8243304 9059150 9633957 8588214 8303870 6998153 10298446 7625927 8480295 10229941 8656261 7289234 7811978 9101230 9699606 9424201 7572088 9237685 7298721 8108481 8740456 9226267 6796511 9596176 9346885 10965813 11464452 7950155 9502371 9194330 7714108 8777596 
6651243 9168919 8068337 7388163 7430745 6107887 9765685 6853173 7105315 8968035 8441991 7293738 8173387 8936993 9592610 9101656 6879700 8203509 6987508 8275289 8518000 8820381 6620359 8254646 7491347 10366888 10746827 7472958 8939499 7941012 6783550 9201559 
7656483 8903519 7981251 7359278 6979222 5803227 9416556 7385132 8671044 9480852 8249250 7553227 7725525 8938331 10065779 8782145 6905241 8543596 7371546 7099835 8190109 9021218 7112718 8440600 9036227 10834425 8919703 7239167 7908077 8969489 7746693 7885786 
7551931 7662066 7214035 6795328 6453588 6015077 8226754 5446734 6596965 7625229 7241385 7146471 6865044 7341929 8630825 7782323 6093030 8009073 5614351 6383722 7338740 8056237 5948302 7787647 7207525 8542784 8104293 6087566 8143641 7581924 6426691 6809177 
7109019 7257882 8554715 7131394 7964075 6205361 8876183 6180560 8139058 9376933 7721378 6850652 7270900 8358389 9527470 8753712 7459953 7996144 6266903 7320858 8770932 8619243 5888505 8389920 8359086 10372265 9806506 7584656 8807826 8915609 7395982 8091857 
8722115 9792525 9525199 8889426 7965312 6839515 10723028 8299918 8855747 9684447 8529685 8051076 8597527 9928549 10478684 9935469 7622515 10045858 7928820 7882936 9623766 10534101 7851708 9570299 10236474 11754794 10715093 8089211 8423957 10321681 7823576 8957824 
6281810 6206937 7422450 6090631 6354090 5136022 7851907 5483277 5669627 7120247 5912059 5899443 5963607 6292170 7611599 6859876 6434721 7480069 6134225 5679971 6848610 7500365 5500416 6355623 6933895 8595636 8543850 5817450 6567061 7711346 5467475 7210933 
7186171 7877222 7627116 6773195 7334576 5598445 9296809 7482516 7315629 8274787 7131936 7183719 7749106 8498585 8546515 8765805 6574162 7939914 6742637 7867435 7779166 8239715 5292889 6898285 7685617 10419378 9677218 7026315 8838012 8233120 6377567 8401026 
7796371 8044866 7768181 6847075 7277602 6395741 8764098 6832686 8458238 9377852 7315452 6907237 7306075 8578666 9170339 8853048 6940103 8010787 6394415 7680984 9130718 7785445 6217231 8203260 7731029 10104053 9737349 7461323 9035228 8304589 7016123 7829939 
6184092 7847128 8453548 6573000 6853131 5918975 9211150 6400346 7257702 9484905 7491434 6150714 7027499 7737536 8650025 8673820 7227247 7650132 6568396 7584789 7739656 7738626 5371357 8161176 7499341 9730001 9954262 7652126 7179876 6900499 6127086 8500018 
7465390 8068061 7974873 7180356 6849032 6058325 8873139 6797086 7858289 8895059 7895471 7153219 7425606 7816061 8158553 8545665 6394963 8446801 6696521 7026531 7765282 7988416 5932719 8431055 8559860 9111115 8712737 7138632 7382458 7124850 6788045 7575651 
7583630 8575939 8455242 7507540 7526030 6782362 9715858 6981438 7657319 9201347 7031872 6847882 6909619 8993400 9544813 9089706 7082312 8774014 7085952 7384431 8507275 9137607 6403198 8207561 8809411 10862034 10685870 7442002 8041168 8282774 6154909 9481444 
7791729 8692608 9444884 8015874 8091605 6841723 10142445 7071117 9007304 9406277 8706950 8070469 8015790 9249274 10640377 9456607 7476914 8709779 7975176 8754109 9770284 9624557 7510812 8555559 8638638 12177080 11422951 8111141 9391944 10282555 7017680 9696650 
7313096 8274373 8054685 7116904 6230719 5657051 8514220 6010965 7156192 6700483 7397271 6615115 7753725 7641377 9212329 8176472 6102164 8143274 6882609 6526758 7875926 8372330 7055069 7354600 7496762 9366014 8986426 6581913 7506979 9467473 6284311 6284940 
5907517 7267709 6135717 5422798 5570345 4659191 7092101 5912363 6118228 5816433 5996677 5065029 6439550 7670973 8517096 6922638 5161934 6429437 5858433 6260225 6152634 7089474 5999137 5770644 6264768 9133856 7876548 5976368 6644669 7478920 5222049 6283333 
5407861 5713349 6058213 4818091 4797395 4250514 6601456 4706804 5691459 5293724 5830713 4638625 5111130 6285214 6636429 5301678 4682225 5561856 5274219 5612805 5945995 5534175 5159203 5448469 4690086 7950484 6829942 5756550 6370279 5706986 5177153 6301573 
6380196 8353942 7261865 6942455 6865359 5455113 8909862 7104229 7493551 8445290 7962154 6697265 7601510 8060957 9213152 8336479 6518060 8616013 6783036 6943371 7915291 9172006 6370350 7343565 8135172 9606576 9926362 6665069 7925108 9146708 6151447 7656767 
7205421 7944200 6922473 6699640 7333771 5753315 8061171 7077735 6908687 7664119 6958385 6920015 7799459 7959798 9117996 8528920 5284346 8437798 6372416 6550687 7162396 8614801 6246329 7390742 8056527 10433149 9249964 6589043 7513897 7960590 6044893 7992423 
6760534 7471627 8787267 7355647 7376354 6411026 9547236 5917335 8169788 10395735 7395199 6686266 6404522 8233325 9086712 9044990 7524880 8568731 7022152 6868306 9323352 8574127 6566301 8286341 8298862 10479671 10647850 6765842 8243806 9171659 6654308 8757902 
6509553 7747905 7667706 5958707 6277009 5573124 8502989 6090729 7502468 7501267 6862754 5927405 6756891 7660055 8123832 8134263 6125392 7407593 6220128 7100068 7689579 7333974 5524296 7289205 6395900 9283814 9015326 7009414 7672281 7313390 5858421 7397915 
8331581 10915446 10189756 8840430 7803258 7596059 11792819 8023053 9982331 10131264 9296325 7902499 8606774 10141301 11186522 10516519 8054164 9445345 9440042 9499879 10509936 9934578 8067180 9957326 9239024 13171274 12436475 8819664 9959999 10579586 7295286 10196990 
6587737 8356319 7319876 6910681 5704941 4746639 9167186 6707120 7260044 7175894 7408328 6482386 6833979 7762978 8144282 8087032 5565658 7461288 7016794 6742091 7720511 7786117 5610564 6683973 7180030 9664832 8586047 5938730 7359234 8568307 6601757 7587525 
7155570 8246618 8569894 7874600 7100837 6333967 9639926 6729821 7940160 9073328 7441259 6240173 6939304 8113000 8307901 8276482 7074461 8739337 7423811 7518542 8314377 8549615 6387610 8445655 7586710 9740080 10311655 6605526 9121325 8927208 6699600 8396604 
7049279 8432436 8022070 7735599 7103736 5748430 9680492 7025863 7704779 8713812 7934554 6895904 7400994 7565095 9314475 8635290 6442517 8606475 6948837 7728386 8495168 8817783 5352247 7914251 7835441 9432342 10422199 6731490 9135916 9177324 5588857 7826584 
===============================================
Matrix product from ../data/diag_matrix.txt:
7070271 8195479 7705570 8724634 7042326 6536181 6860977 7704568 8681055 10659084 8698270 7878180 7680625 8995462 7245765 7180982 7620989 7410626 6922421 7631082 7718263 8223913 6272903 8306066 5920136 7763061 7620366 7458099 9594685 8111235 8096899 9763467 
7002122 8398309 9543542 10162654 7840777 6349966 8315242 8179055 8760546 10467555 8557059 8748796 8345777 9717506 8418422 9023643 7615932 8703835 6717805 7955028 6480204 8622133 6491578 8060934 6329411 8132272 7736428 8792452 10540575 10027033 8391736 9569574 
7658563 7120232 8377633 8594845 7403508 7797411 6770398 8665535 8935815 10913632 10736589 8780591 7539997 10578961 7299748 8279169 8156837 8128564 8044370 8572956 8008246 9248393 6716109 8662090 6812136 8887691 8438901 8546385 10989637 8969435 8258811 9965921 
8240503 10033093 9246122 10810634 8123786 7887492 8477741 9228343 10067572 11956219 11279367 8477819 9358602 10643928 9483910 9605897 8786247 9078866 8798027 8554598 8471155 9718219 7600690 8714319 7817963 9709829 9519851 8825759 10581872 10099287 9320051 10695567 
6482069 7847578 8442182 10308518 8422432 6380251 7801590 8205253 9176976 10549826 10162572 7745241 8257104 9970142 8254978 9061027 8284567 9635588 7200935 7840696 7673726 10029687 6853525 7372076 6330787 8958279 9102972 8783793 9805077 9101746 7475354 10003391 
7927888 8988238 8363880 11562420 8213404 7847944 8432279 8693006 10246142 12050356 11773112 9530589 10115434 10433872 8769050 9397289 9616205 9840518 9147597 8549528 9095351 9539340 7435613 8924445 7794904 8395271 10164096 8721535 11977810 11285270 9524454 11154410 
6836616 6811425 7164364 8334193 6260079 5356313 6377460 7413283 7480870 9083161 8966147 7084143 6744194 8466394 6737800 7847392 7361466 7899228 6733080 7532179 6986289 7839588 6317957 6278955 5101376 6988225 8415242 7240081 9004134 6973393 6466101 7962758 
8724222 10031803 8937667 11187256 8959355 8417498 9361116 9870580 10880973 13494693 11599417 9692104 10516361 10869988 10618186 10238488 9581845 9419940 8953783 8745905 9604791 10639947 7873929 10220764 8567513 10188716 10469848 9460588 12068920 10786533 10179122 12353839 
7358988 7724398 7011548 9587630 6697060 7456407 7462755 8111757 8478394 10756204 9885383 7812107 8761765 10115922 8279504 8372598 7379693 8517705 6986566 7552728 8032029 9035576 7129585 7703357 6801735 7589016 8053100 7811561 9249260 9421405 8313547 9427695 
6768526 7202615 7245560 8930113 6777379 6412199 6975264 7529720 8199183 10064852 9521305 7987196 8623302 8724294 8033367 8069424 7879118 8007778 7706950 6918698 7077614 7899928 6398652 6974394 6823597 7521383 8050461 6788846 9080907 8768769 7486628 9087371 
6024615 7477440 8326150 7970579 6850603 5686091 6822429 7134829 8337962 9676633 7922070 6811399 6614827 8958797 7616184 7337192 7247961 7249512 6895936 7939655 6490830 7202083 6165215 6999731 5303324 7547062 7621411 6713896 8680831 7865332 6952954 8379776 
7824376 8879236 8644232 10714407 7729934 7016669 8226035 8368471 9606206 11045945 9633062 9041088 9719713 9433445 8952989 9779287 7985559 9423335 7736472 8379970 8038539 9066923 7567930 7924314 6523518 8101442 8748816 8936814 10251960 9993753 8530896 10483144 
6725822 6349315 6385856 8638080 6618380 7350714 6933054 8203368 8478277 10351636 9376175 7490588 8289050 8790277 8361022 7257554 7717990 8902048 6680120 7074194 6811224 8928723 5881121 7729117 6890544 7927745 7812736 7139554 9031509 8806689 8125035 8599741 
6677004 7402134 7334569 8471943 6771098 7090567 6872976 7205872 8943481 10022700 9879810 7744259 7531882 8937946 8023612 8707396 8065594 7029501 7557067 7443190 6650785 8118218 6679620 7946445 6288596 7796137 7529642 7427362 9001211 8465451 6681008 9160536 
5647137 7270539 6945333 7488715 5800607 4854147 6253838 6052428 7007863 8631574 6796792 7096909 6150321 7173357 5407223 6789767 5926525 6827435 5615950 5936348 5338302 6695216 4652281 5699281 4442172 6382876 5892739 5653998 7936403 7000740 6346260 8014499 
7991436 7155027 7277860 9144446 7161134 7358107 7272644 8198244 8162325 10845036 8881150 7630126 8669496 9005929 8776404 8052248 7252913 7777332 6900100 7221651 7168144 8118930 5848127 7878800 6626132 7716582 9061216 8933163 9255641 8352242 9192577 9219137 
6080407 7497096 6385572 9337830 6672835 5907648 6885390 6872681 8698207 8774247 9134627 7538971 7610870 9086166 6798067 8074313 8172360 8753610 6147587 5976927 7289918 8699466 6343243 7548367 5370056 6712872 7561222 7284120 9896143 9117539 6420683 9314196 
6625896 7306796 7533376 8751704 6847539 5950889 6717736 7033354 8402030 10023143 7566998 7434091 6774091 8855178 7796976 7210301 7140634 7941402 6186380 6909417 6624890 8137640 5456055 7484566 4998968 7286027 7298499 7818477 8747849 8002730 7162290 8312516 
7899869 8889739 9222861 10588171 7754464 7492078 7495058 8702664 9722416 11523680 9734899 8323188 8496599 10443253 9357798 10033548 8040991 8709206 8635505 9252839 8220474 9522415 7201743 8241565 6598854 8627067 8753276 9340670 9735174 9344534 8260098 10355867 
7322798 8645265 8770855 10871056 7824096 7758507 8485775 8231244 10384139 11129282 10862876 9147430 8074138 10882630 8655518 10124610 8825326 9422521 8326126 8841301 7909357 9474414 6147625 8309991 6468166 8218632 9092469 8808445 10738282 10301972 8070112 10466625 
7551102 8161305 6739570 9389494 7868163 6207695 7013028 7756103 9210058 11493904 8933781 7934043 8107620 8824500 7588987 8344898 8023278 7738337 7209521 7580793 7494189 7848655 7358737 7865331 5392867 8283187 8827182 7928185 9162868 8691550 7729184 8810973 
6869979 7483782 8258430 9529472 7525630 6636293 7249226 7977010 8777319 10423679 9255224 8436318 8159456 9968400 8448138 7898265 7822638 8723104 7734738 7809378 6844896 8620514 7172154 7710954 6494495 8116482 7947235 8563147 8848863 8782979 7433998 8642091 
7816433 8027956 9093072 11117213 8226678 7867009 8164813 9370731 10801514 11796404 9890731 9609969 9075463 11011835 9190061 8972778 9493444 10268650 7607248 9023730 8641207 10615522 6422687 8954902 7212946 8564649 9643676 9921793 11888692 10069698 9102125 10789526 
8059643 9711622 9529214 12323577 9105043 8264831 8451757 9398898 11084099 13087819 11589560 9670128 9946470 11131815 10448958 9944188 9632715 9736235 8859101 9200829 9560154 10733055 8171604 9463694 7503548 9216026 9887365 9702766 11630670 11039810 9038167 11266755 
5630286 6393574 6213495 7992817 6574820 5485360 5745363 6648553 7810945 9135617 7257717 6210693 6376516 7661749 6483052 6599065 6695409 6567577 5853342 5720478 6005869 7347178 5168630 6709878 4770002 6649351 6979079 6812787 7949406 7370875 6209977 6647564 
6170689 7960735 7598715 8902759 7075455 6806978 7017031 7199594 8970856 10544792 9222011 6958453 7774419 8047518 7405194 7785254 7901474 6950408 6894199 6643761 7213967 8378091 5704521 8143268 6408221 8135452 7915551 6916261 9895430 8909867 7922971 9410215 
6506968 7607616 6489815 7400773 5867982 6357798 6390505 7624956 8087358 9760641 7395036 7636973 6731017 7714977 7295893 6624258 6230954 6896191 6267982 5954505 6181281 7380866 5737175 7372102 6001295 7612165 6557062 6664017 8734099 8043331 7336777 8235876 
6087132 7306416 7172968 9680024 6540713 6422778 6719438 8028373 8463757 10282368 8968114 7917190 7901090 8543827 7425857 7234467 7701383 8104289 6736418 6828919 7017034 8962394 6203815 7197332 6734180 7254222 7526773 7418524 9673279 8760605 7277087 8074912 
8114381 9260361 8326933 11858780 8525277 7770454 8676657 9310873 10587685 12638345 11103450 9888015 10552818 10523816 9239354 10025204 9618016 10056648 8168686 8231365 8184765 9982824 7161690 8517838 7785150 8874061 10302107 8780516 11516724 10453660 9341817 10913947 
6549102 7901104 7752462 10432262 8295105 7010939 7556625 8452801 9309931 11217933 9489860 9074915 8497622 9595502 8558004 8174839 7683334 9091564 6912037 7066157 7640023 10033261 7015649 8313217 7038244 8504268 7697613 9165557 9609361 9366262 7495742 9982251 
8372658 8249297 8358702 9344818 8306710 7431521 7778321 8996068 9073522 11944370 10314862 8952669 8633925 9473229 8700476 8194679 8159545 8450795 9005127 8720604 8806290 9168112 6991390 8041469 6829492 9242191 9329779 8304048 10055236 8452823 9394939 10111577 
7116863 8927482 8410921 9718718 8227176 6943696 8457532 8475469 9302911 11494590 10079331 8508845 8129438 9784334 8415772 9211532 7729286 8645426 7589725 7765160 7325871 9967561 7224700 7921278 7073215 9393259 8168766 8607215 9653046 9109451 7813298 10076781 
===============================================
