Session started at: 2024-11-04 13:14:39
===============================================
Using ../data/random_matrix.txt input file:
------------2x2-------------
Read time: 0.01775000 seconds
Multiplication time (avg): 0.00000087 seconds
Write time: 0.00023200 seconds
real	0m0.021s
user	0m0.001s
sys	0m0.001s
------------4x4-------------
Read time: 0.00002000 seconds
Multiplication time (avg): 0.00000073 seconds
Write time: 0.00038800 seconds
real	0m0.003s
user	0m0.000s
sys	0m0.001s
------------8x8-------------
Read time: 0.00002800 seconds
Multiplication time (avg): 0.00000193 seconds
Write time: 0.00040900 seconds
real	0m0.003s
user	0m0.000s
sys	0m0.001s
------------16x16-------------
Read time: 0.00005600 seconds
Multiplication time (avg): 0.00001070 seconds
Write time: 0.00045500 seconds
real	0m0.003s
user	0m0.000s
sys	0m0.002s
------------32x32-------------
Read time: 0.00019200 seconds
Multiplication time (avg): 0.00007707 seconds
Write time: 0.00065300 seconds
real	0m0.005s
user	0m0.003s
sys	0m0.001s
------------64x64-------------
Read time: 0.00531700 seconds
Multiplication time (avg): 0.00055083 seconds
Write time: 0.00086300 seconds
real	0m0.026s
user	0m0.018s
sys	0m0.003s
------------128x128-------------
Read time: 0.00254800 seconds
Multiplication time (avg): 0.00370870 seconds
Write time: 0.00141500 seconds
real	0m0.121s
user	0m0.119s
sys	0m0.001s
------------256x256-------------
Read time: 0.00854100 seconds
Multiplication time (avg): 0.03006803 seconds
Write time: 0.00431800 seconds
real	0m0.949s
user	0m0.942s
sys	0m0.002s
------------512x512-------------
Read time: 0.02843000 seconds
Multiplication time (avg): 0.26039067 seconds
Write time: 0.01695200 seconds
real	0m8.121s
user	0m8.086s
sys	0m0.008s
------------1024x1024-------------
Read time: 0.11127500 seconds
Multiplication time (avg): 3.63902537 seconds
Write time: 0.06553900 seconds
real	1m52.911s
user	1m52.527s
sys	0m0.021s
===============================================
Using ../data/diag_matrix.txt input file:
------------2x2-------------
Read time: 0.00144000 seconds
Multiplication time (avg): 0.00000060 seconds
Write time: 0.00040500 seconds
real	0m0.005s
user	0m0.000s
sys	0m0.001s
------------4x4-------------
Read time: 0.00002100 seconds
Multiplication time (avg): 0.00000063 seconds
Write time: 0.00045200 seconds
real	0m0.003s
user	0m0.000s
sys	0m0.001s
------------8x8-------------
Read time: 0.00003100 seconds
Multiplication time (avg): 0.00000170 seconds
Write time: 0.00046700 seconds
real	0m0.003s
user	0m0.000s
sys	0m0.001s
------------16x16-------------
Read time: 0.00005700 seconds
Multiplication time (avg): 0.00001230 seconds
Write time: 0.00042100 seconds
real	0m0.003s
user	0m0.002s
sys	0m0.000s
------------32x32-------------
Read time: 0.00017300 seconds
Multiplication time (avg): 0.00006503 seconds
Write time: 0.00060700 seconds
real	0m0.005s
user	0m0.002s
sys	0m0.001s
------------64x64-------------
Read time: 0.00555800 seconds
Multiplication time (avg): 0.00053153 seconds
Write time: 0.00071600 seconds
real	0m0.025s
user	0m0.018s
sys	0m0.002s
------------128x128-------------
Read time: 0.00280400 seconds
Multiplication time (avg): 0.00372017 seconds
Write time: 0.00116700 seconds
real	0m0.122s
user	0m0.120s
sys	0m0.000s
------------256x256-------------
Read time: 0.00798200 seconds
Multiplication time (avg): 0.02958797 seconds
Write time: 0.00404800 seconds
real	0m0.934s
user	0m0.926s
sys	0m0.003s
------------512x512-------------
Read time: 0.02807900 seconds
Multiplication time (avg): 0.25274377 seconds
Write time: 0.01683500 seconds
real	0m7.906s
user	0m7.873s
sys	0m0.005s
------------1024x1024-------------
Read time: 0.10964700 seconds
Multiplication time (avg): 3.57323393 seconds
Write time: 0.06508800 seconds
real	1m50.920s
user	1m50.549s
sys	0m0.018s
Session Completed Successfully at: 2024-11-04 13:18:42
Session Time: 4m 3s
###############################################

