Session started at: 2024-11-21 21:51:17
Running serial multiplication with double values on hpc083.a.incd.pt
===============================================
Using random_double_matrix_10.bin input file:
------------2x2-------------
Read time: 0.00001800 seconds
Write time: 0.00044600 seconds
Multiplication time (avg): 0.00000007 seconds
	Command being timed: "./../bin/multiply_matrix_2x2_18923526 ../../data/random_double_matrix_10.bin ../logs/cirrus/18923526/times.log ../logs/cirrus/18923526/results/2x2_results.log"
	User time (seconds): 0.00
	System time (seconds): 0.00
	Percent of CPU this job got: 0%
	Elapsed (wall clock) time (h:mm:ss or m:ss): 0:00.00
	Average shared text size (kbytes): 0
	Average unshared data size (kbytes): 0
	Average stack size (kbytes): 0
	Average total size (kbytes): 0
	Maximum resident set size (kbytes): 1436
	Average resident set size (kbytes): 0
	Major (requiring I/O) page faults: 0
	Minor (reclaiming a frame) page faults: 72
	Voluntary context switches: 10
	Involuntary context switches: 0
	Swaps: 0
	File system inputs: 0
	File system outputs: 0
	Socket messages sent: 0
	Socket messages received: 0
	Signals delivered: 0
	Page size (bytes): 4096
	Exit status: 0
------------4x4-------------
Read time: 0.00001800 seconds
Write time: 0.00039700 seconds
Multiplication time (avg): 0.00000027 seconds
	Command being timed: "./../bin/multiply_matrix_4x4_18923526 ../../data/random_double_matrix_10.bin ../logs/cirrus/18923526/times.log ../logs/cirrus/18923526/results/4x4_results.log"
	User time (seconds): 0.00
	System time (seconds): 0.00
	Percent of CPU this job got: 0%
	Elapsed (wall clock) time (h:mm:ss or m:ss): 0:00.00
	Average shared text size (kbytes): 0
	Average unshared data size (kbytes): 0
	Average stack size (kbytes): 0
	Average total size (kbytes): 0
	Maximum resident set size (kbytes): 1436
	Average resident set size (kbytes): 0
	Major (requiring I/O) page faults: 0
	Minor (reclaiming a frame) page faults: 72
	Voluntary context switches: 9
	Involuntary context switches: 0
	Swaps: 0
	File system inputs: 0
	File system outputs: 0
	Socket messages sent: 0
	Socket messages received: 0
	Signals delivered: 0
	Page size (bytes): 4096
	Exit status: 0
------------8x8-------------
Read time: 0.00001700 seconds
Write time: 0.00044000 seconds
Multiplication time (avg): 0.00000147 seconds
	Command being timed: "./../bin/multiply_matrix_8x8_18923526 ../../data/random_double_matrix_10.bin ../logs/cirrus/18923526/times.log ../logs/cirrus/18923526/results/8x8_results.log"
	User time (seconds): 0.00
	System time (seconds): 0.00
	Percent of CPU this job got: 0%
	Elapsed (wall clock) time (h:mm:ss or m:ss): 0:00.00
	Average shared text size (kbytes): 0
	Average unshared data size (kbytes): 0
	Average stack size (kbytes): 0
	Average total size (kbytes): 0
	Maximum resident set size (kbytes): 1436
	Average resident set size (kbytes): 0
	Major (requiring I/O) page faults: 0
	Minor (reclaiming a frame) page faults: 72
	Voluntary context switches: 8
	Involuntary context switches: 0
	Swaps: 0
	File system inputs: 0
	File system outputs: 0
	Socket messages sent: 0
	Socket messages received: 0
	Signals delivered: 0
	Page size (bytes): 4096
	Exit status: 0
------------16x16-------------
Read time: 0.00001800 seconds
Write time: 0.00046900 seconds
Multiplication time (avg): 0.00001330 seconds
	Command being timed: "./../bin/multiply_matrix_16x16_18923526 ../../data/random_double_matrix_10.bin ../logs/cirrus/18923526/times.log ../logs/cirrus/18923526/results/16x16_results.log"
	User time (seconds): 0.00
	System time (seconds): 0.00
	Percent of CPU this job got: 50%
	Elapsed (wall clock) time (h:mm:ss or m:ss): 0:00.00
	Average shared text size (kbytes): 0
	Average unshared data size (kbytes): 0
	Average stack size (kbytes): 0
	Average total size (kbytes): 0
	Maximum resident set size (kbytes): 1440
	Average resident set size (kbytes): 0
	Major (requiring I/O) page faults: 0
	Minor (reclaiming a frame) page faults: 73
	Voluntary context switches: 8
	Involuntary context switches: 0
	Swaps: 0
	File system inputs: 0
	File system outputs: 8
	Socket messages sent: 0
	Socket messages received: 0
	Signals delivered: 0
	Page size (bytes): 4096
	Exit status: 0
------------32x32-------------
Read time: 0.00002000 seconds
Write time: 0.00108200 seconds
Multiplication time (avg): 0.00011097 seconds
	Command being timed: "./../bin/multiply_matrix_32x32_18923526 ../../data/random_double_matrix_10.bin ../logs/cirrus/18923526/times.log ../logs/cirrus/18923526/results/32x32_results.log"
	User time (seconds): 0.00
	System time (seconds): 0.00
	Percent of CPU this job got: 66%
	Elapsed (wall clock) time (h:mm:ss or m:ss): 0:00.00
	Average shared text size (kbytes): 0
	Average unshared data size (kbytes): 0
	Average stack size (kbytes): 0
	Average total size (kbytes): 0
	Maximum resident set size (kbytes): 1460
	Average resident set size (kbytes): 0
	Major (requiring I/O) page faults: 0
	Minor (reclaiming a frame) page faults: 78
	Voluntary context switches: 10
	Involuntary context switches: 1
	Swaps: 0
	File system inputs: 0
	File system outputs: 16
	Socket messages sent: 0
	Socket messages received: 0
	Signals delivered: 0
	Page size (bytes): 4096
	Exit status: 0
------------64x64-------------
Read time: 0.00003700 seconds
Write time: 0.00180700 seconds
Multiplication time (avg): 0.00094043 seconds
	Command being timed: "./../bin/multiply_matrix_64x64_18923526 ../../data/random_double_matrix_10.bin ../logs/cirrus/18923526/times.log ../logs/cirrus/18923526/results/64x64_results.log"
	User time (seconds): 0.02
	System time (seconds): 0.00
	Percent of CPU this job got: 93%
	Elapsed (wall clock) time (h:mm:ss or m:ss): 0:00.03
	Average shared text size (kbytes): 0
	Average unshared data size (kbytes): 0
	Average stack size (kbytes): 0
	Average total size (kbytes): 0
	Maximum resident set size (kbytes): 1532
	Average resident set size (kbytes): 0
	Major (requiring I/O) page faults: 0
	Minor (reclaiming a frame) page faults: 96
	Voluntary context switches: 8
	Involuntary context switches: 3
	Swaps: 0
	File system inputs: 0
	File system outputs: 96
	Socket messages sent: 0
	Socket messages received: 0
	Signals delivered: 0
	Page size (bytes): 4096
	Exit status: 0
------------128x128-------------
Read time: 0.00010500 seconds
Write time: 0.00518200 seconds
Multiplication time (avg): 0.00740443 seconds
	Command being timed: "./../bin/multiply_matrix_128x128_18923526 ../../data/random_double_matrix_10.bin ../logs/cirrus/18923526/times.log ../logs/cirrus/18923526/results/128x128_results.log"
	User time (seconds): 0.23
	System time (seconds): 0.00
	Percent of CPU this job got: 99%
	Elapsed (wall clock) time (h:mm:ss or m:ss): 0:00.23
	Average shared text size (kbytes): 0
	Average unshared data size (kbytes): 0
	Average stack size (kbytes): 0
	Average total size (kbytes): 0
	Maximum resident set size (kbytes): 1820
	Average resident set size (kbytes): 0
	Major (requiring I/O) page faults: 0
	Minor (reclaiming a frame) page faults: 168
	Voluntary context switches: 8
	Involuntary context switches: 5
	Swaps: 0
	File system inputs: 0
	File system outputs: 384
	Socket messages sent: 0
	Socket messages received: 0
	Signals delivered: 0
	Page size (bytes): 4096
	Exit status: 0
------------256x256-------------
Read time: 0.00039300 seconds
Write time: 0.01908800 seconds
Multiplication time (avg): 0.05932927 seconds
	Command being timed: "./../bin/multiply_matrix_256x256_18923526 ../../data/random_double_matrix_10.bin ../logs/cirrus/18923526/times.log ../logs/cirrus/18923526/results/256x256_results.log"
	User time (seconds): 1.84
	System time (seconds): 0.00
	Percent of CPU this job got: 99%
	Elapsed (wall clock) time (h:mm:ss or m:ss): 0:01.86
	Average shared text size (kbytes): 0
	Average unshared data size (kbytes): 0
	Average stack size (kbytes): 0
	Average total size (kbytes): 0
	Maximum resident set size (kbytes): 2972
	Average resident set size (kbytes): 0
	Major (requiring I/O) page faults: 0
	Minor (reclaiming a frame) page faults: 456
	Voluntary context switches: 8
	Involuntary context switches: 16
	Swaps: 0
	File system inputs: 0
	File system outputs: 1544
	Socket messages sent: 0
	Socket messages received: 0
	Signals delivered: 0
	Page size (bytes): 4096
	Exit status: 0
------------512x512-------------
Read time: 0.00159900 seconds
Write time: 0.07575700 seconds
Multiplication time (avg): 0.61268227 seconds
	Command being timed: "./../bin/multiply_matrix_512x512_18923526 ../../data/random_double_matrix_10.bin ../logs/cirrus/18923526/times.log ../logs/cirrus/18923526/results/512x512_results.log"
	User time (seconds): 18.99
	System time (seconds): 0.00
	Percent of CPU this job got: 99%
	Elapsed (wall clock) time (h:mm:ss or m:ss): 0:19.06
	Average shared text size (kbytes): 0
	Average unshared data size (kbytes): 0
	Average stack size (kbytes): 0
	Average total size (kbytes): 0
	Maximum resident set size (kbytes): 7580
	Average resident set size (kbytes): 0
	Major (requiring I/O) page faults: 0
	Minor (reclaiming a frame) page faults: 586
	Voluntary context switches: 8
	Involuntary context switches: 141
	Swaps: 0
	File system inputs: 0
	File system outputs: 6672
	Socket messages sent: 0
	Socket messages received: 0
	Signals delivered: 0
	Page size (bytes): 4096
	Exit status: 0
------------1024x1024-------------
Read time: 0.00428700 seconds
Write time: 0.30011300 seconds
Multiplication time (avg): 5.29113640 seconds
	Command being timed: "./../bin/multiply_matrix_1024x1024_18923526 ../../data/random_double_matrix_10.bin ../logs/cirrus/18923526/times.log ../logs/cirrus/18923526/results/1024x1024_results.log"
	User time (seconds): 163.62
	System time (seconds): 0.01
	Percent of CPU this job got: 99%
	Elapsed (wall clock) time (h:mm:ss or m:ss): 2:44.21
	Average shared text size (kbytes): 0
	Average unshared data size (kbytes): 0
	Average stack size (kbytes): 0
	Average total size (kbytes): 0
	Maximum resident set size (kbytes): 26012
	Average resident set size (kbytes): 0
	Major (requiring I/O) page faults: 0
	Minor (reclaiming a frame) page faults: 595
	Voluntary context switches: 8
	Involuntary context switches: 1149
	Swaps: 0
	File system inputs: 0
	File system outputs: 26640
	Socket messages sent: 0
	Socket messages received: 0
	Signals delivered: 0
	Page size (bytes): 4096
	Exit status: 0
===============================================
Using diag_double_matrix_10.bin input file:
------------2x2-------------
Read time: 0.00002400 seconds
Write time: 0.00043500 seconds
Multiplication time (avg): 0.00000007 seconds
	Command being timed: "./../bin/multiply_matrix_2x2_18923526 ../../data/diag_double_matrix_10.bin ../logs/cirrus/18923526/times.log ../logs/cirrus/18923526/results/2x2_results.log"
	User time (seconds): 0.00
	System time (seconds): 0.00
	Percent of CPU this job got: 0%
	Elapsed (wall clock) time (h:mm:ss or m:ss): 0:00.00
	Average shared text size (kbytes): 0
	Average unshared data size (kbytes): 0
	Average stack size (kbytes): 0
	Average total size (kbytes): 0
	Maximum resident set size (kbytes): 1436
	Average resident set size (kbytes): 0
	Major (requiring I/O) page faults: 0
	Minor (reclaiming a frame) page faults: 72
	Voluntary context switches: 8
	Involuntary context switches: 1
	Swaps: 0
	File system inputs: 0
	File system outputs: 0
	Socket messages sent: 0
	Socket messages received: 0
	Signals delivered: 0
	Page size (bytes): 4096
	Exit status: 0
------------4x4-------------
Read time: 0.00002000 seconds
Write time: 0.00042600 seconds
Multiplication time (avg): 0.00000027 seconds
	Command being timed: "./../bin/multiply_matrix_4x4_18923526 ../../data/diag_double_matrix_10.bin ../logs/cirrus/18923526/times.log ../logs/cirrus/18923526/results/4x4_results.log"
	User time (seconds): 0.00
	System time (seconds): 0.00
	Percent of CPU this job got: 0%
	Elapsed (wall clock) time (h:mm:ss or m:ss): 0:00.00
	Average shared text size (kbytes): 0
	Average unshared data size (kbytes): 0
	Average stack size (kbytes): 0
	Average total size (kbytes): 0
	Maximum resident set size (kbytes): 1436
	Average resident set size (kbytes): 0
	Major (requiring I/O) page faults: 0
	Minor (reclaiming a frame) page faults: 72
	Voluntary context switches: 7
	Involuntary context switches: 0
	Swaps: 0
	File system inputs: 0
	File system outputs: 0
	Socket messages sent: 0
	Socket messages received: 0
	Signals delivered: 0
	Page size (bytes): 4096
	Exit status: 0
------------8x8-------------
Read time: 0.00001900 seconds
Write time: 0.00043100 seconds
Multiplication time (avg): 0.00000133 seconds
	Command being timed: "./../bin/multiply_matrix_8x8_18923526 ../../data/diag_double_matrix_10.bin ../logs/cirrus/18923526/times.log ../logs/cirrus/18923526/results/8x8_results.log"
	User time (seconds): 0.00
	System time (seconds): 0.00
	Percent of CPU this job got: 0%
	Elapsed (wall clock) time (h:mm:ss or m:ss): 0:00.00
	Average shared text size (kbytes): 0
	Average unshared data size (kbytes): 0
	Average stack size (kbytes): 0
	Average total size (kbytes): 0
	Maximum resident set size (kbytes): 1436
	Average resident set size (kbytes): 0
	Major (requiring I/O) page faults: 0
	Minor (reclaiming a frame) page faults: 72
	Voluntary context switches: 6
	Involuntary context switches: 0
	Swaps: 0
	File system inputs: 0
	File system outputs: 0
	Socket messages sent: 0
	Socket messages received: 0
	Signals delivered: 0
	Page size (bytes): 4096
	Exit status: 0
------------16x16-------------
Read time: 0.00001900 seconds
Write time: 0.00049800 seconds
Multiplication time (avg): 0.00001337 seconds
	Command being timed: "./../bin/multiply_matrix_16x16_18923526 ../../data/diag_double_matrix_10.bin ../logs/cirrus/18923526/times.log ../logs/cirrus/18923526/results/16x16_results.log"
	User time (seconds): 0.00
	System time (seconds): 0.00
	Percent of CPU this job got: 0%
	Elapsed (wall clock) time (h:mm:ss or m:ss): 0:00.00
	Average shared text size (kbytes): 0
	Average unshared data size (kbytes): 0
	Average stack size (kbytes): 0
	Average total size (kbytes): 0
	Maximum resident set size (kbytes): 1440
	Average resident set size (kbytes): 0
	Major (requiring I/O) page faults: 0
	Minor (reclaiming a frame) page faults: 73
	Voluntary context switches: 6
	Involuntary context switches: 1
	Swaps: 0
	File system inputs: 0
	File system outputs: 8
	Socket messages sent: 0
	Socket messages received: 0
	Signals delivered: 0
	Page size (bytes): 4096
	Exit status: 0
------------32x32-------------
Read time: 0.00002100 seconds
Write time: 0.00073800 seconds
Multiplication time (avg): 0.00011083 seconds
	Command being timed: "./../bin/multiply_matrix_32x32_18923526 ../../data/diag_double_matrix_10.bin ../logs/cirrus/18923526/times.log ../logs/cirrus/18923526/results/32x32_results.log"
	User time (seconds): 0.00
	System time (seconds): 0.00
	Percent of CPU this job got: 80%
	Elapsed (wall clock) time (h:mm:ss or m:ss): 0:00.00
	Average shared text size (kbytes): 0
	Average unshared data size (kbytes): 0
	Average stack size (kbytes): 0
	Average total size (kbytes): 0
	Maximum resident set size (kbytes): 1460
	Average resident set size (kbytes): 0
	Major (requiring I/O) page faults: 0
	Minor (reclaiming a frame) page faults: 78
	Voluntary context switches: 6
	Involuntary context switches: 1
	Swaps: 0
	File system inputs: 0
	File system outputs: 24
	Socket messages sent: 0
	Socket messages received: 0
	Signals delivered: 0
	Page size (bytes): 4096
	Exit status: 0
------------64x64-------------
Read time: 0.00004200 seconds
Write time: 0.00169400 seconds
Multiplication time (avg): 0.00092163 seconds
	Command being timed: "./../bin/multiply_matrix_64x64_18923526 ../../data/diag_double_matrix_10.bin ../logs/cirrus/18923526/times.log ../logs/cirrus/18923526/results/64x64_results.log"
	User time (seconds): 0.02
	System time (seconds): 0.00
	Percent of CPU this job got: 93%
	Elapsed (wall clock) time (h:mm:ss or m:ss): 0:00.03
	Average shared text size (kbytes): 0
	Average unshared data size (kbytes): 0
	Average stack size (kbytes): 0
	Average total size (kbytes): 0
	Maximum resident set size (kbytes): 1532
	Average resident set size (kbytes): 0
	Major (requiring I/O) page faults: 0
	Minor (reclaiming a frame) page faults: 96
	Voluntary context switches: 6
	Involuntary context switches: 3
	Swaps: 0
	File system inputs: 0
	File system outputs: 96
	Socket messages sent: 0
	Socket messages received: 0
	Signals delivered: 0
	Page size (bytes): 4096
	Exit status: 0
------------128x128-------------
Read time: 0.00010500 seconds
Write time: 0.00523500 seconds
Multiplication time (avg): 0.00740020 seconds
	Command being timed: "./../bin/multiply_matrix_128x128_18923526 ../../data/diag_double_matrix_10.bin ../logs/cirrus/18923526/times.log ../logs/cirrus/18923526/results/128x128_results.log"
	User time (seconds): 0.23
	System time (seconds): 0.00
	Percent of CPU this job got: 98%
	Elapsed (wall clock) time (h:mm:ss or m:ss): 0:00.23
	Average shared text size (kbytes): 0
	Average unshared data size (kbytes): 0
	Average stack size (kbytes): 0
	Average total size (kbytes): 0
	Maximum resident set size (kbytes): 1820
	Average resident set size (kbytes): 0
	Major (requiring I/O) page faults: 0
	Minor (reclaiming a frame) page faults: 168
	Voluntary context switches: 6
	Involuntary context switches: 6
	Swaps: 0
	File system inputs: 0
	File system outputs: 384
	Socket messages sent: 0
	Socket messages received: 0
	Signals delivered: 0
	Page size (bytes): 4096
	Exit status: 0
------------256x256-------------
Read time: 0.00037500 seconds
Write time: 0.01926000 seconds
Multiplication time (avg): 0.05922777 seconds
	Command being timed: "./../bin/multiply_matrix_256x256_18923526 ../../data/diag_double_matrix_10.bin ../logs/cirrus/18923526/times.log ../logs/cirrus/18923526/results/256x256_results.log"
	User time (seconds): 1.84
	System time (seconds): 0.00
	Percent of CPU this job got: 99%
	Elapsed (wall clock) time (h:mm:ss or m:ss): 0:01.85
	Average shared text size (kbytes): 0
	Average unshared data size (kbytes): 0
	Average stack size (kbytes): 0
	Average total size (kbytes): 0
	Maximum resident set size (kbytes): 2972
	Average resident set size (kbytes): 0
	Major (requiring I/O) page faults: 0
	Minor (reclaiming a frame) page faults: 456
	Voluntary context switches: 6
	Involuntary context switches: 16
	Swaps: 0
	File system inputs: 0
	File system outputs: 1536
	Socket messages sent: 0
	Socket messages received: 0
	Signals delivered: 0
	Page size (bytes): 4096
	Exit status: 0
------------512x512-------------
Read time: 0.00150000 seconds
Write time: 0.07636700 seconds
Multiplication time (avg): 0.62154530 seconds
	Command being timed: "./../bin/multiply_matrix_512x512_18923526 ../../data/diag_double_matrix_10.bin ../logs/cirrus/18923526/times.log ../logs/cirrus/18923526/results/512x512_results.log"
	User time (seconds): 19.29
	System time (seconds): 0.00
	Percent of CPU this job got: 99%
	Elapsed (wall clock) time (h:mm:ss or m:ss): 0:19.36
	Average shared text size (kbytes): 0
	Average unshared data size (kbytes): 0
	Average stack size (kbytes): 0
	Average total size (kbytes): 0
	Maximum resident set size (kbytes): 7580
	Average resident set size (kbytes): 0
	Major (requiring I/O) page faults: 0
	Minor (reclaiming a frame) page faults: 586
	Voluntary context switches: 6
	Involuntary context switches: 139
	Swaps: 0
	File system inputs: 0
	File system outputs: 6656
	Socket messages sent: 0
	Socket messages received: 0
	Signals delivered: 0
	Page size (bytes): 4096
	Exit status: 0
------------1024x1024-------------
Read time: 0.00463600 seconds
Write time: 0.30101000 seconds
Multiplication time (avg): 5.09533690 seconds
	Command being timed: "./../bin/multiply_matrix_1024x1024_18923526 ../../data/diag_double_matrix_10.bin ../logs/cirrus/18923526/times.log ../logs/cirrus/18923526/results/1024x1024_results.log"
	User time (seconds): 157.83
	System time (seconds): 0.01
	Percent of CPU this job got: 99%
	Elapsed (wall clock) time (h:mm:ss or m:ss): 2:38.35
	Average shared text size (kbytes): 0
	Average unshared data size (kbytes): 0
	Average stack size (kbytes): 0
	Average total size (kbytes): 0
	Maximum resident set size (kbytes): 26012
	Average resident set size (kbytes): 0
	Major (requiring I/O) page faults: 0
	Minor (reclaiming a frame) page faults: 595
	Voluntary context switches: 6
	Involuntary context switches: 1112
	Swaps: 0
	File system inputs: 0
	File system outputs: 26640
	Socket messages sent: 0
	Socket messages received: 0
	Signals delivered: 0
	Page size (bytes): 4096
	Exit status: 0
===============================================
Session Time: 6m 7s
Session Completed Successfully at: 2024-11-21 21:57:24
###############################################
Details for Job ID 18923526
Running serial multiplication with double values on hpc083.a.incd.pt
Allocated Memory (total): 5000 MB
=============== Active Modules =================
 - Currently Loaded Modules:
 -   1) gcc-13.2
================ Memory Usage ==================
JobID            MaxRSS  MaxVMSize  MaxDiskRead MaxDiskWrite 
------------ ---------- ---------- ------------ ------------ 
18923526.ba+     25244K    109624K     77757527     70450538 
=============== Nodes Assigned =================
hpc083

