Session started at: 2024-11-24 21:16:26
Running MPI Parallelization with int values on fct-deei-linux and fct-deei-aval
Available CPUs: 4
===============================================
Using random_int_matrix_10.bin input file:
------------2x2-------------
Workers: 6 across aval(2) and linux(4)
Read time: 0.00000890 seconds
Write time: 0.00006070 seconds
Multiplication time (avg): 0.00079607 seconds
Master time (avg): 0.00000008 seconds
Worker 1 time (avg): 0.00000006 seconds
Worker 2 time (avg): 0.00000007 seconds
Worker 3 time (avg): 0.00000010 seconds
Worker 4 time (avg): 0.00000011 seconds
Worker 5 time (avg): 0.00000009 seconds
	Command being timed: "mpiexec --host fct-deei-linux:4,fct-deei-aval:2 -np 6 -wd /home/a90113/mm-performance-analysis/mpi/scripts ./../bin/multiply_matrix_2x2_24-11-24-2116 ../../data/random_int_matrix_10.bin ../logs/fct-deei-linux/24-11-24-2116/times.log ../logs/fct-deei-linux/24-11-24-2116/results/2x2_results.log"
	User time (seconds): 1.80
	System time (seconds): 1.30
	Percent of CPU this job got: 70%
	Elapsed (wall clock) time (h:mm:ss or m:ss): 0:04.41
	Average shared text size (kbytes): 0
	Average unshared data size (kbytes): 0
	Average stack size (kbytes): 0
	Average total size (kbytes): 0
	Maximum resident set size (kbytes): 24444
	Average resident set size (kbytes): 0
	Major (requiring I/O) page faults: 2152
	Minor (reclaiming a frame) page faults: 8335
	Voluntary context switches: 59299
	Involuntary context switches: 300
	Swaps: 0
	File system inputs: 0
	File system outputs: 16464
	Socket messages sent: 0
	Socket messages received: 0
	Signals delivered: 0
	Page size (bytes): 4096
	Exit status: 0
------------4x4-------------
Workers: 6 across aval(2) and linux(4)
Read time: 0.00000870 seconds
Write time: 0.00001540 seconds
Multiplication time (avg): 0.00034336 seconds
Master time (avg): 0.00000007 seconds
Worker 1 time (avg): 0.00000003 seconds
Worker 2 time (avg): 0.00000006 seconds
Worker 3 time (avg): 0.00000007 seconds
Worker 4 time (avg): 0.00000007 seconds
Worker 5 time (avg): 0.00000007 seconds
	Command being timed: "mpiexec --host fct-deei-linux:4,fct-deei-aval:2 -np 6 -wd /home/a90113/mm-performance-analysis/mpi/scripts ./../bin/multiply_matrix_4x4_24-11-24-2116 ../../data/random_int_matrix_10.bin ../logs/fct-deei-linux/24-11-24-2116/times.log ../logs/fct-deei-linux/24-11-24-2116/results/4x4_results.log"
	User time (seconds): 1.64
	System time (seconds): 1.18
	Percent of CPU this job got: 64%
	Elapsed (wall clock) time (h:mm:ss or m:ss): 0:04.38
	Average shared text size (kbytes): 0
	Average unshared data size (kbytes): 0
	Average stack size (kbytes): 0
	Average total size (kbytes): 0
	Maximum resident set size (kbytes): 24468
	Average resident set size (kbytes): 0
	Major (requiring I/O) page faults: 2152
	Minor (reclaiming a frame) page faults: 8320
	Voluntary context switches: 59395
	Involuntary context switches: 259
	Swaps: 0
	File system inputs: 0
	File system outputs: 16464
	Socket messages sent: 0
	Socket messages received: 0
	Signals delivered: 0
	Page size (bytes): 4096
	Exit status: 0
------------8x8-------------
Workers: 6 across aval(2) and linux(4)
Read time: 0.00000870 seconds
Write time: 0.00003080 seconds
Multiplication time (avg): 0.00054657 seconds
Master time (avg): 0.00000010 seconds
Worker 1 time (avg): 0.00000011 seconds
Worker 2 time (avg): 0.00000010 seconds
Worker 3 time (avg): 0.00000006 seconds
Worker 4 time (avg): 0.00000010 seconds
Worker 5 time (avg): 0.00000012 seconds
	Command being timed: "mpiexec --host fct-deei-linux:4,fct-deei-aval:2 -np 6 -wd /home/a90113/mm-performance-analysis/mpi/scripts ./../bin/multiply_matrix_8x8_24-11-24-2116 ../../data/random_int_matrix_10.bin ../logs/fct-deei-linux/24-11-24-2116/times.log ../logs/fct-deei-linux/24-11-24-2116/results/8x8_results.log"
	User time (seconds): 1.66
	System time (seconds): 1.23
	Percent of CPU this job got: 66%
	Elapsed (wall clock) time (h:mm:ss or m:ss): 0:04.38
	Average shared text size (kbytes): 0
	Average unshared data size (kbytes): 0
	Average stack size (kbytes): 0
	Average total size (kbytes): 0
	Maximum resident set size (kbytes): 24432
	Average resident set size (kbytes): 0
	Major (requiring I/O) page faults: 2152
	Minor (reclaiming a frame) page faults: 8338
	Voluntary context switches: 59302
	Involuntary context switches: 323
	Swaps: 0
	File system inputs: 0
	File system outputs: 16464
	Socket messages sent: 0
	Socket messages received: 0
	Signals delivered: 0
	Page size (bytes): 4096
	Exit status: 0
------------16x16-------------
Workers: 6 across aval(2) and linux(4)
Read time: 0.00000920 seconds
Write time: 0.00003300 seconds
Multiplication time (avg): 0.00060626 seconds
Master time (avg): 0.00000033 seconds
Worker 1 time (avg): 0.00000048 seconds
Worker 2 time (avg): 0.00000077 seconds
Worker 3 time (avg): 0.00000073 seconds
Worker 4 time (avg): 0.00000092 seconds
Worker 5 time (avg): 0.00000091 seconds
	Command being timed: "mpiexec --host fct-deei-linux:4,fct-deei-aval:2 -np 6 -wd /home/a90113/mm-performance-analysis/mpi/scripts ./../bin/multiply_matrix_16x16_24-11-24-2116 ../../data/random_int_matrix_10.bin ../logs/fct-deei-linux/24-11-24-2116/times.log ../logs/fct-deei-linux/24-11-24-2116/results/16x16_results.log"
	User time (seconds): 1.76
	System time (seconds): 1.18
	Percent of CPU this job got: 66%
	Elapsed (wall clock) time (h:mm:ss or m:ss): 0:04.40
	Average shared text size (kbytes): 0
	Average unshared data size (kbytes): 0
	Average stack size (kbytes): 0
	Average total size (kbytes): 0
	Maximum resident set size (kbytes): 24512
	Average resident set size (kbytes): 0
	Major (requiring I/O) page faults: 2144
	Minor (reclaiming a frame) page faults: 8323
	Voluntary context switches: 59371
	Involuntary context switches: 248
	Swaps: 0
	File system inputs: 0
	File system outputs: 16464
	Socket messages sent: 0
	Socket messages received: 0
	Signals delivered: 0
	Page size (bytes): 4096
	Exit status: 0
------------32x32-------------
Workers: 6 across aval(2) and linux(4)
Read time: 0.00001340 seconds
Write time: 0.00012690 seconds
Multiplication time (avg): 0.00069973 seconds
Master time (avg): 0.00000192 seconds
Worker 1 time (avg): 0.00000270 seconds
Worker 2 time (avg): 0.00000270 seconds
Worker 3 time (avg): 0.00000228 seconds
Worker 4 time (avg): 0.00000250 seconds
Worker 5 time (avg): 0.00000276 seconds
	Command being timed: "mpiexec --host fct-deei-linux:4,fct-deei-aval:2 -np 6 -wd /home/a90113/mm-performance-analysis/mpi/scripts ./../bin/multiply_matrix_32x32_24-11-24-2116 ../../data/random_int_matrix_10.bin ../logs/fct-deei-linux/24-11-24-2116/times.log ../logs/fct-deei-linux/24-11-24-2116/results/32x32_results.log"
	User time (seconds): 1.85
	System time (seconds): 1.11
	Percent of CPU this job got: 67%
	Elapsed (wall clock) time (h:mm:ss or m:ss): 0:04.38
	Average shared text size (kbytes): 0
	Average unshared data size (kbytes): 0
	Average stack size (kbytes): 0
	Average total size (kbytes): 0
	Maximum resident set size (kbytes): 24488
	Average resident set size (kbytes): 0
	Major (requiring I/O) page faults: 2144
	Minor (reclaiming a frame) page faults: 8367
	Voluntary context switches: 59852
	Involuntary context switches: 1693
	Swaps: 0
	File system inputs: 0
	File system outputs: 16480
	Socket messages sent: 0
	Socket messages received: 0
	Signals delivered: 0
	Page size (bytes): 4096
	Exit status: 0
------------64x64-------------
Workers: 6 across aval(2) and linux(4)
Read time: 0.00002640 seconds
Write time: 0.00055301 seconds
Multiplication time (avg): 0.00036902 seconds
Master time (avg): 0.00001435 seconds
Worker 1 time (avg): 0.00003103 seconds
Worker 2 time (avg): 0.00003112 seconds
Worker 3 time (avg): 0.00001527 seconds
Worker 4 time (avg): 0.00002027 seconds
Worker 5 time (avg): 0.00001553 seconds
	Command being timed: "mpiexec --host fct-deei-linux:4,fct-deei-aval:2 -np 6 -wd /home/a90113/mm-performance-analysis/mpi/scripts ./../bin/multiply_matrix_64x64_24-11-24-2116 ../../data/random_int_matrix_10.bin ../logs/fct-deei-linux/24-11-24-2116/times.log ../logs/fct-deei-linux/24-11-24-2116/results/64x64_results.log"
	User time (seconds): 1.79
	System time (seconds): 1.21
	Percent of CPU this job got: 68%
	Elapsed (wall clock) time (h:mm:ss or m:ss): 0:04.38
	Average shared text size (kbytes): 0
	Average unshared data size (kbytes): 0
	Average stack size (kbytes): 0
	Average total size (kbytes): 0
	Maximum resident set size (kbytes): 24504
	Average resident set size (kbytes): 0
	Major (requiring I/O) page faults: 2148
	Minor (reclaiming a frame) page faults: 8379
	Voluntary context switches: 59711
	Involuntary context switches: 268
	Swaps: 0
	File system inputs: 0
	File system outputs: 16536
	Socket messages sent: 0
	Socket messages received: 0
	Signals delivered: 0
	Page size (bytes): 4096
	Exit status: 0
------------128x128-------------
Workers: 6 across aval(2) and linux(4)
Read time: 0.00010320 seconds
Write time: 0.00196255 seconds
Multiplication time (avg): 0.00066926 seconds
Master time (avg): 0.00024091 seconds
Worker 1 time (avg): 0.00024701 seconds
Worker 2 time (avg): 0.00024128 seconds
Worker 3 time (avg): 0.00023728 seconds
Worker 4 time (avg): 0.00013490 seconds
Worker 5 time (avg): 0.00013637 seconds
	Command being timed: "mpiexec --host fct-deei-linux:4,fct-deei-aval:2 -np 6 -wd /home/a90113/mm-performance-analysis/mpi/scripts ./../bin/multiply_matrix_128x128_24-11-24-2116 ../../data/random_int_matrix_10.bin ../logs/fct-deei-linux/24-11-24-2116/times.log ../logs/fct-deei-linux/24-11-24-2116/results/128x128_results.log"
	User time (seconds): 1.62
	System time (seconds): 1.36
	Percent of CPU this job got: 67%
	Elapsed (wall clock) time (h:mm:ss or m:ss): 0:04.44
	Average shared text size (kbytes): 0
	Average unshared data size (kbytes): 0
	Average stack size (kbytes): 0
	Average total size (kbytes): 0
	Maximum resident set size (kbytes): 26468
	Average resident set size (kbytes): 0
	Major (requiring I/O) page faults: 2144
	Minor (reclaiming a frame) page faults: 8437
	Voluntary context switches: 59858
	Involuntary context switches: 325
	Swaps: 0
	File system inputs: 0
	File system outputs: 16760
	Socket messages sent: 0
	Socket messages received: 0
	Signals delivered: 0
	Page size (bytes): 4096
	Exit status: 0
------------256x256-------------
Workers: 6 across aval(2) and linux(4)
Read time: 0.00036661 seconds
Write time: 0.00793250 seconds
Multiplication time (avg): 0.00264784 seconds
Master time (avg): 0.00212024 seconds
Worker 1 time (avg): 0.00208957 seconds
Worker 2 time (avg): 0.00110399 seconds
Worker 3 time (avg): 0.00102326 seconds
Worker 4 time (avg): 0.00119094 seconds
Worker 5 time (avg): 0.00136240 seconds
	Command being timed: "mpiexec --host fct-deei-linux:4,fct-deei-aval:2 -np 6 -wd /home/a90113/mm-performance-analysis/mpi/scripts ./../bin/multiply_matrix_256x256_24-11-24-2116 ../../data/random_int_matrix_10.bin ../logs/fct-deei-linux/24-11-24-2116/times.log ../logs/fct-deei-linux/24-11-24-2116/results/256x256_results.log"
	User time (seconds): 1.99
	System time (seconds): 1.23
	Percent of CPU this job got: 71%
	Elapsed (wall clock) time (h:mm:ss or m:ss): 0:04.49
	Average shared text size (kbytes): 0
	Average unshared data size (kbytes): 0
	Average stack size (kbytes): 0
	Average total size (kbytes): 0
	Maximum resident set size (kbytes): 24480
	Average resident set size (kbytes): 0
	Major (requiring I/O) page faults: 2144
	Minor (reclaiming a frame) page faults: 8835
	Voluntary context switches: 59904
	Involuntary context switches: 263
	Swaps: 0
	File system inputs: 0
	File system outputs: 17616
	Socket messages sent: 0
	Socket messages received: 0
	Signals delivered: 0
	Page size (bytes): 4096
	Exit status: 0
------------512x512-------------
Workers: 6 across aval(2) and linux(4)
Read time: 0.00122073 seconds
Write time: 0.02485634 seconds
Multiplication time (avg): 0.01917725 seconds
Master time (avg): 0.01515149 seconds
Worker 1 time (avg): 0.01594971 seconds
Worker 2 time (avg): 0.00961938 seconds
Worker 3 time (avg): 0.00957323 seconds
Worker 4 time (avg): 0.01108932 seconds
Worker 5 time (avg): 0.01208079 seconds
	Command being timed: "mpiexec --host fct-deei-linux:4,fct-deei-aval:2 -np 6 -wd /home/a90113/mm-performance-analysis/mpi/scripts ./../bin/multiply_matrix_512x512_24-11-24-2116 ../../data/random_int_matrix_10.bin ../logs/fct-deei-linux/24-11-24-2116/times.log ../logs/fct-deei-linux/24-11-24-2116/results/512x512_results.log"
	User time (seconds): 3.92
	System time (seconds): 1.16
	Percent of CPU this job got: 103%
	Elapsed (wall clock) time (h:mm:ss or m:ss): 0:04.91
	Average shared text size (kbytes): 0
	Average unshared data size (kbytes): 0
	Average stack size (kbytes): 0
	Average total size (kbytes): 0
	Maximum resident set size (kbytes): 24484
	Average resident set size (kbytes): 0
	Major (requiring I/O) page faults: 2144
	Minor (reclaiming a frame) page faults: 9549
	Voluntary context switches: 59877
	Involuntary context switches: 331
	Swaps: 0
	File system inputs: 0
	File system outputs: 21584
	Socket messages sent: 0
	Socket messages received: 0
	Signals delivered: 0
	Page size (bytes): 4096
	Exit status: 0
------------1024x1024-------------
Workers: 6 across aval(2) and linux(4)
Read time: 0.00268037 seconds
Write time: 0.10489818 seconds
Multiplication time (avg): 0.30772945 seconds
Master time (avg): 0.29191520 seconds
Worker 1 time (avg): 0.16459135 seconds
Worker 2 time (avg): 0.28312154 seconds
Worker 3 time (avg): 0.15471398 seconds
Worker 4 time (avg): 0.18067176 seconds
Worker 5 time (avg): 0.16891073 seconds
	Command being timed: "mpiexec --host fct-deei-linux:4,fct-deei-aval:2 -np 6 -wd /home/a90113/mm-performance-analysis/mpi/scripts ./../bin/multiply_matrix_1024x1024_24-11-24-2116 ../../data/random_int_matrix_10.bin ../logs/fct-deei-linux/24-11-24-2116/times.log ../logs/fct-deei-linux/24-11-24-2116/results/1024x1024_results.log"
	User time (seconds): 38.72
	System time (seconds): 1.18
	Percent of CPU this job got: 290%
	Elapsed (wall clock) time (h:mm:ss or m:ss): 0:13.75
	Average shared text size (kbytes): 0
	Average unshared data size (kbytes): 0
	Average stack size (kbytes): 0
	Average total size (kbytes): 0
	Maximum resident set size (kbytes): 24756
	Average resident set size (kbytes): 0
	Major (requiring I/O) page faults: 2144
	Minor (reclaiming a frame) page faults: 9254
	Voluntary context switches: 62153
	Involuntary context switches: 1140
	Swaps: 0
	File system inputs: 0
	File system outputs: 36944
	Socket messages sent: 0
	Socket messages received: 0
	Signals delivered: 0
	Page size (bytes): 4096
	Exit status: 0
===============================================
Session Time: 1m 2s
Session Completed Successfully at: 2024-11-24 21:17:28
###############################################
=============== Users on Machine ==============
 21:17:28 up 6 days,  2:54,  0 users,  load average: 0.95, 0.40, 0.24
USER     TTY      FROM             LOGIN@   IDLE   JCPU   PCPU WHAT
========= Pre-Execution Memory Usage ==========
Pre-Execution Memory:
  MemTotal: 8066360 kB
  MemFree: 1071140 kB
  MemAvailable: 6461720 kB
========= Post-Execution Memory Usage =========
Memory Usage at 2024-11-24 21:17:28:
MemTotal:: 8066360 kB
MemFree:: 1052208 kB
MemAvailable:: 6457540 kB
============== Pre-Execution CPU ==============
USER NICE SYSTEM IDLE IOWAIT IRQ SOFTIRQ STEAL GUEST GUEST_NICE
cpu  6409017 885 197068 204749116 34704 0 7944 0 0 0
cpu0 1376392 100 51297 51417521 5056 0 3445 0 0 0
cpu1 1386753 166 52261 51400482 14470 0 2362 0 0 0
cpu2 1674563 290 47556 51093848 7906 0 1334 0 0 0
cpu3 1971307 328 45953 50837264 7271 0 802 0 0 0
intr 11947110 0 0 0 0 0 0 0 0 0 0 0 0 0 0 0 0 0 0 0 0 0 0 0 0 0 0 0 0 0 0 0 0 0 0 0 0 0 0 0 0 0 0 0 0 0 0 0 0 0 0 0 0 0 0 0 0 0 0 0 0 0 0 0 0 0 0 0 0 0 0 0 0 0 0 0 0 0 0 0 0 0 0 0 0 0 0 0 0 0 0 0 0 0 0 0 0 0 0 0 0 0 0 0 0 0 0 0 0 0 0 0 0 0 0 0 0 0 0 0 0 0 0 0 0 0 0 0 0 0 0 0 0 0 0 0 0 0 0 0 0 0 0 0 0 0 0 0 0 0 0 0 0 0 0 0 0 0 0 0 0 0 0 0 0 0 0 0 0 0 0 0 0 0 0 0 0 0 0 0 0 0 0 0 0 0 0 0 0 0 0 0 0 0 0 0 0 0 0 0 0 0 0 0 0 0 0 0 0 0 0 0 0 0 0 0 0 0 0 0 0 0 0 0 0 0 0 0 0 0 0 0 0 0 0 0 0 0 0 0 0 0 0 0 0 0 0 0 0 0 0 0 0 0 0 0 0 0 0 0 0 0 0 0 0 0 0 0 0 0 0 0 0 0 0 0 0 0 0 0 0 0 0 0 0 0 0 0 0 0 0 0 0 0 0 0 0 0 0 0 0 0 0 0 0 0 0 0 0 0 0 0 0 0 0 0 0 0 0 0 0 0 0 0 0 0 0 0 0 0 0 0 0 0 0 0 0 0 0 0 0 0 0 0 0 0 0 0 0 0 0 0 0 0 0 0 0 0 0 0 0 0 0 0 0 0 0 0 0 0 0 0 0 0 0 0 0 0 0 0 0 0 0 0 0 0 0 0 0 0 0 0 0 0 0 0 0 0 0 0 0 0 0 0 0 0 0 0 0 0 0 0 0 0 0 0 0 0 0 0 0 0 0 0 0 0 0 0 0 0 0 0 0 0 0 0 0 0 0 0 0 0 0 0 0 0 0 0 0 0 0 0 0 0 0 0 0 0 0 0 0 0 0 0 0 0 0 0 0 0 0 0 0 0 0 0 0 0 0 0 0 0 0 0 0 0 0 0 0 0 0 0 0 0 0 0 0 0 0 0 0 0 0 0 0 0 0 0 0 0 0 0 0 0 0 0 0 0 0 0 0 0 0 0 0 0 0 0 0 0 0 0 0 0 0 0 0 0 0 0 0 0 0 0 0 0 0 0 0 0 0 0 0 0 0 0 0 0 0 0 0 0 0 0 0 0 0 0 0 0 0 0 0 0 0 0 0 0 0 0 0 0 0 0 0 0 0 0 0 0 0 0 0 0 0 0 0 0 0 0 0 0 0 0 0 0 0 0 0 0 0 0 0 0 0 0 0 0 0 0 0 0 0 0 0 0 0 0 0 0 0 0 0 0 0 0 0 0 0 0 0 0 0 0 0 0 0 0 0 0 0 0 0 0 0 0 0 0 0 0 0 0 0 0 0 0 0 0 0 0 0 0 0 0 0 0 0 0 0 0 0 0 0 0 0 0 0 0 0 0 0 0 0 0 0 0 0 0 0 0 0 0 0 0 0 0 0 0 0 0 0 0 0 0 0 0 0 0 0 0 0 0 0 0 0 0 0 0 0 0 0 0 0 0 0 0 0 0 0 0 0 0 0 0 0 0 0 0 0 0 0 0 0 0 0 0 0 0 0 0 0 0 0 0 0 0 0 0 0 0 0 0 0 0 0 0 0 0 0 0 0 0 0 0 0 0 0 0 0 0 0 0 0 0 0 0 0 0 0 0 0 0 0 0 0 0 0 0 0 0 0 0 0 0 0 0 0 0 0 0 0 0 0 0 0 0 0 0 0 0 0 0 0 0 0 0 0 0 0 0 0 0 0 0 0 0 0 0 0 0 0 0 0 0 0 0 0 0 0 0 0 0 0 0 0 0 0 0 0 0 0 0 0 0 0 0 0 0 0 0 0 0 0 0 0 0 0 0 0 0 0 0 0 0 0 0 0 0 0 0 0 0 0 0 0 0 0 0 0 0 0 0 0 0 0 0 0 0 0 0 0 0 0 0 0 0 0 0 0 0 0 0 0 0 0 0 0 0 0 0 0 0 0 0 0 0 0 0 0 0 0 0 0 0 0 0 0 0 0 0 0 0 0 0 0 0 0 0 0 0 0 0 0 0 0 0 0 0 0 0 0 0 0 0 0 0 0 0 0 0 0 0 0 0 0 0 0 0 0 0 0 0 0 0 0 0 0 0 0 0 0 0 0 0 0 0 0 0 0 0 0 0 0 0 0 0 0 0 0 0 0 0 0 0 0 0 0 0 0 0 0 0 0 0 0 0 0 0 0 0 0 0 0 0 0 0 0 0 0 0 0 0 0 0 0 0 0 0 0 0 0 0 0 0 0 0 0 0 0 0 0 0 0 0 0 0 0 0 0 0 0 0 0 0 0 0 0 0 0 0 0 0 0 0 0 0 0 0 0 0 0 0 0 0 0 0 0 0 0 0 0 0 0 0 0 0 0 0 0 0 0 0 0 0 0 0 0 0 0 0 0 0 0 0 0 0 0 0 0 0 0 0 0 0 0 0 0 0 0 0 0 0 0 0 0 0 0 0 0 0 0 0 0 0 0 0 0 0 0 0 0 0 0 0 0 0 0 0 0 0 0 0 0 0 0 0 0 0 0 0 0 0 0 0 0 0 0 0 0 0 0 0 0 0 0 0 0 0 0 0 0 0 0 0 0 0 0 0 0 0 0 0 0 0 0 0 0 0 0 0 0 0 0 0 0 0 0 0 0 0 0 0 0 0 0 0 0 0 0 0 0 0 0 0 0 0 0 0 0 0 0 0 0 0 0 0 0 0 0 0 0 0 0 0 0 0 0 0 0 0 0 0 0 0 0 0 0 0 0 0 0 0 0 0 0 0 0 0 0 0 0 0 0 0 0 0 0 0 0 0 0 0 0 0 0 0 0 0 0 0 0 0 0 0 0 0 0 0 0 0 0 0 0 0 0 0 0 0 0 0 0 0 0 0 0 0 0 0 0 0 0 0 0 0 0 0 0 0 0 0 0 0 0 0 0 0 0 0 0 0 0 0 0 0 0 0 0 0 0 0 0 0 0 0 0 0 0 0 0 0 0 0 0 0 0 0 0 0 0 0 0 0 0 0 0 0 0 0 0 0 0 0 0 0 0 0 0 0 0 0 0 0 0 0 0 0 0 0 0 0 0 0 0 0 0 0 0 0 0 0 0 0 0 0 0 0 0 0 0 0 0 0 0 0 0 0 0 0 0 0 0 0 0 0 0 0 0 0 0 0 0 0 0 0 0 0 0 0 0 0 0 0 0 0 0 0 0 0 0 0 0 0 0 0 0 0 0 0 0 0 0 0 0 0 0 0 0 0 0 0 0 0 0 0 0 0 0 0 0 0 0 0 0 0 0 0 0 0 0 0 0 0 0 0 0 0 0 0 0 0 0 0 0 0 0 0 0 0 0 0 0 0 0 0 0 0 0 0 0 0 0 0 0 0 0 0 0 0 0 0 0 0 0 0 0 0 0 0 0 0 0 0 0 0 0 0 0 0 0 0 0 0 0 0 0 0 0 0 0 0 0 0 0 0 0 0 0 0 0 0 0 0 0 0 0 0 0 0 0 0 0 0 0 0 0 0 0 0 0 0 0 0 0 0 0 0 0 0 0 0 0 0 0 0 0 0 0 0 0 0 0 0 0 0 0 0 0 0 0 0 0 0 0 0 0 0 0 0 0 0 0 0 0 0 0 0 0 0 0 0 0 0 0 0 0 0 0 0 0 0 0 0 0 0 0 0 0 0 0 0 0 0 0 0 0 0 0 0 0 0 0 0 0 0 0 0 0 0 0 0 0 0 0 0 0 0 0 0 0 0 0 0 0 0 0 0 0 0 0 0 0 0 0 0 0 0 0 0 0 0 0 0 0 0 0 0 0 0 0 0 0 0 0 0 0 0 0 0 0 0 0 0 0 0 0 0 0 0 0 0 0 0 0 0 0 0 0 0 0 0 0 0 0 0 0 0 0 0 0 0 0 0 0 0 0 0 0 0 0 0 0 0 0 0 0 0 0 0 0 0 0 0 0 0 0 0 0 0 0 0 0 0 0 0 0 0 0 0 0 0 0 0 0 0 0 0 0 0 0 0 0 0 0 0 0 0 0 0 0 0 0 0 0 0 0 0 0 0 0 0 0 0 0 0 0 0 0 0 0 0 0 0 0 0 0 0 0 0 0 0 0 0 0 0 0 0 0 0 0 0 0 0 0 0 0 0 0 0 0 0 0 0 0 0 0 0 0 0 0 0 0 0 0 0 0 0 0 0 0 0 0 0 0 0 0 0 0 0 0 0 0 0 0 0 0 0 0 0 0 0 0 0 0 0 0 0 0 0 0 0 0 0 0 0 0 0 0 0 0 0 0 0 0 0 0 0 0 0 0 0 0 0 0 0 0 0 0 0 0 0 0 0 0 0 0 0 0 0 0 0 0 0 0 0 0 0 0 0 0 0 0 0 0 0 0 0 0 0 0 0 0 0 0 0 0 0 0 0 0 0 0 0 0 0 0 0 0 0 0 0 0 0 0 0 0 0 0 0 0 0 0 0 0 0 0 0 0 0 0 0 0 0 0 0 0 0 0 0 0 0 0 0 0 0 0 0 0 0 0 0 0 0 0 0 0 0 0 0 0 0 0 0 0 0 0 0 0 0 0 0 0 0 0 0 0 0 0 0 0 0 0 0 0 0 0 0 0 0 0 0 0 0 0 0 0 0 0 0 0 0 0 0 0 0 0 0 0 0 0 0 0 0 0 0 0 0 0 0 0 0 0 0 0 0 0 0 0 0 0 0 0 0 0 0 0 0 0 0 0 0 0 0 0 0 0 0 0 0 0 0 0 0 0 0 0 0 0 0 0 0 0 0 0 0 0 0 0 0 0 0 0 0 0 0 0 0 0 0 0 0 0 0 0 0 0 0 0 0 0 0 0 0 0 0 0 0 0 0 0 0 0 0 0 0 0 0 0 0 0 0 0 0 0 0 0 0 0 0 0 0 0 0 0 0 0 0 0 0 0 0 0 0 0 0 0 0 0 0 0 0 0 0 0 0 0 0 0 0 0 0 0 0 0 0 0 0 0 0 0 0 0 0 0 0 0 0 0 0 0 0 0 0 0 0 0 0 0 0 0 0 0 0 0 0 0 0 0 0 0 0 0 0 0 0 0 0 0 0 0 0 0 0 0 0 0
ctxt 102568789
btime 1731954159
processes 164076
procs_running 1
procs_blocked 0
softirq 41685170 0 12756638 3 3854355 0 0 1110438 14366948 532 9596256
============= Post-Execution CPU ==============
USER NICE SYSTEM IDLE IOWAIT IRQ SOFTIRQ STEAL GUEST GUEST_NICE
cpu  6415096 885 198453 204765475 34707 0 7971 0 0 0
cpu0 1377915 100 51622 51421579 5056 0 3450 0 0 0
cpu1 1388412 166 52714 51404341 14471 0 2371 0 0 0
cpu2 1676224 290 47962 51097723 7906 0 1341 0 0 0
cpu3 1972543 328 46154 50841830 7272 0 808 0 0 0
intr 11971795 0 0 0 0 0 0 0 0 0 0 0 0 0 0 0 0 0 0 0 0 0 0 0 0 0 0 0 0 0 0 0 0 0 0 0 0 0 0 0 0 0 0 0 0 0 0 0 0 0 0 0 0 0 0 0 0 0 0 0 0 0 0 0 0 0 0 0 0 0 0 0 0 0 0 0 0 0 0 0 0 0 0 0 0 0 0 0 0 0 0 0 0 0 0 0 0 0 0 0 0 0 0 0 0 0 0 0 0 0 0 0 0 0 0 0 0 0 0 0 0 0 0 0 0 0 0 0 0 0 0 0 0 0 0 0 0 0 0 0 0 0 0 0 0 0 0 0 0 0 0 0 0 0 0 0 0 0 0 0 0 0 0 0 0 0 0 0 0 0 0 0 0 0 0 0 0 0 0 0 0 0 0 0 0 0 0 0 0 0 0 0 0 0 0 0 0 0 0 0 0 0 0 0 0 0 0 0 0 0 0 0 0 0 0 0 0 0 0 0 0 0 0 0 0 0 0 0 0 0 0 0 0 0 0 0 0 0 0 0 0 0 0 0 0 0 0 0 0 0 0 0 0 0 0 0 0 0 0 0 0 0 0 0 0 0 0 0 0 0 0 0 0 0 0 0 0 0 0 0 0 0 0 0 0 0 0 0 0 0 0 0 0 0 0 0 0 0 0 0 0 0 0 0 0 0 0 0 0 0 0 0 0 0 0 0 0 0 0 0 0 0 0 0 0 0 0 0 0 0 0 0 0 0 0 0 0 0 0 0 0 0 0 0 0 0 0 0 0 0 0 0 0 0 0 0 0 0 0 0 0 0 0 0 0 0 0 0 0 0 0 0 0 0 0 0 0 0 0 0 0 0 0 0 0 0 0 0 0 0 0 0 0 0 0 0 0 0 0 0 0 0 0 0 0 0 0 0 0 0 0 0 0 0 0 0 0 0 0 0 0 0 0 0 0 0 0 0 0 0 0 0 0 0 0 0 0 0 0 0 0 0 0 0 0 0 0 0 0 0 0 0 0 0 0 0 0 0 0 0 0 0 0 0 0 0 0 0 0 0 0 0 0 0 0 0 0 0 0 0 0 0 0 0 0 0 0 0 0 0 0 0 0 0 0 0 0 0 0 0 0 0 0 0 0 0 0 0 0 0 0 0 0 0 0 0 0 0 0 0 0 0 0 0 0 0 0 0 0 0 0 0 0 0 0 0 0 0 0 0 0 0 0 0 0 0 0 0 0 0 0 0 0 0 0 0 0 0 0 0 0 0 0 0 0 0 0 0 0 0 0 0 0 0 0 0 0 0 0 0 0 0 0 0 0 0 0 0 0 0 0 0 0 0 0 0 0 0 0 0 0 0 0 0 0 0 0 0 0 0 0 0 0 0 0 0 0 0 0 0 0 0 0 0 0 0 0 0 0 0 0 0 0 0 0 0 0 0 0 0 0 0 0 0 0 0 0 0 0 0 0 0 0 0 0 0 0 0 0 0 0 0 0 0 0 0 0 0 0 0 0 0 0 0 0 0 0 0 0 0 0 0 0 0 0 0 0 0 0 0 0 0 0 0 0 0 0 0 0 0 0 0 0 0 0 0 0 0 0 0 0 0 0 0 0 0 0 0 0 0 0 0 0 0 0 0 0 0 0 0 0 0 0 0 0 0 0 0 0 0 0 0 0 0 0 0 0 0 0 0 0 0 0 0 0 0 0 0 0 0 0 0 0 0 0 0 0 0 0 0 0 0 0 0 0 0 0 0 0 0 0 0 0 0 0 0 0 0 0 0 0 0 0 0 0 0 0 0 0 0 0 0 0 0 0 0 0 0 0 0 0 0 0 0 0 0 0 0 0 0 0 0 0 0 0 0 0 0 0 0 0 0 0 0 0 0 0 0 0 0 0 0 0 0 0 0 0 0 0 0 0 0 0 0 0 0 0 0 0 0 0 0 0 0 0 0 0 0 0 0 0 0 0 0 0 0 0 0 0 0 0 0 0 0 0 0 0 0 0 0 0 0 0 0 0 0 0 0 0 0 0 0 0 0 0 0 0 0 0 0 0 0 0 0 0 0 0 0 0 0 0 0 0 0 0 0 0 0 0 0 0 0 0 0 0 0 0 0 0 0 0 0 0 0 0 0 0 0 0 0 0 0 0 0 0 0 0 0 0 0 0 0 0 0 0 0 0 0 0 0 0 0 0 0 0 0 0 0 0 0 0 0 0 0 0 0 0 0 0 0 0 0 0 0 0 0 0 0 0 0 0 0 0 0 0 0 0 0 0 0 0 0 0 0 0 0 0 0 0 0 0 0 0 0 0 0 0 0 0 0 0 0 0 0 0 0 0 0 0 0 0 0 0 0 0 0 0 0 0 0 0 0 0 0 0 0 0 0 0 0 0 0 0 0 0 0 0 0 0 0 0 0 0 0 0 0 0 0 0 0 0 0 0 0 0 0 0 0 0 0 0 0 0 0 0 0 0 0 0 0 0 0 0 0 0 0 0 0 0 0 0 0 0 0 0 0 0 0 0 0 0 0 0 0 0 0 0 0 0 0 0 0 0 0 0 0 0 0 0 0 0 0 0 0 0 0 0 0 0 0 0 0 0 0 0 0 0 0 0 0 0 0 0 0 0 0 0 0 0 0 0 0 0 0 0 0 0 0 0 0 0 0 0 0 0 0 0 0 0 0 0 0 0 0 0 0 0 0 0 0 0 0 0 0 0 0 0 0 0 0 0 0 0 0 0 0 0 0 0 0 0 0 0 0 0 0 0 0 0 0 0 0 0 0 0 0 0 0 0 0 0 0 0 0 0 0 0 0 0 0 0 0 0 0 0 0 0 0 0 0 0 0 0 0 0 0 0 0 0 0 0 0 0 0 0 0 0 0 0 0 0 0 0 0 0 0 0 0 0 0 0 0 0 0 0 0 0 0 0 0 0 0 0 0 0 0 0 0 0 0 0 0 0 0 0 0 0 0 0 0 0 0 0 0 0 0 0 0 0 0 0 0 0 0 0 0 0 0 0 0 0 0 0 0 0 0 0 0 0 0 0 0 0 0 0 0 0 0 0 0 0 0 0 0 0 0 0 0 0 0 0 0 0 0 0 0 0 0 0 0 0 0 0 0 0 0 0 0 0 0 0 0 0 0 0 0 0 0 0 0 0 0 0 0 0 0 0 0 0 0 0 0 0 0 0 0 0 0 0 0 0 0 0 0 0 0 0 0 0 0 0 0 0 0 0 0 0 0 0 0 0 0 0 0 0 0 0 0 0 0 0 0 0 0 0 0 0 0 0 0 0 0 0 0 0 0 0 0 0 0 0 0 0 0 0 0 0 0 0 0 0 0 0 0 0 0 0 0 0 0 0 0 0 0 0 0 0 0 0 0 0 0 0 0 0 0 0 0 0 0 0 0 0 0 0 0 0 0 0 0 0 0 0 0 0 0 0 0 0 0 0 0 0 0 0 0 0 0 0 0 0 0 0 0 0 0 0 0 0 0 0 0 0 0 0 0 0 0 0 0 0 0 0 0 0 0 0 0 0 0 0 0 0 0 0 0 0 0 0 0 0 0 0 0 0 0 0 0 0 0 0 0 0 0 0 0 0 0 0 0 0 0 0 0 0 0 0 0 0 0 0 0 0 0 0 0 0 0 0 0 0 0 0 0 0 0 0 0 0 0 0 0 0 0 0 0 0 0 0 0 0 0 0 0 0 0 0 0 0 0 0 0 0 0 0 0 0 0 0 0 0 0 0 0 0 0 0 0 0 0 0 0 0 0 0 0 0 0 0 0 0 0 0 0 0 0 0 0 0 0 0 0 0 0 0 0 0 0 0 0 0 0 0 0 0 0 0 0 0 0 0 0 0 0 0 0 0 0 0 0 0 0 0 0 0 0 0 0 0 0 0 0 0 0 0 0 0 0 0 0 0 0 0 0 0 0 0 0 0 0 0 0 0 0 0 0 0 0 0 0 0 0 0 0 0 0 0 0 0 0 0 0 0 0 0 0 0 0 0 0 0 0 0 0 0 0 0 0 0 0 0 0 0 0 0 0 0 0 0 0 0 0 0 0 0 0 0 0 0 0 0 0 0 0 0 0 0 0 0 0 0 0 0 0 0 0 0 0 0 0 0 0 0 0 0 0 0 0 0 0 0 0 0 0 0 0 0 0 0 0 0 0 0 0 0 0 0 0 0 0 0 0 0 0 0 0 0 0 0 0 0 0 0 0 0 0 0 0 0 0 0 0 0 0 0 0 0 0 0 0 0 0 0 0 0 0 0 0 0 0 0 0 0 0 0 0 0 0 0 0 0 0 0 0 0 0 0 0 0 0 0 0 0 0 0 0 0 0 0 0 0 0 0 0 0 0 0 0 0 0 0 0 0 0 0 0 0 0 0 0 0 0 0 0 0 0 0 0 0 0 0 0 0 0 0 0 0 0 0 0 0 0 0 0 0 0 0 0 0 0 0 0 0 0 0 0 0 0 0 0 0 0 0 0 0 0 0 0 0 0 0 0 0 0 0 0 0 0 0 0 0 0 0 0 0 0 0 0 0 0 0 0 0 0 0 0 0 0 0 0 0 0 0 0 0 0 0 0 0 0 0 0 0 0 0 0 0 0 0 0 0 0 0 0 0 0 0 0 0 0 0 0 0 0 0 0 0 0 0 0 0 0 0 0 0 0 0 0 0 0 0 0 0 0 0 0 0 0 0 0 0 0 0 0 0 0 0 0 0 0 0 0 0 0 0 0 0 0 0 0 0 0 0 0 0 0 0 0 0 0 0 0 0 0 0 0 0 0 0 0 0 0 0 0 0 0 0 0 0 0 0 0 0 0 0 0 0 0 0 0 0 0 0 0 0 0 0 0 0 0 0 0 0 0 0 0 0 0 0 0 0 0 0 0 0 0 0 0 0 0 0 0 0 0 0 0 0 0 0 0 0 0 0 0 0 0 0 0 0 0 0 0 0 0 0 0 0 0 0 0 0 0 0 0 0 0 0 0 0 0 0 0 0 0 0 0 0 0 0 0 0 0 0 0 0 0 0 0 0 0 0 0 0 0 0 0 0 0 0 0 0 0 0 0 0 0 0 0 0 0 0 0 0 0 0 0 0 0 0 0 0 0 0 0 0 0 0 0 0 0 0 0 0 0 0 0 0 0 0 0 0 0 0 0 0 0 0 0 0 0 0 0 0 0 0 0 0 0 0 0 0 0 0 0 0 0 0 0 0 0 0 0 0 0 0 0 0 0 0 0 0 0 0 0 0 0 0 0 0 0 0 0 0 0 0
ctxt 103683253
btime 1731954159
processes 164811
procs_running 1
procs_blocked 0
softirq 41724609 0 12762220 3 3864599 0 0 1110728 14377804 532 9608723
###############################################

