Session started at: 2024-11-19 00:06:46
Running serial multiplication on hpc071.a.incd.pt
===============================================
Using random_matrix_10.txt input file:
------------2x2-------------
Read time: 0.00002700 seconds
Multiplication time (avg): 0.00000003 seconds
Write time: 0.00041300 seconds
	Command being timed: "./../bin/multiply_matrix_2x2_18865030 ../../shared_data/random_matrix_10.txt ../logs/24-11-19-18865030/times.log ../logs/24-11-19-18865030/results/2x2_results.log"
	User time (seconds): 0.00
	System time (seconds): 0.00
	Percent of CPU this job got: 0%
	Elapsed (wall clock) time (h:mm:ss or m:ss): 0:00.00
	Average shared text size (kbytes): 0
	Average unshared data size (kbytes): 0
	Average stack size (kbytes): 0
	Average total size (kbytes): 0
	Maximum resident set size (kbytes): 1476
	Average resident set size (kbytes): 0
	Major (requiring I/O) page faults: 0
	Minor (reclaiming a frame) page faults: 73
	Voluntary context switches: 8
	Involuntary context switches: 0
	Swaps: 0
	File system inputs: 0
	File system outputs: 0
	Socket messages sent: 0
	Socket messages received: 0
	Signals delivered: 0
	Page size (bytes): 4096
	Exit status: 0
------------4x4-------------
Read time: 0.00003300 seconds
Multiplication time (avg): 0.00000020 seconds
Write time: 0.00040600 seconds
	Command being timed: "./../bin/multiply_matrix_4x4_18865030 ../../shared_data/random_matrix_10.txt ../logs/24-11-19-18865030/times.log ../logs/24-11-19-18865030/results/4x4_results.log"
	User time (seconds): 0.00
	System time (seconds): 0.00
	Percent of CPU this job got: 0%
	Elapsed (wall clock) time (h:mm:ss or m:ss): 0:00.00
	Average shared text size (kbytes): 0
	Average unshared data size (kbytes): 0
	Average stack size (kbytes): 0
	Average total size (kbytes): 0
	Maximum resident set size (kbytes): 1476
	Average resident set size (kbytes): 0
	Major (requiring I/O) page faults: 0
	Minor (reclaiming a frame) page faults: 73
	Voluntary context switches: 8
	Involuntary context switches: 0
	Swaps: 0
	File system inputs: 0
	File system outputs: 0
	Socket messages sent: 0
	Socket messages received: 0
	Signals delivered: 0
	Page size (bytes): 4096
	Exit status: 0
------------8x8-------------
Read time: 0.00003900 seconds
Multiplication time (avg): 0.00000133 seconds
Write time: 0.00041100 seconds
	Command being timed: "./../bin/multiply_matrix_8x8_18865030 ../../shared_data/random_matrix_10.txt ../logs/24-11-19-18865030/times.log ../logs/24-11-19-18865030/results/8x8_results.log"
	User time (seconds): 0.00
	System time (seconds): 0.00
	Percent of CPU this job got: 0%
	Elapsed (wall clock) time (h:mm:ss or m:ss): 0:00.00
	Average shared text size (kbytes): 0
	Average unshared data size (kbytes): 0
	Average stack size (kbytes): 0
	Average total size (kbytes): 0
	Maximum resident set size (kbytes): 1476
	Average resident set size (kbytes): 0
	Major (requiring I/O) page faults: 0
	Minor (reclaiming a frame) page faults: 73
	Voluntary context switches: 8
	Involuntary context switches: 0
	Swaps: 0
	File system inputs: 0
	File system outputs: 0
	Socket messages sent: 0
	Socket messages received: 0
	Signals delivered: 0
	Page size (bytes): 4096
	Exit status: 0
------------16x16-------------
Read time: 0.00008200 seconds
Multiplication time (avg): 0.00001233 seconds
Write time: 0.00043700 seconds
	Command being timed: "./../bin/multiply_matrix_16x16_18865030 ../../shared_data/random_matrix_10.txt ../logs/24-11-19-18865030/times.log ../logs/24-11-19-18865030/results/16x16_results.log"
	User time (seconds): 0.00
	System time (seconds): 0.00
	Percent of CPU this job got: 50%
	Elapsed (wall clock) time (h:mm:ss or m:ss): 0:00.00
	Average shared text size (kbytes): 0
	Average unshared data size (kbytes): 0
	Average stack size (kbytes): 0
	Average total size (kbytes): 0
	Maximum resident set size (kbytes): 1476
	Average resident set size (kbytes): 0
	Major (requiring I/O) page faults: 0
	Minor (reclaiming a frame) page faults: 73
	Voluntary context switches: 8
	Involuntary context switches: 0
	Swaps: 0
	File system inputs: 0
	File system outputs: 0
	Socket messages sent: 0
	Socket messages received: 0
	Signals delivered: 0
	Page size (bytes): 4096
	Exit status: 0
------------32x32-------------
Read time: 0.00019200 seconds
Multiplication time (avg): 0.00007387 seconds
Write time: 0.00068000 seconds
	Command being timed: "./../bin/multiply_matrix_32x32_18865030 ../../shared_data/random_matrix_10.txt ../logs/24-11-19-18865030/times.log ../logs/24-11-19-18865030/results/32x32_results.log"
	User time (seconds): 0.00
	System time (seconds): 0.00
	Percent of CPU this job got: 75%
	Elapsed (wall clock) time (h:mm:ss or m:ss): 0:00.00
	Average shared text size (kbytes): 0
	Average unshared data size (kbytes): 0
	Average stack size (kbytes): 0
	Average total size (kbytes): 0
	Maximum resident set size (kbytes): 1488
	Average resident set size (kbytes): 0
	Major (requiring I/O) page faults: 0
	Minor (reclaiming a frame) page faults: 76
	Voluntary context switches: 8
	Involuntary context switches: 0
	Swaps: 0
	File system inputs: 0
	File system outputs: 16
	Socket messages sent: 0
	Socket messages received: 0
	Signals delivered: 0
	Page size (bytes): 4096
	Exit status: 0
------------64x64-------------
Read time: 0.00081300 seconds
Multiplication time (avg): 0.00052937 seconds
Write time: 0.00088900 seconds
	Command being timed: "./../bin/multiply_matrix_64x64_18865030 ../../shared_data/random_matrix_10.txt ../logs/24-11-19-18865030/times.log ../logs/24-11-19-18865030/results/64x64_results.log"
	User time (seconds): 0.01
	System time (seconds): 0.00
	Percent of CPU this job got: 85%
	Elapsed (wall clock) time (h:mm:ss or m:ss): 0:00.02
	Average shared text size (kbytes): 0
	Average unshared data size (kbytes): 0
	Average stack size (kbytes): 0
	Average total size (kbytes): 0
	Maximum resident set size (kbytes): 1524
	Average resident set size (kbytes): 0
	Major (requiring I/O) page faults: 0
	Minor (reclaiming a frame) page faults: 85
	Voluntary context switches: 8
	Involuntary context switches: 2
	Swaps: 0
	File system inputs: 0
	File system outputs: 72
	Socket messages sent: 0
	Socket messages received: 0
	Signals delivered: 0
	Page size (bytes): 4096
	Exit status: 0
------------128x128-------------
Read time: 0.00272900 seconds
Multiplication time (avg): 0.00403747 seconds
Write time: 0.00145700 seconds
	Command being timed: "./../bin/multiply_matrix_128x128_18865030 ../../shared_data/random_matrix_10.txt ../logs/24-11-19-18865030/times.log ../logs/24-11-19-18865030/results/128x128_results.log"
	User time (seconds): 0.12
	System time (seconds): 0.00
	Percent of CPU this job got: 97%
	Elapsed (wall clock) time (h:mm:ss or m:ss): 0:00.13
	Average shared text size (kbytes): 0
	Average unshared data size (kbytes): 0
	Average stack size (kbytes): 0
	Average total size (kbytes): 0
	Maximum resident set size (kbytes): 1668
	Average resident set size (kbytes): 0
	Major (requiring I/O) page faults: 0
	Minor (reclaiming a frame) page faults: 121
	Voluntary context switches: 8
	Involuntary context switches: 6
	Swaps: 0
	File system inputs: 0
	File system outputs: 288
	Socket messages sent: 0
	Socket messages received: 0
	Signals delivered: 0
	Page size (bytes): 4096
	Exit status: 0
------------256x256-------------
Read time: 0.00974200 seconds
Multiplication time (avg): 0.03353697 seconds
Write time: 0.00432400 seconds
	Command being timed: "./../bin/multiply_matrix_256x256_18865030 ../../shared_data/random_matrix_10.txt ../logs/24-11-19-18865030/times.log ../logs/24-11-19-18865030/results/256x256_results.log"
	User time (seconds): 1.05
	System time (seconds): 0.00
	Percent of CPU this job got: 99%
	Elapsed (wall clock) time (h:mm:ss or m:ss): 0:01.05
	Average shared text size (kbytes): 0
	Average unshared data size (kbytes): 0
	Average stack size (kbytes): 0
	Average total size (kbytes): 0
	Maximum resident set size (kbytes): 2244
	Average resident set size (kbytes): 0
	Major (requiring I/O) page faults: 0
	Minor (reclaiming a frame) page faults: 265
	Voluntary context switches: 8
	Involuntary context switches: 5
	Swaps: 0
	File system inputs: 0
	File system outputs: 1152
	Socket messages sent: 0
	Socket messages received: 0
	Signals delivered: 0
	Page size (bytes): 4096
	Exit status: 0
------------512x512-------------
Read time: 0.02951000 seconds
Multiplication time (avg): 0.33805847 seconds
Write time: 0.01807600 seconds
	Command being timed: "./../bin/multiply_matrix_512x512_18865030 ../../shared_data/random_matrix_10.txt ../logs/24-11-19-18865030/times.log ../logs/24-11-19-18865030/results/512x512_results.log"
	User time (seconds): 10.47
	System time (seconds): 0.01
	Percent of CPU this job got: 99%
	Elapsed (wall clock) time (h:mm:ss or m:ss): 0:10.52
	Average shared text size (kbytes): 0
	Average unshared data size (kbytes): 0
	Average stack size (kbytes): 0
	Average total size (kbytes): 0
	Maximum resident set size (kbytes): 4548
	Average resident set size (kbytes): 0
	Major (requiring I/O) page faults: 0
	Minor (reclaiming a frame) page faults: 841
	Voluntary context switches: 8
	Involuntary context switches: 26
	Swaps: 0
	File system inputs: 0
	File system outputs: 5136
	Socket messages sent: 0
	Socket messages received: 0
	Signals delivered: 0
	Page size (bytes): 4096
	Exit status: 0
------------1024x1024-------------
Read time: 0.11281900 seconds
Multiplication time (avg): 3.85369187 seconds
Write time: 0.05787300 seconds
	Command being timed: "./../bin/multiply_matrix_1024x1024_18865030 ../../shared_data/random_matrix_10.txt ../logs/24-11-19-18865030/times.log ../logs/24-11-19-18865030/results/1024x1024_results.log"
	User time (seconds): 119.07
	System time (seconds): 0.01
	Percent of CPU this job got: 99%
	Elapsed (wall clock) time (h:mm:ss or m:ss): 1:59.60
	Average shared text size (kbytes): 0
	Average unshared data size (kbytes): 0
	Average stack size (kbytes): 0
	Average total size (kbytes): 0
	Maximum resident set size (kbytes): 13764
	Average resident set size (kbytes): 0
	Major (requiring I/O) page faults: 0
	Minor (reclaiming a frame) page faults: 590
	Voluntary context switches: 12
	Involuntary context switches: 267
	Swaps: 0
	File system inputs: 8
	File system outputs: 20496
	Socket messages sent: 0
	Socket messages received: 0
	Signals delivered: 0
	Page size (bytes): 4096
	Exit status: 0
===============================================
Using diag_matrix_10.txt input file:
------------2x2-------------
Read time: 0.00002500 seconds
Multiplication time (avg): 0.00000000 seconds
Write time: 0.00049800 seconds
	Command being timed: "./../bin/multiply_matrix_2x2_18865030 ../../shared_data/diag_matrix_10.txt ../logs/24-11-19-18865030/times.log ../logs/24-11-19-18865030/results/2x2_results.log"
	User time (seconds): 0.00
	System time (seconds): 0.00
	Percent of CPU this job got: 0%
	Elapsed (wall clock) time (h:mm:ss or m:ss): 0:00.00
	Average shared text size (kbytes): 0
	Average unshared data size (kbytes): 0
	Average stack size (kbytes): 0
	Average total size (kbytes): 0
	Maximum resident set size (kbytes): 1476
	Average resident set size (kbytes): 0
	Major (requiring I/O) page faults: 0
	Minor (reclaiming a frame) page faults: 73
	Voluntary context switches: 6
	Involuntary context switches: 0
	Swaps: 0
	File system inputs: 0
	File system outputs: 0
	Socket messages sent: 0
	Socket messages received: 0
	Signals delivered: 0
	Page size (bytes): 4096
	Exit status: 0
------------4x4-------------
Read time: 0.00002500 seconds
Multiplication time (avg): 0.00000017 seconds
Write time: 0.00062900 seconds
	Command being timed: "./../bin/multiply_matrix_4x4_18865030 ../../shared_data/diag_matrix_10.txt ../logs/24-11-19-18865030/times.log ../logs/24-11-19-18865030/results/4x4_results.log"
	User time (seconds): 0.00
	System time (seconds): 0.00
	Percent of CPU this job got: 0%
	Elapsed (wall clock) time (h:mm:ss or m:ss): 0:00.00
	Average shared text size (kbytes): 0
	Average unshared data size (kbytes): 0
	Average stack size (kbytes): 0
	Average total size (kbytes): 0
	Maximum resident set size (kbytes): 1476
	Average resident set size (kbytes): 0
	Major (requiring I/O) page faults: 0
	Minor (reclaiming a frame) page faults: 73
	Voluntary context switches: 6
	Involuntary context switches: 0
	Swaps: 0
	File system inputs: 0
	File system outputs: 0
	Socket messages sent: 0
	Socket messages received: 0
	Signals delivered: 0
	Page size (bytes): 4096
	Exit status: 0
------------8x8-------------
Read time: 0.00003200 seconds
Multiplication time (avg): 0.00000120 seconds
Write time: 0.00042500 seconds
	Command being timed: "./../bin/multiply_matrix_8x8_18865030 ../../shared_data/diag_matrix_10.txt ../logs/24-11-19-18865030/times.log ../logs/24-11-19-18865030/results/8x8_results.log"
	User time (seconds): 0.00
	System time (seconds): 0.00
	Percent of CPU this job got: 0%
	Elapsed (wall clock) time (h:mm:ss or m:ss): 0:00.00
	Average shared text size (kbytes): 0
	Average unshared data size (kbytes): 0
	Average stack size (kbytes): 0
	Average total size (kbytes): 0
	Maximum resident set size (kbytes): 1476
	Average resident set size (kbytes): 0
	Major (requiring I/O) page faults: 0
	Minor (reclaiming a frame) page faults: 73
	Voluntary context switches: 6
	Involuntary context switches: 0
	Swaps: 0
	File system inputs: 0
	File system outputs: 0
	Socket messages sent: 0
	Socket messages received: 0
	Signals delivered: 0
	Page size (bytes): 4096
	Exit status: 0
------------16x16-------------
Read time: 0.00005800 seconds
Multiplication time (avg): 0.00000900 seconds
Write time: 0.00048300 seconds
	Command being timed: "./../bin/multiply_matrix_16x16_18865030 ../../shared_data/diag_matrix_10.txt ../logs/24-11-19-18865030/times.log ../logs/24-11-19-18865030/results/16x16_results.log"
	User time (seconds): 0.00
	System time (seconds): 0.00
	Percent of CPU this job got: 0%
	Elapsed (wall clock) time (h:mm:ss or m:ss): 0:00.00
	Average shared text size (kbytes): 0
	Average unshared data size (kbytes): 0
	Average stack size (kbytes): 0
	Average total size (kbytes): 0
	Maximum resident set size (kbytes): 1476
	Average resident set size (kbytes): 0
	Major (requiring I/O) page faults: 0
	Minor (reclaiming a frame) page faults: 73
	Voluntary context switches: 6
	Involuntary context switches: 0
	Swaps: 0
	File system inputs: 0
	File system outputs: 8
	Socket messages sent: 0
	Socket messages received: 0
	Signals delivered: 0
	Page size (bytes): 4096
	Exit status: 0
------------32x32-------------
Read time: 0.00016700 seconds
Multiplication time (avg): 0.00006293 seconds
Write time: 0.00051600 seconds
	Command being timed: "./../bin/multiply_matrix_32x32_18865030 ../../shared_data/diag_matrix_10.txt ../logs/24-11-19-18865030/times.log ../logs/24-11-19-18865030/results/32x32_results.log"
	User time (seconds): 0.00
	System time (seconds): 0.00
	Percent of CPU this job got: 25%
	Elapsed (wall clock) time (h:mm:ss or m:ss): 0:00.00
	Average shared text size (kbytes): 0
	Average unshared data size (kbytes): 0
	Average stack size (kbytes): 0
	Average total size (kbytes): 0
	Maximum resident set size (kbytes): 1488
	Average resident set size (kbytes): 0
	Major (requiring I/O) page faults: 0
	Minor (reclaiming a frame) page faults: 76
	Voluntary context switches: 6
	Involuntary context switches: 0
	Swaps: 0
	File system inputs: 0
	File system outputs: 16
	Socket messages sent: 0
	Socket messages received: 0
	Signals delivered: 0
	Page size (bytes): 4096
	Exit status: 0
------------64x64-------------
Read time: 0.00060200 seconds
Multiplication time (avg): 0.00047867 seconds
Write time: 0.00068600 seconds
	Command being timed: "./../bin/multiply_matrix_64x64_18865030 ../../shared_data/diag_matrix_10.txt ../logs/24-11-19-18865030/times.log ../logs/24-11-19-18865030/results/64x64_results.log"
	User time (seconds): 0.01
	System time (seconds): 0.00
	Percent of CPU this job got: 94%
	Elapsed (wall clock) time (h:mm:ss or m:ss): 0:00.01
	Average shared text size (kbytes): 0
	Average unshared data size (kbytes): 0
	Average stack size (kbytes): 0
	Average total size (kbytes): 0
	Maximum resident set size (kbytes): 1524
	Average resident set size (kbytes): 0
	Major (requiring I/O) page faults: 0
	Minor (reclaiming a frame) page faults: 85
	Voluntary context switches: 6
	Involuntary context switches: 3
	Swaps: 0
	File system inputs: 0
	File system outputs: 72
	Socket messages sent: 0
	Socket messages received: 0
	Signals delivered: 0
	Page size (bytes): 4096
	Exit status: 0
------------128x128-------------
Read time: 0.00195900 seconds
Multiplication time (avg): 0.00374257 seconds
Write time: 0.00145000 seconds
	Command being timed: "./../bin/multiply_matrix_128x128_18865030 ../../shared_data/diag_matrix_10.txt ../logs/24-11-19-18865030/times.log ../logs/24-11-19-18865030/results/128x128_results.log"
	User time (seconds): 0.11
	System time (seconds): 0.00
	Percent of CPU this job got: 97%
	Elapsed (wall clock) time (h:mm:ss or m:ss): 0:00.12
	Average shared text size (kbytes): 0
	Average unshared data size (kbytes): 0
	Average stack size (kbytes): 0
	Average total size (kbytes): 0
	Maximum resident set size (kbytes): 1668
	Average resident set size (kbytes): 0
	Major (requiring I/O) page faults: 0
	Minor (reclaiming a frame) page faults: 121
	Voluntary context switches: 6
	Involuntary context switches: 6
	Swaps: 0
	File system inputs: 0
	File system outputs: 288
	Socket messages sent: 0
	Socket messages received: 0
	Signals delivered: 0
	Page size (bytes): 4096
	Exit status: 0
------------256x256-------------
Read time: 0.00682800 seconds
Multiplication time (avg): 0.03144147 seconds
Write time: 0.00406000 seconds
	Command being timed: "./../bin/multiply_matrix_256x256_18865030 ../../shared_data/diag_matrix_10.txt ../logs/24-11-19-18865030/times.log ../logs/24-11-19-18865030/results/256x256_results.log"
	User time (seconds): 0.98
	System time (seconds): 0.00
	Percent of CPU this job got: 99%
	Elapsed (wall clock) time (h:mm:ss or m:ss): 0:00.98
	Average shared text size (kbytes): 0
	Average unshared data size (kbytes): 0
	Average stack size (kbytes): 0
	Average total size (kbytes): 0
	Maximum resident set size (kbytes): 2244
	Average resident set size (kbytes): 0
	Major (requiring I/O) page faults: 0
	Minor (reclaiming a frame) page faults: 265
	Voluntary context switches: 6
	Involuntary context switches: 4
	Swaps: 0
	File system inputs: 0
	File system outputs: 1152
	Socket messages sent: 0
	Socket messages received: 0
	Signals delivered: 0
	Page size (bytes): 4096
	Exit status: 0
------------512x512-------------
Read time: 0.02593200 seconds
Multiplication time (avg): 0.29954573 seconds
Write time: 0.01496600 seconds
	Command being timed: "./../bin/multiply_matrix_512x512_18865030 ../../shared_data/diag_matrix_10.txt ../logs/24-11-19-18865030/times.log ../logs/24-11-19-18865030/results/512x512_results.log"
	User time (seconds): 9.29
	System time (seconds): 0.00
	Percent of CPU this job got: 99%
	Elapsed (wall clock) time (h:mm:ss or m:ss): 0:09.33
	Average shared text size (kbytes): 0
	Average unshared data size (kbytes): 0
	Average stack size (kbytes): 0
	Average total size (kbytes): 0
	Maximum resident set size (kbytes): 4548
	Average resident set size (kbytes): 0
	Major (requiring I/O) page faults: 0
	Minor (reclaiming a frame) page faults: 841
	Voluntary context switches: 6
	Involuntary context switches: 24
	Swaps: 0
	File system inputs: 0
	File system outputs: 5120
	Socket messages sent: 0
	Socket messages received: 0
	Signals delivered: 0
	Page size (bytes): 4096
	Exit status: 0
------------1024x1024-------------
Read time: 0.10229000 seconds
Multiplication time (avg): 3.63933463 seconds
Write time: 0.05699100 seconds
	Command being timed: "./../bin/multiply_matrix_1024x1024_18865030 ../../shared_data/diag_matrix_10.txt ../logs/24-11-19-18865030/times.log ../logs/24-11-19-18865030/results/1024x1024_results.log"
	User time (seconds): 112.53
	System time (seconds): 0.01
	Percent of CPU this job got: 99%
	Elapsed (wall clock) time (h:mm:ss or m:ss): 1:52.97
	Average shared text size (kbytes): 0
	Average unshared data size (kbytes): 0
	Average stack size (kbytes): 0
	Average total size (kbytes): 0
	Maximum resident set size (kbytes): 13764
	Average resident set size (kbytes): 0
	Major (requiring I/O) page faults: 0
	Minor (reclaiming a frame) page faults: 590
	Voluntary context switches: 14
	Involuntary context switches: 256
	Swaps: 0
	File system inputs: 16
	File system outputs: 20496
	Socket messages sent: 0
	Socket messages received: 0
	Signals delivered: 0
	Page size (bytes): 4096
	Exit status: 0
===============================================
Session Time: 4m 16s
Session Completed Successfully at: 2024-11-19 00:11:02
###############################################
Details for Job ID 18865030
Running serial multiplication on hpc071.a.incd.pt
Allocated Memory (total): 5000 MB
=============== Active Modules =================
 - Currently Loaded Modules:
 -   1) gcc-13.2
================ Memory Usage ==================
JobID            MaxRSS  MaxVMSize  MaxDiskRead MaxDiskWrite 
------------ ---------- ---------- ------------ ------------ 
18865030.ba+     12960K     29936K     53196387     28486240 
=============== Nodes Assigned =================
hpc071

