Session started at: 2024-10-28 18:59:22
===============================================
Using random_matrix.txt input file:
------------2x2-------------
Read time: 0.00004300 seconds
Multiplication time (avg): 0.00000503 seconds
Write time: 0.00002900 seconds
real	0m0.004s
user	0m0.000s
sys	0m0.006s
------------4x4-------------
Read time: 0.00001900 seconds
Multiplication time (avg): 0.00000320 seconds
Write time: 0.00000900 seconds
real	0m0.004s
user	0m0.010s
sys	0m0.000s
------------8x8-------------
Read time: 0.00005900 seconds
Multiplication time (avg): 0.00000877 seconds
Write time: 0.00003000 seconds
real	0m0.003s
user	0m0.006s
sys	0m0.000s
------------16x16-------------
Read time: 0.00014700 seconds
Multiplication time (avg): 0.00004223 seconds
Write time: 0.00013000 seconds
real	0m0.006s
user	0m0.012s
sys	0m0.000s
------------32x32-------------
Read time: 0.00056200 seconds
Multiplication time (avg): 0.00014693 seconds
Write time: 0.00036500 seconds
real	0m0.008s
user	0m0.015s
sys	0m0.007s
------------64x64-------------
Read time: 0.00123400 seconds
Multiplication time (avg): 0.00044047 seconds
Write time: 0.00082900 seconds
real	0m0.018s
user	0m0.059s
sys	0m0.004s
------------128x128-------------
Read time: 0.00274700 seconds
Multiplication time (avg): 0.00213237 seconds
Write time: 0.00176100 seconds
real	0m0.074s
user	0m0.268s
sys	0m0.008s
------------256x256-------------
Read time: 0.01302900 seconds
Multiplication time (avg): 0.01741967 seconds
Write time: 0.00684500 seconds
real	0m0.562s
user	0m1.755s
sys	0m0.025s
------------512x512-------------
Read time: 0.05094700 seconds
Multiplication time (avg): 0.17911810 seconds
Write time: 0.02655000 seconds
real	0m5.652s
user	0m20.944s
sys	0m0.024s
------------1024x1024-------------
Read time: 0.17110700 seconds
Multiplication time (avg): 1.53657683 seconds
Write time: 0.10231900 seconds
real	0m47.925s
user	3m5.081s
sys	0m0.064s
===============================================
Using diag_matrix.txt input file:
------------2x2-------------
Read time: 0.00002300 seconds
Multiplication time (avg): 0.00000340 seconds
Write time: 0.00001000 seconds
real	0m0.002s
user	0m0.000s
sys	0m0.002s
------------4x4-------------
Read time: 0.00002800 seconds
Multiplication time (avg): 0.00000417 seconds
Write time: 0.00002300 seconds
real	0m0.003s
user	0m0.004s
sys	0m0.000s
------------8x8-------------
Read time: 0.00007400 seconds
Multiplication time (avg): 0.00000957 seconds
Write time: 0.00004300 seconds
real	0m0.004s
user	0m0.008s
sys	0m0.000s
------------16x16-------------
Read time: 0.00014900 seconds
Multiplication time (avg): 0.00002587 seconds
Write time: 0.00077600 seconds
real	0m0.005s
user	0m0.011s
sys	0m0.000s
------------32x32-------------
Read time: 0.00050500 seconds
Multiplication time (avg): 0.00009293 seconds
Write time: 0.00037200 seconds
real	0m0.007s
user	0m0.018s
sys	0m0.000s
------------64x64-------------
Read time: 0.00147500 seconds
Multiplication time (avg): 0.00052013 seconds
Write time: 0.00096900 seconds
real	0m0.020s
user	0m0.066s
sys	0m0.005s
------------128x128-------------
Read time: 0.00355800 seconds
Multiplication time (avg): 0.00226423 seconds
Write time: 0.00396500 seconds
real	0m0.081s
user	0m0.277s
sys	0m0.004s
------------256x256-------------
Read time: 0.01842700 seconds
Multiplication time (avg): 0.01467953 seconds
Write time: 0.01746000 seconds
real	0m0.501s
user	0m1.700s
sys	0m0.008s
------------512x512-------------
Read time: 0.05125400 seconds
Multiplication time (avg): 0.15927600 seconds
Write time: 0.05949000 seconds
real	0m5.065s
user	0m19.223s
sys	0m0.012s
------------1024x1024-------------
Read time: 0.18540600 seconds
Multiplication time (avg): 1.54886537 seconds
Write time: 0.10665600 seconds
real	0m48.353s
user	3m5.006s
sys	0m0.068s
Session Completed Successfully at: 2024-10-28 19:01:12
Session Time: 1m 50s
###############################################

